info: LogsController {/api/logs}: {"context":"RoutesResolver","timestamp":"2025-05-08T01:04:28.495Z"}
info: Mapped {/api/logs/logsByGroup/:id, GET} route {"context":"RouterExplorer","timestamp":"2025-05-08T01:04:28.499Z"}
info: UserController {/api/user}: {"context":"RoutesResolver","timestamp":"2025-05-08T01:04:28.499Z"}
info: Mapped {/api/user/list, GET} route {"context":"RouterExplorer","timestamp":"2025-05-08T01:04:28.500Z"}
info: Mapped {/api/user/getUserById/:id, GET} route {"context":"RouterExplorer","timestamp":"2025-05-08T01:04:28.501Z"}
info: Mapped {/api/user/add, POST} route {"context":"RouterExplorer","timestamp":"2025-05-08T01:04:28.501Z"}
info: Mapped {/api/user/edit/:id, PATCH} route {"context":"RouterExplorer","timestamp":"2025-05-08T01:04:28.502Z"}
info: Mapped {/api/user/delete/:id, DELETE} route {"context":"RouterExplorer","timestamp":"2025-05-08T01:04:28.503Z"}
info: Mapped {/api/user/profile/:id, GET} route {"context":"RouterExplorer","timestamp":"2025-05-08T01:04:28.503Z"}
info: RolesController {/api/roles}: {"context":"RoutesResolver","timestamp":"2025-05-08T01:04:28.504Z"}
info: Mapped {/api/roles/list, GET} route {"context":"RouterExplorer","timestamp":"2025-05-08T01:04:28.504Z"}
info: Mapped {/api/roles/add, POST} route {"context":"RouterExplorer","timestamp":"2025-05-08T01:04:28.505Z"}
info: Mapped {/api/roles/delete/:id, DELETE} route {"context":"RouterExplorer","timestamp":"2025-05-08T01:04:28.506Z"}
info: Mapped {/api/roles/edit/:id, PATCH} route {"context":"RouterExplorer","timestamp":"2025-05-08T01:04:28.507Z"}
info: AuthController {/api/auth}: {"context":"RoutesResolver","timestamp":"2025-05-08T01:04:28.507Z"}
info: Mapped {/api/auth/signin, POST} route {"context":"RouterExplorer","timestamp":"2025-05-08T01:04:28.507Z"}
info: Mapped {/api/auth/signup, POST} route {"context":"RouterExplorer","timestamp":"2025-05-08T01:04:28.508Z"}
info: Nest application successfully started {"context":"NestApplication","timestamp":"2025-05-08T01:04:28.510Z"}
info: LogsController {/api/logs}: {"context":"RoutesResolver","timestamp":"2025-05-08T01:56:12.876Z"}
info: Mapped {/api/logs/logsByGroup/:id, GET} route {"context":"RouterExplorer","timestamp":"2025-05-08T01:56:12.879Z"}
info: UserController {/api/user}: {"context":"RoutesResolver","timestamp":"2025-05-08T01:56:12.880Z"}
info: Mapped {/api/user/list, GET} route {"context":"RouterExplorer","timestamp":"2025-05-08T01:56:12.881Z"}
info: Mapped {/api/user/getUserById/:id, GET} route {"context":"RouterExplorer","timestamp":"2025-05-08T01:56:12.882Z"}
info: Mapped {/api/user/add, POST} route {"context":"RouterExplorer","timestamp":"2025-05-08T01:56:12.882Z"}
info: Mapped {/api/user/edit/:id, PATCH} route {"context":"RouterExplorer","timestamp":"2025-05-08T01:56:12.883Z"}
info: Mapped {/api/user/delete/:id, DELETE} route {"context":"RouterExplorer","timestamp":"2025-05-08T01:56:12.884Z"}
info: Mapped {/api/user/profile/:id, GET} route {"context":"RouterExplorer","timestamp":"2025-05-08T01:56:12.885Z"}
info: RolesController {/api/roles}: {"context":"RoutesResolver","timestamp":"2025-05-08T01:56:12.885Z"}
info: Mapped {/api/roles/list, GET} route {"context":"RouterExplorer","timestamp":"2025-05-08T01:56:12.886Z"}
info: Mapped {/api/roles/add, POST} route {"context":"RouterExplorer","timestamp":"2025-05-08T01:56:12.887Z"}
info: Mapped {/api/roles/delete/:id, DELETE} route {"context":"RouterExplorer","timestamp":"2025-05-08T01:56:12.888Z"}
info: Mapped {/api/roles/edit/:id, PATCH} route {"context":"RouterExplorer","timestamp":"2025-05-08T01:56:12.888Z"}
info: AuthController {/api/auth}: {"context":"RoutesResolver","timestamp":"2025-05-08T01:56:12.889Z"}
info: Mapped {/api/auth/signin, POST} route {"context":"RouterExplorer","timestamp":"2025-05-08T01:56:12.889Z"}
info: Mapped {/api/auth/signup, POST} route {"context":"RouterExplorer","timestamp":"2025-05-08T01:56:12.890Z"}
info: Nest application successfully started {"context":"NestApplication","timestamp":"2025-05-08T01:56:12.892Z"}
info: LogsController {/api/logs}: {"context":"RoutesResolver","timestamp":"2025-05-08T01:56:24.469Z"}
info: Mapped {/api/logs/logsByGroup/:id, GET} route {"context":"RouterExplorer","timestamp":"2025-05-08T01:56:24.477Z"}
info: UserController {/api/user}: {"context":"RoutesResolver","timestamp":"2025-05-08T01:56:24.478Z"}
info: Mapped {/api/user/list, GET} route {"context":"RouterExplorer","timestamp":"2025-05-08T01:56:24.480Z"}
info: Mapped {/api/user/getUserById/:id, GET} route {"context":"RouterExplorer","timestamp":"2025-05-08T01:56:24.481Z"}
info: Mapped {/api/user/add, POST} route {"context":"RouterExplorer","timestamp":"2025-05-08T01:56:24.482Z"}
info: Mapped {/api/user/edit/:id, PATCH} route {"context":"RouterExplorer","timestamp":"2025-05-08T01:56:24.484Z"}
info: Mapped {/api/user/delete/:id, DELETE} route {"context":"RouterExplorer","timestamp":"2025-05-08T01:56:24.485Z"}
info: Mapped {/api/user/profile/:id, GET} route {"context":"RouterExplorer","timestamp":"2025-05-08T01:56:24.487Z"}
info: RolesController {/api/roles}: {"context":"RoutesResolver","timestamp":"2025-05-08T01:56:24.488Z"}
info: Mapped {/api/roles/list, GET} route {"context":"RouterExplorer","timestamp":"2025-05-08T01:56:24.490Z"}
info: Mapped {/api/roles/add, POST} route {"context":"RouterExplorer","timestamp":"2025-05-08T01:56:24.491Z"}
info: Mapped {/api/roles/delete/:id, DELETE} route {"context":"RouterExplorer","timestamp":"2025-05-08T01:56:24.492Z"}
info: Mapped {/api/roles/edit/:id, PATCH} route {"context":"RouterExplorer","timestamp":"2025-05-08T01:56:24.493Z"}
info: AuthController {/api/auth}: {"context":"RoutesResolver","timestamp":"2025-05-08T01:56:24.494Z"}
info: Mapped {/api/auth/signin, POST} route {"context":"RouterExplorer","timestamp":"2025-05-08T01:56:24.495Z"}
info: Mapped {/api/auth/signup, POST} route {"context":"RouterExplorer","timestamp":"2025-05-08T01:56:24.496Z"}
info: Nest application successfully started {"context":"NestApplication","timestamp":"2025-05-08T01:56:24.501Z"}
info: LogsController {/api/logs}: {"context":"RoutesResolver","timestamp":"2025-05-08T01:57:25.629Z"}
info: Mapped {/api/logs/logsByGroup/:id, GET} route {"context":"RouterExplorer","timestamp":"2025-05-08T01:57:25.633Z"}
info: UserController {/api/user}: {"context":"RoutesResolver","timestamp":"2025-05-08T01:57:25.634Z"}
info: Mapped {/api/user/list, GET} route {"context":"RouterExplorer","timestamp":"2025-05-08T01:57:25.635Z"}
info: Mapped {/api/user/getUserById/:id, GET} route {"context":"RouterExplorer","timestamp":"2025-05-08T01:57:25.637Z"}
info: Mapped {/api/user/add, POST} route {"context":"RouterExplorer","timestamp":"2025-05-08T01:57:25.638Z"}
info: Mapped {/api/user/edit/:id, PATCH} route {"context":"RouterExplorer","timestamp":"2025-05-08T01:57:25.638Z"}
info: Mapped {/api/user/delete/:id, DELETE} route {"context":"RouterExplorer","timestamp":"2025-05-08T01:57:25.639Z"}
info: Mapped {/api/user/profile/:id, GET} route {"context":"RouterExplorer","timestamp":"2025-05-08T01:57:25.640Z"}
info: RolesController {/api/roles}: {"context":"RoutesResolver","timestamp":"2025-05-08T01:57:25.640Z"}
info: Mapped {/api/roles/list, GET} route {"context":"RouterExplorer","timestamp":"2025-05-08T01:57:25.641Z"}
info: Mapped {/api/roles/add, POST} route {"context":"RouterExplorer","timestamp":"2025-05-08T01:57:25.642Z"}
info: Mapped {/api/roles/delete/:id, DELETE} route {"context":"RouterExplorer","timestamp":"2025-05-08T01:57:25.643Z"}
info: Mapped {/api/roles/edit/:id, PATCH} route {"context":"RouterExplorer","timestamp":"2025-05-08T01:57:25.643Z"}
info: AuthController {/api/auth}: {"context":"RoutesResolver","timestamp":"2025-05-08T01:57:25.644Z"}
info: Mapped {/api/auth/signin, POST} route {"context":"RouterExplorer","timestamp":"2025-05-08T01:57:25.644Z"}
info: Mapped {/api/auth/signup, POST} route {"context":"RouterExplorer","timestamp":"2025-05-08T01:57:25.645Z"}
info: Nest application successfully started {"context":"NestApplication","timestamp":"2025-05-08T01:57:25.648Z"}
info: LogsController {/api/logs}: {"context":"RoutesResolver","timestamp":"2025-05-08T01:57:36.061Z"}
info: Mapped {/api/logs/logsByGroup/:id, GET} route {"context":"RouterExplorer","timestamp":"2025-05-08T01:57:36.066Z"}
info: UserController {/api/user}: {"context":"RoutesResolver","timestamp":"2025-05-08T01:57:36.066Z"}
info: Mapped {/api/user/list, GET} route {"context":"RouterExplorer","timestamp":"2025-05-08T01:57:36.068Z"}
info: Mapped {/api/user/getUserById/:id, GET} route {"context":"RouterExplorer","timestamp":"2025-05-08T01:57:36.069Z"}
info: Mapped {/api/user/add, POST} route {"context":"RouterExplorer","timestamp":"2025-05-08T01:57:36.070Z"}
info: Mapped {/api/user/edit/:id, PATCH} route {"context":"RouterExplorer","timestamp":"2025-05-08T01:57:36.071Z"}
info: Mapped {/api/user/delete/:id, DELETE} route {"context":"RouterExplorer","timestamp":"2025-05-08T01:57:36.071Z"}
info: Mapped {/api/user/profile/:id, GET} route {"context":"RouterExplorer","timestamp":"2025-05-08T01:57:36.072Z"}
info: RolesController {/api/roles}: {"context":"RoutesResolver","timestamp":"2025-05-08T01:57:36.073Z"}
info: Mapped {/api/roles/list, GET} route {"context":"RouterExplorer","timestamp":"2025-05-08T01:57:36.073Z"}
info: Mapped {/api/roles/add, POST} route {"context":"RouterExplorer","timestamp":"2025-05-08T01:57:36.074Z"}
info: Mapped {/api/roles/delete/:id, DELETE} route {"context":"RouterExplorer","timestamp":"2025-05-08T01:57:36.075Z"}
info: Mapped {/api/roles/edit/:id, PATCH} route {"context":"RouterExplorer","timestamp":"2025-05-08T01:57:36.076Z"}
info: AuthController {/api/auth}: {"context":"RoutesResolver","timestamp":"2025-05-08T01:57:36.076Z"}
info: Mapped {/api/auth/signin, POST} route {"context":"RouterExplorer","timestamp":"2025-05-08T01:57:36.077Z"}
info: Mapped {/api/auth/signup, POST} route {"context":"RouterExplorer","timestamp":"2025-05-08T01:57:36.077Z"}
info: Nest application successfully started {"context":"NestApplication","timestamp":"2025-05-08T01:57:36.080Z"}
info: LogsController {/api/logs}: {"context":"RoutesResolver","timestamp":"2025-05-08T01:57:44.682Z"}
info: Mapped {/api/logs/logsByGroup/:id, GET} route {"context":"RouterExplorer","timestamp":"2025-05-08T01:57:44.686Z"}
info: UserController {/api/user}: {"context":"RoutesResolver","timestamp":"2025-05-08T01:57:44.687Z"}
info: Mapped {/api/user/list, GET} route {"context":"RouterExplorer","timestamp":"2025-05-08T01:57:44.688Z"}
info: Mapped {/api/user/getUserById/:id, GET} route {"context":"RouterExplorer","timestamp":"2025-05-08T01:57:44.689Z"}
info: Mapped {/api/user/add, POST} route {"context":"RouterExplorer","timestamp":"2025-05-08T01:57:44.690Z"}
info: Mapped {/api/user/edit/:id, PATCH} route {"context":"RouterExplorer","timestamp":"2025-05-08T01:57:44.691Z"}
info: Mapped {/api/user/delete/:id, DELETE} route {"context":"RouterExplorer","timestamp":"2025-05-08T01:57:44.692Z"}
info: Mapped {/api/user/profile/:id, GET} route {"context":"RouterExplorer","timestamp":"2025-05-08T01:57:44.693Z"}
info: RolesController {/api/roles}: {"context":"RoutesResolver","timestamp":"2025-05-08T01:57:44.693Z"}
info: Mapped {/api/roles/list, GET} route {"context":"RouterExplorer","timestamp":"2025-05-08T01:57:44.694Z"}
info: Mapped {/api/roles/add, POST} route {"context":"RouterExplorer","timestamp":"2025-05-08T01:57:44.695Z"}
info: Mapped {/api/roles/delete/:id, DELETE} route {"context":"RouterExplorer","timestamp":"2025-05-08T01:57:44.696Z"}
info: Mapped {/api/roles/edit/:id, PATCH} route {"context":"RouterExplorer","timestamp":"2025-05-08T01:57:44.697Z"}
info: AuthController {/api/auth}: {"context":"RoutesResolver","timestamp":"2025-05-08T01:57:44.697Z"}
info: Mapped {/api/auth/signin, POST} route {"context":"RouterExplorer","timestamp":"2025-05-08T01:57:44.698Z"}
info: Mapped {/api/auth/signup, POST} route {"context":"RouterExplorer","timestamp":"2025-05-08T01:57:44.699Z"}
info: Nest application successfully started {"context":"NestApplication","timestamp":"2025-05-08T01:57:44.701Z"}
error: 捕获异常:  {"stack":[{"body":{"password":"WaPbfzNA0*4M","username":"admin"},"error":{"error":"Unauthorized","message":"用户名或密码错误","statusCode":401},"exception":"UnauthorizedException","headers":{"accept":"application/json, text/plain, */*","accept-encoding":"gzip, deflate, br, zstd","accept-language":"zh-CN,zh;q=0.9","connection":"close","content-length":"46","content-type":"application/json;charset=UTF-8","cookie":"adminer_settings=vendor-server-db%3DMySQL%26vendor-db%3DMySQL; sl-session=FYo7NoVRHWgoNV2WcYvEVQ==; Hm_lvt_e8002ef3d9e0d8274b5b74cc4a027d08=1745974749,1746148861,1746583981,1746667620; Hm_lpvt_e8002ef3d9e0d8274b5b74cc4a027d08=1746667620; HMACCOUNT=07968E93525E7B92","host":"localhost:3000","origin":"http://localhost:9001","referer":"http://localhost:9001/login","sec-ch-ua":"\"Google Chrome\";v=\"135\", \"Not-A.Brand\";v=\"8\", \"Chromium\";v=\"135\"","sec-ch-ua-mobile":"?0","sec-ch-ua-platform":"\"Windows\"","sec-fetch-dest":"empty","sec-fetch-mode":"cors","sec-fetch-site":"same-origin","user-agent":"Mozilla/5.0 (Windows NT 10.0; Win64; x64) AppleWebKit/537.36 (KHTML, like Gecko) Chrome/135.0.0.0 Safari/537.36"},"ip":"::1","message":"用户名或密码错误","status":401,"timestamp":"2025-05-08T01:58:10.828Z"}],"timestamp":"2025-05-08T01:58:10.832Z"}
error: 捕获异常:  {"stack":[{"body":{"password":"WaPbfzNA0*4M","username":"admin"},"error":{"error":"Unauthorized","message":"用户名或密码错误","statusCode":401},"exception":"UnauthorizedException","headers":{"accept":"application/json, text/plain, */*","accept-encoding":"gzip, deflate, br, zstd","accept-language":"zh-CN,zh;q=0.9","connection":"close","content-length":"46","content-type":"application/json;charset=UTF-8","cookie":"adminer_settings=vendor-server-db%3DMySQL%26vendor-db%3DMySQL; sl-session=FYo7NoVRHWgoNV2WcYvEVQ==; Hm_lvt_e8002ef3d9e0d8274b5b74cc4a027d08=1745974749,1746148861,1746583981,1746667620; Hm_lpvt_e8002ef3d9e0d8274b5b74cc4a027d08=1746667620; HMACCOUNT=07968E93525E7B92","host":"localhost:3000","origin":"http://localhost:9001","referer":"http://localhost:9001/login","sec-ch-ua":"\"Google Chrome\";v=\"135\", \"Not-A.Brand\";v=\"8\", \"Chromium\";v=\"135\"","sec-ch-ua-mobile":"?0","sec-ch-ua-platform":"\"Windows\"","sec-fetch-dest":"empty","sec-fetch-mode":"cors","sec-fetch-site":"same-origin","user-agent":"Mozilla/5.0 (Windows NT 10.0; Win64; x64) AppleWebKit/537.36 (KHTML, like Gecko) Chrome/135.0.0.0 Safari/537.36"},"ip":"::1","message":"用户名或密码错误","status":401,"timestamp":"2025-05-08T01:58:14.205Z"}],"timestamp":"2025-05-08T01:58:14.207Z"}
error: 捕获异常:  {"stack":[{"error":{"error":"Forbidden","message":"Forbidden resource","statusCode":403},"exception":"ForbiddenException","headers":{"accept":"application/json, text/plain, */*","accept-encoding":"gzip, deflate, br, zstd","accept-language":"zh-CN,zh;q=0.9","authorization":"Bearer eyJhbGciOiJIUzI1NiIsInR5cCI6IkpXVCJ9.eyJ1c2VybmFtZSI6ImFkbWluIiwic3ViIjoxLCJpYXQiOjE3NDY2Njk1MDMsImV4cCI6MTc0Njc1NTkwM30.VbWiRxtvm-yaX3lJhibavPfEreuNyKW9JpED39Jy4bw","cache-control":"no-cache","connection":"close","cookie":"adminer_settings=vendor-server-db%3DMySQL%26vendor-db%3DMySQL; sl-session=FYo7NoVRHWgoNV2WcYvEVQ==; Hm_lvt_e8002ef3d9e0d8274b5b74cc4a027d08=1745974749,1746148861,1746583981,1746667620; Hm_lpvt_e8002ef3d9e0d8274b5b74cc4a027d08=1746667620; HMACCOUNT=07968E93525E7B92","host":"localhost:3000","pragma":"no-cache","referer":"http://localhost:9001/users","sec-ch-ua":"\"Google Chrome\";v=\"135\", \"Not-A.Brand\";v=\"8\", \"Chromium\";v=\"135\"","sec-ch-ua-mobile":"?0","sec-ch-ua-platform":"\"Windows\"","sec-fetch-dest":"empty","sec-fetch-mode":"cors","sec-fetch-site":"same-origin","user-agent":"Mozilla/5.0 (Windows NT 10.0; Win64; x64) AppleWebKit/537.36 (KHTML, like Gecko) Chrome/135.0.0.0 Safari/537.36"},"ip":"::1","message":"Forbidden resource","status":403,"timestamp":"2025-05-08T01:58:42.587Z"}],"timestamp":"2025-05-08T01:58:42.588Z"}
info: LogsController {/api/logs}: {"context":"RoutesResolver","timestamp":"2025-05-08T01:59:15.174Z"}
info: Mapped {/api/logs/logsByGroup/:id, GET} route {"context":"RouterExplorer","timestamp":"2025-05-08T01:59:15.179Z"}
info: UserController {/api/user}: {"context":"RoutesResolver","timestamp":"2025-05-08T01:59:15.179Z"}
info: Mapped {/api/user/list, GET} route {"context":"RouterExplorer","timestamp":"2025-05-08T01:59:15.180Z"}
info: Mapped {/api/user/getUserById/:id, GET} route {"context":"RouterExplorer","timestamp":"2025-05-08T01:59:15.181Z"}
info: Mapped {/api/user/add, POST} route {"context":"RouterExplorer","timestamp":"2025-05-08T01:59:15.182Z"}
info: Mapped {/api/user/edit/:id, PATCH} route {"context":"RouterExplorer","timestamp":"2025-05-08T01:59:15.184Z"}
info: Mapped {/api/user/delete/:id, DELETE} route {"context":"RouterExplorer","timestamp":"2025-05-08T01:59:15.184Z"}
info: Mapped {/api/user/profile/:id, GET} route {"context":"RouterExplorer","timestamp":"2025-05-08T01:59:15.185Z"}
info: RolesController {/api/roles}: {"context":"RoutesResolver","timestamp":"2025-05-08T01:59:15.186Z"}
info: Mapped {/api/roles/list, GET} route {"context":"RouterExplorer","timestamp":"2025-05-08T01:59:15.187Z"}
info: Mapped {/api/roles/add, POST} route {"context":"RouterExplorer","timestamp":"2025-05-08T01:59:15.188Z"}
info: Mapped {/api/roles/delete/:id, DELETE} route {"context":"RouterExplorer","timestamp":"2025-05-08T01:59:15.189Z"}
info: Mapped {/api/roles/edit/:id, PATCH} route {"context":"RouterExplorer","timestamp":"2025-05-08T01:59:15.189Z"}
info: AuthController {/api/auth}: {"context":"RoutesResolver","timestamp":"2025-05-08T01:59:15.190Z"}
info: Mapped {/api/auth/signin, POST} route {"context":"RouterExplorer","timestamp":"2025-05-08T01:59:15.190Z"}
info: Mapped {/api/auth/signup, POST} route {"context":"RouterExplorer","timestamp":"2025-05-08T01:59:15.191Z"}
info: Nest application successfully started {"context":"NestApplication","timestamp":"2025-05-08T01:59:15.194Z"}
