info: LogsController {/api/logs}: {"context":"RoutesResolver","timestamp":"2025-05-06T09:00:00.721Z"}
info: Mapped {/api/logs/logsByGroup/:id, GET} route {"context":"RouterExplorer","timestamp":"2025-05-06T09:00:00.728Z"}
info: UserController {/api/user}: {"context":"RoutesResolver","timestamp":"2025-05-06T09:00:00.729Z"}
info: Mapped {/api/user/list, GET} route {"context":"RouterExplorer","timestamp":"2025-05-06T09:00:00.731Z"}
info: Mapped {/api/user/getUserById/:id, GET} route {"context":"RouterExplorer","timestamp":"2025-05-06T09:00:00.733Z"}
info: Mapped {/api/user/add, POST} route {"context":"RouterExplorer","timestamp":"2025-05-06T09:00:00.736Z"}
info: Mapped {/api/user/edit/:id, PATCH} route {"context":"RouterExplorer","timestamp":"2025-05-06T09:00:00.737Z"}
info: Mapped {/api/user/delete/:id, DELETE} route {"context":"RouterExplorer","timestamp":"2025-05-06T09:00:00.738Z"}
info: Mapped {/api/user/profile/:id, GET} route {"context":"RouterExplorer","timestamp":"2025-05-06T09:00:00.739Z"}
info: RolesController {/api/roles}: {"context":"RoutesResolver","timestamp":"2025-05-06T09:00:00.740Z"}
info: Mapped {/api/roles/list, GET} route {"context":"RouterExplorer","timestamp":"2025-05-06T09:00:00.742Z"}
info: Mapped {/api/roles/add, POST} route {"context":"RouterExplorer","timestamp":"2025-05-06T09:00:00.743Z"}
info: Mapped {/api/roles/delete/:id, DELETE} route {"context":"RouterExplorer","timestamp":"2025-05-06T09:00:00.744Z"}
info: Mapped {/api/roles/edit/:id, PATCH} route {"context":"RouterExplorer","timestamp":"2025-05-06T09:00:00.745Z"}
info: AuthController {/api/auth}: {"context":"RoutesResolver","timestamp":"2025-05-06T09:00:00.746Z"}
info: Mapped {/api/auth/signin, POST} route {"context":"RouterExplorer","timestamp":"2025-05-06T09:00:00.747Z"}
info: Mapped {/api/auth/signup, POST} route {"context":"RouterExplorer","timestamp":"2025-05-06T09:00:00.748Z"}
info: Nest application successfully started {"context":"NestApplication","timestamp":"2025-05-06T09:00:00.753Z"}
info: LogsController {/api/logs}: {"context":"RoutesResolver","timestamp":"2025-05-06T09:00:07.506Z"}
info: Mapped {/api/logs/logsByGroup/:id, GET} route {"context":"RouterExplorer","timestamp":"2025-05-06T09:00:07.510Z"}
info: UserController {/api/user}: {"context":"RoutesResolver","timestamp":"2025-05-06T09:00:07.510Z"}
info: Mapped {/api/user/list, GET} route {"context":"RouterExplorer","timestamp":"2025-05-06T09:00:07.511Z"}
info: Mapped {/api/user/getUserById/:id, GET} route {"context":"RouterExplorer","timestamp":"2025-05-06T09:00:07.512Z"}
info: Mapped {/api/user/add, POST} route {"context":"RouterExplorer","timestamp":"2025-05-06T09:00:07.513Z"}
info: Mapped {/api/user/edit/:id, PATCH} route {"context":"RouterExplorer","timestamp":"2025-05-06T09:00:07.514Z"}
info: Mapped {/api/user/delete/:id, DELETE} route {"context":"RouterExplorer","timestamp":"2025-05-06T09:00:07.514Z"}
info: Mapped {/api/user/profile/:id, GET} route {"context":"RouterExplorer","timestamp":"2025-05-06T09:00:07.515Z"}
info: RolesController {/api/roles}: {"context":"RoutesResolver","timestamp":"2025-05-06T09:00:07.515Z"}
info: Mapped {/api/roles/list, GET} route {"context":"RouterExplorer","timestamp":"2025-05-06T09:00:07.516Z"}
info: Mapped {/api/roles/add, POST} route {"context":"RouterExplorer","timestamp":"2025-05-06T09:00:07.517Z"}
info: Mapped {/api/roles/delete/:id, DELETE} route {"context":"RouterExplorer","timestamp":"2025-05-06T09:00:07.518Z"}
info: Mapped {/api/roles/edit/:id, PATCH} route {"context":"RouterExplorer","timestamp":"2025-05-06T09:00:07.518Z"}
info: AuthController {/api/auth}: {"context":"RoutesResolver","timestamp":"2025-05-06T09:00:07.519Z"}
info: Mapped {/api/auth/signin, POST} route {"context":"RouterExplorer","timestamp":"2025-05-06T09:00:07.519Z"}
info: Mapped {/api/auth/signup, POST} route {"context":"RouterExplorer","timestamp":"2025-05-06T09:00:07.520Z"}
info: Nest application successfully started {"context":"NestApplication","timestamp":"2025-05-06T09:00:07.522Z"}
info: LogsController {/api/logs}: {"context":"RoutesResolver","timestamp":"2025-05-06T09:00:25.233Z"}
info: Mapped {/api/logs/logsByGroup/:id, GET} route {"context":"RouterExplorer","timestamp":"2025-05-06T09:00:25.239Z"}
info: UserController {/api/user}: {"context":"RoutesResolver","timestamp":"2025-05-06T09:00:25.240Z"}
info: Mapped {/api/user/list, GET} route {"context":"RouterExplorer","timestamp":"2025-05-06T09:00:25.242Z"}
info: Mapped {/api/user/getUserById/:id, GET} route {"context":"RouterExplorer","timestamp":"2025-05-06T09:00:25.243Z"}
info: Mapped {/api/user/add, POST} route {"context":"RouterExplorer","timestamp":"2025-05-06T09:00:25.245Z"}
info: Mapped {/api/user/edit/:id, PATCH} route {"context":"RouterExplorer","timestamp":"2025-05-06T09:00:25.246Z"}
info: Mapped {/api/user/delete/:id, DELETE} route {"context":"RouterExplorer","timestamp":"2025-05-06T09:00:25.247Z"}
info: Mapped {/api/user/profile/:id, GET} route {"context":"RouterExplorer","timestamp":"2025-05-06T09:00:25.248Z"}
info: RolesController {/api/roles}: {"context":"RoutesResolver","timestamp":"2025-05-06T09:00:25.249Z"}
info: Mapped {/api/roles/list, GET} route {"context":"RouterExplorer","timestamp":"2025-05-06T09:00:25.251Z"}
info: Mapped {/api/roles/add, POST} route {"context":"RouterExplorer","timestamp":"2025-05-06T09:00:25.252Z"}
info: Mapped {/api/roles/delete/:id, DELETE} route {"context":"RouterExplorer","timestamp":"2025-05-06T09:00:25.254Z"}
info: Mapped {/api/roles/edit/:id, PATCH} route {"context":"RouterExplorer","timestamp":"2025-05-06T09:00:25.255Z"}
info: AuthController {/api/auth}: {"context":"RoutesResolver","timestamp":"2025-05-06T09:00:25.255Z"}
info: Mapped {/api/auth/signin, POST} route {"context":"RouterExplorer","timestamp":"2025-05-06T09:00:25.257Z"}
info: Mapped {/api/auth/signup, POST} route {"context":"RouterExplorer","timestamp":"2025-05-06T09:00:25.258Z"}
info: Nest application successfully started {"context":"NestApplication","timestamp":"2025-05-06T09:00:25.262Z"}
info: LogsController {/api/logs}: {"context":"RoutesResolver","timestamp":"2025-05-06T09:01:11.775Z"}
info: Mapped {/api/logs/logsByGroup/:id, GET} route {"context":"RouterExplorer","timestamp":"2025-05-06T09:01:11.779Z"}
info: UserController {/api/user}: {"context":"RoutesResolver","timestamp":"2025-05-06T09:01:11.780Z"}
info: Mapped {/api/user/list, GET} route {"context":"RouterExplorer","timestamp":"2025-05-06T09:01:11.781Z"}
info: Mapped {/api/user/getUserById/:id, GET} route {"context":"RouterExplorer","timestamp":"2025-05-06T09:01:11.782Z"}
info: Mapped {/api/user/add, POST} route {"context":"RouterExplorer","timestamp":"2025-05-06T09:01:11.783Z"}
info: Mapped {/api/user/edit/:id, PATCH} route {"context":"RouterExplorer","timestamp":"2025-05-06T09:01:11.784Z"}
info: Mapped {/api/user/delete/:id, DELETE} route {"context":"RouterExplorer","timestamp":"2025-05-06T09:01:11.785Z"}
info: Mapped {/api/user/profile/:id, GET} route {"context":"RouterExplorer","timestamp":"2025-05-06T09:01:11.786Z"}
info: RolesController {/api/roles}: {"context":"RoutesResolver","timestamp":"2025-05-06T09:01:11.786Z"}
info: Mapped {/api/roles/list, GET} route {"context":"RouterExplorer","timestamp":"2025-05-06T09:01:11.787Z"}
info: Mapped {/api/roles/add, POST} route {"context":"RouterExplorer","timestamp":"2025-05-06T09:01:11.788Z"}
info: Mapped {/api/roles/delete/:id, DELETE} route {"context":"RouterExplorer","timestamp":"2025-05-06T09:01:11.789Z"}
info: Mapped {/api/roles/edit/:id, PATCH} route {"context":"RouterExplorer","timestamp":"2025-05-06T09:01:11.790Z"}
info: AuthController {/api/auth}: {"context":"RoutesResolver","timestamp":"2025-05-06T09:01:11.790Z"}
info: Mapped {/api/auth/signin, POST} route {"context":"RouterExplorer","timestamp":"2025-05-06T09:01:11.791Z"}
info: Mapped {/api/auth/signup, POST} route {"context":"RouterExplorer","timestamp":"2025-05-06T09:01:11.791Z"}
info: Nest application successfully started {"context":"NestApplication","timestamp":"2025-05-06T09:01:11.794Z"}
info: LogsController {/api/logs}: {"context":"RoutesResolver","timestamp":"2025-05-06T09:01:14.801Z"}
info: Mapped {/api/logs/logsByGroup/:id, GET} route {"context":"RouterExplorer","timestamp":"2025-05-06T09:01:14.806Z"}
info: UserController {/api/user}: {"context":"RoutesResolver","timestamp":"2025-05-06T09:01:14.806Z"}
info: Mapped {/api/user/list, GET} route {"context":"RouterExplorer","timestamp":"2025-05-06T09:01:14.807Z"}
info: Mapped {/api/user/getUserById/:id, GET} route {"context":"RouterExplorer","timestamp":"2025-05-06T09:01:14.808Z"}
info: Mapped {/api/user/add, POST} route {"context":"RouterExplorer","timestamp":"2025-05-06T09:01:14.809Z"}
info: Mapped {/api/user/edit/:id, PATCH} route {"context":"RouterExplorer","timestamp":"2025-05-06T09:01:14.810Z"}
info: Mapped {/api/user/delete/:id, DELETE} route {"context":"RouterExplorer","timestamp":"2025-05-06T09:01:14.810Z"}
info: Mapped {/api/user/profile/:id, GET} route {"context":"RouterExplorer","timestamp":"2025-05-06T09:01:14.811Z"}
info: RolesController {/api/roles}: {"context":"RoutesResolver","timestamp":"2025-05-06T09:01:14.811Z"}
info: Mapped {/api/roles/list, GET} route {"context":"RouterExplorer","timestamp":"2025-05-06T09:01:14.812Z"}
info: Mapped {/api/roles/add, POST} route {"context":"RouterExplorer","timestamp":"2025-05-06T09:01:14.813Z"}
info: Mapped {/api/roles/delete/:id, DELETE} route {"context":"RouterExplorer","timestamp":"2025-05-06T09:01:14.814Z"}
info: Mapped {/api/roles/edit/:id, PATCH} route {"context":"RouterExplorer","timestamp":"2025-05-06T09:01:14.814Z"}
info: AuthController {/api/auth}: {"context":"RoutesResolver","timestamp":"2025-05-06T09:01:14.815Z"}
info: Mapped {/api/auth/signin, POST} route {"context":"RouterExplorer","timestamp":"2025-05-06T09:01:14.815Z"}
info: Mapped {/api/auth/signup, POST} route {"context":"RouterExplorer","timestamp":"2025-05-06T09:01:14.816Z"}
info: Nest application successfully started {"context":"NestApplication","timestamp":"2025-05-06T09:01:14.819Z"}
info: LogsController {/api/logs}: {"context":"RoutesResolver","timestamp":"2025-05-06T09:04:42.518Z"}
info: Mapped {/api/logs/logsByGroup/:id, GET} route {"context":"RouterExplorer","timestamp":"2025-05-06T09:04:42.523Z"}
info: UserController {/api/user}: {"context":"RoutesResolver","timestamp":"2025-05-06T09:04:42.523Z"}
info: Mapped {/api/user/list, GET} route {"context":"RouterExplorer","timestamp":"2025-05-06T09:04:42.525Z"}
info: Mapped {/api/user/getUserById/:id, GET} route {"context":"RouterExplorer","timestamp":"2025-05-06T09:04:42.526Z"}
info: Mapped {/api/user/add, POST} route {"context":"RouterExplorer","timestamp":"2025-05-06T09:04:42.527Z"}
info: Mapped {/api/user/edit/:id, PATCH} route {"context":"RouterExplorer","timestamp":"2025-05-06T09:04:42.528Z"}
info: Mapped {/api/user/delete/:id, DELETE} route {"context":"RouterExplorer","timestamp":"2025-05-06T09:04:42.528Z"}
info: Mapped {/api/user/profile/:id, GET} route {"context":"RouterExplorer","timestamp":"2025-05-06T09:04:42.529Z"}
info: RolesController {/api/roles}: {"context":"RoutesResolver","timestamp":"2025-05-06T09:04:42.530Z"}
info: Mapped {/api/roles/list, GET} route {"context":"RouterExplorer","timestamp":"2025-05-06T09:04:42.531Z"}
info: Mapped {/api/roles/add, POST} route {"context":"RouterExplorer","timestamp":"2025-05-06T09:04:42.532Z"}
info: Mapped {/api/roles/delete/:id, DELETE} route {"context":"RouterExplorer","timestamp":"2025-05-06T09:04:42.532Z"}
info: Mapped {/api/roles/edit/:id, PATCH} route {"context":"RouterExplorer","timestamp":"2025-05-06T09:04:42.533Z"}
info: AuthController {/api/auth}: {"context":"RoutesResolver","timestamp":"2025-05-06T09:04:42.533Z"}
info: Mapped {/api/auth/signin, POST} route {"context":"RouterExplorer","timestamp":"2025-05-06T09:04:42.534Z"}
info: Mapped {/api/auth/signup, POST} route {"context":"RouterExplorer","timestamp":"2025-05-06T09:04:42.535Z"}
info: Nest application successfully started {"context":"NestApplication","timestamp":"2025-05-06T09:04:42.538Z"}
info: LogsController {/api/logs}: {"context":"RoutesResolver","timestamp":"2025-05-06T09:06:01.368Z"}
info: Mapped {/api/logs/logsByGroup/:id, GET} route {"context":"RouterExplorer","timestamp":"2025-05-06T09:06:01.372Z"}
info: UserController {/api/user}: {"context":"RoutesResolver","timestamp":"2025-05-06T09:06:01.373Z"}
info: Mapped {/api/user/list, GET} route {"context":"RouterExplorer","timestamp":"2025-05-06T09:06:01.374Z"}
info: Mapped {/api/user/getUserById/:id, GET} route {"context":"RouterExplorer","timestamp":"2025-05-06T09:06:01.375Z"}
info: Mapped {/api/user/add, POST} route {"context":"RouterExplorer","timestamp":"2025-05-06T09:06:01.376Z"}
info: Mapped {/api/user/edit/:id, PATCH} route {"context":"RouterExplorer","timestamp":"2025-05-06T09:06:01.377Z"}
info: Mapped {/api/user/delete/:id, DELETE} route {"context":"RouterExplorer","timestamp":"2025-05-06T09:06:01.377Z"}
info: Mapped {/api/user/profile/:id, GET} route {"context":"RouterExplorer","timestamp":"2025-05-06T09:06:01.378Z"}
info: RolesController {/api/roles}: {"context":"RoutesResolver","timestamp":"2025-05-06T09:06:01.378Z"}
info: Mapped {/api/roles/list, GET} route {"context":"RouterExplorer","timestamp":"2025-05-06T09:06:01.379Z"}
info: Mapped {/api/roles/add, POST} route {"context":"RouterExplorer","timestamp":"2025-05-06T09:06:01.380Z"}
info: Mapped {/api/roles/delete/:id, DELETE} route {"context":"RouterExplorer","timestamp":"2025-05-06T09:06:01.381Z"}
info: Mapped {/api/roles/edit/:id, PATCH} route {"context":"RouterExplorer","timestamp":"2025-05-06T09:06:01.381Z"}
info: AuthController {/api/auth}: {"context":"RoutesResolver","timestamp":"2025-05-06T09:06:01.382Z"}
info: Mapped {/api/auth/signin, POST} route {"context":"RouterExplorer","timestamp":"2025-05-06T09:06:01.382Z"}
info: Mapped {/api/auth/signup, POST} route {"context":"RouterExplorer","timestamp":"2025-05-06T09:06:01.383Z"}
info: Nest application successfully started {"context":"NestApplication","timestamp":"2025-05-06T09:06:01.386Z"}
info: LogsController {/api/logs}: {"context":"RoutesResolver","timestamp":"2025-05-06T09:06:04.099Z"}
info: Mapped {/api/logs/logsByGroup/:id, GET} route {"context":"RouterExplorer","timestamp":"2025-05-06T09:06:04.104Z"}
info: UserController {/api/user}: {"context":"RoutesResolver","timestamp":"2025-05-06T09:06:04.104Z"}
info: Mapped {/api/user/list, GET} route {"context":"RouterExplorer","timestamp":"2025-05-06T09:06:04.106Z"}
info: Mapped {/api/user/getUserById/:id, GET} route {"context":"RouterExplorer","timestamp":"2025-05-06T09:06:04.107Z"}
info: Mapped {/api/user/add, POST} route {"context":"RouterExplorer","timestamp":"2025-05-06T09:06:04.108Z"}
info: Mapped {/api/user/edit/:id, PATCH} route {"context":"RouterExplorer","timestamp":"2025-05-06T09:06:04.109Z"}
info: Mapped {/api/user/delete/:id, DELETE} route {"context":"RouterExplorer","timestamp":"2025-05-06T09:06:04.109Z"}
info: Mapped {/api/user/profile/:id, GET} route {"context":"RouterExplorer","timestamp":"2025-05-06T09:06:04.110Z"}
info: RolesController {/api/roles}: {"context":"RoutesResolver","timestamp":"2025-05-06T09:06:04.111Z"}
info: Mapped {/api/roles/list, GET} route {"context":"RouterExplorer","timestamp":"2025-05-06T09:06:04.112Z"}
info: Mapped {/api/roles/add, POST} route {"context":"RouterExplorer","timestamp":"2025-05-06T09:06:04.113Z"}
info: Mapped {/api/roles/delete/:id, DELETE} route {"context":"RouterExplorer","timestamp":"2025-05-06T09:06:04.113Z"}
info: Mapped {/api/roles/edit/:id, PATCH} route {"context":"RouterExplorer","timestamp":"2025-05-06T09:06:04.114Z"}
info: AuthController {/api/auth}: {"context":"RoutesResolver","timestamp":"2025-05-06T09:06:04.114Z"}
info: Mapped {/api/auth/signin, POST} route {"context":"RouterExplorer","timestamp":"2025-05-06T09:06:04.115Z"}
info: Mapped {/api/auth/signup, POST} route {"context":"RouterExplorer","timestamp":"2025-05-06T09:06:04.116Z"}
info: Nest application successfully started {"context":"NestApplication","timestamp":"2025-05-06T09:06:04.119Z"}
info: LogsController {/api/logs}: {"context":"RoutesResolver","timestamp":"2025-05-06T09:06:12.585Z"}
info: Mapped {/api/logs/logsByGroup/:id, GET} route {"context":"RouterExplorer","timestamp":"2025-05-06T09:06:12.590Z"}
info: UserController {/api/user}: {"context":"RoutesResolver","timestamp":"2025-05-06T09:06:12.590Z"}
info: Mapped {/api/user/list, GET} route {"context":"RouterExplorer","timestamp":"2025-05-06T09:06:12.591Z"}
info: Mapped {/api/user/getUserById/:id, GET} route {"context":"RouterExplorer","timestamp":"2025-05-06T09:06:12.592Z"}
info: Mapped {/api/user/add, POST} route {"context":"RouterExplorer","timestamp":"2025-05-06T09:06:12.594Z"}
info: Mapped {/api/user/edit/:id, PATCH} route {"context":"RouterExplorer","timestamp":"2025-05-06T09:06:12.595Z"}
info: Mapped {/api/user/delete/:id, DELETE} route {"context":"RouterExplorer","timestamp":"2025-05-06T09:06:12.595Z"}
info: Mapped {/api/user/profile/:id, GET} route {"context":"RouterExplorer","timestamp":"2025-05-06T09:06:12.596Z"}
info: RolesController {/api/roles}: {"context":"RoutesResolver","timestamp":"2025-05-06T09:06:12.597Z"}
info: Mapped {/api/roles/list, GET} route {"context":"RouterExplorer","timestamp":"2025-05-06T09:06:12.598Z"}
info: Mapped {/api/roles/add, POST} route {"context":"RouterExplorer","timestamp":"2025-05-06T09:06:12.599Z"}
info: Mapped {/api/roles/delete/:id, DELETE} route {"context":"RouterExplorer","timestamp":"2025-05-06T09:06:12.599Z"}
info: Mapped {/api/roles/edit/:id, PATCH} route {"context":"RouterExplorer","timestamp":"2025-05-06T09:06:12.600Z"}
info: AuthController {/api/auth}: {"context":"RoutesResolver","timestamp":"2025-05-06T09:06:12.601Z"}
info: Mapped {/api/auth/signin, POST} route {"context":"RouterExplorer","timestamp":"2025-05-06T09:06:12.602Z"}
info: Mapped {/api/auth/signup, POST} route {"context":"RouterExplorer","timestamp":"2025-05-06T09:06:12.602Z"}
info: Nest application successfully started {"context":"NestApplication","timestamp":"2025-05-06T09:06:12.607Z"}
info: LogsController {/api/logs}: {"context":"RoutesResolver","timestamp":"2025-05-06T09:06:14.795Z"}
info: Mapped {/api/logs/logsByGroup/:id, GET} route {"context":"RouterExplorer","timestamp":"2025-05-06T09:06:14.800Z"}
info: UserController {/api/user}: {"context":"RoutesResolver","timestamp":"2025-05-06T09:06:14.800Z"}
info: Mapped {/api/user/list, GET} route {"context":"RouterExplorer","timestamp":"2025-05-06T09:06:14.801Z"}
info: Mapped {/api/user/getUserById/:id, GET} route {"context":"RouterExplorer","timestamp":"2025-05-06T09:06:14.802Z"}
info: Mapped {/api/user/add, POST} route {"context":"RouterExplorer","timestamp":"2025-05-06T09:06:14.803Z"}
info: Mapped {/api/user/edit/:id, PATCH} route {"context":"RouterExplorer","timestamp":"2025-05-06T09:06:14.804Z"}
info: Mapped {/api/user/delete/:id, DELETE} route {"context":"RouterExplorer","timestamp":"2025-05-06T09:06:14.805Z"}
info: Mapped {/api/user/profile/:id, GET} route {"context":"RouterExplorer","timestamp":"2025-05-06T09:06:14.805Z"}
info: RolesController {/api/roles}: {"context":"RoutesResolver","timestamp":"2025-05-06T09:06:14.806Z"}
info: Mapped {/api/roles/list, GET} route {"context":"RouterExplorer","timestamp":"2025-05-06T09:06:14.806Z"}
info: Mapped {/api/roles/add, POST} route {"context":"RouterExplorer","timestamp":"2025-05-06T09:06:14.807Z"}
info: Mapped {/api/roles/delete/:id, DELETE} route {"context":"RouterExplorer","timestamp":"2025-05-06T09:06:14.808Z"}
info: Mapped {/api/roles/edit/:id, PATCH} route {"context":"RouterExplorer","timestamp":"2025-05-06T09:06:14.809Z"}
info: AuthController {/api/auth}: {"context":"RoutesResolver","timestamp":"2025-05-06T09:06:14.809Z"}
info: Mapped {/api/auth/signin, POST} route {"context":"RouterExplorer","timestamp":"2025-05-06T09:06:14.810Z"}
info: Mapped {/api/auth/signup, POST} route {"context":"RouterExplorer","timestamp":"2025-05-06T09:06:14.810Z"}
info: Nest application successfully started {"context":"NestApplication","timestamp":"2025-05-06T09:06:14.813Z"}
info: LogsController {/api/logs}: {"context":"RoutesResolver","timestamp":"2025-05-06T09:06:23.729Z"}
info: Mapped {/api/logs/logsByGroup/:id, GET} route {"context":"RouterExplorer","timestamp":"2025-05-06T09:06:23.734Z"}
info: UserController {/api/user}: {"context":"RoutesResolver","timestamp":"2025-05-06T09:06:23.735Z"}
info: Mapped {/api/user/list, GET} route {"context":"RouterExplorer","timestamp":"2025-05-06T09:06:23.736Z"}
info: Mapped {/api/user/getUserById/:id, GET} route {"context":"RouterExplorer","timestamp":"2025-05-06T09:06:23.737Z"}
info: Mapped {/api/user/add, POST} route {"context":"RouterExplorer","timestamp":"2025-05-06T09:06:23.738Z"}
info: Mapped {/api/user/edit/:id, PATCH} route {"context":"RouterExplorer","timestamp":"2025-05-06T09:06:23.739Z"}
info: Mapped {/api/user/delete/:id, DELETE} route {"context":"RouterExplorer","timestamp":"2025-05-06T09:06:23.740Z"}
info: Mapped {/api/user/profile/:id, GET} route {"context":"RouterExplorer","timestamp":"2025-05-06T09:06:23.741Z"}
info: RolesController {/api/roles}: {"context":"RoutesResolver","timestamp":"2025-05-06T09:06:23.741Z"}
info: Mapped {/api/roles/list, GET} route {"context":"RouterExplorer","timestamp":"2025-05-06T09:06:23.742Z"}
info: Mapped {/api/roles/add, POST} route {"context":"RouterExplorer","timestamp":"2025-05-06T09:06:23.743Z"}
info: Mapped {/api/roles/delete/:id, DELETE} route {"context":"RouterExplorer","timestamp":"2025-05-06T09:06:23.744Z"}
info: Mapped {/api/roles/edit/:id, PATCH} route {"context":"RouterExplorer","timestamp":"2025-05-06T09:06:23.744Z"}
info: AuthController {/api/auth}: {"context":"RoutesResolver","timestamp":"2025-05-06T09:06:23.744Z"}
info: Mapped {/api/auth/signin, POST} route {"context":"RouterExplorer","timestamp":"2025-05-06T09:06:23.745Z"}
info: Mapped {/api/auth/signup, POST} route {"context":"RouterExplorer","timestamp":"2025-05-06T09:06:23.746Z"}
info: Nest application successfully started {"context":"NestApplication","timestamp":"2025-05-06T09:06:23.749Z"}
info: LogsController {/api/logs}: {"context":"RoutesResolver","timestamp":"2025-05-06T09:07:41.341Z"}
info: Mapped {/api/logs/logsByGroup/:id, GET} route {"context":"RouterExplorer","timestamp":"2025-05-06T09:07:41.345Z"}
info: UserController {/api/user}: {"context":"RoutesResolver","timestamp":"2025-05-06T09:07:41.346Z"}
info: Mapped {/api/user/list, GET} route {"context":"RouterExplorer","timestamp":"2025-05-06T09:07:41.347Z"}
info: Mapped {/api/user/getUserById/:id, GET} route {"context":"RouterExplorer","timestamp":"2025-05-06T09:07:41.348Z"}
info: Mapped {/api/user/add, POST} route {"context":"RouterExplorer","timestamp":"2025-05-06T09:07:41.349Z"}
info: Mapped {/api/user/edit/:id, PATCH} route {"context":"RouterExplorer","timestamp":"2025-05-06T09:07:41.350Z"}
info: Mapped {/api/user/delete/:id, DELETE} route {"context":"RouterExplorer","timestamp":"2025-05-06T09:07:41.351Z"}
info: Mapped {/api/user/profile/:id, GET} route {"context":"RouterExplorer","timestamp":"2025-05-06T09:07:41.351Z"}
info: RolesController {/api/roles}: {"context":"RoutesResolver","timestamp":"2025-05-06T09:07:41.352Z"}
info: Mapped {/api/roles/list, GET} route {"context":"RouterExplorer","timestamp":"2025-05-06T09:07:41.353Z"}
info: Mapped {/api/roles/add, POST} route {"context":"RouterExplorer","timestamp":"2025-05-06T09:07:41.354Z"}
info: Mapped {/api/roles/delete/:id, DELETE} route {"context":"RouterExplorer","timestamp":"2025-05-06T09:07:41.354Z"}
info: Mapped {/api/roles/edit/:id, PATCH} route {"context":"RouterExplorer","timestamp":"2025-05-06T09:07:41.355Z"}
info: AuthController {/api/auth}: {"context":"RoutesResolver","timestamp":"2025-05-06T09:07:41.355Z"}
info: Mapped {/api/auth/signin, POST} route {"context":"RouterExplorer","timestamp":"2025-05-06T09:07:41.356Z"}
info: Mapped {/api/auth/signup, POST} route {"context":"RouterExplorer","timestamp":"2025-05-06T09:07:41.356Z"}
info: Nest application successfully started {"context":"NestApplication","timestamp":"2025-05-06T09:07:41.359Z"}
info: LogsController {/api/logs}: {"context":"RoutesResolver","timestamp":"2025-05-06T09:08:09.599Z"}
info: Mapped {/api/logs/logsByGroup/:id, GET} route {"context":"RouterExplorer","timestamp":"2025-05-06T09:08:09.603Z"}
info: UserController {/api/user}: {"context":"RoutesResolver","timestamp":"2025-05-06T09:08:09.604Z"}
info: Mapped {/api/user/list, GET} route {"context":"RouterExplorer","timestamp":"2025-05-06T09:08:09.605Z"}
info: Mapped {/api/user/getUserById/:id, GET} route {"context":"RouterExplorer","timestamp":"2025-05-06T09:08:09.606Z"}
info: Mapped {/api/user/add, POST} route {"context":"RouterExplorer","timestamp":"2025-05-06T09:08:09.607Z"}
info: Mapped {/api/user/edit/:id, PATCH} route {"context":"RouterExplorer","timestamp":"2025-05-06T09:08:09.608Z"}
info: Mapped {/api/user/delete/:id, DELETE} route {"context":"RouterExplorer","timestamp":"2025-05-06T09:08:09.609Z"}
info: Mapped {/api/user/profile/:id, GET} route {"context":"RouterExplorer","timestamp":"2025-05-06T09:08:09.610Z"}
info: RolesController {/api/roles}: {"context":"RoutesResolver","timestamp":"2025-05-06T09:08:09.611Z"}
info: Mapped {/api/roles/list, GET} route {"context":"RouterExplorer","timestamp":"2025-05-06T09:08:09.611Z"}
info: Mapped {/api/roles/add, POST} route {"context":"RouterExplorer","timestamp":"2025-05-06T09:08:09.612Z"}
info: Mapped {/api/roles/delete/:id, DELETE} route {"context":"RouterExplorer","timestamp":"2025-05-06T09:08:09.613Z"}
info: Mapped {/api/roles/edit/:id, PATCH} route {"context":"RouterExplorer","timestamp":"2025-05-06T09:08:09.614Z"}
info: AuthController {/api/auth}: {"context":"RoutesResolver","timestamp":"2025-05-06T09:08:09.614Z"}
info: Mapped {/api/auth/signin, POST} route {"context":"RouterExplorer","timestamp":"2025-05-06T09:08:09.615Z"}
info: Mapped {/api/auth/signup, POST} route {"context":"RouterExplorer","timestamp":"2025-05-06T09:08:09.615Z"}
info: Nest application successfully started {"context":"NestApplication","timestamp":"2025-05-06T09:08:09.618Z"}
info: LogsController {/api/logs}: {"context":"RoutesResolver","timestamp":"2025-05-06T09:08:14.155Z"}
info: Mapped {/api/logs/logsByGroup/:id, GET} route {"context":"RouterExplorer","timestamp":"2025-05-06T09:08:14.160Z"}
info: UserController {/api/user}: {"context":"RoutesResolver","timestamp":"2025-05-06T09:08:14.161Z"}
info: Mapped {/api/user/list, GET} route {"context":"RouterExplorer","timestamp":"2025-05-06T09:08:14.162Z"}
info: Mapped {/api/user/getUserById/:id, GET} route {"context":"RouterExplorer","timestamp":"2025-05-06T09:08:14.163Z"}
info: Mapped {/api/user/add, POST} route {"context":"RouterExplorer","timestamp":"2025-05-06T09:08:14.164Z"}
info: Mapped {/api/user/edit/:id, PATCH} route {"context":"RouterExplorer","timestamp":"2025-05-06T09:08:14.165Z"}
info: Mapped {/api/user/delete/:id, DELETE} route {"context":"RouterExplorer","timestamp":"2025-05-06T09:08:14.166Z"}
info: Mapped {/api/user/profile/:id, GET} route {"context":"RouterExplorer","timestamp":"2025-05-06T09:08:14.167Z"}
info: RolesController {/api/roles}: {"context":"RoutesResolver","timestamp":"2025-05-06T09:08:14.167Z"}
info: Mapped {/api/roles/list, GET} route {"context":"RouterExplorer","timestamp":"2025-05-06T09:08:14.168Z"}
info: Mapped {/api/roles/add, POST} route {"context":"RouterExplorer","timestamp":"2025-05-06T09:08:14.169Z"}
info: Mapped {/api/roles/delete/:id, DELETE} route {"context":"RouterExplorer","timestamp":"2025-05-06T09:08:14.170Z"}
info: Mapped {/api/roles/edit/:id, PATCH} route {"context":"RouterExplorer","timestamp":"2025-05-06T09:08:14.170Z"}
info: AuthController {/api/auth}: {"context":"RoutesResolver","timestamp":"2025-05-06T09:08:14.171Z"}
info: Mapped {/api/auth/signin, POST} route {"context":"RouterExplorer","timestamp":"2025-05-06T09:08:14.171Z"}
info: Mapped {/api/auth/signup, POST} route {"context":"RouterExplorer","timestamp":"2025-05-06T09:08:14.172Z"}
info: Nest application successfully started {"context":"NestApplication","timestamp":"2025-05-06T09:08:14.175Z"}
info: LogsController {/api/logs}: {"context":"RoutesResolver","timestamp":"2025-05-06T09:09:27.926Z"}
info: Mapped {/api/logs/logsByGroup/:id, GET} route {"context":"RouterExplorer","timestamp":"2025-05-06T09:09:27.931Z"}
info: UserController {/api/user}: {"context":"RoutesResolver","timestamp":"2025-05-06T09:09:27.931Z"}
info: Mapped {/api/user/list, GET} route {"context":"RouterExplorer","timestamp":"2025-05-06T09:09:27.932Z"}
info: Mapped {/api/user/getUserById/:id, GET} route {"context":"RouterExplorer","timestamp":"2025-05-06T09:09:27.933Z"}
info: Mapped {/api/user/add, POST} route {"context":"RouterExplorer","timestamp":"2025-05-06T09:09:27.934Z"}
info: Mapped {/api/user/edit/:id, PATCH} route {"context":"RouterExplorer","timestamp":"2025-05-06T09:09:27.935Z"}
info: Mapped {/api/user/delete/:id, DELETE} route {"context":"RouterExplorer","timestamp":"2025-05-06T09:09:27.941Z"}
info: Mapped {/api/user/profile/:id, GET} route {"context":"RouterExplorer","timestamp":"2025-05-06T09:09:27.941Z"}
info: RolesController {/api/roles}: {"context":"RoutesResolver","timestamp":"2025-05-06T09:09:27.942Z"}
info: Mapped {/api/roles/list, GET} route {"context":"RouterExplorer","timestamp":"2025-05-06T09:09:27.943Z"}
info: Mapped {/api/roles/add, POST} route {"context":"RouterExplorer","timestamp":"2025-05-06T09:09:27.944Z"}
info: Mapped {/api/roles/delete/:id, DELETE} route {"context":"RouterExplorer","timestamp":"2025-05-06T09:09:27.944Z"}
info: Mapped {/api/roles/edit/:id, PATCH} route {"context":"RouterExplorer","timestamp":"2025-05-06T09:09:27.945Z"}
info: AuthController {/api/auth}: {"context":"RoutesResolver","timestamp":"2025-05-06T09:09:27.945Z"}
info: Mapped {/api/auth/signin, POST} route {"context":"RouterExplorer","timestamp":"2025-05-06T09:09:27.946Z"}
info: Mapped {/api/auth/signup, POST} route {"context":"RouterExplorer","timestamp":"2025-05-06T09:09:27.946Z"}
info: Nest application successfully started {"context":"NestApplication","timestamp":"2025-05-06T09:09:27.949Z"}
info: LogsController {/api/logs}: {"context":"RoutesResolver","timestamp":"2025-05-06T09:09:49.811Z"}
info: Mapped {/api/logs/logsByGroup/:id, GET} route {"context":"RouterExplorer","timestamp":"2025-05-06T09:09:49.817Z"}
info: UserController {/api/user}: {"context":"RoutesResolver","timestamp":"2025-05-06T09:09:49.817Z"}
info: Mapped {/api/user/list, GET} route {"context":"RouterExplorer","timestamp":"2025-05-06T09:09:49.818Z"}
info: Mapped {/api/user/getUserById/:id, GET} route {"context":"RouterExplorer","timestamp":"2025-05-06T09:09:49.820Z"}
info: Mapped {/api/user/add, POST} route {"context":"RouterExplorer","timestamp":"2025-05-06T09:09:49.821Z"}
info: Mapped {/api/user/edit/:id, PATCH} route {"context":"RouterExplorer","timestamp":"2025-05-06T09:09:49.822Z"}
info: Mapped {/api/user/delete/:id, DELETE} route {"context":"RouterExplorer","timestamp":"2025-05-06T09:09:49.822Z"}
info: Mapped {/api/user/profile/:id, GET} route {"context":"RouterExplorer","timestamp":"2025-05-06T09:09:49.823Z"}
info: RolesController {/api/roles}: {"context":"RoutesResolver","timestamp":"2025-05-06T09:09:49.824Z"}
info: Mapped {/api/roles/list, GET} route {"context":"RouterExplorer","timestamp":"2025-05-06T09:09:49.825Z"}
info: Mapped {/api/roles/add, POST} route {"context":"RouterExplorer","timestamp":"2025-05-06T09:09:49.826Z"}
info: Mapped {/api/roles/delete/:id, DELETE} route {"context":"RouterExplorer","timestamp":"2025-05-06T09:09:49.827Z"}
info: Mapped {/api/roles/edit/:id, PATCH} route {"context":"RouterExplorer","timestamp":"2025-05-06T09:09:49.828Z"}
info: AuthController {/api/auth}: {"context":"RoutesResolver","timestamp":"2025-05-06T09:09:49.828Z"}
info: Mapped {/api/auth/signin, POST} route {"context":"RouterExplorer","timestamp":"2025-05-06T09:09:49.829Z"}
info: Mapped {/api/auth/signup, POST} route {"context":"RouterExplorer","timestamp":"2025-05-06T09:09:49.830Z"}
info: Nest application successfully started {"context":"NestApplication","timestamp":"2025-05-06T09:09:49.834Z"}
info: LogsController {/api/logs}: {"context":"RoutesResolver","timestamp":"2025-05-06T09:09:52.556Z"}
info: Mapped {/api/logs/logsByGroup/:id, GET} route {"context":"RouterExplorer","timestamp":"2025-05-06T09:09:52.560Z"}
info: UserController {/api/user}: {"context":"RoutesResolver","timestamp":"2025-05-06T09:09:52.561Z"}
info: Mapped {/api/user/list, GET} route {"context":"RouterExplorer","timestamp":"2025-05-06T09:09:52.562Z"}
info: Mapped {/api/user/getUserById/:id, GET} route {"context":"RouterExplorer","timestamp":"2025-05-06T09:09:52.564Z"}
info: Mapped {/api/user/add, POST} route {"context":"RouterExplorer","timestamp":"2025-05-06T09:09:52.565Z"}
info: Mapped {/api/user/edit/:id, PATCH} route {"context":"RouterExplorer","timestamp":"2025-05-06T09:09:52.566Z"}
info: Mapped {/api/user/delete/:id, DELETE} route {"context":"RouterExplorer","timestamp":"2025-05-06T09:09:52.567Z"}
info: Mapped {/api/user/profile/:id, GET} route {"context":"RouterExplorer","timestamp":"2025-05-06T09:09:52.568Z"}
info: RolesController {/api/roles}: {"context":"RoutesResolver","timestamp":"2025-05-06T09:09:52.569Z"}
info: Mapped {/api/roles/list, GET} route {"context":"RouterExplorer","timestamp":"2025-05-06T09:09:52.570Z"}
info: Mapped {/api/roles/add, POST} route {"context":"RouterExplorer","timestamp":"2025-05-06T09:09:52.571Z"}
info: Mapped {/api/roles/delete/:id, DELETE} route {"context":"RouterExplorer","timestamp":"2025-05-06T09:09:52.571Z"}
info: Mapped {/api/roles/edit/:id, PATCH} route {"context":"RouterExplorer","timestamp":"2025-05-06T09:09:52.572Z"}
info: AuthController {/api/auth}: {"context":"RoutesResolver","timestamp":"2025-05-06T09:09:52.573Z"}
info: Mapped {/api/auth/signin, POST} route {"context":"RouterExplorer","timestamp":"2025-05-06T09:09:52.574Z"}
info: Mapped {/api/auth/signup, POST} route {"context":"RouterExplorer","timestamp":"2025-05-06T09:09:52.574Z"}
info: Nest application successfully started {"context":"NestApplication","timestamp":"2025-05-06T09:09:52.577Z"}
info: LogsController {/api/logs}: {"context":"RoutesResolver","timestamp":"2025-05-06T09:10:04.406Z"}
info: Mapped {/api/logs/logsByGroup/:id, GET} route {"context":"RouterExplorer","timestamp":"2025-05-06T09:10:04.411Z"}
info: UserController {/api/user}: {"context":"RoutesResolver","timestamp":"2025-05-06T09:10:04.412Z"}
info: Mapped {/api/user/list, GET} route {"context":"RouterExplorer","timestamp":"2025-05-06T09:10:04.413Z"}
info: Mapped {/api/user/getUserById/:id, GET} route {"context":"RouterExplorer","timestamp":"2025-05-06T09:10:04.414Z"}
info: Mapped {/api/user/add, POST} route {"context":"RouterExplorer","timestamp":"2025-05-06T09:10:04.416Z"}
info: Mapped {/api/user/edit/:id, PATCH} route {"context":"RouterExplorer","timestamp":"2025-05-06T09:10:04.416Z"}
info: Mapped {/api/user/delete/:id, DELETE} route {"context":"RouterExplorer","timestamp":"2025-05-06T09:10:04.417Z"}
info: Mapped {/api/user/profile/:id, GET} route {"context":"RouterExplorer","timestamp":"2025-05-06T09:10:04.418Z"}
info: RolesController {/api/roles}: {"context":"RoutesResolver","timestamp":"2025-05-06T09:10:04.419Z"}
info: Mapped {/api/roles/list, GET} route {"context":"RouterExplorer","timestamp":"2025-05-06T09:10:04.420Z"}
info: Mapped {/api/roles/add, POST} route {"context":"RouterExplorer","timestamp":"2025-05-06T09:10:04.421Z"}
info: Mapped {/api/roles/delete/:id, DELETE} route {"context":"RouterExplorer","timestamp":"2025-05-06T09:10:04.422Z"}
info: Mapped {/api/roles/edit/:id, PATCH} route {"context":"RouterExplorer","timestamp":"2025-05-06T09:10:04.423Z"}
info: AuthController {/api/auth}: {"context":"RoutesResolver","timestamp":"2025-05-06T09:10:04.423Z"}
info: Mapped {/api/auth/signin, POST} route {"context":"RouterExplorer","timestamp":"2025-05-06T09:10:04.424Z"}
info: Mapped {/api/auth/signup, POST} route {"context":"RouterExplorer","timestamp":"2025-05-06T09:10:04.425Z"}
info: Nest application successfully started {"context":"NestApplication","timestamp":"2025-05-06T09:10:04.431Z"}
info: LogsController {/api/logs}: {"context":"RoutesResolver","timestamp":"2025-05-06T09:10:08.043Z"}
info: Mapped {/api/logs/logsByGroup/:id, GET} route {"context":"RouterExplorer","timestamp":"2025-05-06T09:10:08.050Z"}
info: UserController {/api/user}: {"context":"RoutesResolver","timestamp":"2025-05-06T09:10:08.050Z"}
info: Mapped {/api/user/list, GET} route {"context":"RouterExplorer","timestamp":"2025-05-06T09:10:08.051Z"}
info: Mapped {/api/user/getUserById/:id, GET} route {"context":"RouterExplorer","timestamp":"2025-05-06T09:10:08.052Z"}
info: Mapped {/api/user/add, POST} route {"context":"RouterExplorer","timestamp":"2025-05-06T09:10:08.054Z"}
info: Mapped {/api/user/edit/:id, PATCH} route {"context":"RouterExplorer","timestamp":"2025-05-06T09:10:08.054Z"}
info: Mapped {/api/user/delete/:id, DELETE} route {"context":"RouterExplorer","timestamp":"2025-05-06T09:10:08.055Z"}
info: Mapped {/api/user/profile/:id, GET} route {"context":"RouterExplorer","timestamp":"2025-05-06T09:10:08.056Z"}
info: RolesController {/api/roles}: {"context":"RoutesResolver","timestamp":"2025-05-06T09:10:08.057Z"}
info: Mapped {/api/roles/list, GET} route {"context":"RouterExplorer","timestamp":"2025-05-06T09:10:08.058Z"}
info: Mapped {/api/roles/add, POST} route {"context":"RouterExplorer","timestamp":"2025-05-06T09:10:08.059Z"}
info: Mapped {/api/roles/delete/:id, DELETE} route {"context":"RouterExplorer","timestamp":"2025-05-06T09:10:08.059Z"}
info: Mapped {/api/roles/edit/:id, PATCH} route {"context":"RouterExplorer","timestamp":"2025-05-06T09:10:08.060Z"}
info: AuthController {/api/auth}: {"context":"RoutesResolver","timestamp":"2025-05-06T09:10:08.060Z"}
info: Mapped {/api/auth/signin, POST} route {"context":"RouterExplorer","timestamp":"2025-05-06T09:10:08.061Z"}
info: Mapped {/api/auth/signup, POST} route {"context":"RouterExplorer","timestamp":"2025-05-06T09:10:08.062Z"}
info: Nest application successfully started {"context":"NestApplication","timestamp":"2025-05-06T09:10:08.065Z"}
info: LogsController {/api/logs}: {"context":"RoutesResolver","timestamp":"2025-05-06T09:15:54.900Z"}
info: Mapped {/api/logs/logsByGroup/:id, GET} route {"context":"RouterExplorer","timestamp":"2025-05-06T09:15:54.905Z"}
info: UserController {/api/user}: {"context":"RoutesResolver","timestamp":"2025-05-06T09:15:54.905Z"}
info: Mapped {/api/user/list, GET} route {"context":"RouterExplorer","timestamp":"2025-05-06T09:15:54.907Z"}
info: Mapped {/api/user/getUserById/:id, GET} route {"context":"RouterExplorer","timestamp":"2025-05-06T09:15:54.908Z"}
info: Mapped {/api/user/add, POST} route {"context":"RouterExplorer","timestamp":"2025-05-06T09:15:54.909Z"}
info: Mapped {/api/user/edit/:id, PATCH} route {"context":"RouterExplorer","timestamp":"2025-05-06T09:15:54.910Z"}
info: Mapped {/api/user/delete/:id, DELETE} route {"context":"RouterExplorer","timestamp":"2025-05-06T09:15:54.911Z"}
info: Mapped {/api/user/profile/:id, GET} route {"context":"RouterExplorer","timestamp":"2025-05-06T09:15:54.912Z"}
info: RolesController {/api/roles}: {"context":"RoutesResolver","timestamp":"2025-05-06T09:15:54.912Z"}
info: Mapped {/api/roles/list, GET} route {"context":"RouterExplorer","timestamp":"2025-05-06T09:15:54.913Z"}
info: Mapped {/api/roles/add, POST} route {"context":"RouterExplorer","timestamp":"2025-05-06T09:15:54.914Z"}
info: Mapped {/api/roles/delete/:id, DELETE} route {"context":"RouterExplorer","timestamp":"2025-05-06T09:15:54.915Z"}
info: Mapped {/api/roles/edit/:id, PATCH} route {"context":"RouterExplorer","timestamp":"2025-05-06T09:15:54.916Z"}
info: AuthController {/api/auth}: {"context":"RoutesResolver","timestamp":"2025-05-06T09:15:54.916Z"}
info: Mapped {/api/auth/signin, POST} route {"context":"RouterExplorer","timestamp":"2025-05-06T09:15:54.917Z"}
info: Mapped {/api/auth/signup, POST} route {"context":"RouterExplorer","timestamp":"2025-05-06T09:15:54.917Z"}
info: Nest application successfully started {"context":"NestApplication","timestamp":"2025-05-06T09:15:54.920Z"}
info: LogsController {/api/logs}: {"context":"RoutesResolver","timestamp":"2025-05-06T09:20:06.880Z"}
info: Mapped {/api/logs/logsByGroup/:id, GET} route {"context":"RouterExplorer","timestamp":"2025-05-06T09:20:06.884Z"}
info: UserController {/api/user}: {"context":"RoutesResolver","timestamp":"2025-05-06T09:20:06.885Z"}
info: Mapped {/api/user/list, GET} route {"context":"RouterExplorer","timestamp":"2025-05-06T09:20:06.886Z"}
info: Mapped {/api/user/getUserById/:id, GET} route {"context":"RouterExplorer","timestamp":"2025-05-06T09:20:06.887Z"}
info: Mapped {/api/user/add, POST} route {"context":"RouterExplorer","timestamp":"2025-05-06T09:20:06.888Z"}
info: Mapped {/api/user/edit/:id, PATCH} route {"context":"RouterExplorer","timestamp":"2025-05-06T09:20:06.889Z"}
info: Mapped {/api/user/delete/:id, DELETE} route {"context":"RouterExplorer","timestamp":"2025-05-06T09:20:06.889Z"}
info: Mapped {/api/user/profile/:id, GET} route {"context":"RouterExplorer","timestamp":"2025-05-06T09:20:06.890Z"}
info: RolesController {/api/roles}: {"context":"RoutesResolver","timestamp":"2025-05-06T09:20:06.891Z"}
info: Mapped {/api/roles/list, GET} route {"context":"RouterExplorer","timestamp":"2025-05-06T09:20:06.892Z"}
info: Mapped {/api/roles/add, POST} route {"context":"RouterExplorer","timestamp":"2025-05-06T09:20:06.892Z"}
info: Mapped {/api/roles/delete/:id, DELETE} route {"context":"RouterExplorer","timestamp":"2025-05-06T09:20:06.893Z"}
info: Mapped {/api/roles/edit/:id, PATCH} route {"context":"RouterExplorer","timestamp":"2025-05-06T09:20:06.894Z"}
info: AuthController {/api/auth}: {"context":"RoutesResolver","timestamp":"2025-05-06T09:20:06.894Z"}
info: Mapped {/api/auth/signin, POST} route {"context":"RouterExplorer","timestamp":"2025-05-06T09:20:06.895Z"}
info: Mapped {/api/auth/signup, POST} route {"context":"RouterExplorer","timestamp":"2025-05-06T09:20:06.896Z"}
info: Nest application successfully started {"context":"NestApplication","timestamp":"2025-05-06T09:20:06.899Z"}
info: LogsController {/api/logs}: {"context":"RoutesResolver","timestamp":"2025-05-06T09:27:25.436Z"}
info: Mapped {/api/logs/logsByGroup/:id, GET} route {"context":"RouterExplorer","timestamp":"2025-05-06T09:27:25.440Z"}
info: UserController {/api/user}: {"context":"RoutesResolver","timestamp":"2025-05-06T09:27:25.441Z"}
info: Mapped {/api/user/list, GET} route {"context":"RouterExplorer","timestamp":"2025-05-06T09:27:25.442Z"}
info: Mapped {/api/user/getUserById/:id, GET} route {"context":"RouterExplorer","timestamp":"2025-05-06T09:27:25.442Z"}
info: Mapped {/api/user/add, POST} route {"context":"RouterExplorer","timestamp":"2025-05-06T09:27:25.443Z"}
info: Mapped {/api/user/edit/:id, PATCH} route {"context":"RouterExplorer","timestamp":"2025-05-06T09:27:25.444Z"}
info: Mapped {/api/user/delete/:id, DELETE} route {"context":"RouterExplorer","timestamp":"2025-05-06T09:27:25.445Z"}
info: Mapped {/api/user/profile/:id, GET} route {"context":"RouterExplorer","timestamp":"2025-05-06T09:27:25.446Z"}
info: RolesController {/api/roles}: {"context":"RoutesResolver","timestamp":"2025-05-06T09:27:25.446Z"}
info: Mapped {/api/roles/list, GET} route {"context":"RouterExplorer","timestamp":"2025-05-06T09:27:25.447Z"}
info: Mapped {/api/roles/add, POST} route {"context":"RouterExplorer","timestamp":"2025-05-06T09:27:25.448Z"}
info: Mapped {/api/roles/delete/:id, DELETE} route {"context":"RouterExplorer","timestamp":"2025-05-06T09:27:25.449Z"}
info: Mapped {/api/roles/edit/:id, PATCH} route {"context":"RouterExplorer","timestamp":"2025-05-06T09:27:25.449Z"}
info: AuthController {/api/auth}: {"context":"RoutesResolver","timestamp":"2025-05-06T09:27:25.449Z"}
info: Mapped {/api/auth/signin, POST} route {"context":"RouterExplorer","timestamp":"2025-05-06T09:27:25.450Z"}
info: Mapped {/api/auth/signup, POST} route {"context":"RouterExplorer","timestamp":"2025-05-06T09:27:25.451Z"}
info: Nest application successfully started {"context":"NestApplication","timestamp":"2025-05-06T09:27:25.453Z"}
info: LogsController {/api/logs}: {"context":"RoutesResolver","timestamp":"2025-05-06T09:28:37.416Z"}
info: Mapped {/api/logs/logsByGroup/:id, GET} route {"context":"RouterExplorer","timestamp":"2025-05-06T09:28:37.421Z"}
info: UserController {/api/user}: {"context":"RoutesResolver","timestamp":"2025-05-06T09:28:37.422Z"}
info: Mapped {/api/user/list, GET} route {"context":"RouterExplorer","timestamp":"2025-05-06T09:28:37.423Z"}
info: Mapped {/api/user/getUserById/:id, GET} route {"context":"RouterExplorer","timestamp":"2025-05-06T09:28:37.424Z"}
info: Mapped {/api/user/add, POST} route {"context":"RouterExplorer","timestamp":"2025-05-06T09:28:37.425Z"}
info: Mapped {/api/user/edit/:id, PATCH} route {"context":"RouterExplorer","timestamp":"2025-05-06T09:28:37.426Z"}
info: Mapped {/api/user/delete/:id, DELETE} route {"context":"RouterExplorer","timestamp":"2025-05-06T09:28:37.427Z"}
info: Mapped {/api/user/profile/:id, GET} route {"context":"RouterExplorer","timestamp":"2025-05-06T09:28:37.428Z"}
info: RolesController {/api/roles}: {"context":"RoutesResolver","timestamp":"2025-05-06T09:28:37.428Z"}
info: Mapped {/api/roles/list, GET} route {"context":"RouterExplorer","timestamp":"2025-05-06T09:28:37.429Z"}
info: Mapped {/api/roles/add, POST} route {"context":"RouterExplorer","timestamp":"2025-05-06T09:28:37.430Z"}
info: Mapped {/api/roles/delete/:id, DELETE} route {"context":"RouterExplorer","timestamp":"2025-05-06T09:28:37.431Z"}
info: Mapped {/api/roles/edit/:id, PATCH} route {"context":"RouterExplorer","timestamp":"2025-05-06T09:28:37.431Z"}
info: AuthController {/api/auth}: {"context":"RoutesResolver","timestamp":"2025-05-06T09:28:37.432Z"}
info: Mapped {/api/auth/signin, POST} route {"context":"RouterExplorer","timestamp":"2025-05-06T09:28:37.433Z"}
info: Mapped {/api/auth/signup, POST} route {"context":"RouterExplorer","timestamp":"2025-05-06T09:28:37.434Z"}
info: Nest application successfully started {"context":"NestApplication","timestamp":"2025-05-06T09:28:37.437Z"}
info: LogsController {/api/logs}: {"context":"RoutesResolver","timestamp":"2025-05-06T09:28:53.171Z"}
info: Mapped {/api/logs/logsByGroup/:id, GET} route {"context":"RouterExplorer","timestamp":"2025-05-06T09:28:53.176Z"}
info: UserController {/api/user}: {"context":"RoutesResolver","timestamp":"2025-05-06T09:28:53.177Z"}
info: Mapped {/api/user/list, GET} route {"context":"RouterExplorer","timestamp":"2025-05-06T09:28:53.178Z"}
info: Mapped {/api/user/getUserById/:id, GET} route {"context":"RouterExplorer","timestamp":"2025-05-06T09:28:53.179Z"}
info: Mapped {/api/user/add, POST} route {"context":"RouterExplorer","timestamp":"2025-05-06T09:28:53.180Z"}
info: Mapped {/api/user/edit/:id, PATCH} route {"context":"RouterExplorer","timestamp":"2025-05-06T09:28:53.181Z"}
info: Mapped {/api/user/delete/:id, DELETE} route {"context":"RouterExplorer","timestamp":"2025-05-06T09:28:53.181Z"}
info: Mapped {/api/user/profile/:id, GET} route {"context":"RouterExplorer","timestamp":"2025-05-06T09:28:53.182Z"}
info: RolesController {/api/roles}: {"context":"RoutesResolver","timestamp":"2025-05-06T09:28:53.183Z"}
info: Mapped {/api/roles/list, GET} route {"context":"RouterExplorer","timestamp":"2025-05-06T09:28:53.183Z"}
info: Mapped {/api/roles/add, POST} route {"context":"RouterExplorer","timestamp":"2025-05-06T09:28:53.184Z"}
info: Mapped {/api/roles/delete/:id, DELETE} route {"context":"RouterExplorer","timestamp":"2025-05-06T09:28:53.185Z"}
info: Mapped {/api/roles/edit/:id, PATCH} route {"context":"RouterExplorer","timestamp":"2025-05-06T09:28:53.186Z"}
info: AuthController {/api/auth}: {"context":"RoutesResolver","timestamp":"2025-05-06T09:28:53.186Z"}
info: Mapped {/api/auth/signin, POST} route {"context":"RouterExplorer","timestamp":"2025-05-06T09:28:53.187Z"}
info: Mapped {/api/auth/signup, POST} route {"context":"RouterExplorer","timestamp":"2025-05-06T09:28:53.187Z"}
info: Nest application successfully started {"context":"NestApplication","timestamp":"2025-05-06T09:28:53.190Z"}
info: LogsController {/api/logs}: {"context":"RoutesResolver","timestamp":"2025-05-06T09:29:27.761Z"}
info: Mapped {/api/logs/logsByGroup/:id, GET} route {"context":"RouterExplorer","timestamp":"2025-05-06T09:29:27.766Z"}
info: UserController {/api/user}: {"context":"RoutesResolver","timestamp":"2025-05-06T09:29:27.767Z"}
info: Mapped {/api/user/list, GET} route {"context":"RouterExplorer","timestamp":"2025-05-06T09:29:27.768Z"}
info: Mapped {/api/user/getUserById/:id, GET} route {"context":"RouterExplorer","timestamp":"2025-05-06T09:29:27.769Z"}
info: Mapped {/api/user/add, POST} route {"context":"RouterExplorer","timestamp":"2025-05-06T09:29:27.770Z"}
info: Mapped {/api/user/edit/:id, PATCH} route {"context":"RouterExplorer","timestamp":"2025-05-06T09:29:27.771Z"}
info: Mapped {/api/user/delete/:id, DELETE} route {"context":"RouterExplorer","timestamp":"2025-05-06T09:29:27.771Z"}
info: Mapped {/api/user/profile/:id, GET} route {"context":"RouterExplorer","timestamp":"2025-05-06T09:29:27.772Z"}
info: RolesController {/api/roles}: {"context":"RoutesResolver","timestamp":"2025-05-06T09:29:27.773Z"}
info: Mapped {/api/roles/list, GET} route {"context":"RouterExplorer","timestamp":"2025-05-06T09:29:27.774Z"}
info: Mapped {/api/roles/add, POST} route {"context":"RouterExplorer","timestamp":"2025-05-06T09:29:27.774Z"}
info: Mapped {/api/roles/delete/:id, DELETE} route {"context":"RouterExplorer","timestamp":"2025-05-06T09:29:27.775Z"}
info: Mapped {/api/roles/edit/:id, PATCH} route {"context":"RouterExplorer","timestamp":"2025-05-06T09:29:27.776Z"}
info: AuthController {/api/auth}: {"context":"RoutesResolver","timestamp":"2025-05-06T09:29:27.776Z"}
info: Mapped {/api/auth/signin, POST} route {"context":"RouterExplorer","timestamp":"2025-05-06T09:29:27.777Z"}
info: Mapped {/api/auth/signup, POST} route {"context":"RouterExplorer","timestamp":"2025-05-06T09:29:27.777Z"}
info: Nest application successfully started {"context":"NestApplication","timestamp":"2025-05-06T09:29:27.780Z"}
info: LogsController {/api/logs}: {"context":"RoutesResolver","timestamp":"2025-05-06T09:29:34.247Z"}
info: Mapped {/api/logs/logsByGroup/:id, GET} route {"context":"RouterExplorer","timestamp":"2025-05-06T09:29:34.251Z"}
info: UserController {/api/user}: {"context":"RoutesResolver","timestamp":"2025-05-06T09:29:34.252Z"}
info: Mapped {/api/user/list, GET} route {"context":"RouterExplorer","timestamp":"2025-05-06T09:29:34.253Z"}
info: Mapped {/api/user/getUserById/:id, GET} route {"context":"RouterExplorer","timestamp":"2025-05-06T09:29:34.254Z"}
info: Mapped {/api/user/add, POST} route {"context":"RouterExplorer","timestamp":"2025-05-06T09:29:34.255Z"}
info: Mapped {/api/user/edit/:id, PATCH} route {"context":"RouterExplorer","timestamp":"2025-05-06T09:29:34.256Z"}
info: Mapped {/api/user/delete/:id, DELETE} route {"context":"RouterExplorer","timestamp":"2025-05-06T09:29:34.257Z"}
info: Mapped {/api/user/profile/:id, GET} route {"context":"RouterExplorer","timestamp":"2025-05-06T09:29:34.258Z"}
info: RolesController {/api/roles}: {"context":"RoutesResolver","timestamp":"2025-05-06T09:29:34.258Z"}
info: Mapped {/api/roles/list, GET} route {"context":"RouterExplorer","timestamp":"2025-05-06T09:29:34.259Z"}
info: Mapped {/api/roles/add, POST} route {"context":"RouterExplorer","timestamp":"2025-05-06T09:29:34.260Z"}
info: Mapped {/api/roles/delete/:id, DELETE} route {"context":"RouterExplorer","timestamp":"2025-05-06T09:29:34.261Z"}
info: Mapped {/api/roles/edit/:id, PATCH} route {"context":"RouterExplorer","timestamp":"2025-05-06T09:29:34.261Z"}
info: AuthController {/api/auth}: {"context":"RoutesResolver","timestamp":"2025-05-06T09:29:34.262Z"}
info: Mapped {/api/auth/signin, POST} route {"context":"RouterExplorer","timestamp":"2025-05-06T09:29:34.262Z"}
info: Mapped {/api/auth/signup, POST} route {"context":"RouterExplorer","timestamp":"2025-05-06T09:29:34.263Z"}
info: Nest application successfully started {"context":"NestApplication","timestamp":"2025-05-06T09:29:34.266Z"}
info: LogsController {/api/logs}: {"context":"RoutesResolver","timestamp":"2025-05-06T09:29:44.710Z"}
info: Mapped {/api/logs/logsByGroup/:id, GET} route {"context":"RouterExplorer","timestamp":"2025-05-06T09:29:44.714Z"}
info: UserController {/api/user}: {"context":"RoutesResolver","timestamp":"2025-05-06T09:29:44.715Z"}
info: Mapped {/api/user/list, GET} route {"context":"RouterExplorer","timestamp":"2025-05-06T09:29:44.716Z"}
info: Mapped {/api/user/getUserById/:id, GET} route {"context":"RouterExplorer","timestamp":"2025-05-06T09:29:44.718Z"}
info: Mapped {/api/user/add, POST} route {"context":"RouterExplorer","timestamp":"2025-05-06T09:29:44.719Z"}
info: Mapped {/api/user/edit/:id, PATCH} route {"context":"RouterExplorer","timestamp":"2025-05-06T09:29:44.719Z"}
info: Mapped {/api/user/delete/:id, DELETE} route {"context":"RouterExplorer","timestamp":"2025-05-06T09:29:44.720Z"}
info: Mapped {/api/user/profile/:id, GET} route {"context":"RouterExplorer","timestamp":"2025-05-06T09:29:44.721Z"}
info: RolesController {/api/roles}: {"context":"RoutesResolver","timestamp":"2025-05-06T09:29:44.721Z"}
info: Mapped {/api/roles/list, GET} route {"context":"RouterExplorer","timestamp":"2025-05-06T09:29:44.722Z"}
info: Mapped {/api/roles/add, POST} route {"context":"RouterExplorer","timestamp":"2025-05-06T09:29:44.723Z"}
info: Mapped {/api/roles/delete/:id, DELETE} route {"context":"RouterExplorer","timestamp":"2025-05-06T09:29:44.724Z"}
info: Mapped {/api/roles/edit/:id, PATCH} route {"context":"RouterExplorer","timestamp":"2025-05-06T09:29:44.724Z"}
info: AuthController {/api/auth}: {"context":"RoutesResolver","timestamp":"2025-05-06T09:29:44.725Z"}
info: Mapped {/api/auth/signin, POST} route {"context":"RouterExplorer","timestamp":"2025-05-06T09:29:44.725Z"}
info: Mapped {/api/auth/signup, POST} route {"context":"RouterExplorer","timestamp":"2025-05-06T09:29:44.726Z"}
info: Nest application successfully started {"context":"NestApplication","timestamp":"2025-05-06T09:29:44.729Z"}
info: LogsController {/api/logs}: {"context":"RoutesResolver","timestamp":"2025-05-06T09:29:51.624Z"}
info: Mapped {/api/logs/logsByGroup/:id, GET} route {"context":"RouterExplorer","timestamp":"2025-05-06T09:29:51.629Z"}
info: UserController {/api/user}: {"context":"RoutesResolver","timestamp":"2025-05-06T09:29:51.630Z"}
info: Mapped {/api/user/list, GET} route {"context":"RouterExplorer","timestamp":"2025-05-06T09:29:51.631Z"}
info: Mapped {/api/user/getUserById/:id, GET} route {"context":"RouterExplorer","timestamp":"2025-05-06T09:29:51.632Z"}
info: Mapped {/api/user/add, POST} route {"context":"RouterExplorer","timestamp":"2025-05-06T09:29:51.633Z"}
info: Mapped {/api/user/edit/:id, PATCH} route {"context":"RouterExplorer","timestamp":"2025-05-06T09:29:51.634Z"}
info: Mapped {/api/user/delete/:id, DELETE} route {"context":"RouterExplorer","timestamp":"2025-05-06T09:29:51.634Z"}
info: Mapped {/api/user/profile/:id, GET} route {"context":"RouterExplorer","timestamp":"2025-05-06T09:29:51.635Z"}
info: RolesController {/api/roles}: {"context":"RoutesResolver","timestamp":"2025-05-06T09:29:51.636Z"}
info: Mapped {/api/roles/list, GET} route {"context":"RouterExplorer","timestamp":"2025-05-06T09:29:51.636Z"}
info: Mapped {/api/roles/add, POST} route {"context":"RouterExplorer","timestamp":"2025-05-06T09:29:51.637Z"}
info: Mapped {/api/roles/delete/:id, DELETE} route {"context":"RouterExplorer","timestamp":"2025-05-06T09:29:51.638Z"}
info: Mapped {/api/roles/edit/:id, PATCH} route {"context":"RouterExplorer","timestamp":"2025-05-06T09:29:51.638Z"}
info: AuthController {/api/auth}: {"context":"RoutesResolver","timestamp":"2025-05-06T09:29:51.639Z"}
info: Mapped {/api/auth/signin, POST} route {"context":"RouterExplorer","timestamp":"2025-05-06T09:29:51.639Z"}
info: Mapped {/api/auth/signup, POST} route {"context":"RouterExplorer","timestamp":"2025-05-06T09:29:51.640Z"}
info: Nest application successfully started {"context":"NestApplication","timestamp":"2025-05-06T09:29:51.643Z"}
info: LogsController {/api/logs}: {"context":"RoutesResolver","timestamp":"2025-05-06T09:30:30.511Z"}
info: Mapped {/api/logs/logsByGroup/:id, GET} route {"context":"RouterExplorer","timestamp":"2025-05-06T09:30:30.516Z"}
info: UserController {/api/user}: {"context":"RoutesResolver","timestamp":"2025-05-06T09:30:30.517Z"}
info: Mapped {/api/user/list, GET} route {"context":"RouterExplorer","timestamp":"2025-05-06T09:30:30.518Z"}
info: Mapped {/api/user/getUserById/:id, GET} route {"context":"RouterExplorer","timestamp":"2025-05-06T09:30:30.519Z"}
info: Mapped {/api/user/add, POST} route {"context":"RouterExplorer","timestamp":"2025-05-06T09:30:30.520Z"}
info: Mapped {/api/user/edit/:id, PATCH} route {"context":"RouterExplorer","timestamp":"2025-05-06T09:30:30.521Z"}
info: Mapped {/api/user/delete/:id, DELETE} route {"context":"RouterExplorer","timestamp":"2025-05-06T09:30:30.521Z"}
info: Mapped {/api/user/profile/:id, GET} route {"context":"RouterExplorer","timestamp":"2025-05-06T09:30:30.522Z"}
info: RolesController {/api/roles}: {"context":"RoutesResolver","timestamp":"2025-05-06T09:30:30.523Z"}
info: Mapped {/api/roles/list, GET} route {"context":"RouterExplorer","timestamp":"2025-05-06T09:30:30.524Z"}
info: Mapped {/api/roles/add, POST} route {"context":"RouterExplorer","timestamp":"2025-05-06T09:30:30.524Z"}
info: Mapped {/api/roles/delete/:id, DELETE} route {"context":"RouterExplorer","timestamp":"2025-05-06T09:30:30.525Z"}
info: Mapped {/api/roles/edit/:id, PATCH} route {"context":"RouterExplorer","timestamp":"2025-05-06T09:30:30.526Z"}
info: AuthController {/api/auth}: {"context":"RoutesResolver","timestamp":"2025-05-06T09:30:30.526Z"}
info: Mapped {/api/auth/signin, POST} route {"context":"RouterExplorer","timestamp":"2025-05-06T09:30:30.527Z"}
info: Mapped {/api/auth/signup, POST} route {"context":"RouterExplorer","timestamp":"2025-05-06T09:30:30.527Z"}
info: Nest application successfully started {"context":"NestApplication","timestamp":"2025-05-06T09:30:30.530Z"}
info: LogsController {/api/logs}: {"context":"RoutesResolver","timestamp":"2025-05-06T09:31:02.133Z"}
info: Mapped {/api/logs/logsByGroup/:id, GET} route {"context":"RouterExplorer","timestamp":"2025-05-06T09:31:02.137Z"}
info: UserController {/api/user}: {"context":"RoutesResolver","timestamp":"2025-05-06T09:31:02.138Z"}
info: Mapped {/api/user/list, GET} route {"context":"RouterExplorer","timestamp":"2025-05-06T09:31:02.139Z"}
info: Mapped {/api/user/getUserById/:id, GET} route {"context":"RouterExplorer","timestamp":"2025-05-06T09:31:02.140Z"}
info: Mapped {/api/user/add, POST} route {"context":"RouterExplorer","timestamp":"2025-05-06T09:31:02.141Z"}
info: Mapped {/api/user/edit/:id, PATCH} route {"context":"RouterExplorer","timestamp":"2025-05-06T09:31:02.142Z"}
info: Mapped {/api/user/delete/:id, DELETE} route {"context":"RouterExplorer","timestamp":"2025-05-06T09:31:02.142Z"}
info: Mapped {/api/user/profile/:id, GET} route {"context":"RouterExplorer","timestamp":"2025-05-06T09:31:02.143Z"}
info: RolesController {/api/roles}: {"context":"RoutesResolver","timestamp":"2025-05-06T09:31:02.144Z"}
info: Mapped {/api/roles/list, GET} route {"context":"RouterExplorer","timestamp":"2025-05-06T09:31:02.144Z"}
info: Mapped {/api/roles/add, POST} route {"context":"RouterExplorer","timestamp":"2025-05-06T09:31:02.145Z"}
info: Mapped {/api/roles/delete/:id, DELETE} route {"context":"RouterExplorer","timestamp":"2025-05-06T09:31:02.146Z"}
info: Mapped {/api/roles/edit/:id, PATCH} route {"context":"RouterExplorer","timestamp":"2025-05-06T09:31:02.147Z"}
info: AuthController {/api/auth}: {"context":"RoutesResolver","timestamp":"2025-05-06T09:31:02.147Z"}
info: Mapped {/api/auth/signin, POST} route {"context":"RouterExplorer","timestamp":"2025-05-06T09:31:02.148Z"}
info: Mapped {/api/auth/signup, POST} route {"context":"RouterExplorer","timestamp":"2025-05-06T09:31:02.148Z"}
info: Nest application successfully started {"context":"NestApplication","timestamp":"2025-05-06T09:31:02.151Z"}
error: :  {"stack":[{"body":{"password":"WaPbfzNA0*4M","username":"admin"},"error":{"error":"Unauthorized","message":"","statusCode":401},"exception":"UnauthorizedException","headers":{"accept":"application/json, text/plain, */*","accept-encoding":"gzip, deflate, br, zstd","accept-language":"zh-CN,zh;q=0.9","cache-control":"no-cache","connection":"close","content-length":"46","content-type":"application/json;charset=UTF-8","cookie":"adminer_permanent=; adminer_settings=vendor-server-db%3DMySQL%26vendor-db%3DMySQL; userId=625; Hm_lvt_e8002ef3d9e0d8274b5b74cc4a027d08=1745974749,1746148861; sl-session=I1GOK5atGmjRC9gEj0jktg==","host":"localhost:3000","origin":"http://localhost:9001","pragma":"no-cache","referer":"http://localhost:9001/login","sec-ch-ua":"\"Google Chrome\";v=\"135\", \"Not-A.Brand\";v=\"8\", \"Chromium\";v=\"135\"","sec-ch-ua-mobile":"?0","sec-ch-ua-platform":"\"Windows\"","sec-fetch-dest":"empty","sec-fetch-mode":"cors","sec-fetch-site":"same-origin","user-agent":"Mozilla/5.0 (Windows NT 10.0; Win64; x64) AppleWebKit/537.36 (KHTML, like Gecko) Chrome/135.0.0.0 Safari/537.36"},"ip":"::1","message":"","status":401,"timestamp":"2025-05-06T09:31:20.971Z"}],"timestamp":"2025-05-06T09:31:20.978Z"}
info: LogsController {/api/logs}: {"context":"RoutesResolver","timestamp":"2025-05-06T09:40:22.335Z"}
info: Mapped {/api/logs/logsByGroup/:id, GET} route {"context":"RouterExplorer","timestamp":"2025-05-06T09:40:22.342Z"}
info: UserController {/api/user}: {"context":"RoutesResolver","timestamp":"2025-05-06T09:40:22.343Z"}
info: Mapped {/api/user/list, GET} route {"context":"RouterExplorer","timestamp":"2025-05-06T09:40:22.344Z"}
info: Mapped {/api/user/getUserById/:id, GET} route {"context":"RouterExplorer","timestamp":"2025-05-06T09:40:22.345Z"}
info: Mapped {/api/user/add, POST} route {"context":"RouterExplorer","timestamp":"2025-05-06T09:40:22.346Z"}
info: Mapped {/api/user/edit/:id, PATCH} route {"context":"RouterExplorer","timestamp":"2025-05-06T09:40:22.347Z"}
info: Mapped {/api/user/delete/:id, DELETE} route {"context":"RouterExplorer","timestamp":"2025-05-06T09:40:22.348Z"}
info: Mapped {/api/user/profile/:id, GET} route {"context":"RouterExplorer","timestamp":"2025-05-06T09:40:22.349Z"}
info: RolesController {/api/roles}: {"context":"RoutesResolver","timestamp":"2025-05-06T09:40:22.350Z"}
info: Mapped {/api/roles/list, GET} route {"context":"RouterExplorer","timestamp":"2025-05-06T09:40:22.351Z"}
info: Mapped {/api/roles/add, POST} route {"context":"RouterExplorer","timestamp":"2025-05-06T09:40:22.352Z"}
info: Mapped {/api/roles/delete/:id, DELETE} route {"context":"RouterExplorer","timestamp":"2025-05-06T09:40:22.352Z"}
info: Mapped {/api/roles/edit/:id, PATCH} route {"context":"RouterExplorer","timestamp":"2025-05-06T09:40:22.353Z"}
info: AuthController {/api/auth}: {"context":"RoutesResolver","timestamp":"2025-05-06T09:40:22.353Z"}
info: Mapped {/api/auth/signin, POST} route {"context":"RouterExplorer","timestamp":"2025-05-06T09:40:22.354Z"}
info: Mapped {/api/auth/signup, POST} route {"context":"RouterExplorer","timestamp":"2025-05-06T09:40:22.355Z"}
info: Nest application successfully started {"context":"NestApplication","timestamp":"2025-05-06T09:40:22.361Z"}
info: LogsController {/api/logs}: {"context":"RoutesResolver","timestamp":"2025-05-06T09:41:09.695Z"}
info: Mapped {/api/logs/logsByGroup/:id, GET} route {"context":"RouterExplorer","timestamp":"2025-05-06T09:41:09.699Z"}
info: UserController {/api/user}: {"context":"RoutesResolver","timestamp":"2025-05-06T09:41:09.700Z"}
info: Mapped {/api/user/list, GET} route {"context":"RouterExplorer","timestamp":"2025-05-06T09:41:09.701Z"}
info: Mapped {/api/user/getUserById/:id, GET} route {"context":"RouterExplorer","timestamp":"2025-05-06T09:41:09.703Z"}
info: Mapped {/api/user/add, POST} route {"context":"RouterExplorer","timestamp":"2025-05-06T09:41:09.704Z"}
info: Mapped {/api/user/edit/:id, PATCH} route {"context":"RouterExplorer","timestamp":"2025-05-06T09:41:09.705Z"}
info: Mapped {/api/user/delete/:id, DELETE} route {"context":"RouterExplorer","timestamp":"2025-05-06T09:41:09.706Z"}
info: Mapped {/api/user/profile/:id, GET} route {"context":"RouterExplorer","timestamp":"2025-05-06T09:41:09.707Z"}
info: RolesController {/api/roles}: {"context":"RoutesResolver","timestamp":"2025-05-06T09:41:09.707Z"}
info: Mapped {/api/roles/list, GET} route {"context":"RouterExplorer","timestamp":"2025-05-06T09:41:09.708Z"}
info: Mapped {/api/roles/add, POST} route {"context":"RouterExplorer","timestamp":"2025-05-06T09:41:09.709Z"}
info: Mapped {/api/roles/delete/:id, DELETE} route {"context":"RouterExplorer","timestamp":"2025-05-06T09:41:09.710Z"}
info: Mapped {/api/roles/edit/:id, PATCH} route {"context":"RouterExplorer","timestamp":"2025-05-06T09:41:09.711Z"}
info: AuthController {/api/auth}: {"context":"RoutesResolver","timestamp":"2025-05-06T09:41:09.711Z"}
info: Mapped {/api/auth/signin, POST} route {"context":"RouterExplorer","timestamp":"2025-05-06T09:41:09.712Z"}
info: Mapped {/api/auth/signup, POST} route {"context":"RouterExplorer","timestamp":"2025-05-06T09:41:09.712Z"}
info: Nest application successfully started {"context":"NestApplication","timestamp":"2025-05-06T09:41:09.716Z"}
error: :  {"stack":[{"error":{"message":"Unauthorized","statusCode":401},"exception":"UnauthorizedException","headers":{"accept":"application/json, text/plain, */*","accept-encoding":"gzip, deflate, br, zstd","accept-language":"zh-CN,zh;q=0.9","authorization":"Bearer eyJhbGciOiJIUzI1NiIsInR5cCI6IkpXVCJ9.eyJ1c2VybmFtZSI6ImFkbWluIiwic3ViIjoxLCJpYXQiOjE3NDY1MjQwMjgsImV4cCI6MTc0NjUyNDA4OH0.0xoGj9D126wC4J3ZfouziSydT2q-Xh3XwN_M20YZ3w0","cache-control":"no-cache","connection":"close","cookie":"adminer_permanent=; adminer_settings=vendor-server-db%3DMySQL%26vendor-db%3DMySQL; userId=625; Hm_lvt_e8002ef3d9e0d8274b5b74cc4a027d08=1745974749,1746148861; sl-session=I1GOK5atGmjRC9gEj0jktg==","host":"localhost:3000","pragma":"no-cache","referer":"http://localhost:9001/users","sec-ch-ua":"\"Google Chrome\";v=\"135\", \"Not-A.Brand\";v=\"8\", \"Chromium\";v=\"135\"","sec-ch-ua-mobile":"?0","sec-ch-ua-platform":"\"Windows\"","sec-fetch-dest":"empty","sec-fetch-mode":"cors","sec-fetch-site":"same-origin","user-agent":"Mozilla/5.0 (Windows NT 10.0; Win64; x64) AppleWebKit/537.36 (KHTML, like Gecko) Chrome/135.0.0.0 Safari/537.36"},"ip":"::1","message":"Unauthorized","status":401,"timestamp":"2025-05-06T09:41:13.485Z"}],"timestamp":"2025-05-06T09:41:13.490Z"}
info: LogsController {/api/logs}: {"context":"RoutesResolver","timestamp":"2025-05-06T09:42:59.363Z"}
info: Mapped {/api/logs/logsByGroup/:id, GET} route {"context":"RouterExplorer","timestamp":"2025-05-06T09:42:59.368Z"}
info: UserController {/api/user}: {"context":"RoutesResolver","timestamp":"2025-05-06T09:42:59.369Z"}
info: Mapped {/api/user/list, GET} route {"context":"RouterExplorer","timestamp":"2025-05-06T09:42:59.370Z"}
info: Mapped {/api/user/getUserById/:id, GET} route {"context":"RouterExplorer","timestamp":"2025-05-06T09:42:59.371Z"}
info: Mapped {/api/user/add, POST} route {"context":"RouterExplorer","timestamp":"2025-05-06T09:42:59.372Z"}
info: Mapped {/api/user/edit/:id, PATCH} route {"context":"RouterExplorer","timestamp":"2025-05-06T09:42:59.373Z"}
info: Mapped {/api/user/delete/:id, DELETE} route {"context":"RouterExplorer","timestamp":"2025-05-06T09:42:59.374Z"}
info: Mapped {/api/user/profile/:id, GET} route {"context":"RouterExplorer","timestamp":"2025-05-06T09:42:59.375Z"}
info: RolesController {/api/roles}: {"context":"RoutesResolver","timestamp":"2025-05-06T09:42:59.375Z"}
info: Mapped {/api/roles/list, GET} route {"context":"RouterExplorer","timestamp":"2025-05-06T09:42:59.376Z"}
info: Mapped {/api/roles/add, POST} route {"context":"RouterExplorer","timestamp":"2025-05-06T09:42:59.377Z"}
info: Mapped {/api/roles/delete/:id, DELETE} route {"context":"RouterExplorer","timestamp":"2025-05-06T09:42:59.378Z"}
info: Mapped {/api/roles/edit/:id, PATCH} route {"context":"RouterExplorer","timestamp":"2025-05-06T09:42:59.379Z"}
info: AuthController {/api/auth}: {"context":"RoutesResolver","timestamp":"2025-05-06T09:42:59.379Z"}
info: Mapped {/api/auth/signin, POST} route {"context":"RouterExplorer","timestamp":"2025-05-06T09:42:59.380Z"}
info: Mapped {/api/auth/signup, POST} route {"context":"RouterExplorer","timestamp":"2025-05-06T09:42:59.380Z"}
info: Nest application successfully started {"context":"NestApplication","timestamp":"2025-05-06T09:42:59.383Z"}
info: LogsController {/api/logs}: {"context":"RoutesResolver","timestamp":"2025-05-06T09:43:37.331Z"}
info: Mapped {/api/logs/logsByGroup/:id, GET} route {"context":"RouterExplorer","timestamp":"2025-05-06T09:43:37.338Z"}
info: UserController {/api/user}: {"context":"RoutesResolver","timestamp":"2025-05-06T09:43:37.339Z"}
info: Mapped {/api/user/list, GET} route {"context":"RouterExplorer","timestamp":"2025-05-06T09:43:37.340Z"}
info: Mapped {/api/user/getUserById/:id, GET} route {"context":"RouterExplorer","timestamp":"2025-05-06T09:43:37.341Z"}
info: Mapped {/api/user/add, POST} route {"context":"RouterExplorer","timestamp":"2025-05-06T09:43:37.342Z"}
info: Mapped {/api/user/edit/:id, PATCH} route {"context":"RouterExplorer","timestamp":"2025-05-06T09:43:37.343Z"}
info: Mapped {/api/user/delete/:id, DELETE} route {"context":"RouterExplorer","timestamp":"2025-05-06T09:43:37.344Z"}
info: Mapped {/api/user/profile/:id, GET} route {"context":"RouterExplorer","timestamp":"2025-05-06T09:43:37.345Z"}
info: RolesController {/api/roles}: {"context":"RoutesResolver","timestamp":"2025-05-06T09:43:37.346Z"}
info: Mapped {/api/roles/list, GET} route {"context":"RouterExplorer","timestamp":"2025-05-06T09:43:37.347Z"}
info: Mapped {/api/roles/add, POST} route {"context":"RouterExplorer","timestamp":"2025-05-06T09:43:37.348Z"}
info: Mapped {/api/roles/delete/:id, DELETE} route {"context":"RouterExplorer","timestamp":"2025-05-06T09:43:37.349Z"}
info: Mapped {/api/roles/edit/:id, PATCH} route {"context":"RouterExplorer","timestamp":"2025-05-06T09:43:37.350Z"}
info: AuthController {/api/auth}: {"context":"RoutesResolver","timestamp":"2025-05-06T09:43:37.351Z"}
info: Mapped {/api/auth/signin, POST} route {"context":"RouterExplorer","timestamp":"2025-05-06T09:43:37.351Z"}
info: Mapped {/api/auth/signup, POST} route {"context":"RouterExplorer","timestamp":"2025-05-06T09:43:37.352Z"}
info: Nest application successfully started {"context":"NestApplication","timestamp":"2025-05-06T09:43:37.358Z"}
info: LogsController {/api/logs}: {"context":"RoutesResolver","timestamp":"2025-05-06T09:45:20.042Z"}
info: Mapped {/api/logs/logsByGroup/:id, GET} route {"context":"RouterExplorer","timestamp":"2025-05-06T09:45:20.048Z"}
info: UserController {/api/user}: {"context":"RoutesResolver","timestamp":"2025-05-06T09:45:20.048Z"}
info: Mapped {/api/user/list, GET} route {"context":"RouterExplorer","timestamp":"2025-05-06T09:45:20.050Z"}
info: Mapped {/api/user/getUserById/:id, GET} route {"context":"RouterExplorer","timestamp":"2025-05-06T09:45:20.051Z"}
info: Mapped {/api/user/add, POST} route {"context":"RouterExplorer","timestamp":"2025-05-06T09:45:20.053Z"}
info: Mapped {/api/user/edit/:id, PATCH} route {"context":"RouterExplorer","timestamp":"2025-05-06T09:45:20.054Z"}
info: Mapped {/api/user/delete/:id, DELETE} route {"context":"RouterExplorer","timestamp":"2025-05-06T09:45:20.055Z"}
info: Mapped {/api/user/profile/:id, GET} route {"context":"RouterExplorer","timestamp":"2025-05-06T09:45:20.056Z"}
info: RolesController {/api/roles}: {"context":"RoutesResolver","timestamp":"2025-05-06T09:45:20.057Z"}
info: Mapped {/api/roles/list, GET} route {"context":"RouterExplorer","timestamp":"2025-05-06T09:45:20.063Z"}
info: Mapped {/api/roles/add, POST} route {"context":"RouterExplorer","timestamp":"2025-05-06T09:45:20.064Z"}
info: Mapped {/api/roles/delete/:id, DELETE} route {"context":"RouterExplorer","timestamp":"2025-05-06T09:45:20.065Z"}
info: Mapped {/api/roles/edit/:id, PATCH} route {"context":"RouterExplorer","timestamp":"2025-05-06T09:45:20.066Z"}
info: AuthController {/api/auth}: {"context":"RoutesResolver","timestamp":"2025-05-06T09:45:20.067Z"}
info: Mapped {/api/auth/signin, POST} route {"context":"RouterExplorer","timestamp":"2025-05-06T09:45:20.067Z"}
info: Mapped {/api/auth/signup, POST} route {"context":"RouterExplorer","timestamp":"2025-05-06T09:45:20.068Z"}
info: Nest application successfully started {"context":"NestApplication","timestamp":"2025-05-06T09:45:20.071Z"}
info: LogsController {/api/logs}: {"context":"RoutesResolver","timestamp":"2025-05-06T09:46:47.832Z"}
info: Mapped {/api/logs/logsByGroup/:id, GET} route {"context":"RouterExplorer","timestamp":"2025-05-06T09:46:47.837Z"}
info: UserController {/api/user}: {"context":"RoutesResolver","timestamp":"2025-05-06T09:46:47.838Z"}
info: Mapped {/api/user/list, GET} route {"context":"RouterExplorer","timestamp":"2025-05-06T09:46:47.839Z"}
info: Mapped {/api/user/getUserById/:id, GET} route {"context":"RouterExplorer","timestamp":"2025-05-06T09:46:47.840Z"}
info: Mapped {/api/user/add, POST} route {"context":"RouterExplorer","timestamp":"2025-05-06T09:46:47.841Z"}
info: Mapped {/api/user/edit/:id, PATCH} route {"context":"RouterExplorer","timestamp":"2025-05-06T09:46:47.842Z"}
info: Mapped {/api/user/delete/:id, DELETE} route {"context":"RouterExplorer","timestamp":"2025-05-06T09:46:47.843Z"}
info: Mapped {/api/user/profile/:id, GET} route {"context":"RouterExplorer","timestamp":"2025-05-06T09:46:47.844Z"}
info: RolesController {/api/roles}: {"context":"RoutesResolver","timestamp":"2025-05-06T09:46:47.844Z"}
info: Mapped {/api/roles/list, GET} route {"context":"RouterExplorer","timestamp":"2025-05-06T09:46:47.845Z"}
info: Mapped {/api/roles/add, POST} route {"context":"RouterExplorer","timestamp":"2025-05-06T09:46:47.846Z"}
info: Mapped {/api/roles/delete/:id, DELETE} route {"context":"RouterExplorer","timestamp":"2025-05-06T09:46:47.847Z"}
info: Mapped {/api/roles/edit/:id, PATCH} route {"context":"RouterExplorer","timestamp":"2025-05-06T09:46:47.847Z"}
info: AuthController {/api/auth}: {"context":"RoutesResolver","timestamp":"2025-05-06T09:46:47.848Z"}
info: Mapped {/api/auth/signin, POST} route {"context":"RouterExplorer","timestamp":"2025-05-06T09:46:47.848Z"}
info: Mapped {/api/auth/signup, POST} route {"context":"RouterExplorer","timestamp":"2025-05-06T09:46:47.849Z"}
info: Nest application successfully started {"context":"NestApplication","timestamp":"2025-05-06T09:46:47.852Z"}
info: LogsController {/api/logs}: {"context":"RoutesResolver","timestamp":"2025-05-06T09:46:50.211Z"}
info: Mapped {/api/logs/logsByGroup/:id, GET} route {"context":"RouterExplorer","timestamp":"2025-05-06T09:46:50.216Z"}
info: UserController {/api/user}: {"context":"RoutesResolver","timestamp":"2025-05-06T09:46:50.216Z"}
info: Mapped {/api/user/list, GET} route {"context":"RouterExplorer","timestamp":"2025-05-06T09:46:50.218Z"}
info: Mapped {/api/user/getUserById/:id, GET} route {"context":"RouterExplorer","timestamp":"2025-05-06T09:46:50.219Z"}
info: Mapped {/api/user/add, POST} route {"context":"RouterExplorer","timestamp":"2025-05-06T09:46:50.221Z"}
info: Mapped {/api/user/edit/:id, PATCH} route {"context":"RouterExplorer","timestamp":"2025-05-06T09:46:50.222Z"}
info: Mapped {/api/user/delete/:id, DELETE} route {"context":"RouterExplorer","timestamp":"2025-05-06T09:46:50.223Z"}
info: Mapped {/api/user/profile/:id, GET} route {"context":"RouterExplorer","timestamp":"2025-05-06T09:46:50.224Z"}
info: RolesController {/api/roles}: {"context":"RoutesResolver","timestamp":"2025-05-06T09:46:50.225Z"}
info: Mapped {/api/roles/list, GET} route {"context":"RouterExplorer","timestamp":"2025-05-06T09:46:50.226Z"}
info: Mapped {/api/roles/add, POST} route {"context":"RouterExplorer","timestamp":"2025-05-06T09:46:50.227Z"}
info: Mapped {/api/roles/delete/:id, DELETE} route {"context":"RouterExplorer","timestamp":"2025-05-06T09:46:50.229Z"}
info: Mapped {/api/roles/edit/:id, PATCH} route {"context":"RouterExplorer","timestamp":"2025-05-06T09:46:50.230Z"}
info: AuthController {/api/auth}: {"context":"RoutesResolver","timestamp":"2025-05-06T09:46:50.230Z"}
info: Mapped {/api/auth/signin, POST} route {"context":"RouterExplorer","timestamp":"2025-05-06T09:46:50.231Z"}
info: Mapped {/api/auth/signup, POST} route {"context":"RouterExplorer","timestamp":"2025-05-06T09:46:50.232Z"}
info: Nest application successfully started {"context":"NestApplication","timestamp":"2025-05-06T09:46:50.235Z"}
