info: LogsController {/api/logs}: {"context":"RoutesResolver","timestamp":"2025-05-08T08:03:36.744Z"}
info: Mapped {/api/logs/logsByGroup/:id, GET} route {"context":"RouterExplorer","timestamp":"2025-05-08T08:03:36.748Z"}
info: UserController {/api/user}: {"context":"RoutesResolver","timestamp":"2025-05-08T08:03:36.749Z"}
info: Mapped {/api/user/list, GET} route {"context":"RouterExplorer","timestamp":"2025-05-08T08:03:36.750Z"}
info: Mapped {/api/user/getUserById/:id, GET} route {"context":"RouterExplorer","timestamp":"2025-05-08T08:03:36.751Z"}
info: Mapped {/api/user/add, POST} route {"context":"RouterExplorer","timestamp":"2025-05-08T08:03:36.752Z"}
info: Mapped {/api/user/edit/:id, PATCH} route {"context":"RouterExplorer","timestamp":"2025-05-08T08:03:36.752Z"}
info: Mapped {/api/user/delete/:id, DELETE} route {"context":"RouterExplorer","timestamp":"2025-05-08T08:03:36.753Z"}
info: Mapped {/api/user/profile/:id, GET} route {"context":"RouterExplorer","timestamp":"2025-05-08T08:03:36.754Z"}
info: RolesController {/api/roles}: {"context":"RoutesResolver","timestamp":"2025-05-08T08:03:36.754Z"}
info: Mapped {/api/roles/list, GET} route {"context":"RouterExplorer","timestamp":"2025-05-08T08:03:36.755Z"}
info: Mapped {/api/roles/add, POST} route {"context":"RouterExplorer","timestamp":"2025-05-08T08:03:36.756Z"}
info: Mapped {/api/roles/delete/:id, DELETE} route {"context":"RouterExplorer","timestamp":"2025-05-08T08:03:36.757Z"}
info: Mapped {/api/roles/edit/:id, PATCH} route {"context":"RouterExplorer","timestamp":"2025-05-08T08:03:36.758Z"}
info: AuthController {/api/auth}: {"context":"RoutesResolver","timestamp":"2025-05-08T08:03:36.758Z"}
info: Mapped {/api/auth/signin, POST} route {"context":"RouterExplorer","timestamp":"2025-05-08T08:03:36.759Z"}
info: Mapped {/api/auth/signup, POST} route {"context":"RouterExplorer","timestamp":"2025-05-08T08:03:36.759Z"}
info: Nest application successfully started {"context":"NestApplication","timestamp":"2025-05-08T08:03:36.762Z"}
info: LogsController {/api/logs}: {"context":"RoutesResolver","timestamp":"2025-05-08T08:03:58.083Z"}
info: Mapped {/api/logs/logsByGroup/:id, GET} route {"context":"RouterExplorer","timestamp":"2025-05-08T08:03:58.088Z"}
info: UserController {/api/user}: {"context":"RoutesResolver","timestamp":"2025-05-08T08:03:58.088Z"}
info: Mapped {/api/user/list, GET} route {"context":"RouterExplorer","timestamp":"2025-05-08T08:03:58.089Z"}
info: Mapped {/api/user/getUserById/:id, GET} route {"context":"RouterExplorer","timestamp":"2025-05-08T08:03:58.091Z"}
info: Mapped {/api/user/add, POST} route {"context":"RouterExplorer","timestamp":"2025-05-08T08:03:58.092Z"}
info: Mapped {/api/user/edit/:id, PATCH} route {"context":"RouterExplorer","timestamp":"2025-05-08T08:03:58.092Z"}
info: Mapped {/api/user/delete/:id, DELETE} route {"context":"RouterExplorer","timestamp":"2025-05-08T08:03:58.093Z"}
info: Mapped {/api/user/profile/:id, GET} route {"context":"RouterExplorer","timestamp":"2025-05-08T08:03:58.094Z"}
info: RolesController {/api/roles}: {"context":"RoutesResolver","timestamp":"2025-05-08T08:03:58.095Z"}
info: Mapped {/api/roles/list, GET} route {"context":"RouterExplorer","timestamp":"2025-05-08T08:03:58.096Z"}
info: Mapped {/api/roles/add, POST} route {"context":"RouterExplorer","timestamp":"2025-05-08T08:03:58.097Z"}
info: Mapped {/api/roles/delete/:id, DELETE} route {"context":"RouterExplorer","timestamp":"2025-05-08T08:03:58.097Z"}
info: Mapped {/api/roles/edit/:id, PATCH} route {"context":"RouterExplorer","timestamp":"2025-05-08T08:03:58.098Z"}
info: AuthController {/api/auth}: {"context":"RoutesResolver","timestamp":"2025-05-08T08:03:58.099Z"}
info: Mapped {/api/auth/signin, POST} route {"context":"RouterExplorer","timestamp":"2025-05-08T08:03:58.099Z"}
info: Mapped {/api/auth/signup, POST} route {"context":"RouterExplorer","timestamp":"2025-05-08T08:03:58.100Z"}
info: Nest application successfully started {"context":"NestApplication","timestamp":"2025-05-08T08:03:58.102Z"}
info: LogsController {/api/logs}: {"context":"RoutesResolver","timestamp":"2025-05-08T08:04:06.816Z"}
info: Mapped {/api/logs/logsByGroup/:id, GET} route {"context":"RouterExplorer","timestamp":"2025-05-08T08:04:06.822Z"}
info: UserController {/api/user}: {"context":"RoutesResolver","timestamp":"2025-05-08T08:04:06.823Z"}
info: Mapped {/api/user/list, GET} route {"context":"RouterExplorer","timestamp":"2025-05-08T08:04:06.824Z"}
info: Mapped {/api/user/getUserById/:id, GET} route {"context":"RouterExplorer","timestamp":"2025-05-08T08:04:06.825Z"}
info: Mapped {/api/user/add, POST} route {"context":"RouterExplorer","timestamp":"2025-05-08T08:04:06.826Z"}
info: Mapped {/api/user/edit/:id, PATCH} route {"context":"RouterExplorer","timestamp":"2025-05-08T08:04:06.827Z"}
info: Mapped {/api/user/delete/:id, DELETE} route {"context":"RouterExplorer","timestamp":"2025-05-08T08:04:06.828Z"}
info: Mapped {/api/user/profile/:id, GET} route {"context":"RouterExplorer","timestamp":"2025-05-08T08:04:06.829Z"}
info: RolesController {/api/roles}: {"context":"RoutesResolver","timestamp":"2025-05-08T08:04:06.830Z"}
info: Mapped {/api/roles/list, GET} route {"context":"RouterExplorer","timestamp":"2025-05-08T08:04:06.831Z"}
info: Mapped {/api/roles/add, POST} route {"context":"RouterExplorer","timestamp":"2025-05-08T08:04:06.832Z"}
info: Mapped {/api/roles/delete/:id, DELETE} route {"context":"RouterExplorer","timestamp":"2025-05-08T08:04:06.832Z"}
info: Mapped {/api/roles/edit/:id, PATCH} route {"context":"RouterExplorer","timestamp":"2025-05-08T08:04:06.833Z"}
info: AuthController {/api/auth}: {"context":"RoutesResolver","timestamp":"2025-05-08T08:04:06.834Z"}
info: Mapped {/api/auth/signin, POST} route {"context":"RouterExplorer","timestamp":"2025-05-08T08:04:06.834Z"}
info: Mapped {/api/auth/signup, POST} route {"context":"RouterExplorer","timestamp":"2025-05-08T08:04:06.835Z"}
info: Nest application successfully started {"context":"NestApplication","timestamp":"2025-05-08T08:04:06.838Z"}
info: LogsController {/api/logs}: {"context":"RoutesResolver","timestamp":"2025-05-08T08:04:11.312Z"}
info: Mapped {/api/logs/logsByGroup/:id, GET} route {"context":"RouterExplorer","timestamp":"2025-05-08T08:04:11.318Z"}
info: UserController {/api/user}: {"context":"RoutesResolver","timestamp":"2025-05-08T08:04:11.319Z"}
info: Mapped {/api/user/list, GET} route {"context":"RouterExplorer","timestamp":"2025-05-08T08:04:11.320Z"}
info: Mapped {/api/user/getUserById/:id, GET} route {"context":"RouterExplorer","timestamp":"2025-05-08T08:04:11.322Z"}
info: Mapped {/api/user/add, POST} route {"context":"RouterExplorer","timestamp":"2025-05-08T08:04:11.323Z"}
info: Mapped {/api/user/edit/:id, PATCH} route {"context":"RouterExplorer","timestamp":"2025-05-08T08:04:11.324Z"}
info: Mapped {/api/user/delete/:id, DELETE} route {"context":"RouterExplorer","timestamp":"2025-05-08T08:04:11.325Z"}
info: Mapped {/api/user/profile/:id, GET} route {"context":"RouterExplorer","timestamp":"2025-05-08T08:04:11.326Z"}
info: RolesController {/api/roles}: {"context":"RoutesResolver","timestamp":"2025-05-08T08:04:11.327Z"}
info: Mapped {/api/roles/list, GET} route {"context":"RouterExplorer","timestamp":"2025-05-08T08:04:11.328Z"}
info: Mapped {/api/roles/add, POST} route {"context":"RouterExplorer","timestamp":"2025-05-08T08:04:11.329Z"}
info: Mapped {/api/roles/delete/:id, DELETE} route {"context":"RouterExplorer","timestamp":"2025-05-08T08:04:11.330Z"}
info: Mapped {/api/roles/edit/:id, PATCH} route {"context":"RouterExplorer","timestamp":"2025-05-08T08:04:11.331Z"}
info: AuthController {/api/auth}: {"context":"RoutesResolver","timestamp":"2025-05-08T08:04:11.331Z"}
info: Mapped {/api/auth/signin, POST} route {"context":"RouterExplorer","timestamp":"2025-05-08T08:04:11.332Z"}
info: Mapped {/api/auth/signup, POST} route {"context":"RouterExplorer","timestamp":"2025-05-08T08:04:11.332Z"}
info: Nest application successfully started {"context":"NestApplication","timestamp":"2025-05-08T08:04:11.336Z"}
info: LogsController {/api/logs}: {"context":"RoutesResolver","timestamp":"2025-05-08T08:05:28.843Z"}
info: Mapped {/api/logs/logsByGroup/:id, GET} route {"context":"RouterExplorer","timestamp":"2025-05-08T08:05:28.848Z"}
info: UserController {/api/user}: {"context":"RoutesResolver","timestamp":"2025-05-08T08:05:28.849Z"}
info: Mapped {/api/user/list, GET} route {"context":"RouterExplorer","timestamp":"2025-05-08T08:05:28.850Z"}
info: Mapped {/api/user/getUserById/:id, GET} route {"context":"RouterExplorer","timestamp":"2025-05-08T08:05:28.851Z"}
info: Mapped {/api/user/add, POST} route {"context":"RouterExplorer","timestamp":"2025-05-08T08:05:28.852Z"}
info: Mapped {/api/user/edit/:id, PATCH} route {"context":"RouterExplorer","timestamp":"2025-05-08T08:05:28.853Z"}
info: Mapped {/api/user/delete/:id, DELETE} route {"context":"RouterExplorer","timestamp":"2025-05-08T08:05:28.854Z"}
info: Mapped {/api/user/profile/:id, GET} route {"context":"RouterExplorer","timestamp":"2025-05-08T08:05:28.855Z"}
info: RolesController {/api/roles}: {"context":"RoutesResolver","timestamp":"2025-05-08T08:05:28.856Z"}
info: Mapped {/api/roles/list, GET} route {"context":"RouterExplorer","timestamp":"2025-05-08T08:05:28.857Z"}
info: Mapped {/api/roles/add, POST} route {"context":"RouterExplorer","timestamp":"2025-05-08T08:05:28.858Z"}
info: Mapped {/api/roles/delete/:id, DELETE} route {"context":"RouterExplorer","timestamp":"2025-05-08T08:05:28.859Z"}
info: Mapped {/api/roles/edit/:id, PATCH} route {"context":"RouterExplorer","timestamp":"2025-05-08T08:05:28.860Z"}
info: AuthController {/api/auth}: {"context":"RoutesResolver","timestamp":"2025-05-08T08:05:28.860Z"}
info: Mapped {/api/auth/signin, POST} route {"context":"RouterExplorer","timestamp":"2025-05-08T08:05:28.861Z"}
info: Mapped {/api/auth/signup, POST} route {"context":"RouterExplorer","timestamp":"2025-05-08T08:05:28.862Z"}
info: Nest application successfully started {"context":"NestApplication","timestamp":"2025-05-08T08:05:28.865Z"}
info: LogsController {/api/logs}: {"context":"RoutesResolver","timestamp":"2025-05-08T08:07:18.296Z"}
info: Mapped {/api/logs/logsByGroup/:id, GET} route {"context":"RouterExplorer","timestamp":"2025-05-08T08:07:18.300Z"}
info: UserController {/api/user}: {"context":"RoutesResolver","timestamp":"2025-05-08T08:07:18.300Z"}
info: Mapped {/api/user/list, GET} route {"context":"RouterExplorer","timestamp":"2025-05-08T08:07:18.301Z"}
info: Mapped {/api/user/getUserById/:id, GET} route {"context":"RouterExplorer","timestamp":"2025-05-08T08:07:18.302Z"}
info: Mapped {/api/user/add, POST} route {"context":"RouterExplorer","timestamp":"2025-05-08T08:07:18.303Z"}
info: Mapped {/api/user/edit/:id, PATCH} route {"context":"RouterExplorer","timestamp":"2025-05-08T08:07:18.304Z"}
info: Mapped {/api/user/delete/:id, DELETE} route {"context":"RouterExplorer","timestamp":"2025-05-08T08:07:18.304Z"}
info: Mapped {/api/user/profile/:id, GET} route {"context":"RouterExplorer","timestamp":"2025-05-08T08:07:18.305Z"}
info: RolesController {/api/roles}: {"context":"RoutesResolver","timestamp":"2025-05-08T08:07:18.306Z"}
info: Mapped {/api/roles/list, GET} route {"context":"RouterExplorer","timestamp":"2025-05-08T08:07:18.306Z"}
info: Mapped {/api/roles/add, POST} route {"context":"RouterExplorer","timestamp":"2025-05-08T08:07:18.307Z"}
info: Mapped {/api/roles/delete/:id, DELETE} route {"context":"RouterExplorer","timestamp":"2025-05-08T08:07:18.308Z"}
info: Mapped {/api/roles/edit/:id, PATCH} route {"context":"RouterExplorer","timestamp":"2025-05-08T08:07:18.308Z"}
info: AuthController {/api/auth}: {"context":"RoutesResolver","timestamp":"2025-05-08T08:07:18.308Z"}
info: Mapped {/api/auth/signin, POST} route {"context":"RouterExplorer","timestamp":"2025-05-08T08:07:18.309Z"}
info: Mapped {/api/auth/signup, POST} route {"context":"RouterExplorer","timestamp":"2025-05-08T08:07:18.310Z"}
info: Nest application successfully started {"context":"NestApplication","timestamp":"2025-05-08T08:07:18.312Z"}
info: LogsController {/api/logs}: {"context":"RoutesResolver","timestamp":"2025-05-08T08:07:47.565Z"}
info: Mapped {/api/logs/logsByGroup/:id, GET} route {"context":"RouterExplorer","timestamp":"2025-05-08T08:07:47.572Z"}
info: UserController {/api/user}: {"context":"RoutesResolver","timestamp":"2025-05-08T08:07:47.573Z"}
info: Mapped {/api/user/list, GET} route {"context":"RouterExplorer","timestamp":"2025-05-08T08:07:47.574Z"}
info: Mapped {/api/user/getUserById/:id, GET} route {"context":"RouterExplorer","timestamp":"2025-05-08T08:07:47.575Z"}
info: Mapped {/api/user/add, POST} route {"context":"RouterExplorer","timestamp":"2025-05-08T08:07:47.577Z"}
info: Mapped {/api/user/edit/:id, PATCH} route {"context":"RouterExplorer","timestamp":"2025-05-08T08:07:47.578Z"}
info: Mapped {/api/user/delete/:id, DELETE} route {"context":"RouterExplorer","timestamp":"2025-05-08T08:07:47.579Z"}
info: Mapped {/api/user/profile/:id, GET} route {"context":"RouterExplorer","timestamp":"2025-05-08T08:07:47.580Z"}
info: RolesController {/api/roles}: {"context":"RoutesResolver","timestamp":"2025-05-08T08:07:47.581Z"}
info: Mapped {/api/roles/list, GET} route {"context":"RouterExplorer","timestamp":"2025-05-08T08:07:47.582Z"}
info: Mapped {/api/roles/add, POST} route {"context":"RouterExplorer","timestamp":"2025-05-08T08:07:47.583Z"}
info: Mapped {/api/roles/delete/:id, DELETE} route {"context":"RouterExplorer","timestamp":"2025-05-08T08:07:47.584Z"}
info: Mapped {/api/roles/edit/:id, PATCH} route {"context":"RouterExplorer","timestamp":"2025-05-08T08:07:47.585Z"}
info: AuthController {/api/auth}: {"context":"RoutesResolver","timestamp":"2025-05-08T08:07:47.585Z"}
info: Mapped {/api/auth/signin, POST} route {"context":"RouterExplorer","timestamp":"2025-05-08T08:07:47.586Z"}
info: Mapped {/api/auth/signup, POST} route {"context":"RouterExplorer","timestamp":"2025-05-08T08:07:47.587Z"}
info: Nest application successfully started {"context":"NestApplication","timestamp":"2025-05-08T08:07:47.590Z"}
info: LogsController {/api/logs}: {"context":"RoutesResolver","timestamp":"2025-05-08T08:08:30.774Z"}
info: Mapped {/api/logs/logsByGroup/:id, GET} route {"context":"RouterExplorer","timestamp":"2025-05-08T08:08:30.778Z"}
info: UserController {/api/user}: {"context":"RoutesResolver","timestamp":"2025-05-08T08:08:30.779Z"}
info: Mapped {/api/user/list, GET} route {"context":"RouterExplorer","timestamp":"2025-05-08T08:08:30.781Z"}
info: Mapped {/api/user/getUserById/:id, GET} route {"context":"RouterExplorer","timestamp":"2025-05-08T08:08:30.782Z"}
info: Mapped {/api/user/add, POST} route {"context":"RouterExplorer","timestamp":"2025-05-08T08:08:30.783Z"}
info: Mapped {/api/user/edit/:id, PATCH} route {"context":"RouterExplorer","timestamp":"2025-05-08T08:08:30.784Z"}
info: Mapped {/api/user/delete/:id, DELETE} route {"context":"RouterExplorer","timestamp":"2025-05-08T08:08:30.785Z"}
info: Mapped {/api/user/profile/:id, GET} route {"context":"RouterExplorer","timestamp":"2025-05-08T08:08:30.786Z"}
info: RolesController {/api/roles}: {"context":"RoutesResolver","timestamp":"2025-05-08T08:08:30.786Z"}
info: Mapped {/api/roles/list, GET} route {"context":"RouterExplorer","timestamp":"2025-05-08T08:08:30.787Z"}
info: Mapped {/api/roles/add, POST} route {"context":"RouterExplorer","timestamp":"2025-05-08T08:08:30.788Z"}
info: Mapped {/api/roles/delete/:id, DELETE} route {"context":"RouterExplorer","timestamp":"2025-05-08T08:08:30.789Z"}
info: Mapped {/api/roles/edit/:id, PATCH} route {"context":"RouterExplorer","timestamp":"2025-05-08T08:08:30.790Z"}
info: AuthController {/api/auth}: {"context":"RoutesResolver","timestamp":"2025-05-08T08:08:30.790Z"}
info: Mapped {/api/auth/signin, POST} route {"context":"RouterExplorer","timestamp":"2025-05-08T08:08:30.791Z"}
info: Mapped {/api/auth/signup, POST} route {"context":"RouterExplorer","timestamp":"2025-05-08T08:08:30.792Z"}
info: Nest application successfully started {"context":"NestApplication","timestamp":"2025-05-08T08:08:30.795Z"}
info: LogsController {/api/logs}: {"context":"RoutesResolver","timestamp":"2025-05-08T08:08:39.563Z"}
info: Mapped {/api/logs/logsByGroup/:id, GET} route {"context":"RouterExplorer","timestamp":"2025-05-08T08:08:39.568Z"}
info: UserController {/api/user}: {"context":"RoutesResolver","timestamp":"2025-05-08T08:08:39.568Z"}
info: Mapped {/api/user/list, GET} route {"context":"RouterExplorer","timestamp":"2025-05-08T08:08:39.570Z"}
info: Mapped {/api/user/getUserById/:id, GET} route {"context":"RouterExplorer","timestamp":"2025-05-08T08:08:39.571Z"}
info: Mapped {/api/user/add, POST} route {"context":"RouterExplorer","timestamp":"2025-05-08T08:08:39.572Z"}
info: Mapped {/api/user/edit/:id, PATCH} route {"context":"RouterExplorer","timestamp":"2025-05-08T08:08:39.573Z"}
info: Mapped {/api/user/delete/:id, DELETE} route {"context":"RouterExplorer","timestamp":"2025-05-08T08:08:39.574Z"}
info: Mapped {/api/user/profile/:id, GET} route {"context":"RouterExplorer","timestamp":"2025-05-08T08:08:39.575Z"}
info: RolesController {/api/roles}: {"context":"RoutesResolver","timestamp":"2025-05-08T08:08:39.576Z"}
info: Mapped {/api/roles/list, GET} route {"context":"RouterExplorer","timestamp":"2025-05-08T08:08:39.576Z"}
info: Mapped {/api/roles/add, POST} route {"context":"RouterExplorer","timestamp":"2025-05-08T08:08:39.577Z"}
info: Mapped {/api/roles/delete/:id, DELETE} route {"context":"RouterExplorer","timestamp":"2025-05-08T08:08:39.578Z"}
info: Mapped {/api/roles/edit/:id, PATCH} route {"context":"RouterExplorer","timestamp":"2025-05-08T08:08:39.579Z"}
info: AuthController {/api/auth}: {"context":"RoutesResolver","timestamp":"2025-05-08T08:08:39.580Z"}
info: Mapped {/api/auth/signin, POST} route {"context":"RouterExplorer","timestamp":"2025-05-08T08:08:39.580Z"}
info: Mapped {/api/auth/signup, POST} route {"context":"RouterExplorer","timestamp":"2025-05-08T08:08:39.581Z"}
info: Nest application successfully started {"context":"NestApplication","timestamp":"2025-05-08T08:08:39.587Z"}
info: LogsController {/api/logs}: {"context":"RoutesResolver","timestamp":"2025-05-08T08:10:10.403Z"}
info: Mapped {/api/logs/logsByGroup/:id, GET} route {"context":"RouterExplorer","timestamp":"2025-05-08T08:10:10.408Z"}
info: UserController {/api/user}: {"context":"RoutesResolver","timestamp":"2025-05-08T08:10:10.409Z"}
info: Mapped {/api/user/list, GET} route {"context":"RouterExplorer","timestamp":"2025-05-08T08:10:10.410Z"}
info: Mapped {/api/user/getUserById/:id, GET} route {"context":"RouterExplorer","timestamp":"2025-05-08T08:10:10.411Z"}
info: Mapped {/api/user/add, POST} route {"context":"RouterExplorer","timestamp":"2025-05-08T08:10:10.412Z"}
info: Mapped {/api/user/edit/:id, PATCH} route {"context":"RouterExplorer","timestamp":"2025-05-08T08:10:10.413Z"}
info: Mapped {/api/user/delete/:id, DELETE} route {"context":"RouterExplorer","timestamp":"2025-05-08T08:10:10.414Z"}
info: Mapped {/api/user/profile/:id, GET} route {"context":"RouterExplorer","timestamp":"2025-05-08T08:10:10.415Z"}
info: RolesController {/api/roles}: {"context":"RoutesResolver","timestamp":"2025-05-08T08:10:10.416Z"}
info: Mapped {/api/roles/list, GET} route {"context":"RouterExplorer","timestamp":"2025-05-08T08:10:10.417Z"}
info: Mapped {/api/roles/add, POST} route {"context":"RouterExplorer","timestamp":"2025-05-08T08:10:10.418Z"}
info: Mapped {/api/roles/delete/:id, DELETE} route {"context":"RouterExplorer","timestamp":"2025-05-08T08:10:10.418Z"}
info: Mapped {/api/roles/edit/:id, PATCH} route {"context":"RouterExplorer","timestamp":"2025-05-08T08:10:10.419Z"}
info: AuthController {/api/auth}: {"context":"RoutesResolver","timestamp":"2025-05-08T08:10:10.420Z"}
info: Mapped {/api/auth/signin, POST} route {"context":"RouterExplorer","timestamp":"2025-05-08T08:10:10.420Z"}
info: Mapped {/api/auth/signup, POST} route {"context":"RouterExplorer","timestamp":"2025-05-08T08:10:10.421Z"}
info: Nest application successfully started {"context":"NestApplication","timestamp":"2025-05-08T08:10:10.424Z"}
info: LogsController {/api/logs}: {"context":"RoutesResolver","timestamp":"2025-05-08T08:12:14.892Z"}
info: Mapped {/api/logs/logsByGroup/:id, GET} route {"context":"RouterExplorer","timestamp":"2025-05-08T08:12:14.897Z"}
info: UserController {/api/user}: {"context":"RoutesResolver","timestamp":"2025-05-08T08:12:14.897Z"}
info: Mapped {/api/user/list, GET} route {"context":"RouterExplorer","timestamp":"2025-05-08T08:12:14.899Z"}
info: Mapped {/api/user/getUserById/:id, GET} route {"context":"RouterExplorer","timestamp":"2025-05-08T08:12:14.900Z"}
info: Mapped {/api/user/add, POST} route {"context":"RouterExplorer","timestamp":"2025-05-08T08:12:14.901Z"}
info: Mapped {/api/user/edit/:id, PATCH} route {"context":"RouterExplorer","timestamp":"2025-05-08T08:12:14.902Z"}
info: Mapped {/api/user/delete/:id, DELETE} route {"context":"RouterExplorer","timestamp":"2025-05-08T08:12:14.903Z"}
info: Mapped {/api/user/profile/:id, GET} route {"context":"RouterExplorer","timestamp":"2025-05-08T08:12:14.903Z"}
info: RolesController {/api/roles}: {"context":"RoutesResolver","timestamp":"2025-05-08T08:12:14.904Z"}
info: Mapped {/api/roles/list, GET} route {"context":"RouterExplorer","timestamp":"2025-05-08T08:12:14.905Z"}
info: Mapped {/api/roles/add, POST} route {"context":"RouterExplorer","timestamp":"2025-05-08T08:12:14.906Z"}
info: Mapped {/api/roles/delete/:id, DELETE} route {"context":"RouterExplorer","timestamp":"2025-05-08T08:12:14.906Z"}
info: Mapped {/api/roles/edit/:id, PATCH} route {"context":"RouterExplorer","timestamp":"2025-05-08T08:12:14.907Z"}
info: AuthController {/api/auth}: {"context":"RoutesResolver","timestamp":"2025-05-08T08:12:14.907Z"}
info: Mapped {/api/auth/signin, POST} route {"context":"RouterExplorer","timestamp":"2025-05-08T08:12:14.908Z"}
info: Mapped {/api/auth/signup, POST} route {"context":"RouterExplorer","timestamp":"2025-05-08T08:12:14.908Z"}
info: Nest application successfully started {"context":"NestApplication","timestamp":"2025-05-08T08:12:14.911Z"}
info: LogsController {/api/logs}: {"context":"RoutesResolver","timestamp":"2025-05-08T08:13:46.951Z"}
info: Mapped {/api/logs/logsByGroup/:id, GET} route {"context":"RouterExplorer","timestamp":"2025-05-08T08:13:46.956Z"}
info: UserController {/api/user}: {"context":"RoutesResolver","timestamp":"2025-05-08T08:13:46.956Z"}
info: Mapped {/api/user/list, GET} route {"context":"RouterExplorer","timestamp":"2025-05-08T08:13:46.958Z"}
info: Mapped {/api/user/getUserById/:id, GET} route {"context":"RouterExplorer","timestamp":"2025-05-08T08:13:46.959Z"}
info: Mapped {/api/user/add, POST} route {"context":"RouterExplorer","timestamp":"2025-05-08T08:13:46.960Z"}
info: Mapped {/api/user/edit/:id, PATCH} route {"context":"RouterExplorer","timestamp":"2025-05-08T08:13:46.961Z"}
info: Mapped {/api/user/delete/:id, DELETE} route {"context":"RouterExplorer","timestamp":"2025-05-08T08:13:46.961Z"}
info: Mapped {/api/user/profile/:id, GET} route {"context":"RouterExplorer","timestamp":"2025-05-08T08:13:46.962Z"}
info: RolesController {/api/roles}: {"context":"RoutesResolver","timestamp":"2025-05-08T08:13:46.963Z"}
info: Mapped {/api/roles/list, GET} route {"context":"RouterExplorer","timestamp":"2025-05-08T08:13:46.964Z"}
info: Mapped {/api/roles/add, POST} route {"context":"RouterExplorer","timestamp":"2025-05-08T08:13:46.965Z"}
info: Mapped {/api/roles/delete/:id, DELETE} route {"context":"RouterExplorer","timestamp":"2025-05-08T08:13:46.965Z"}
info: Mapped {/api/roles/edit/:id, PATCH} route {"context":"RouterExplorer","timestamp":"2025-05-08T08:13:46.966Z"}
info: AuthController {/api/auth}: {"context":"RoutesResolver","timestamp":"2025-05-08T08:13:46.966Z"}
info: Mapped {/api/auth/signin, POST} route {"context":"RouterExplorer","timestamp":"2025-05-08T08:13:46.967Z"}
info: Mapped {/api/auth/signup, POST} route {"context":"RouterExplorer","timestamp":"2025-05-08T08:13:46.967Z"}
info: Nest application successfully started {"context":"NestApplication","timestamp":"2025-05-08T08:13:46.970Z"}
info: LogsController {/api/logs}: {"context":"RoutesResolver","timestamp":"2025-05-08T08:13:54.797Z"}
info: Mapped {/api/logs/logsByGroup/:id, GET} route {"context":"RouterExplorer","timestamp":"2025-05-08T08:13:54.801Z"}
info: UserController {/api/user}: {"context":"RoutesResolver","timestamp":"2025-05-08T08:13:54.802Z"}
info: Mapped {/api/user/list, GET} route {"context":"RouterExplorer","timestamp":"2025-05-08T08:13:54.803Z"}
info: Mapped {/api/user/getUserById/:id, GET} route {"context":"RouterExplorer","timestamp":"2025-05-08T08:13:54.805Z"}
info: Mapped {/api/user/add, POST} route {"context":"RouterExplorer","timestamp":"2025-05-08T08:13:54.806Z"}
info: Mapped {/api/user/edit/:id, PATCH} route {"context":"RouterExplorer","timestamp":"2025-05-08T08:13:54.807Z"}
info: Mapped {/api/user/delete/:id, DELETE} route {"context":"RouterExplorer","timestamp":"2025-05-08T08:13:54.808Z"}
info: Mapped {/api/user/profile/:id, GET} route {"context":"RouterExplorer","timestamp":"2025-05-08T08:13:54.808Z"}
info: RolesController {/api/roles}: {"context":"RoutesResolver","timestamp":"2025-05-08T08:13:54.809Z"}
info: Mapped {/api/roles/list, GET} route {"context":"RouterExplorer","timestamp":"2025-05-08T08:13:54.810Z"}
info: Mapped {/api/roles/add, POST} route {"context":"RouterExplorer","timestamp":"2025-05-08T08:13:54.811Z"}
info: Mapped {/api/roles/delete/:id, DELETE} route {"context":"RouterExplorer","timestamp":"2025-05-08T08:13:54.812Z"}
info: Mapped {/api/roles/edit/:id, PATCH} route {"context":"RouterExplorer","timestamp":"2025-05-08T08:13:54.812Z"}
info: AuthController {/api/auth}: {"context":"RoutesResolver","timestamp":"2025-05-08T08:13:54.813Z"}
info: Mapped {/api/auth/signin, POST} route {"context":"RouterExplorer","timestamp":"2025-05-08T08:13:54.813Z"}
info: Mapped {/api/auth/signup, POST} route {"context":"RouterExplorer","timestamp":"2025-05-08T08:13:54.814Z"}
info: Nest application successfully started {"context":"NestApplication","timestamp":"2025-05-08T08:13:54.817Z"}
info: LogsController {/api/logs}: {"context":"RoutesResolver","timestamp":"2025-05-08T08:17:27.772Z"}
info: Mapped {/api/logs/logsByGroup/:id, GET} route {"context":"RouterExplorer","timestamp":"2025-05-08T08:17:27.778Z"}
info: UserController {/api/user}: {"context":"RoutesResolver","timestamp":"2025-05-08T08:17:27.779Z"}
info: Mapped {/api/user/list, GET} route {"context":"RouterExplorer","timestamp":"2025-05-08T08:17:27.780Z"}
info: Mapped {/api/user/getUserById/:id, GET} route {"context":"RouterExplorer","timestamp":"2025-05-08T08:17:27.781Z"}
info: Mapped {/api/user/add, POST} route {"context":"RouterExplorer","timestamp":"2025-05-08T08:17:27.783Z"}
info: Mapped {/api/user/edit/:id, PATCH} route {"context":"RouterExplorer","timestamp":"2025-05-08T08:17:27.784Z"}
info: Mapped {/api/user/delete/:id, DELETE} route {"context":"RouterExplorer","timestamp":"2025-05-08T08:17:27.785Z"}
info: Mapped {/api/user/profile/:id, GET} route {"context":"RouterExplorer","timestamp":"2025-05-08T08:17:27.785Z"}
info: RolesController {/api/roles}: {"context":"RoutesResolver","timestamp":"2025-05-08T08:17:27.786Z"}
info: Mapped {/api/roles/list, GET} route {"context":"RouterExplorer","timestamp":"2025-05-08T08:17:27.787Z"}
info: Mapped {/api/roles/add, POST} route {"context":"RouterExplorer","timestamp":"2025-05-08T08:17:27.788Z"}
info: Mapped {/api/roles/delete/:id, DELETE} route {"context":"RouterExplorer","timestamp":"2025-05-08T08:17:27.789Z"}
info: Mapped {/api/roles/edit/:id, PATCH} route {"context":"RouterExplorer","timestamp":"2025-05-08T08:17:27.790Z"}
info: AuthController {/api/auth}: {"context":"RoutesResolver","timestamp":"2025-05-08T08:17:27.790Z"}
info: Mapped {/api/auth/signin, POST} route {"context":"RouterExplorer","timestamp":"2025-05-08T08:17:27.791Z"}
info: Mapped {/api/auth/signup, POST} route {"context":"RouterExplorer","timestamp":"2025-05-08T08:17:27.792Z"}
info: Nest application successfully started {"context":"NestApplication","timestamp":"2025-05-08T08:17:27.796Z"}
info: LogsController {/api/logs}: {"context":"RoutesResolver","timestamp":"2025-05-08T08:18:09.779Z"}
info: Mapped {/api/logs/logsByGroup/:id, GET} route {"context":"RouterExplorer","timestamp":"2025-05-08T08:18:09.783Z"}
info: UserController {/api/user}: {"context":"RoutesResolver","timestamp":"2025-05-08T08:18:09.784Z"}
info: Mapped {/api/user/list, GET} route {"context":"RouterExplorer","timestamp":"2025-05-08T08:18:09.786Z"}
info: Mapped {/api/user/getUserById/:id, GET} route {"context":"RouterExplorer","timestamp":"2025-05-08T08:18:09.787Z"}
info: Mapped {/api/user/add, POST} route {"context":"RouterExplorer","timestamp":"2025-05-08T08:18:09.788Z"}
info: Mapped {/api/user/edit/:id, PATCH} route {"context":"RouterExplorer","timestamp":"2025-05-08T08:18:09.789Z"}
info: Mapped {/api/user/delete/:id, DELETE} route {"context":"RouterExplorer","timestamp":"2025-05-08T08:18:09.790Z"}
info: Mapped {/api/user/profile/:id, GET} route {"context":"RouterExplorer","timestamp":"2025-05-08T08:18:09.791Z"}
info: RolesController {/api/roles}: {"context":"RoutesResolver","timestamp":"2025-05-08T08:18:09.791Z"}
info: Mapped {/api/roles/list, GET} route {"context":"RouterExplorer","timestamp":"2025-05-08T08:18:09.793Z"}
info: Mapped {/api/roles/add, POST} route {"context":"RouterExplorer","timestamp":"2025-05-08T08:18:09.794Z"}
info: Mapped {/api/roles/delete/:id, DELETE} route {"context":"RouterExplorer","timestamp":"2025-05-08T08:18:09.795Z"}
info: Mapped {/api/roles/edit/:id, PATCH} route {"context":"RouterExplorer","timestamp":"2025-05-08T08:18:09.795Z"}
info: AuthController {/api/auth}: {"context":"RoutesResolver","timestamp":"2025-05-08T08:18:09.796Z"}
info: Mapped {/api/auth/signin, POST} route {"context":"RouterExplorer","timestamp":"2025-05-08T08:18:09.797Z"}
info: Mapped {/api/auth/signup, POST} route {"context":"RouterExplorer","timestamp":"2025-05-08T08:18:09.797Z"}
info: Nest application successfully started {"context":"NestApplication","timestamp":"2025-05-08T08:18:09.800Z"}
info: LogsController {/api/logs}: {"context":"RoutesResolver","timestamp":"2025-05-08T08:19:45.631Z"}
info: Mapped {/api/logs/logsByGroup/:id, GET} route {"context":"RouterExplorer","timestamp":"2025-05-08T08:19:45.635Z"}
info: UserController {/api/user}: {"context":"RoutesResolver","timestamp":"2025-05-08T08:19:45.636Z"}
info: Mapped {/api/user/list, GET} route {"context":"RouterExplorer","timestamp":"2025-05-08T08:19:45.637Z"}
info: Mapped {/api/user/getUserById/:id, GET} route {"context":"RouterExplorer","timestamp":"2025-05-08T08:19:45.638Z"}
info: Mapped {/api/user/add, POST} route {"context":"RouterExplorer","timestamp":"2025-05-08T08:19:45.639Z"}
info: Mapped {/api/user/edit/:id, PATCH} route {"context":"RouterExplorer","timestamp":"2025-05-08T08:19:45.640Z"}
info: Mapped {/api/user/delete/:id, DELETE} route {"context":"RouterExplorer","timestamp":"2025-05-08T08:19:45.641Z"}
info: Mapped {/api/user/profile/:id, GET} route {"context":"RouterExplorer","timestamp":"2025-05-08T08:19:45.642Z"}
info: RolesController {/api/roles}: {"context":"RoutesResolver","timestamp":"2025-05-08T08:19:45.643Z"}
info: Mapped {/api/roles/list, GET} route {"context":"RouterExplorer","timestamp":"2025-05-08T08:19:45.643Z"}
info: Mapped {/api/roles/add, POST} route {"context":"RouterExplorer","timestamp":"2025-05-08T08:19:45.644Z"}
info: Mapped {/api/roles/delete/:id, DELETE} route {"context":"RouterExplorer","timestamp":"2025-05-08T08:19:45.645Z"}
info: Mapped {/api/roles/edit/:id, PATCH} route {"context":"RouterExplorer","timestamp":"2025-05-08T08:19:45.646Z"}
info: AuthController {/api/auth}: {"context":"RoutesResolver","timestamp":"2025-05-08T08:19:45.646Z"}
info: Mapped {/api/auth/signin, POST} route {"context":"RouterExplorer","timestamp":"2025-05-08T08:19:45.647Z"}
info: Mapped {/api/auth/signup, POST} route {"context":"RouterExplorer","timestamp":"2025-05-08T08:19:45.647Z"}
info: Nest application successfully started {"context":"NestApplication","timestamp":"2025-05-08T08:19:45.650Z"}
info: LogsController {/api/logs}: {"context":"RoutesResolver","timestamp":"2025-05-08T08:35:50.437Z"}
info: Mapped {/api/logs/logsByGroup/:id, GET} route {"context":"RouterExplorer","timestamp":"2025-05-08T08:35:50.441Z"}
info: UserController {/api/user}: {"context":"RoutesResolver","timestamp":"2025-05-08T08:35:50.442Z"}
info: Mapped {/api/user/list, GET} route {"context":"RouterExplorer","timestamp":"2025-05-08T08:35:50.443Z"}
info: Mapped {/api/user/getUserById/:id, GET} route {"context":"RouterExplorer","timestamp":"2025-05-08T08:35:50.444Z"}
info: Mapped {/api/user/add, POST} route {"context":"RouterExplorer","timestamp":"2025-05-08T08:35:50.445Z"}
info: Mapped {/api/user/edit/:id, PATCH} route {"context":"RouterExplorer","timestamp":"2025-05-08T08:35:50.446Z"}
info: Mapped {/api/user/delete/:id, DELETE} route {"context":"RouterExplorer","timestamp":"2025-05-08T08:35:50.447Z"}
info: Mapped {/api/user/profile/:id, GET} route {"context":"RouterExplorer","timestamp":"2025-05-08T08:35:50.448Z"}
info: RolesController {/api/roles}: {"context":"RoutesResolver","timestamp":"2025-05-08T08:35:50.448Z"}
info: Mapped {/api/roles/list, GET} route {"context":"RouterExplorer","timestamp":"2025-05-08T08:35:50.449Z"}
info: Mapped {/api/roles/add, POST} route {"context":"RouterExplorer","timestamp":"2025-05-08T08:35:50.450Z"}
info: Mapped {/api/roles/delete/:id, DELETE} route {"context":"RouterExplorer","timestamp":"2025-05-08T08:35:50.451Z"}
info: Mapped {/api/roles/edit/:id, PATCH} route {"context":"RouterExplorer","timestamp":"2025-05-08T08:35:50.451Z"}
info: AuthController {/api/auth}: {"context":"RoutesResolver","timestamp":"2025-05-08T08:35:50.452Z"}
info: Mapped {/api/auth/signin, POST} route {"context":"RouterExplorer","timestamp":"2025-05-08T08:35:50.452Z"}
info: Mapped {/api/auth/signup, POST} route {"context":"RouterExplorer","timestamp":"2025-05-08T08:35:50.453Z"}
info: Nest application successfully started {"context":"NestApplication","timestamp":"2025-05-08T08:35:50.456Z"}
info: LogsController {/api/logs}: {"context":"RoutesResolver","timestamp":"2025-05-08T08:42:26.020Z"}
info: Mapped {/api/logs/logsByGroup/:id, GET} route {"context":"RouterExplorer","timestamp":"2025-05-08T08:42:26.025Z"}
info: UserController {/api/user}: {"context":"RoutesResolver","timestamp":"2025-05-08T08:42:26.025Z"}
info: Mapped {/api/user/list, GET} route {"context":"RouterExplorer","timestamp":"2025-05-08T08:42:26.027Z"}
info: Mapped {/api/user/getUserById/:id, GET} route {"context":"RouterExplorer","timestamp":"2025-05-08T08:42:26.028Z"}
info: Mapped {/api/user/add, POST} route {"context":"RouterExplorer","timestamp":"2025-05-08T08:42:26.029Z"}
info: Mapped {/api/user/edit/:id, PATCH} route {"context":"RouterExplorer","timestamp":"2025-05-08T08:42:26.030Z"}
info: Mapped {/api/user/delete/:id, DELETE} route {"context":"RouterExplorer","timestamp":"2025-05-08T08:42:26.030Z"}
info: Mapped {/api/user/profile/:id, GET} route {"context":"RouterExplorer","timestamp":"2025-05-08T08:42:26.031Z"}
info: RolesController {/api/roles}: {"context":"RoutesResolver","timestamp":"2025-05-08T08:42:26.032Z"}
info: Mapped {/api/roles/list, GET} route {"context":"RouterExplorer","timestamp":"2025-05-08T08:42:26.033Z"}
info: Mapped {/api/roles/add, POST} route {"context":"RouterExplorer","timestamp":"2025-05-08T08:42:26.034Z"}
info: Mapped {/api/roles/delete/:id, DELETE} route {"context":"RouterExplorer","timestamp":"2025-05-08T08:42:26.034Z"}
info: Mapped {/api/roles/edit/:id, PATCH} route {"context":"RouterExplorer","timestamp":"2025-05-08T08:42:26.035Z"}
info: AuthController {/api/auth}: {"context":"RoutesResolver","timestamp":"2025-05-08T08:42:26.035Z"}
info: Mapped {/api/auth/signin, POST} route {"context":"RouterExplorer","timestamp":"2025-05-08T08:42:26.036Z"}
info: Mapped {/api/auth/signup, POST} route {"context":"RouterExplorer","timestamp":"2025-05-08T08:42:26.037Z"}
info: Nest application successfully started {"context":"NestApplication","timestamp":"2025-05-08T08:42:26.040Z"}
info: LogsController {/api/logs}: {"context":"RoutesResolver","timestamp":"2025-05-08T08:44:44.390Z"}
info: Mapped {/api/logs/logsByGroup/:id, GET} route {"context":"RouterExplorer","timestamp":"2025-05-08T08:44:44.395Z"}
info: UserController {/api/user}: {"context":"RoutesResolver","timestamp":"2025-05-08T08:44:44.396Z"}
info: Mapped {/api/user/list, GET} route {"context":"RouterExplorer","timestamp":"2025-05-08T08:44:44.397Z"}
info: Mapped {/api/user/getUserById/:id, GET} route {"context":"RouterExplorer","timestamp":"2025-05-08T08:44:44.398Z"}
info: Mapped {/api/user/add, POST} route {"context":"RouterExplorer","timestamp":"2025-05-08T08:44:44.399Z"}
info: Mapped {/api/user/edit/:id, PATCH} route {"context":"RouterExplorer","timestamp":"2025-05-08T08:44:44.400Z"}
info: Mapped {/api/user/delete/:id, DELETE} route {"context":"RouterExplorer","timestamp":"2025-05-08T08:44:44.401Z"}
info: Mapped {/api/user/profile/:id, GET} route {"context":"RouterExplorer","timestamp":"2025-05-08T08:44:44.401Z"}
info: RolesController {/api/roles}: {"context":"RoutesResolver","timestamp":"2025-05-08T08:44:44.402Z"}
info: Mapped {/api/roles/list, GET} route {"context":"RouterExplorer","timestamp":"2025-05-08T08:44:44.403Z"}
info: Mapped {/api/roles/add, POST} route {"context":"RouterExplorer","timestamp":"2025-05-08T08:44:44.404Z"}
info: Mapped {/api/roles/delete/:id, DELETE} route {"context":"RouterExplorer","timestamp":"2025-05-08T08:44:44.404Z"}
info: Mapped {/api/roles/edit/:id, PATCH} route {"context":"RouterExplorer","timestamp":"2025-05-08T08:44:44.405Z"}
info: AuthController {/api/auth}: {"context":"RoutesResolver","timestamp":"2025-05-08T08:44:44.406Z"}
info: Mapped {/api/auth/signin, POST} route {"context":"RouterExplorer","timestamp":"2025-05-08T08:44:44.406Z"}
info: Mapped {/api/auth/signup, POST} route {"context":"RouterExplorer","timestamp":"2025-05-08T08:44:44.407Z"}
info: Nest application successfully started {"context":"NestApplication","timestamp":"2025-05-08T08:44:44.409Z"}
info: LogsController {/api/logs}: {"context":"RoutesResolver","timestamp":"2025-05-08T08:45:50.639Z"}
info: Mapped {/api/logs/logsByGroup/:id, GET} route {"context":"RouterExplorer","timestamp":"2025-05-08T08:45:50.644Z"}
info: UserController {/api/user}: {"context":"RoutesResolver","timestamp":"2025-05-08T08:45:50.644Z"}
info: Mapped {/api/user/list, GET} route {"context":"RouterExplorer","timestamp":"2025-05-08T08:45:50.645Z"}
info: Mapped {/api/user/getUserById/:id, GET} route {"context":"RouterExplorer","timestamp":"2025-05-08T08:45:50.646Z"}
info: Mapped {/api/user/add, POST} route {"context":"RouterExplorer","timestamp":"2025-05-08T08:45:50.647Z"}
info: Mapped {/api/user/edit/:id, PATCH} route {"context":"RouterExplorer","timestamp":"2025-05-08T08:45:50.648Z"}
info: Mapped {/api/user/delete/:id, DELETE} route {"context":"RouterExplorer","timestamp":"2025-05-08T08:45:50.649Z"}
info: Mapped {/api/user/profile/:id, GET} route {"context":"RouterExplorer","timestamp":"2025-05-08T08:45:50.650Z"}
info: RolesController {/api/roles}: {"context":"RoutesResolver","timestamp":"2025-05-08T08:45:50.650Z"}
info: Mapped {/api/roles/list, GET} route {"context":"RouterExplorer","timestamp":"2025-05-08T08:45:50.651Z"}
info: Mapped {/api/roles/add, POST} route {"context":"RouterExplorer","timestamp":"2025-05-08T08:45:50.652Z"}
info: Mapped {/api/roles/delete/:id, DELETE} route {"context":"RouterExplorer","timestamp":"2025-05-08T08:45:50.652Z"}
info: Mapped {/api/roles/edit/:id, PATCH} route {"context":"RouterExplorer","timestamp":"2025-05-08T08:45:50.653Z"}
info: AuthController {/api/auth}: {"context":"RoutesResolver","timestamp":"2025-05-08T08:45:50.654Z"}
info: Mapped {/api/auth/signin, POST} route {"context":"RouterExplorer","timestamp":"2025-05-08T08:45:50.654Z"}
info: Mapped {/api/auth/signup, POST} route {"context":"RouterExplorer","timestamp":"2025-05-08T08:45:50.655Z"}
info: Nest application successfully started {"context":"NestApplication","timestamp":"2025-05-08T08:45:50.658Z"}
info: LogsController {/api/logs}: {"context":"RoutesResolver","timestamp":"2025-05-08T08:45:54.874Z"}
info: Mapped {/api/logs/logsByGroup/:id, GET} route {"context":"RouterExplorer","timestamp":"2025-05-08T08:45:54.879Z"}
info: UserController {/api/user}: {"context":"RoutesResolver","timestamp":"2025-05-08T08:45:54.880Z"}
info: Mapped {/api/user/list, GET} route {"context":"RouterExplorer","timestamp":"2025-05-08T08:45:54.881Z"}
info: Mapped {/api/user/getUserById/:id, GET} route {"context":"RouterExplorer","timestamp":"2025-05-08T08:45:54.882Z"}
info: Mapped {/api/user/add, POST} route {"context":"RouterExplorer","timestamp":"2025-05-08T08:45:54.884Z"}
info: Mapped {/api/user/edit/:id, PATCH} route {"context":"RouterExplorer","timestamp":"2025-05-08T08:45:54.885Z"}
info: Mapped {/api/user/delete/:id, DELETE} route {"context":"RouterExplorer","timestamp":"2025-05-08T08:45:54.885Z"}
info: Mapped {/api/user/profile/:id, GET} route {"context":"RouterExplorer","timestamp":"2025-05-08T08:45:54.886Z"}
info: RolesController {/api/roles}: {"context":"RoutesResolver","timestamp":"2025-05-08T08:45:54.887Z"}
info: Mapped {/api/roles/list, GET} route {"context":"RouterExplorer","timestamp":"2025-05-08T08:45:54.888Z"}
info: Mapped {/api/roles/add, POST} route {"context":"RouterExplorer","timestamp":"2025-05-08T08:45:54.889Z"}
info: Mapped {/api/roles/delete/:id, DELETE} route {"context":"RouterExplorer","timestamp":"2025-05-08T08:45:54.890Z"}
info: Mapped {/api/roles/edit/:id, PATCH} route {"context":"RouterExplorer","timestamp":"2025-05-08T08:45:54.890Z"}
info: AuthController {/api/auth}: {"context":"RoutesResolver","timestamp":"2025-05-08T08:45:54.891Z"}
info: Mapped {/api/auth/signin, POST} route {"context":"RouterExplorer","timestamp":"2025-05-08T08:45:54.891Z"}
info: Mapped {/api/auth/signup, POST} route {"context":"RouterExplorer","timestamp":"2025-05-08T08:45:54.892Z"}
info: Nest application successfully started {"context":"NestApplication","timestamp":"2025-05-08T08:45:54.895Z"}
info: LogsController {/api/logs}: {"context":"RoutesResolver","timestamp":"2025-05-08T08:45:59.664Z"}
info: Mapped {/api/logs/logsByGroup/:id, GET} route {"context":"RouterExplorer","timestamp":"2025-05-08T08:45:59.668Z"}
info: UserController {/api/user}: {"context":"RoutesResolver","timestamp":"2025-05-08T08:45:59.669Z"}
info: Mapped {/api/user/list, GET} route {"context":"RouterExplorer","timestamp":"2025-05-08T08:45:59.670Z"}
info: Mapped {/api/user/getUserById/:id, GET} route {"context":"RouterExplorer","timestamp":"2025-05-08T08:45:59.671Z"}
info: Mapped {/api/user/add, POST} route {"context":"RouterExplorer","timestamp":"2025-05-08T08:45:59.672Z"}
info: Mapped {/api/user/edit/:id, PATCH} route {"context":"RouterExplorer","timestamp":"2025-05-08T08:45:59.672Z"}
info: Mapped {/api/user/delete/:id, DELETE} route {"context":"RouterExplorer","timestamp":"2025-05-08T08:45:59.673Z"}
info: Mapped {/api/user/profile/:id, GET} route {"context":"RouterExplorer","timestamp":"2025-05-08T08:45:59.674Z"}
info: RolesController {/api/roles}: {"context":"RoutesResolver","timestamp":"2025-05-08T08:45:59.675Z"}
info: Mapped {/api/roles/list, GET} route {"context":"RouterExplorer","timestamp":"2025-05-08T08:45:59.676Z"}
info: Mapped {/api/roles/add, POST} route {"context":"RouterExplorer","timestamp":"2025-05-08T08:45:59.676Z"}
info: Mapped {/api/roles/delete/:id, DELETE} route {"context":"RouterExplorer","timestamp":"2025-05-08T08:45:59.677Z"}
info: Mapped {/api/roles/edit/:id, PATCH} route {"context":"RouterExplorer","timestamp":"2025-05-08T08:45:59.678Z"}
info: AuthController {/api/auth}: {"context":"RoutesResolver","timestamp":"2025-05-08T08:45:59.678Z"}
info: Mapped {/api/auth/signin, POST} route {"context":"RouterExplorer","timestamp":"2025-05-08T08:45:59.679Z"}
info: Mapped {/api/auth/signup, POST} route {"context":"RouterExplorer","timestamp":"2025-05-08T08:45:59.680Z"}
info: Nest application successfully started {"context":"NestApplication","timestamp":"2025-05-08T08:45:59.682Z"}
info: LogsController {/api/logs}: {"context":"RoutesResolver","timestamp":"2025-05-08T08:53:05.655Z"}
info: Mapped {/api/logs/logsByGroup/:id, GET} route {"context":"RouterExplorer","timestamp":"2025-05-08T08:53:05.660Z"}
info: UserController {/api/user}: {"context":"RoutesResolver","timestamp":"2025-05-08T08:53:05.660Z"}
info: Mapped {/api/user/list, GET} route {"context":"RouterExplorer","timestamp":"2025-05-08T08:53:05.661Z"}
info: Mapped {/api/user/getUserById/:id, GET} route {"context":"RouterExplorer","timestamp":"2025-05-08T08:53:05.662Z"}
info: Mapped {/api/user/add, POST} route {"context":"RouterExplorer","timestamp":"2025-05-08T08:53:05.663Z"}
info: Mapped {/api/user/edit/:id, PATCH} route {"context":"RouterExplorer","timestamp":"2025-05-08T08:53:05.664Z"}
info: Mapped {/api/user/delete/:id, DELETE} route {"context":"RouterExplorer","timestamp":"2025-05-08T08:53:05.665Z"}
info: Mapped {/api/user/profile/:id, GET} route {"context":"RouterExplorer","timestamp":"2025-05-08T08:53:05.666Z"}
info: RolesController {/api/roles}: {"context":"RoutesResolver","timestamp":"2025-05-08T08:53:05.667Z"}
info: Mapped {/api/roles/list, GET} route {"context":"RouterExplorer","timestamp":"2025-05-08T08:53:05.668Z"}
info: Mapped {/api/roles/add, POST} route {"context":"RouterExplorer","timestamp":"2025-05-08T08:53:05.668Z"}
info: Mapped {/api/roles/delete/:id, DELETE} route {"context":"RouterExplorer","timestamp":"2025-05-08T08:53:05.669Z"}
info: Mapped {/api/roles/edit/:id, PATCH} route {"context":"RouterExplorer","timestamp":"2025-05-08T08:53:05.670Z"}
info: AuthController {/api/auth}: {"context":"RoutesResolver","timestamp":"2025-05-08T08:53:05.670Z"}
info: Mapped {/api/auth/signin, POST} route {"context":"RouterExplorer","timestamp":"2025-05-08T08:53:05.671Z"}
info: Mapped {/api/auth/signup, POST} route {"context":"RouterExplorer","timestamp":"2025-05-08T08:53:05.671Z"}
info: Nest application successfully started {"context":"NestApplication","timestamp":"2025-05-08T08:53:05.674Z"}
info: LogsController {/api/logs}: {"context":"RoutesResolver","timestamp":"2025-05-08T08:55:35.550Z"}
info: Mapped {/api/logs/logsByGroup/:id, GET} route {"context":"RouterExplorer","timestamp":"2025-05-08T08:55:35.555Z"}
info: UserController {/api/user}: {"context":"RoutesResolver","timestamp":"2025-05-08T08:55:35.556Z"}
info: Mapped {/api/user/list, GET} route {"context":"RouterExplorer","timestamp":"2025-05-08T08:55:35.557Z"}
info: Mapped {/api/user/getUserById/:id, GET} route {"context":"RouterExplorer","timestamp":"2025-05-08T08:55:35.558Z"}
info: Mapped {/api/user/add, POST} route {"context":"RouterExplorer","timestamp":"2025-05-08T08:55:35.559Z"}
info: Mapped {/api/user/edit/:id, PATCH} route {"context":"RouterExplorer","timestamp":"2025-05-08T08:55:35.560Z"}
info: Mapped {/api/user/delete/:id, DELETE} route {"context":"RouterExplorer","timestamp":"2025-05-08T08:55:35.561Z"}
info: Mapped {/api/user/profile/:id, GET} route {"context":"RouterExplorer","timestamp":"2025-05-08T08:55:35.562Z"}
info: RolesController {/api/roles}: {"context":"RoutesResolver","timestamp":"2025-05-08T08:55:35.563Z"}
info: Mapped {/api/roles/list, GET} route {"context":"RouterExplorer","timestamp":"2025-05-08T08:55:35.564Z"}
info: Mapped {/api/roles/add, POST} route {"context":"RouterExplorer","timestamp":"2025-05-08T08:55:35.565Z"}
info: Mapped {/api/roles/delete/:id, DELETE} route {"context":"RouterExplorer","timestamp":"2025-05-08T08:55:35.565Z"}
info: Mapped {/api/roles/edit/:id, PATCH} route {"context":"RouterExplorer","timestamp":"2025-05-08T08:55:35.566Z"}
info: AuthController {/api/auth}: {"context":"RoutesResolver","timestamp":"2025-05-08T08:55:35.567Z"}
info: Mapped {/api/auth/signin, POST} route {"context":"RouterExplorer","timestamp":"2025-05-08T08:55:35.567Z"}
info: Mapped {/api/auth/signup, POST} route {"context":"RouterExplorer","timestamp":"2025-05-08T08:55:35.568Z"}
info: Nest application successfully started {"context":"NestApplication","timestamp":"2025-05-08T08:55:35.571Z"}
info: LogsController {/api/logs}: {"context":"RoutesResolver","timestamp":"2025-05-08T08:56:00.653Z"}
info: Mapped {/api/logs/logsByGroup/:id, GET} route {"context":"RouterExplorer","timestamp":"2025-05-08T08:56:00.657Z"}
info: UserController {/api/user}: {"context":"RoutesResolver","timestamp":"2025-05-08T08:56:00.658Z"}
info: Mapped {/api/user/list, GET} route {"context":"RouterExplorer","timestamp":"2025-05-08T08:56:00.659Z"}
info: Mapped {/api/user/getUserById/:id, GET} route {"context":"RouterExplorer","timestamp":"2025-05-08T08:56:00.660Z"}
info: Mapped {/api/user/add, POST} route {"context":"RouterExplorer","timestamp":"2025-05-08T08:56:00.661Z"}
info: Mapped {/api/user/edit/:id, PATCH} route {"context":"RouterExplorer","timestamp":"2025-05-08T08:56:00.662Z"}
info: Mapped {/api/user/delete/:id, DELETE} route {"context":"RouterExplorer","timestamp":"2025-05-08T08:56:00.663Z"}
info: Mapped {/api/user/profile/:id, GET} route {"context":"RouterExplorer","timestamp":"2025-05-08T08:56:00.665Z"}
info: RolesController {/api/roles}: {"context":"RoutesResolver","timestamp":"2025-05-08T08:56:00.665Z"}
info: Mapped {/api/roles/list, GET} route {"context":"RouterExplorer","timestamp":"2025-05-08T08:56:00.666Z"}
info: Mapped {/api/roles/add, POST} route {"context":"RouterExplorer","timestamp":"2025-05-08T08:56:00.667Z"}
info: Mapped {/api/roles/delete/:id, DELETE} route {"context":"RouterExplorer","timestamp":"2025-05-08T08:56:00.668Z"}
info: Mapped {/api/roles/edit/:id, PATCH} route {"context":"RouterExplorer","timestamp":"2025-05-08T08:56:00.668Z"}
info: AuthController {/api/auth}: {"context":"RoutesResolver","timestamp":"2025-05-08T08:56:00.669Z"}
info: Mapped {/api/auth/signin, POST} route {"context":"RouterExplorer","timestamp":"2025-05-08T08:56:00.669Z"}
info: Mapped {/api/auth/signup, POST} route {"context":"RouterExplorer","timestamp":"2025-05-08T08:56:00.670Z"}
info: Nest application successfully started {"context":"NestApplication","timestamp":"2025-05-08T08:56:00.673Z"}
info: LogsController {/api/logs}: {"context":"RoutesResolver","timestamp":"2025-05-08T08:57:13.247Z"}
info: Mapped {/api/logs/logsByGroup/:id, GET} route {"context":"RouterExplorer","timestamp":"2025-05-08T08:57:13.252Z"}
info: UserController {/api/user}: {"context":"RoutesResolver","timestamp":"2025-05-08T08:57:13.252Z"}
info: Mapped {/api/user/list, GET} route {"context":"RouterExplorer","timestamp":"2025-05-08T08:57:13.253Z"}
info: Mapped {/api/user/getUserById/:id, GET} route {"context":"RouterExplorer","timestamp":"2025-05-08T08:57:13.255Z"}
info: Mapped {/api/user/add, POST} route {"context":"RouterExplorer","timestamp":"2025-05-08T08:57:13.256Z"}
info: Mapped {/api/user/edit/:id, PATCH} route {"context":"RouterExplorer","timestamp":"2025-05-08T08:57:13.257Z"}
info: Mapped {/api/user/delete/:id, DELETE} route {"context":"RouterExplorer","timestamp":"2025-05-08T08:57:13.257Z"}
info: Mapped {/api/user/profile/:id, GET} route {"context":"RouterExplorer","timestamp":"2025-05-08T08:57:13.258Z"}
info: RolesController {/api/roles}: {"context":"RoutesResolver","timestamp":"2025-05-08T08:57:13.259Z"}
info: Mapped {/api/roles/list, GET} route {"context":"RouterExplorer","timestamp":"2025-05-08T08:57:13.260Z"}
info: Mapped {/api/roles/add, POST} route {"context":"RouterExplorer","timestamp":"2025-05-08T08:57:13.261Z"}
info: Mapped {/api/roles/delete/:id, DELETE} route {"context":"RouterExplorer","timestamp":"2025-05-08T08:57:13.261Z"}
info: Mapped {/api/roles/edit/:id, PATCH} route {"context":"RouterExplorer","timestamp":"2025-05-08T08:57:13.262Z"}
info: AuthController {/api/auth}: {"context":"RoutesResolver","timestamp":"2025-05-08T08:57:13.263Z"}
info: Mapped {/api/auth/signin, POST} route {"context":"RouterExplorer","timestamp":"2025-05-08T08:57:13.264Z"}
info: Mapped {/api/auth/signup, POST} route {"context":"RouterExplorer","timestamp":"2025-05-08T08:57:13.264Z"}
info: Nest application successfully started {"context":"NestApplication","timestamp":"2025-05-08T08:57:13.267Z"}
info: LogsController {/api/logs}: {"context":"RoutesResolver","timestamp":"2025-05-08T08:57:18.673Z"}
info: Mapped {/api/logs/logsByGroup/:id, GET} route {"context":"RouterExplorer","timestamp":"2025-05-08T08:57:18.678Z"}
info: UserController {/api/user}: {"context":"RoutesResolver","timestamp":"2025-05-08T08:57:18.679Z"}
info: Mapped {/api/user/list, GET} route {"context":"RouterExplorer","timestamp":"2025-05-08T08:57:18.680Z"}
info: Mapped {/api/user/getUserById/:id, GET} route {"context":"RouterExplorer","timestamp":"2025-05-08T08:57:18.681Z"}
info: Mapped {/api/user/add, POST} route {"context":"RouterExplorer","timestamp":"2025-05-08T08:57:18.682Z"}
info: Mapped {/api/user/edit/:id, PATCH} route {"context":"RouterExplorer","timestamp":"2025-05-08T08:57:18.683Z"}
info: Mapped {/api/user/delete/:id, DELETE} route {"context":"RouterExplorer","timestamp":"2025-05-08T08:57:18.684Z"}
info: Mapped {/api/user/profile/:id, GET} route {"context":"RouterExplorer","timestamp":"2025-05-08T08:57:18.685Z"}
info: RolesController {/api/roles}: {"context":"RoutesResolver","timestamp":"2025-05-08T08:57:18.686Z"}
info: Mapped {/api/roles/list, GET} route {"context":"RouterExplorer","timestamp":"2025-05-08T08:57:18.687Z"}
info: Mapped {/api/roles/add, POST} route {"context":"RouterExplorer","timestamp":"2025-05-08T08:57:18.688Z"}
info: Mapped {/api/roles/delete/:id, DELETE} route {"context":"RouterExplorer","timestamp":"2025-05-08T08:57:18.689Z"}
info: Mapped {/api/roles/edit/:id, PATCH} route {"context":"RouterExplorer","timestamp":"2025-05-08T08:57:18.689Z"}
info: AuthController {/api/auth}: {"context":"RoutesResolver","timestamp":"2025-05-08T08:57:18.690Z"}
info: Mapped {/api/auth/signin, POST} route {"context":"RouterExplorer","timestamp":"2025-05-08T08:57:18.691Z"}
info: Mapped {/api/auth/signup, POST} route {"context":"RouterExplorer","timestamp":"2025-05-08T08:57:18.691Z"}
info: Nest application successfully started {"context":"NestApplication","timestamp":"2025-05-08T08:57:18.694Z"}
info: LogsController {/api/logs}: {"context":"RoutesResolver","timestamp":"2025-05-08T08:59:08.868Z"}
info: Mapped {/api/logs/logsByGroup/:id, GET} route {"context":"RouterExplorer","timestamp":"2025-05-08T08:59:08.872Z"}
info: UserController {/api/user}: {"context":"RoutesResolver","timestamp":"2025-05-08T08:59:08.872Z"}
info: Mapped {/api/user/list, GET} route {"context":"RouterExplorer","timestamp":"2025-05-08T08:59:08.873Z"}
info: Mapped {/api/user/getUserById/:id, GET} route {"context":"RouterExplorer","timestamp":"2025-05-08T08:59:08.874Z"}
info: Mapped {/api/user/add, POST} route {"context":"RouterExplorer","timestamp":"2025-05-08T08:59:08.875Z"}
info: Mapped {/api/user/edit/:id, PATCH} route {"context":"RouterExplorer","timestamp":"2025-05-08T08:59:08.876Z"}
info: Mapped {/api/user/delete/:id, DELETE} route {"context":"RouterExplorer","timestamp":"2025-05-08T08:59:08.876Z"}
info: Mapped {/api/user/profile/:id, GET} route {"context":"RouterExplorer","timestamp":"2025-05-08T08:59:08.877Z"}
info: RolesController {/api/roles}: {"context":"RoutesResolver","timestamp":"2025-05-08T08:59:08.878Z"}
info: Mapped {/api/roles/list, GET} route {"context":"RouterExplorer","timestamp":"2025-05-08T08:59:08.878Z"}
info: Mapped {/api/roles/add, POST} route {"context":"RouterExplorer","timestamp":"2025-05-08T08:59:08.879Z"}
info: Mapped {/api/roles/delete/:id, DELETE} route {"context":"RouterExplorer","timestamp":"2025-05-08T08:59:08.880Z"}
info: Mapped {/api/roles/edit/:id, PATCH} route {"context":"RouterExplorer","timestamp":"2025-05-08T08:59:08.880Z"}
info: AuthController {/api/auth}: {"context":"RoutesResolver","timestamp":"2025-05-08T08:59:08.881Z"}
info: Mapped {/api/auth/signin, POST} route {"context":"RouterExplorer","timestamp":"2025-05-08T08:59:08.881Z"}
info: Mapped {/api/auth/signup, POST} route {"context":"RouterExplorer","timestamp":"2025-05-08T08:59:08.882Z"}
info: Nest application successfully started {"context":"NestApplication","timestamp":"2025-05-08T08:59:08.884Z"}
info: LogsController {/api/logs}: {"context":"RoutesResolver","timestamp":"2025-05-08T08:59:53.267Z"}
info: Mapped {/api/logs/logsByGroup/:id, GET} route {"context":"RouterExplorer","timestamp":"2025-05-08T08:59:53.273Z"}
info: UserController {/api/user}: {"context":"RoutesResolver","timestamp":"2025-05-08T08:59:53.274Z"}
info: Mapped {/api/user/list, GET} route {"context":"RouterExplorer","timestamp":"2025-05-08T08:59:53.276Z"}
info: Mapped {/api/user/getUserById/:id, GET} route {"context":"RouterExplorer","timestamp":"2025-05-08T08:59:53.277Z"}
info: Mapped {/api/user/add, POST} route {"context":"RouterExplorer","timestamp":"2025-05-08T08:59:53.278Z"}
info: Mapped {/api/user/edit/:id, PATCH} route {"context":"RouterExplorer","timestamp":"2025-05-08T08:59:53.279Z"}
info: Mapped {/api/user/delete/:id, DELETE} route {"context":"RouterExplorer","timestamp":"2025-05-08T08:59:53.280Z"}
info: Mapped {/api/user/profile/:id, GET} route {"context":"RouterExplorer","timestamp":"2025-05-08T08:59:53.281Z"}
info: RolesController {/api/roles}: {"context":"RoutesResolver","timestamp":"2025-05-08T08:59:53.282Z"}
info: Mapped {/api/roles/list, GET} route {"context":"RouterExplorer","timestamp":"2025-05-08T08:59:53.283Z"}
info: Mapped {/api/roles/add, POST} route {"context":"RouterExplorer","timestamp":"2025-05-08T08:59:53.284Z"}
info: Mapped {/api/roles/delete/:id, DELETE} route {"context":"RouterExplorer","timestamp":"2025-05-08T08:59:53.285Z"}
info: Mapped {/api/roles/edit/:id, PATCH} route {"context":"RouterExplorer","timestamp":"2025-05-08T08:59:53.286Z"}
info: AuthController {/api/auth}: {"context":"RoutesResolver","timestamp":"2025-05-08T08:59:53.287Z"}
info: Mapped {/api/auth/signin, POST} route {"context":"RouterExplorer","timestamp":"2025-05-08T08:59:53.287Z"}
info: Mapped {/api/auth/signup, POST} route {"context":"RouterExplorer","timestamp":"2025-05-08T08:59:53.288Z"}
info: Nest application successfully started {"context":"NestApplication","timestamp":"2025-05-08T08:59:53.291Z"}
