info: LogsController {/api/logs}: {"context":"RoutesResolver","timestamp":"2025-04-30T09:02:18.059Z"}
info: Mapped {/api/logs/logsByGroup/:id, GET} route {"context":"RouterExplorer","timestamp":"2025-04-30T09:02:18.064Z"}
info: UserController {/api/user}: {"context":"RoutesResolver","timestamp":"2025-04-30T09:02:18.065Z"}
info: Mapped {/api/user/list, GET} route {"context":"RouterExplorer","timestamp":"2025-04-30T09:02:18.066Z"}
info: Mapped {/api/user/getUserById/:id, GET} route {"context":"RouterExplorer","timestamp":"2025-04-30T09:02:18.067Z"}
info: Mapped {/api/user/add, POST} route {"context":"RouterExplorer","timestamp":"2025-04-30T09:02:18.069Z"}
info: Mapped {/api/user/edit/:id, PATCH} route {"context":"RouterExplorer","timestamp":"2025-04-30T09:02:18.070Z"}
info: Mapped {/api/user/delete/:id, DELETE} route {"context":"RouterExplorer","timestamp":"2025-04-30T09:02:18.071Z"}
info: Mapped {/api/user/profile/:id, GET} route {"context":"RouterExplorer","timestamp":"2025-04-30T09:02:18.072Z"}
info: RolesController {/api/roles}: {"context":"RoutesResolver","timestamp":"2025-04-30T09:02:18.072Z"}
info: Mapped {/api/roles/list, GET} route {"context":"RouterExplorer","timestamp":"2025-04-30T09:02:18.073Z"}
info: Mapped {/api/roles/add, POST} route {"context":"RouterExplorer","timestamp":"2025-04-30T09:02:18.074Z"}
info: Mapped {/api/roles/delete/:id, DELETE} route {"context":"RouterExplorer","timestamp":"2025-04-30T09:02:18.075Z"}
info: Mapped {/api/roles/edit/:id, PATCH} route {"context":"RouterExplorer","timestamp":"2025-04-30T09:02:18.076Z"}
info: Nest application successfully started {"context":"NestApplication","timestamp":"2025-04-30T09:02:18.079Z"}
info: LogsController {/api/logs}: {"context":"RoutesResolver","timestamp":"2025-04-30T09:09:21.393Z"}
info: Mapped {/api/logs/logsByGroup/:id, GET} route {"context":"RouterExplorer","timestamp":"2025-04-30T09:09:21.398Z"}
info: UserController {/api/user}: {"context":"RoutesResolver","timestamp":"2025-04-30T09:09:21.399Z"}
info: Mapped {/api/user/list, GET} route {"context":"RouterExplorer","timestamp":"2025-04-30T09:09:21.400Z"}
info: Mapped {/api/user/getUserById/:id, GET} route {"context":"RouterExplorer","timestamp":"2025-04-30T09:09:21.401Z"}
info: Mapped {/api/user/add, POST} route {"context":"RouterExplorer","timestamp":"2025-04-30T09:09:21.402Z"}
info: Mapped {/api/user/edit/:id, PATCH} route {"context":"RouterExplorer","timestamp":"2025-04-30T09:09:21.403Z"}
info: Mapped {/api/user/delete/:id, DELETE} route {"context":"RouterExplorer","timestamp":"2025-04-30T09:09:21.404Z"}
info: Mapped {/api/user/profile/:id, GET} route {"context":"RouterExplorer","timestamp":"2025-04-30T09:09:21.405Z"}
info: RolesController {/api/roles}: {"context":"RoutesResolver","timestamp":"2025-04-30T09:09:21.405Z"}
info: Mapped {/api/roles/list, GET} route {"context":"RouterExplorer","timestamp":"2025-04-30T09:09:21.406Z"}
info: Mapped {/api/roles/add, POST} route {"context":"RouterExplorer","timestamp":"2025-04-30T09:09:21.409Z"}
info: Mapped {/api/roles/delete/:id, DELETE} route {"context":"RouterExplorer","timestamp":"2025-04-30T09:09:21.409Z"}
info: Mapped {/api/roles/edit/:id, PATCH} route {"context":"RouterExplorer","timestamp":"2025-04-30T09:09:21.410Z"}
info: Nest application successfully started {"context":"NestApplication","timestamp":"2025-04-30T09:09:21.413Z"}
info: LogsController {/api/logs}: {"context":"RoutesResolver","timestamp":"2025-04-30T09:09:26.431Z"}
info: Mapped {/api/logs/logsByGroup/:id, GET} route {"context":"RouterExplorer","timestamp":"2025-04-30T09:09:26.435Z"}
info: UserController {/api/user}: {"context":"RoutesResolver","timestamp":"2025-04-30T09:09:26.436Z"}
info: Mapped {/api/user/list, GET} route {"context":"RouterExplorer","timestamp":"2025-04-30T09:09:26.437Z"}
info: Mapped {/api/user/getUserById/:id, GET} route {"context":"RouterExplorer","timestamp":"2025-04-30T09:09:26.438Z"}
info: Mapped {/api/user/add, POST} route {"context":"RouterExplorer","timestamp":"2025-04-30T09:09:26.439Z"}
info: Mapped {/api/user/edit/:id, PATCH} route {"context":"RouterExplorer","timestamp":"2025-04-30T09:09:26.440Z"}
info: Mapped {/api/user/delete/:id, DELETE} route {"context":"RouterExplorer","timestamp":"2025-04-30T09:09:26.441Z"}
info: Mapped {/api/user/profile/:id, GET} route {"context":"RouterExplorer","timestamp":"2025-04-30T09:09:26.442Z"}
info: RolesController {/api/roles}: {"context":"RoutesResolver","timestamp":"2025-04-30T09:09:26.442Z"}
info: Mapped {/api/roles/list, GET} route {"context":"RouterExplorer","timestamp":"2025-04-30T09:09:26.443Z"}
info: Mapped {/api/roles/add, POST} route {"context":"RouterExplorer","timestamp":"2025-04-30T09:09:26.444Z"}
info: Mapped {/api/roles/delete/:id, DELETE} route {"context":"RouterExplorer","timestamp":"2025-04-30T09:09:26.445Z"}
info: Mapped {/api/roles/edit/:id, PATCH} route {"context":"RouterExplorer","timestamp":"2025-04-30T09:09:26.445Z"}
info: Nest application successfully started {"context":"NestApplication","timestamp":"2025-04-30T09:09:26.448Z"}
info: LogsController {/api/logs}: {"context":"RoutesResolver","timestamp":"2025-04-30T09:09:51.159Z"}
info: Mapped {/api/logs/logsByGroup/:id, GET} route {"context":"RouterExplorer","timestamp":"2025-04-30T09:09:51.163Z"}
info: UserController {/api/user}: {"context":"RoutesResolver","timestamp":"2025-04-30T09:09:51.163Z"}
info: Mapped {/api/user/list, GET} route {"context":"RouterExplorer","timestamp":"2025-04-30T09:09:51.164Z"}
info: Mapped {/api/user/getUserById/:id, GET} route {"context":"RouterExplorer","timestamp":"2025-04-30T09:09:51.165Z"}
info: Mapped {/api/user/add, POST} route {"context":"RouterExplorer","timestamp":"2025-04-30T09:09:51.166Z"}
info: Mapped {/api/user/edit/:id, PATCH} route {"context":"RouterExplorer","timestamp":"2025-04-30T09:09:51.167Z"}
info: Mapped {/api/user/delete/:id, DELETE} route {"context":"RouterExplorer","timestamp":"2025-04-30T09:09:51.167Z"}
info: Mapped {/api/user/profile/:id, GET} route {"context":"RouterExplorer","timestamp":"2025-04-30T09:09:51.168Z"}
info: RolesController {/api/roles}: {"context":"RoutesResolver","timestamp":"2025-04-30T09:09:51.168Z"}
info: Mapped {/api/roles/list, GET} route {"context":"RouterExplorer","timestamp":"2025-04-30T09:09:51.169Z"}
info: Mapped {/api/roles/add, POST} route {"context":"RouterExplorer","timestamp":"2025-04-30T09:09:51.170Z"}
info: Mapped {/api/roles/delete/:id, DELETE} route {"context":"RouterExplorer","timestamp":"2025-04-30T09:09:51.171Z"}
info: Mapped {/api/roles/edit/:id, PATCH} route {"context":"RouterExplorer","timestamp":"2025-04-30T09:09:51.171Z"}
info: Nest application successfully started {"context":"NestApplication","timestamp":"2025-04-30T09:09:51.174Z"}
info: LogsController {/api/logs}: {"context":"RoutesResolver","timestamp":"2025-04-30T09:15:43.846Z"}
info: Mapped {/api/logs/logsByGroup/:id, GET} route {"context":"RouterExplorer","timestamp":"2025-04-30T09:15:43.852Z"}
info: UserController {/api/user}: {"context":"RoutesResolver","timestamp":"2025-04-30T09:15:43.853Z"}
info: Mapped {/api/user/list, GET} route {"context":"RouterExplorer","timestamp":"2025-04-30T09:15:43.854Z"}
info: Mapped {/api/user/getUserById/:id, GET} route {"context":"RouterExplorer","timestamp":"2025-04-30T09:15:43.855Z"}
info: Mapped {/api/user/add, POST} route {"context":"RouterExplorer","timestamp":"2025-04-30T09:15:43.857Z"}
info: Mapped {/api/user/edit/:id, PATCH} route {"context":"RouterExplorer","timestamp":"2025-04-30T09:15:43.858Z"}
info: Mapped {/api/user/delete/:id, DELETE} route {"context":"RouterExplorer","timestamp":"2025-04-30T09:15:43.859Z"}
info: Mapped {/api/user/profile/:id, GET} route {"context":"RouterExplorer","timestamp":"2025-04-30T09:15:43.860Z"}
info: RolesController {/api/roles}: {"context":"RoutesResolver","timestamp":"2025-04-30T09:15:43.860Z"}
info: Mapped {/api/roles/list, GET} route {"context":"RouterExplorer","timestamp":"2025-04-30T09:15:43.861Z"}
info: Mapped {/api/roles/add, POST} route {"context":"RouterExplorer","timestamp":"2025-04-30T09:15:43.862Z"}
info: Mapped {/api/roles/delete/:id, DELETE} route {"context":"RouterExplorer","timestamp":"2025-04-30T09:15:43.863Z"}
info: Mapped {/api/roles/edit/:id, PATCH} route {"context":"RouterExplorer","timestamp":"2025-04-30T09:15:43.863Z"}
info: Nest application successfully started {"context":"NestApplication","timestamp":"2025-04-30T09:15:43.866Z"}
info: LogsController {/api/logs}: {"context":"RoutesResolver","timestamp":"2025-04-30T09:40:42.626Z"}
info: Mapped {/api/logs/logsByGroup/:id, GET} route {"context":"RouterExplorer","timestamp":"2025-04-30T09:40:42.630Z"}
info: UserController {/api/user}: {"context":"RoutesResolver","timestamp":"2025-04-30T09:40:42.631Z"}
info: Mapped {/api/user/list, GET} route {"context":"RouterExplorer","timestamp":"2025-04-30T09:40:42.632Z"}
info: Mapped {/api/user/getUserById/:id, GET} route {"context":"RouterExplorer","timestamp":"2025-04-30T09:40:42.632Z"}
info: Mapped {/api/user/add, POST} route {"context":"RouterExplorer","timestamp":"2025-04-30T09:40:42.633Z"}
info: Mapped {/api/user/edit/:id, PATCH} route {"context":"RouterExplorer","timestamp":"2025-04-30T09:40:42.634Z"}
info: Mapped {/api/user/delete/:id, DELETE} route {"context":"RouterExplorer","timestamp":"2025-04-30T09:40:42.635Z"}
info: Mapped {/api/user/profile/:id, GET} route {"context":"RouterExplorer","timestamp":"2025-04-30T09:40:42.636Z"}
info: RolesController {/api/roles}: {"context":"RoutesResolver","timestamp":"2025-04-30T09:40:42.637Z"}
info: Mapped {/api/roles/list, GET} route {"context":"RouterExplorer","timestamp":"2025-04-30T09:40:42.637Z"}
info: Mapped {/api/roles/add, POST} route {"context":"RouterExplorer","timestamp":"2025-04-30T09:40:42.638Z"}
info: Mapped {/api/roles/delete/:id, DELETE} route {"context":"RouterExplorer","timestamp":"2025-04-30T09:40:42.639Z"}
info: Mapped {/api/roles/edit/:id, PATCH} route {"context":"RouterExplorer","timestamp":"2025-04-30T09:40:42.640Z"}
info: Nest application successfully started {"context":"NestApplication","timestamp":"2025-04-30T09:40:42.642Z"}
info: LogsController {/api/logs}: {"context":"RoutesResolver","timestamp":"2025-04-30T09:41:01.959Z"}
info: Mapped {/api/logs/logsByGroup/:id, GET} route {"context":"RouterExplorer","timestamp":"2025-04-30T09:41:01.964Z"}
info: UserController {/api/user}: {"context":"RoutesResolver","timestamp":"2025-04-30T09:41:01.965Z"}
info: Mapped {/api/user/list, GET} route {"context":"RouterExplorer","timestamp":"2025-04-30T09:41:01.966Z"}
info: Mapped {/api/user/getUserById/:id, GET} route {"context":"RouterExplorer","timestamp":"2025-04-30T09:41:01.967Z"}
info: Mapped {/api/user/add, POST} route {"context":"RouterExplorer","timestamp":"2025-04-30T09:41:01.968Z"}
info: Mapped {/api/user/edit/:id, PATCH} route {"context":"RouterExplorer","timestamp":"2025-04-30T09:41:01.969Z"}
info: Mapped {/api/user/delete/:id, DELETE} route {"context":"RouterExplorer","timestamp":"2025-04-30T09:41:01.970Z"}
info: Mapped {/api/user/profile/:id, GET} route {"context":"RouterExplorer","timestamp":"2025-04-30T09:41:01.970Z"}
info: RolesController {/api/roles}: {"context":"RoutesResolver","timestamp":"2025-04-30T09:41:01.971Z"}
info: Mapped {/api/roles/list, GET} route {"context":"RouterExplorer","timestamp":"2025-04-30T09:41:01.972Z"}
info: Mapped {/api/roles/add, POST} route {"context":"RouterExplorer","timestamp":"2025-04-30T09:41:01.973Z"}
info: Mapped {/api/roles/delete/:id, DELETE} route {"context":"RouterExplorer","timestamp":"2025-04-30T09:41:01.974Z"}
info: Mapped {/api/roles/edit/:id, PATCH} route {"context":"RouterExplorer","timestamp":"2025-04-30T09:41:01.974Z"}
info: Nest application successfully started {"context":"NestApplication","timestamp":"2025-04-30T09:41:01.977Z"}
info: LogsController {/api/logs}: {"context":"RoutesResolver","timestamp":"2025-04-30T09:41:06.546Z"}
info: Mapped {/api/logs/logsByGroup/:id, GET} route {"context":"RouterExplorer","timestamp":"2025-04-30T09:41:06.552Z"}
info: UserController {/api/user}: {"context":"RoutesResolver","timestamp":"2025-04-30T09:41:06.553Z"}
info: Mapped {/api/user/list, GET} route {"context":"RouterExplorer","timestamp":"2025-04-30T09:41:06.554Z"}
info: Mapped {/api/user/getUserById/:id, GET} route {"context":"RouterExplorer","timestamp":"2025-04-30T09:41:06.555Z"}
info: Mapped {/api/user/add, POST} route {"context":"RouterExplorer","timestamp":"2025-04-30T09:41:06.556Z"}
info: Mapped {/api/user/edit/:id, PATCH} route {"context":"RouterExplorer","timestamp":"2025-04-30T09:41:06.556Z"}
info: Mapped {/api/user/delete/:id, DELETE} route {"context":"RouterExplorer","timestamp":"2025-04-30T09:41:06.557Z"}
info: Mapped {/api/user/profile/:id, GET} route {"context":"RouterExplorer","timestamp":"2025-04-30T09:41:06.558Z"}
info: RolesController {/api/roles}: {"context":"RoutesResolver","timestamp":"2025-04-30T09:41:06.558Z"}
info: Mapped {/api/roles/list, GET} route {"context":"RouterExplorer","timestamp":"2025-04-30T09:41:06.559Z"}
info: Mapped {/api/roles/add, POST} route {"context":"RouterExplorer","timestamp":"2025-04-30T09:41:06.560Z"}
info: Mapped {/api/roles/delete/:id, DELETE} route {"context":"RouterExplorer","timestamp":"2025-04-30T09:41:06.561Z"}
info: Mapped {/api/roles/edit/:id, PATCH} route {"context":"RouterExplorer","timestamp":"2025-04-30T09:41:06.561Z"}
info: AuthController {/api/auth}: {"context":"RoutesResolver","timestamp":"2025-04-30T09:41:06.561Z"}
info: Nest application successfully started {"context":"NestApplication","timestamp":"2025-04-30T09:41:06.564Z"}
info: LogsController {/api/logs}: {"context":"RoutesResolver","timestamp":"2025-04-30T09:41:25.080Z"}
info: Mapped {/api/logs/logsByGroup/:id, GET} route {"context":"RouterExplorer","timestamp":"2025-04-30T09:41:25.085Z"}
info: UserController {/api/user}: {"context":"RoutesResolver","timestamp":"2025-04-30T09:41:25.086Z"}
info: Mapped {/api/user/list, GET} route {"context":"RouterExplorer","timestamp":"2025-04-30T09:41:25.087Z"}
info: Mapped {/api/user/getUserById/:id, GET} route {"context":"RouterExplorer","timestamp":"2025-04-30T09:41:25.088Z"}
info: Mapped {/api/user/add, POST} route {"context":"RouterExplorer","timestamp":"2025-04-30T09:41:25.089Z"}
info: Mapped {/api/user/edit/:id, PATCH} route {"context":"RouterExplorer","timestamp":"2025-04-30T09:41:25.090Z"}
info: Mapped {/api/user/delete/:id, DELETE} route {"context":"RouterExplorer","timestamp":"2025-04-30T09:41:25.090Z"}
info: Mapped {/api/user/profile/:id, GET} route {"context":"RouterExplorer","timestamp":"2025-04-30T09:41:25.091Z"}
info: RolesController {/api/roles}: {"context":"RoutesResolver","timestamp":"2025-04-30T09:41:25.092Z"}
info: Mapped {/api/roles/list, GET} route {"context":"RouterExplorer","timestamp":"2025-04-30T09:41:25.093Z"}
info: Mapped {/api/roles/add, POST} route {"context":"RouterExplorer","timestamp":"2025-04-30T09:41:25.094Z"}
info: Mapped {/api/roles/delete/:id, DELETE} route {"context":"RouterExplorer","timestamp":"2025-04-30T09:41:25.094Z"}
info: Mapped {/api/roles/edit/:id, PATCH} route {"context":"RouterExplorer","timestamp":"2025-04-30T09:41:25.095Z"}
info: AuthController {/api/auth}: {"context":"RoutesResolver","timestamp":"2025-04-30T09:41:25.095Z"}
info: Nest application successfully started {"context":"NestApplication","timestamp":"2025-04-30T09:41:25.098Z"}
info: LogsController {/api/logs}: {"context":"RoutesResolver","timestamp":"2025-04-30T09:41:38.289Z"}
info: Mapped {/api/logs/logsByGroup/:id, GET} route {"context":"RouterExplorer","timestamp":"2025-04-30T09:41:38.294Z"}
info: UserController {/api/user}: {"context":"RoutesResolver","timestamp":"2025-04-30T09:41:38.295Z"}
info: Mapped {/api/user/list, GET} route {"context":"RouterExplorer","timestamp":"2025-04-30T09:41:38.296Z"}
info: Mapped {/api/user/getUserById/:id, GET} route {"context":"RouterExplorer","timestamp":"2025-04-30T09:41:38.297Z"}
info: Mapped {/api/user/add, POST} route {"context":"RouterExplorer","timestamp":"2025-04-30T09:41:38.298Z"}
info: Mapped {/api/user/edit/:id, PATCH} route {"context":"RouterExplorer","timestamp":"2025-04-30T09:41:38.299Z"}
info: Mapped {/api/user/delete/:id, DELETE} route {"context":"RouterExplorer","timestamp":"2025-04-30T09:41:38.300Z"}
info: Mapped {/api/user/profile/:id, GET} route {"context":"RouterExplorer","timestamp":"2025-04-30T09:41:38.301Z"}
info: RolesController {/api/roles}: {"context":"RoutesResolver","timestamp":"2025-04-30T09:41:38.302Z"}
info: Mapped {/api/roles/list, GET} route {"context":"RouterExplorer","timestamp":"2025-04-30T09:41:38.302Z"}
info: Mapped {/api/roles/add, POST} route {"context":"RouterExplorer","timestamp":"2025-04-30T09:41:38.303Z"}
info: Mapped {/api/roles/delete/:id, DELETE} route {"context":"RouterExplorer","timestamp":"2025-04-30T09:41:38.304Z"}
info: Mapped {/api/roles/edit/:id, PATCH} route {"context":"RouterExplorer","timestamp":"2025-04-30T09:41:38.305Z"}
info: AuthController {/api/auth}: {"context":"RoutesResolver","timestamp":"2025-04-30T09:41:38.306Z"}
info: Nest application successfully started {"context":"NestApplication","timestamp":"2025-04-30T09:41:38.309Z"}
info: LogsController {/api/logs}: {"context":"RoutesResolver","timestamp":"2025-04-30T09:43:06.539Z"}
info: Mapped {/api/logs/logsByGroup/:id, GET} route {"context":"RouterExplorer","timestamp":"2025-04-30T09:43:06.543Z"}
info: UserController {/api/user}: {"context":"RoutesResolver","timestamp":"2025-04-30T09:43:06.544Z"}
info: Mapped {/api/user/list, GET} route {"context":"RouterExplorer","timestamp":"2025-04-30T09:43:06.545Z"}
info: Mapped {/api/user/getUserById/:id, GET} route {"context":"RouterExplorer","timestamp":"2025-04-30T09:43:06.546Z"}
info: Mapped {/api/user/add, POST} route {"context":"RouterExplorer","timestamp":"2025-04-30T09:43:06.547Z"}
info: Mapped {/api/user/edit/:id, PATCH} route {"context":"RouterExplorer","timestamp":"2025-04-30T09:43:06.548Z"}
info: Mapped {/api/user/delete/:id, DELETE} route {"context":"RouterExplorer","timestamp":"2025-04-30T09:43:06.549Z"}
info: Mapped {/api/user/profile/:id, GET} route {"context":"RouterExplorer","timestamp":"2025-04-30T09:43:06.550Z"}
info: RolesController {/api/roles}: {"context":"RoutesResolver","timestamp":"2025-04-30T09:43:06.550Z"}
info: Mapped {/api/roles/list, GET} route {"context":"RouterExplorer","timestamp":"2025-04-30T09:43:06.551Z"}
info: Mapped {/api/roles/add, POST} route {"context":"RouterExplorer","timestamp":"2025-04-30T09:43:06.552Z"}
info: Mapped {/api/roles/delete/:id, DELETE} route {"context":"RouterExplorer","timestamp":"2025-04-30T09:43:06.552Z"}
info: Mapped {/api/roles/edit/:id, PATCH} route {"context":"RouterExplorer","timestamp":"2025-04-30T09:43:06.553Z"}
info: AuthController {/api/auth}: {"context":"RoutesResolver","timestamp":"2025-04-30T09:43:06.553Z"}
info: Mapped {/api/auth/signin, POST} route {"context":"RouterExplorer","timestamp":"2025-04-30T09:43:06.554Z"}
info: Mapped {/api/auth/signup, POST} route {"context":"RouterExplorer","timestamp":"2025-04-30T09:43:06.554Z"}
info: Nest application successfully started {"context":"NestApplication","timestamp":"2025-04-30T09:43:06.557Z"}
info: LogsController {/api/logs}: {"context":"RoutesResolver","timestamp":"2025-04-30T09:43:48.282Z"}
info: Mapped {/api/logs/logsByGroup/:id, GET} route {"context":"RouterExplorer","timestamp":"2025-04-30T09:43:48.287Z"}
info: UserController {/api/user}: {"context":"RoutesResolver","timestamp":"2025-04-30T09:43:48.288Z"}
info: Mapped {/api/user/list, GET} route {"context":"RouterExplorer","timestamp":"2025-04-30T09:43:48.289Z"}
info: Mapped {/api/user/getUserById/:id, GET} route {"context":"RouterExplorer","timestamp":"2025-04-30T09:43:48.289Z"}
info: Mapped {/api/user/add, POST} route {"context":"RouterExplorer","timestamp":"2025-04-30T09:43:48.291Z"}
info: Mapped {/api/user/edit/:id, PATCH} route {"context":"RouterExplorer","timestamp":"2025-04-30T09:43:48.292Z"}
info: Mapped {/api/user/delete/:id, DELETE} route {"context":"RouterExplorer","timestamp":"2025-04-30T09:43:48.293Z"}
info: Mapped {/api/user/profile/:id, GET} route {"context":"RouterExplorer","timestamp":"2025-04-30T09:43:48.294Z"}
info: RolesController {/api/roles}: {"context":"RoutesResolver","timestamp":"2025-04-30T09:43:48.295Z"}
info: Mapped {/api/roles/list, GET} route {"context":"RouterExplorer","timestamp":"2025-04-30T09:43:48.295Z"}
info: Mapped {/api/roles/add, POST} route {"context":"RouterExplorer","timestamp":"2025-04-30T09:43:48.296Z"}
info: Mapped {/api/roles/delete/:id, DELETE} route {"context":"RouterExplorer","timestamp":"2025-04-30T09:43:48.297Z"}
info: Mapped {/api/roles/edit/:id, PATCH} route {"context":"RouterExplorer","timestamp":"2025-04-30T09:43:48.297Z"}
info: AuthController {/api/auth}: {"context":"RoutesResolver","timestamp":"2025-04-30T09:43:48.298Z"}
info: Mapped {/api/auth/signin, POST} route {"context":"RouterExplorer","timestamp":"2025-04-30T09:43:48.298Z"}
info: Mapped {/api/auth/signup, POST} route {"context":"RouterExplorer","timestamp":"2025-04-30T09:43:48.299Z"}
info: Nest application successfully started {"context":"NestApplication","timestamp":"2025-04-30T09:43:48.301Z"}
info: LogsController {/api/logs}: {"context":"RoutesResolver","timestamp":"2025-04-30T09:45:09.384Z"}
info: Mapped {/api/logs/logsByGroup/:id, GET} route {"context":"RouterExplorer","timestamp":"2025-04-30T09:45:09.388Z"}
info: UserController {/api/user}: {"context":"RoutesResolver","timestamp":"2025-04-30T09:45:09.389Z"}
info: Mapped {/api/user/list, GET} route {"context":"RouterExplorer","timestamp":"2025-04-30T09:45:09.390Z"}
info: Mapped {/api/user/getUserById/:id, GET} route {"context":"RouterExplorer","timestamp":"2025-04-30T09:45:09.390Z"}
info: Mapped {/api/user/add, POST} route {"context":"RouterExplorer","timestamp":"2025-04-30T09:45:09.391Z"}
info: Mapped {/api/user/edit/:id, PATCH} route {"context":"RouterExplorer","timestamp":"2025-04-30T09:45:09.392Z"}
info: Mapped {/api/user/delete/:id, DELETE} route {"context":"RouterExplorer","timestamp":"2025-04-30T09:45:09.393Z"}
info: Mapped {/api/user/profile/:id, GET} route {"context":"RouterExplorer","timestamp":"2025-04-30T09:45:09.394Z"}
info: RolesController {/api/roles}: {"context":"RoutesResolver","timestamp":"2025-04-30T09:45:09.394Z"}
info: Mapped {/api/roles/list, GET} route {"context":"RouterExplorer","timestamp":"2025-04-30T09:45:09.395Z"}
info: Mapped {/api/roles/add, POST} route {"context":"RouterExplorer","timestamp":"2025-04-30T09:45:09.396Z"}
info: Mapped {/api/roles/delete/:id, DELETE} route {"context":"RouterExplorer","timestamp":"2025-04-30T09:45:09.396Z"}
info: Mapped {/api/roles/edit/:id, PATCH} route {"context":"RouterExplorer","timestamp":"2025-04-30T09:45:09.397Z"}
info: AuthController {/api/auth}: {"context":"RoutesResolver","timestamp":"2025-04-30T09:45:09.397Z"}
info: Mapped {/api/auth/signin, POST} route {"context":"RouterExplorer","timestamp":"2025-04-30T09:45:09.398Z"}
info: Mapped {/api/auth/signup, POST} route {"context":"RouterExplorer","timestamp":"2025-04-30T09:45:09.398Z"}
info: Nest application successfully started {"context":"NestApplication","timestamp":"2025-04-30T09:45:09.400Z"}
info: LogsController {/api/logs}: {"context":"RoutesResolver","timestamp":"2025-04-30T09:45:36.306Z"}
info: Mapped {/api/logs/logsByGroup/:id, GET} route {"context":"RouterExplorer","timestamp":"2025-04-30T09:45:36.310Z"}
info: UserController {/api/user}: {"context":"RoutesResolver","timestamp":"2025-04-30T09:45:36.310Z"}
info: Mapped {/api/user/list, GET} route {"context":"RouterExplorer","timestamp":"2025-04-30T09:45:36.311Z"}
info: Mapped {/api/user/getUserById/:id, GET} route {"context":"RouterExplorer","timestamp":"2025-04-30T09:45:36.312Z"}
info: Mapped {/api/user/add, POST} route {"context":"RouterExplorer","timestamp":"2025-04-30T09:45:36.313Z"}
info: Mapped {/api/user/edit/:id, PATCH} route {"context":"RouterExplorer","timestamp":"2025-04-30T09:45:36.314Z"}
info: Mapped {/api/user/delete/:id, DELETE} route {"context":"RouterExplorer","timestamp":"2025-04-30T09:45:36.315Z"}
info: Mapped {/api/user/profile/:id, GET} route {"context":"RouterExplorer","timestamp":"2025-04-30T09:45:36.315Z"}
info: RolesController {/api/roles}: {"context":"RoutesResolver","timestamp":"2025-04-30T09:45:36.316Z"}
info: Mapped {/api/roles/list, GET} route {"context":"RouterExplorer","timestamp":"2025-04-30T09:45:36.317Z"}
info: Mapped {/api/roles/add, POST} route {"context":"RouterExplorer","timestamp":"2025-04-30T09:45:36.317Z"}
info: Mapped {/api/roles/delete/:id, DELETE} route {"context":"RouterExplorer","timestamp":"2025-04-30T09:45:36.318Z"}
info: Mapped {/api/roles/edit/:id, PATCH} route {"context":"RouterExplorer","timestamp":"2025-04-30T09:45:36.319Z"}
info: AuthController {/api/auth}: {"context":"RoutesResolver","timestamp":"2025-04-30T09:45:36.319Z"}
info: Mapped {/api/auth/signin, POST} route {"context":"RouterExplorer","timestamp":"2025-04-30T09:45:36.320Z"}
info: Mapped {/api/auth/signup, POST} route {"context":"RouterExplorer","timestamp":"2025-04-30T09:45:36.320Z"}
info: Nest application successfully started {"context":"NestApplication","timestamp":"2025-04-30T09:45:36.323Z"}
info: LogsController {/api/logs}: {"context":"RoutesResolver","timestamp":"2025-04-30T09:46:41.125Z"}
info: Mapped {/api/logs/logsByGroup/:id, GET} route {"context":"RouterExplorer","timestamp":"2025-04-30T09:46:41.130Z"}
info: UserController {/api/user}: {"context":"RoutesResolver","timestamp":"2025-04-30T09:46:41.130Z"}
info: Mapped {/api/user/list, GET} route {"context":"RouterExplorer","timestamp":"2025-04-30T09:46:41.131Z"}
info: Mapped {/api/user/getUserById/:id, GET} route {"context":"RouterExplorer","timestamp":"2025-04-30T09:46:41.132Z"}
info: Mapped {/api/user/add, POST} route {"context":"RouterExplorer","timestamp":"2025-04-30T09:46:41.133Z"}
info: Mapped {/api/user/edit/:id, PATCH} route {"context":"RouterExplorer","timestamp":"2025-04-30T09:46:41.134Z"}
info: Mapped {/api/user/delete/:id, DELETE} route {"context":"RouterExplorer","timestamp":"2025-04-30T09:46:41.135Z"}
info: Mapped {/api/user/profile/:id, GET} route {"context":"RouterExplorer","timestamp":"2025-04-30T09:46:41.136Z"}
info: RolesController {/api/roles}: {"context":"RoutesResolver","timestamp":"2025-04-30T09:46:41.136Z"}
info: Mapped {/api/roles/list, GET} route {"context":"RouterExplorer","timestamp":"2025-04-30T09:46:41.137Z"}
info: Mapped {/api/roles/add, POST} route {"context":"RouterExplorer","timestamp":"2025-04-30T09:46:41.138Z"}
info: Mapped {/api/roles/delete/:id, DELETE} route {"context":"RouterExplorer","timestamp":"2025-04-30T09:46:41.139Z"}
info: Mapped {/api/roles/edit/:id, PATCH} route {"context":"RouterExplorer","timestamp":"2025-04-30T09:46:41.139Z"}
info: AuthController {/api/auth}: {"context":"RoutesResolver","timestamp":"2025-04-30T09:46:41.140Z"}
info: Mapped {/api/auth/signin, POST} route {"context":"RouterExplorer","timestamp":"2025-04-30T09:46:41.140Z"}
info: Mapped {/api/auth/signup, POST} route {"context":"RouterExplorer","timestamp":"2025-04-30T09:46:41.141Z"}
info: Nest application successfully started {"context":"NestApplication","timestamp":"2025-04-30T09:46:41.144Z"}
info: LogsController {/api/logs}: {"context":"RoutesResolver","timestamp":"2025-04-30T09:47:01.568Z"}
info: Mapped {/api/logs/logsByGroup/:id, GET} route {"context":"RouterExplorer","timestamp":"2025-04-30T09:47:01.572Z"}
info: UserController {/api/user}: {"context":"RoutesResolver","timestamp":"2025-04-30T09:47:01.573Z"}
info: Mapped {/api/user/list, GET} route {"context":"RouterExplorer","timestamp":"2025-04-30T09:47:01.574Z"}
info: Mapped {/api/user/getUserById/:id, GET} route {"context":"RouterExplorer","timestamp":"2025-04-30T09:47:01.575Z"}
info: Mapped {/api/user/add, POST} route {"context":"RouterExplorer","timestamp":"2025-04-30T09:47:01.576Z"}
info: Mapped {/api/user/edit/:id, PATCH} route {"context":"RouterExplorer","timestamp":"2025-04-30T09:47:01.577Z"}
info: Mapped {/api/user/delete/:id, DELETE} route {"context":"RouterExplorer","timestamp":"2025-04-30T09:47:01.578Z"}
info: Mapped {/api/user/profile/:id, GET} route {"context":"RouterExplorer","timestamp":"2025-04-30T09:47:01.578Z"}
info: RolesController {/api/roles}: {"context":"RoutesResolver","timestamp":"2025-04-30T09:47:01.579Z"}
info: Mapped {/api/roles/list, GET} route {"context":"RouterExplorer","timestamp":"2025-04-30T09:47:01.580Z"}
info: Mapped {/api/roles/add, POST} route {"context":"RouterExplorer","timestamp":"2025-04-30T09:47:01.580Z"}
info: Mapped {/api/roles/delete/:id, DELETE} route {"context":"RouterExplorer","timestamp":"2025-04-30T09:47:01.581Z"}
info: Mapped {/api/roles/edit/:id, PATCH} route {"context":"RouterExplorer","timestamp":"2025-04-30T09:47:01.582Z"}
info: AuthController {/api/auth}: {"context":"RoutesResolver","timestamp":"2025-04-30T09:47:01.582Z"}
info: Mapped {/api/auth/signin, POST} route {"context":"RouterExplorer","timestamp":"2025-04-30T09:47:01.583Z"}
info: Mapped {/api/auth/signup, POST} route {"context":"RouterExplorer","timestamp":"2025-04-30T09:47:01.584Z"}
info: Nest application successfully started {"context":"NestApplication","timestamp":"2025-04-30T09:47:01.586Z"}
info: LogsController {/api/logs}: {"context":"RoutesResolver","timestamp":"2025-04-30T09:47:10.709Z"}
info: Mapped {/api/logs/logsByGroup/:id, GET} route {"context":"RouterExplorer","timestamp":"2025-04-30T09:47:10.713Z"}
info: UserController {/api/user}: {"context":"RoutesResolver","timestamp":"2025-04-30T09:47:10.714Z"}
info: Mapped {/api/user/list, GET} route {"context":"RouterExplorer","timestamp":"2025-04-30T09:47:10.714Z"}
info: Mapped {/api/user/getUserById/:id, GET} route {"context":"RouterExplorer","timestamp":"2025-04-30T09:47:10.715Z"}
info: Mapped {/api/user/add, POST} route {"context":"RouterExplorer","timestamp":"2025-04-30T09:47:10.717Z"}
info: Mapped {/api/user/edit/:id, PATCH} route {"context":"RouterExplorer","timestamp":"2025-04-30T09:47:10.717Z"}
info: Mapped {/api/user/delete/:id, DELETE} route {"context":"RouterExplorer","timestamp":"2025-04-30T09:47:10.718Z"}
info: Mapped {/api/user/profile/:id, GET} route {"context":"RouterExplorer","timestamp":"2025-04-30T09:47:10.719Z"}
info: RolesController {/api/roles}: {"context":"RoutesResolver","timestamp":"2025-04-30T09:47:10.719Z"}
info: Mapped {/api/roles/list, GET} route {"context":"RouterExplorer","timestamp":"2025-04-30T09:47:10.720Z"}
info: Mapped {/api/roles/add, POST} route {"context":"RouterExplorer","timestamp":"2025-04-30T09:47:10.721Z"}
info: Mapped {/api/roles/delete/:id, DELETE} route {"context":"RouterExplorer","timestamp":"2025-04-30T09:47:10.722Z"}
info: Mapped {/api/roles/edit/:id, PATCH} route {"context":"RouterExplorer","timestamp":"2025-04-30T09:47:10.723Z"}
info: AuthController {/api/auth}: {"context":"RoutesResolver","timestamp":"2025-04-30T09:47:10.723Z"}
info: Mapped {/api/auth/signin, POST} route {"context":"RouterExplorer","timestamp":"2025-04-30T09:47:10.724Z"}
info: Mapped {/api/auth/signup, POST} route {"context":"RouterExplorer","timestamp":"2025-04-30T09:47:10.724Z"}
info: Nest application successfully started {"context":"NestApplication","timestamp":"2025-04-30T09:47:10.727Z"}
info: LogsController {/api/logs}: {"context":"RoutesResolver","timestamp":"2025-04-30T09:47:31.882Z"}
info: Mapped {/api/logs/logsByGroup/:id, GET} route {"context":"RouterExplorer","timestamp":"2025-04-30T09:47:31.886Z"}
info: UserController {/api/user}: {"context":"RoutesResolver","timestamp":"2025-04-30T09:47:31.887Z"}
info: Mapped {/api/user/list, GET} route {"context":"RouterExplorer","timestamp":"2025-04-30T09:47:31.888Z"}
info: Mapped {/api/user/getUserById/:id, GET} route {"context":"RouterExplorer","timestamp":"2025-04-30T09:47:31.889Z"}
info: Mapped {/api/user/add, POST} route {"context":"RouterExplorer","timestamp":"2025-04-30T09:47:31.890Z"}
info: Mapped {/api/user/edit/:id, PATCH} route {"context":"RouterExplorer","timestamp":"2025-04-30T09:47:31.891Z"}
info: Mapped {/api/user/delete/:id, DELETE} route {"context":"RouterExplorer","timestamp":"2025-04-30T09:47:31.892Z"}
info: Mapped {/api/user/profile/:id, GET} route {"context":"RouterExplorer","timestamp":"2025-04-30T09:47:31.892Z"}
info: RolesController {/api/roles}: {"context":"RoutesResolver","timestamp":"2025-04-30T09:47:31.893Z"}
info: Mapped {/api/roles/list, GET} route {"context":"RouterExplorer","timestamp":"2025-04-30T09:47:31.894Z"}
info: Mapped {/api/roles/add, POST} route {"context":"RouterExplorer","timestamp":"2025-04-30T09:47:31.894Z"}
info: Mapped {/api/roles/delete/:id, DELETE} route {"context":"RouterExplorer","timestamp":"2025-04-30T09:47:31.895Z"}
info: Mapped {/api/roles/edit/:id, PATCH} route {"context":"RouterExplorer","timestamp":"2025-04-30T09:47:31.896Z"}
info: AuthController {/api/auth}: {"context":"RoutesResolver","timestamp":"2025-04-30T09:47:31.896Z"}
info: Mapped {/api/auth/signin, POST} route {"context":"RouterExplorer","timestamp":"2025-04-30T09:47:31.896Z"}
info: Mapped {/api/auth/signup, POST} route {"context":"RouterExplorer","timestamp":"2025-04-30T09:47:31.897Z"}
info: Nest application successfully started {"context":"NestApplication","timestamp":"2025-04-30T09:47:31.899Z"}
info: LogsController {/api/logs}: {"context":"RoutesResolver","timestamp":"2025-04-30T09:47:55.305Z"}
info: Mapped {/api/logs/logsByGroup/:id, GET} route {"context":"RouterExplorer","timestamp":"2025-04-30T09:47:55.311Z"}
info: UserController {/api/user}: {"context":"RoutesResolver","timestamp":"2025-04-30T09:47:55.311Z"}
info: Mapped {/api/user/list, GET} route {"context":"RouterExplorer","timestamp":"2025-04-30T09:47:55.313Z"}
info: Mapped {/api/user/getUserById/:id, GET} route {"context":"RouterExplorer","timestamp":"2025-04-30T09:47:55.314Z"}
info: Mapped {/api/user/add, POST} route {"context":"RouterExplorer","timestamp":"2025-04-30T09:47:55.315Z"}
info: Mapped {/api/user/edit/:id, PATCH} route {"context":"RouterExplorer","timestamp":"2025-04-30T09:47:55.316Z"}
info: Mapped {/api/user/delete/:id, DELETE} route {"context":"RouterExplorer","timestamp":"2025-04-30T09:47:55.317Z"}
info: Mapped {/api/user/profile/:id, GET} route {"context":"RouterExplorer","timestamp":"2025-04-30T09:47:55.318Z"}
info: RolesController {/api/roles}: {"context":"RoutesResolver","timestamp":"2025-04-30T09:47:55.319Z"}
info: Mapped {/api/roles/list, GET} route {"context":"RouterExplorer","timestamp":"2025-04-30T09:47:55.320Z"}
info: Mapped {/api/roles/add, POST} route {"context":"RouterExplorer","timestamp":"2025-04-30T09:47:55.321Z"}
info: Mapped {/api/roles/delete/:id, DELETE} route {"context":"RouterExplorer","timestamp":"2025-04-30T09:47:55.321Z"}
info: Mapped {/api/roles/edit/:id, PATCH} route {"context":"RouterExplorer","timestamp":"2025-04-30T09:47:55.322Z"}
info: AuthController {/api/auth}: {"context":"RoutesResolver","timestamp":"2025-04-30T09:47:55.322Z"}
info: Mapped {/api/auth/signin, POST} route {"context":"RouterExplorer","timestamp":"2025-04-30T09:47:55.323Z"}
info: Mapped {/api/auth/signup, POST} route {"context":"RouterExplorer","timestamp":"2025-04-30T09:47:55.324Z"}
info: Nest application successfully started {"context":"NestApplication","timestamp":"2025-04-30T09:47:55.328Z"}
info: LogsController {/api/logs}: {"context":"RoutesResolver","timestamp":"2025-04-30T09:48:47.319Z"}
info: Mapped {/api/logs/logsByGroup/:id, GET} route {"context":"RouterExplorer","timestamp":"2025-04-30T09:48:47.324Z"}
info: UserController {/api/user}: {"context":"RoutesResolver","timestamp":"2025-04-30T09:48:47.324Z"}
info: Mapped {/api/user/list, GET} route {"context":"RouterExplorer","timestamp":"2025-04-30T09:48:47.326Z"}
info: Mapped {/api/user/getUserById/:id, GET} route {"context":"RouterExplorer","timestamp":"2025-04-30T09:48:47.327Z"}
info: Mapped {/api/user/add, POST} route {"context":"RouterExplorer","timestamp":"2025-04-30T09:48:47.328Z"}
info: Mapped {/api/user/edit/:id, PATCH} route {"context":"RouterExplorer","timestamp":"2025-04-30T09:48:47.329Z"}
info: Mapped {/api/user/delete/:id, DELETE} route {"context":"RouterExplorer","timestamp":"2025-04-30T09:48:47.330Z"}
info: Mapped {/api/user/profile/:id, GET} route {"context":"RouterExplorer","timestamp":"2025-04-30T09:48:47.331Z"}
info: RolesController {/api/roles}: {"context":"RoutesResolver","timestamp":"2025-04-30T09:48:47.332Z"}
info: Mapped {/api/roles/list, GET} route {"context":"RouterExplorer","timestamp":"2025-04-30T09:48:47.332Z"}
info: Mapped {/api/roles/add, POST} route {"context":"RouterExplorer","timestamp":"2025-04-30T09:48:47.333Z"}
info: Mapped {/api/roles/delete/:id, DELETE} route {"context":"RouterExplorer","timestamp":"2025-04-30T09:48:47.334Z"}
info: Mapped {/api/roles/edit/:id, PATCH} route {"context":"RouterExplorer","timestamp":"2025-04-30T09:48:47.335Z"}
info: AuthController {/api/auth}: {"context":"RoutesResolver","timestamp":"2025-04-30T09:48:47.335Z"}
info: Mapped {/api/auth/signin, POST} route {"context":"RouterExplorer","timestamp":"2025-04-30T09:48:47.336Z"}
info: Mapped {/api/auth/signup, POST} route {"context":"RouterExplorer","timestamp":"2025-04-30T09:48:47.337Z"}
info: Nest application successfully started {"context":"NestApplication","timestamp":"2025-04-30T09:48:47.340Z"}
