info: LogsController {/api/logs}: {"context":"RoutesResolver","timestamp":"2025-05-08T02:00:54.384Z"}
info: Mapped {/api/logs/logsByGroup/:id, GET} route {"context":"RouterExplorer","timestamp":"2025-05-08T02:00:54.388Z"}
info: UserController {/api/user}: {"context":"RoutesResolver","timestamp":"2025-05-08T02:00:54.389Z"}
info: Mapped {/api/user/list, GET} route {"context":"RouterExplorer","timestamp":"2025-05-08T02:00:54.390Z"}
info: Mapped {/api/user/getUserById/:id, GET} route {"context":"RouterExplorer","timestamp":"2025-05-08T02:00:54.391Z"}
info: Mapped {/api/user/add, POST} route {"context":"RouterExplorer","timestamp":"2025-05-08T02:00:54.393Z"}
info: Mapped {/api/user/edit/:id, PATCH} route {"context":"RouterExplorer","timestamp":"2025-05-08T02:00:54.394Z"}
info: Mapped {/api/user/delete/:id, DELETE} route {"context":"RouterExplorer","timestamp":"2025-05-08T02:00:54.395Z"}
info: Mapped {/api/user/profile/:id, GET} route {"context":"RouterExplorer","timestamp":"2025-05-08T02:00:54.395Z"}
info: RolesController {/api/roles}: {"context":"RoutesResolver","timestamp":"2025-05-08T02:00:54.396Z"}
info: Mapped {/api/roles/list, GET} route {"context":"RouterExplorer","timestamp":"2025-05-08T02:00:54.397Z"}
info: Mapped {/api/roles/add, POST} route {"context":"RouterExplorer","timestamp":"2025-05-08T02:00:54.398Z"}
info: Mapped {/api/roles/delete/:id, DELETE} route {"context":"RouterExplorer","timestamp":"2025-05-08T02:00:54.399Z"}
info: Mapped {/api/roles/edit/:id, PATCH} route {"context":"RouterExplorer","timestamp":"2025-05-08T02:00:54.400Z"}
info: AuthController {/api/auth}: {"context":"RoutesResolver","timestamp":"2025-05-08T02:00:54.400Z"}
info: Mapped {/api/auth/signin, POST} route {"context":"RouterExplorer","timestamp":"2025-05-08T02:00:54.401Z"}
info: Mapped {/api/auth/signup, POST} route {"context":"RouterExplorer","timestamp":"2025-05-08T02:00:54.402Z"}
info: Nest application successfully started {"context":"NestApplication","timestamp":"2025-05-08T02:00:54.405Z"}
info: LogsController {/api/logs}: {"context":"RoutesResolver","timestamp":"2025-05-08T02:01:21.236Z"}
info: Mapped {/api/logs/logsByGroup/:id, GET} route {"context":"RouterExplorer","timestamp":"2025-05-08T02:01:21.240Z"}
info: UserController {/api/user}: {"context":"RoutesResolver","timestamp":"2025-05-08T02:01:21.241Z"}
info: Mapped {/api/user/list, GET} route {"context":"RouterExplorer","timestamp":"2025-05-08T02:01:21.242Z"}
info: Mapped {/api/user/getUserById/:id, GET} route {"context":"RouterExplorer","timestamp":"2025-05-08T02:01:21.243Z"}
info: Mapped {/api/user/add, POST} route {"context":"RouterExplorer","timestamp":"2025-05-08T02:01:21.244Z"}
info: Mapped {/api/user/edit/:id, PATCH} route {"context":"RouterExplorer","timestamp":"2025-05-08T02:01:21.245Z"}
info: Mapped {/api/user/delete/:id, DELETE} route {"context":"RouterExplorer","timestamp":"2025-05-08T02:01:21.245Z"}
info: Mapped {/api/user/profile/:id, GET} route {"context":"RouterExplorer","timestamp":"2025-05-08T02:01:21.246Z"}
info: RolesController {/api/roles}: {"context":"RoutesResolver","timestamp":"2025-05-08T02:01:21.247Z"}
info: Mapped {/api/roles/list, GET} route {"context":"RouterExplorer","timestamp":"2025-05-08T02:01:21.247Z"}
info: Mapped {/api/roles/add, POST} route {"context":"RouterExplorer","timestamp":"2025-05-08T02:01:21.248Z"}
info: Mapped {/api/roles/delete/:id, DELETE} route {"context":"RouterExplorer","timestamp":"2025-05-08T02:01:21.249Z"}
info: Mapped {/api/roles/edit/:id, PATCH} route {"context":"RouterExplorer","timestamp":"2025-05-08T02:01:21.249Z"}
info: AuthController {/api/auth}: {"context":"RoutesResolver","timestamp":"2025-05-08T02:01:21.250Z"}
info: Mapped {/api/auth/signin, POST} route {"context":"RouterExplorer","timestamp":"2025-05-08T02:01:21.250Z"}
info: Mapped {/api/auth/signup, POST} route {"context":"RouterExplorer","timestamp":"2025-05-08T02:01:21.251Z"}
info: Nest application successfully started {"context":"NestApplication","timestamp":"2025-05-08T02:01:21.253Z"}
info: LogsController {/api/logs}: {"context":"RoutesResolver","timestamp":"2025-05-08T02:02:31.059Z"}
info: Mapped {/api/logs/logsByGroup/:id, GET} route {"context":"RouterExplorer","timestamp":"2025-05-08T02:02:31.064Z"}
info: UserController {/api/user}: {"context":"RoutesResolver","timestamp":"2025-05-08T02:02:31.065Z"}
info: Mapped {/api/user/list, GET} route {"context":"RouterExplorer","timestamp":"2025-05-08T02:02:31.066Z"}
info: Mapped {/api/user/getUserById/:id, GET} route {"context":"RouterExplorer","timestamp":"2025-05-08T02:02:31.067Z"}
info: Mapped {/api/user/add, POST} route {"context":"RouterExplorer","timestamp":"2025-05-08T02:02:31.068Z"}
info: Mapped {/api/user/edit/:id, PATCH} route {"context":"RouterExplorer","timestamp":"2025-05-08T02:02:31.069Z"}
info: Mapped {/api/user/delete/:id, DELETE} route {"context":"RouterExplorer","timestamp":"2025-05-08T02:02:31.070Z"}
info: Mapped {/api/user/profile/:id, GET} route {"context":"RouterExplorer","timestamp":"2025-05-08T02:02:31.070Z"}
info: RolesController {/api/roles}: {"context":"RoutesResolver","timestamp":"2025-05-08T02:02:31.071Z"}
info: Mapped {/api/roles/list, GET} route {"context":"RouterExplorer","timestamp":"2025-05-08T02:02:31.072Z"}
info: Mapped {/api/roles/add, POST} route {"context":"RouterExplorer","timestamp":"2025-05-08T02:02:31.073Z"}
info: Mapped {/api/roles/delete/:id, DELETE} route {"context":"RouterExplorer","timestamp":"2025-05-08T02:02:31.074Z"}
info: Mapped {/api/roles/edit/:id, PATCH} route {"context":"RouterExplorer","timestamp":"2025-05-08T02:02:31.074Z"}
info: AuthController {/api/auth}: {"context":"RoutesResolver","timestamp":"2025-05-08T02:02:31.075Z"}
info: Mapped {/api/auth/signin, POST} route {"context":"RouterExplorer","timestamp":"2025-05-08T02:02:31.075Z"}
info: Mapped {/api/auth/signup, POST} route {"context":"RouterExplorer","timestamp":"2025-05-08T02:02:31.076Z"}
info: Nest application successfully started {"context":"NestApplication","timestamp":"2025-05-08T02:02:31.079Z"}
info: LogsController {/api/logs}: {"context":"RoutesResolver","timestamp":"2025-05-08T02:02:34.370Z"}
info: Mapped {/api/logs/logsByGroup/:id, GET} route {"context":"RouterExplorer","timestamp":"2025-05-08T02:02:34.380Z"}
info: UserController {/api/user}: {"context":"RoutesResolver","timestamp":"2025-05-08T02:02:34.381Z"}
info: Mapped {/api/user/list, GET} route {"context":"RouterExplorer","timestamp":"2025-05-08T02:02:34.384Z"}
info: Mapped {/api/user/getUserById/:id, GET} route {"context":"RouterExplorer","timestamp":"2025-05-08T02:02:34.388Z"}
info: Mapped {/api/user/add, POST} route {"context":"RouterExplorer","timestamp":"2025-05-08T02:02:34.391Z"}
info: Mapped {/api/user/edit/:id, PATCH} route {"context":"RouterExplorer","timestamp":"2025-05-08T02:02:34.395Z"}
info: Mapped {/api/user/delete/:id, DELETE} route {"context":"RouterExplorer","timestamp":"2025-05-08T02:02:34.397Z"}
info: Mapped {/api/user/profile/:id, GET} route {"context":"RouterExplorer","timestamp":"2025-05-08T02:02:34.401Z"}
info: RolesController {/api/roles}: {"context":"RoutesResolver","timestamp":"2025-05-08T02:02:34.404Z"}
info: Mapped {/api/roles/list, GET} route {"context":"RouterExplorer","timestamp":"2025-05-08T02:02:34.407Z"}
info: Mapped {/api/roles/add, POST} route {"context":"RouterExplorer","timestamp":"2025-05-08T02:02:34.410Z"}
info: Mapped {/api/roles/delete/:id, DELETE} route {"context":"RouterExplorer","timestamp":"2025-05-08T02:02:34.412Z"}
info: Mapped {/api/roles/edit/:id, PATCH} route {"context":"RouterExplorer","timestamp":"2025-05-08T02:02:34.414Z"}
info: AuthController {/api/auth}: {"context":"RoutesResolver","timestamp":"2025-05-08T02:02:34.415Z"}
info: Mapped {/api/auth/signin, POST} route {"context":"RouterExplorer","timestamp":"2025-05-08T02:02:34.416Z"}
info: Mapped {/api/auth/signup, POST} route {"context":"RouterExplorer","timestamp":"2025-05-08T02:02:34.417Z"}
info: Nest application successfully started {"context":"NestApplication","timestamp":"2025-05-08T02:02:34.430Z"}
info: LogsController {/api/logs}: {"context":"RoutesResolver","timestamp":"2025-05-08T02:02:45.692Z"}
info: Mapped {/api/logs/logsByGroup/:id, GET} route {"context":"RouterExplorer","timestamp":"2025-05-08T02:02:45.697Z"}
info: UserController {/api/user}: {"context":"RoutesResolver","timestamp":"2025-05-08T02:02:45.698Z"}
info: Mapped {/api/user/list, GET} route {"context":"RouterExplorer","timestamp":"2025-05-08T02:02:45.700Z"}
info: Mapped {/api/user/getUserById/:id, GET} route {"context":"RouterExplorer","timestamp":"2025-05-08T02:02:45.701Z"}
info: Mapped {/api/user/add, POST} route {"context":"RouterExplorer","timestamp":"2025-05-08T02:02:45.702Z"}
info: Mapped {/api/user/edit/:id, PATCH} route {"context":"RouterExplorer","timestamp":"2025-05-08T02:02:45.703Z"}
info: Mapped {/api/user/delete/:id, DELETE} route {"context":"RouterExplorer","timestamp":"2025-05-08T02:02:45.703Z"}
info: Mapped {/api/user/profile/:id, GET} route {"context":"RouterExplorer","timestamp":"2025-05-08T02:02:45.704Z"}
info: RolesController {/api/roles}: {"context":"RoutesResolver","timestamp":"2025-05-08T02:02:45.705Z"}
info: Mapped {/api/roles/list, GET} route {"context":"RouterExplorer","timestamp":"2025-05-08T02:02:45.706Z"}
info: Mapped {/api/roles/add, POST} route {"context":"RouterExplorer","timestamp":"2025-05-08T02:02:45.707Z"}
info: Mapped {/api/roles/delete/:id, DELETE} route {"context":"RouterExplorer","timestamp":"2025-05-08T02:02:45.708Z"}
info: Mapped {/api/roles/edit/:id, PATCH} route {"context":"RouterExplorer","timestamp":"2025-05-08T02:02:45.709Z"}
info: AuthController {/api/auth}: {"context":"RoutesResolver","timestamp":"2025-05-08T02:02:45.714Z"}
info: Mapped {/api/auth/signin, POST} route {"context":"RouterExplorer","timestamp":"2025-05-08T02:02:45.715Z"}
info: Mapped {/api/auth/signup, POST} route {"context":"RouterExplorer","timestamp":"2025-05-08T02:02:45.716Z"}
info: Nest application successfully started {"context":"NestApplication","timestamp":"2025-05-08T02:02:45.720Z"}
info: LogsController {/api/logs}: {"context":"RoutesResolver","timestamp":"2025-05-08T02:02:48.121Z"}
info: Mapped {/api/logs/logsByGroup/:id, GET} route {"context":"RouterExplorer","timestamp":"2025-05-08T02:02:48.126Z"}
info: UserController {/api/user}: {"context":"RoutesResolver","timestamp":"2025-05-08T02:02:48.127Z"}
info: Mapped {/api/user/list, GET} route {"context":"RouterExplorer","timestamp":"2025-05-08T02:02:48.128Z"}
info: Mapped {/api/user/getUserById/:id, GET} route {"context":"RouterExplorer","timestamp":"2025-05-08T02:02:48.129Z"}
info: Mapped {/api/user/add, POST} route {"context":"RouterExplorer","timestamp":"2025-05-08T02:02:48.130Z"}
info: Mapped {/api/user/edit/:id, PATCH} route {"context":"RouterExplorer","timestamp":"2025-05-08T02:02:48.131Z"}
info: Mapped {/api/user/delete/:id, DELETE} route {"context":"RouterExplorer","timestamp":"2025-05-08T02:02:48.132Z"}
info: Mapped {/api/user/profile/:id, GET} route {"context":"RouterExplorer","timestamp":"2025-05-08T02:02:48.132Z"}
info: RolesController {/api/roles}: {"context":"RoutesResolver","timestamp":"2025-05-08T02:02:48.133Z"}
info: Mapped {/api/roles/list, GET} route {"context":"RouterExplorer","timestamp":"2025-05-08T02:02:48.134Z"}
info: Mapped {/api/roles/add, POST} route {"context":"RouterExplorer","timestamp":"2025-05-08T02:02:48.135Z"}
info: Mapped {/api/roles/delete/:id, DELETE} route {"context":"RouterExplorer","timestamp":"2025-05-08T02:02:48.135Z"}
info: Mapped {/api/roles/edit/:id, PATCH} route {"context":"RouterExplorer","timestamp":"2025-05-08T02:02:48.136Z"}
info: AuthController {/api/auth}: {"context":"RoutesResolver","timestamp":"2025-05-08T02:02:48.136Z"}
info: Mapped {/api/auth/signin, POST} route {"context":"RouterExplorer","timestamp":"2025-05-08T02:02:48.137Z"}
info: Mapped {/api/auth/signup, POST} route {"context":"RouterExplorer","timestamp":"2025-05-08T02:02:48.137Z"}
info: Nest application successfully started {"context":"NestApplication","timestamp":"2025-05-08T02:02:48.140Z"}
info: LogsController {/api/logs}: {"context":"RoutesResolver","timestamp":"2025-05-08T02:04:41.701Z"}
info: Mapped {/api/logs/logsByGroup/:id, GET} route {"context":"RouterExplorer","timestamp":"2025-05-08T02:04:41.706Z"}
info: UserController {/api/user}: {"context":"RoutesResolver","timestamp":"2025-05-08T02:04:41.707Z"}
info: Mapped {/api/user/list, GET} route {"context":"RouterExplorer","timestamp":"2025-05-08T02:04:41.708Z"}
info: Mapped {/api/user/getUserById/:id, GET} route {"context":"RouterExplorer","timestamp":"2025-05-08T02:04:41.709Z"}
info: Mapped {/api/user/add, POST} route {"context":"RouterExplorer","timestamp":"2025-05-08T02:04:41.710Z"}
info: Mapped {/api/user/edit/:id, PATCH} route {"context":"RouterExplorer","timestamp":"2025-05-08T02:04:41.711Z"}
info: Mapped {/api/user/delete/:id, DELETE} route {"context":"RouterExplorer","timestamp":"2025-05-08T02:04:41.711Z"}
info: Mapped {/api/user/profile/:id, GET} route {"context":"RouterExplorer","timestamp":"2025-05-08T02:04:41.712Z"}
info: RolesController {/api/roles}: {"context":"RoutesResolver","timestamp":"2025-05-08T02:04:41.713Z"}
info: Mapped {/api/roles/list, GET} route {"context":"RouterExplorer","timestamp":"2025-05-08T02:04:41.713Z"}
info: Mapped {/api/roles/add, POST} route {"context":"RouterExplorer","timestamp":"2025-05-08T02:04:41.714Z"}
info: Mapped {/api/roles/delete/:id, DELETE} route {"context":"RouterExplorer","timestamp":"2025-05-08T02:04:41.715Z"}
info: Mapped {/api/roles/edit/:id, PATCH} route {"context":"RouterExplorer","timestamp":"2025-05-08T02:04:41.716Z"}
info: AuthController {/api/auth}: {"context":"RoutesResolver","timestamp":"2025-05-08T02:04:41.716Z"}
info: Mapped {/api/auth/signin, POST} route {"context":"RouterExplorer","timestamp":"2025-05-08T02:04:41.716Z"}
info: Mapped {/api/auth/signup, POST} route {"context":"RouterExplorer","timestamp":"2025-05-08T02:04:41.717Z"}
info: Nest application successfully started {"context":"NestApplication","timestamp":"2025-05-08T02:04:41.720Z"}
info: LogsController {/api/logs}: {"context":"RoutesResolver","timestamp":"2025-05-08T02:05:11.799Z"}
info: Mapped {/api/logs/logsByGroup/:id, GET} route {"context":"RouterExplorer","timestamp":"2025-05-08T02:05:11.806Z"}
info: UserController {/api/user}: {"context":"RoutesResolver","timestamp":"2025-05-08T02:05:11.806Z"}
info: Mapped {/api/user/list, GET} route {"context":"RouterExplorer","timestamp":"2025-05-08T02:05:11.808Z"}
info: Mapped {/api/user/getUserById/:id, GET} route {"context":"RouterExplorer","timestamp":"2025-05-08T02:05:11.809Z"}
info: Mapped {/api/user/add, POST} route {"context":"RouterExplorer","timestamp":"2025-05-08T02:05:11.810Z"}
info: Mapped {/api/user/edit/:id, PATCH} route {"context":"RouterExplorer","timestamp":"2025-05-08T02:05:11.811Z"}
info: Mapped {/api/user/delete/:id, DELETE} route {"context":"RouterExplorer","timestamp":"2025-05-08T02:05:11.817Z"}
info: Mapped {/api/user/profile/:id, GET} route {"context":"RouterExplorer","timestamp":"2025-05-08T02:05:11.819Z"}
info: RolesController {/api/roles}: {"context":"RoutesResolver","timestamp":"2025-05-08T02:05:11.819Z"}
info: Mapped {/api/roles/list, GET} route {"context":"RouterExplorer","timestamp":"2025-05-08T02:05:11.820Z"}
info: Mapped {/api/roles/add, POST} route {"context":"RouterExplorer","timestamp":"2025-05-08T02:05:11.822Z"}
info: Mapped {/api/roles/delete/:id, DELETE} route {"context":"RouterExplorer","timestamp":"2025-05-08T02:05:11.822Z"}
info: Mapped {/api/roles/edit/:id, PATCH} route {"context":"RouterExplorer","timestamp":"2025-05-08T02:05:11.823Z"}
info: AuthController {/api/auth}: {"context":"RoutesResolver","timestamp":"2025-05-08T02:05:11.824Z"}
info: Mapped {/api/auth/signin, POST} route {"context":"RouterExplorer","timestamp":"2025-05-08T02:05:11.824Z"}
info: Mapped {/api/auth/signup, POST} route {"context":"RouterExplorer","timestamp":"2025-05-08T02:05:11.825Z"}
info: Nest application successfully started {"context":"NestApplication","timestamp":"2025-05-08T02:05:11.828Z"}
info: LogsController {/api/logs}: {"context":"RoutesResolver","timestamp":"2025-05-08T02:06:01.707Z"}
info: Mapped {/api/logs/logsByGroup/:id, GET} route {"context":"RouterExplorer","timestamp":"2025-05-08T02:06:01.712Z"}
info: UserController {/api/user}: {"context":"RoutesResolver","timestamp":"2025-05-08T02:06:01.712Z"}
info: Mapped {/api/user/list, GET} route {"context":"RouterExplorer","timestamp":"2025-05-08T02:06:01.713Z"}
info: Mapped {/api/user/getUserById/:id, GET} route {"context":"RouterExplorer","timestamp":"2025-05-08T02:06:01.714Z"}
info: Mapped {/api/user/add, POST} route {"context":"RouterExplorer","timestamp":"2025-05-08T02:06:01.715Z"}
info: Mapped {/api/user/edit/:id, PATCH} route {"context":"RouterExplorer","timestamp":"2025-05-08T02:06:01.716Z"}
info: Mapped {/api/user/delete/:id, DELETE} route {"context":"RouterExplorer","timestamp":"2025-05-08T02:06:01.717Z"}
info: Mapped {/api/user/profile/:id, GET} route {"context":"RouterExplorer","timestamp":"2025-05-08T02:06:01.718Z"}
info: RolesController {/api/roles}: {"context":"RoutesResolver","timestamp":"2025-05-08T02:06:01.718Z"}
info: Mapped {/api/roles/list, GET} route {"context":"RouterExplorer","timestamp":"2025-05-08T02:06:01.719Z"}
info: Mapped {/api/roles/add, POST} route {"context":"RouterExplorer","timestamp":"2025-05-08T02:06:01.720Z"}
info: Mapped {/api/roles/delete/:id, DELETE} route {"context":"RouterExplorer","timestamp":"2025-05-08T02:06:01.721Z"}
info: Mapped {/api/roles/edit/:id, PATCH} route {"context":"RouterExplorer","timestamp":"2025-05-08T02:06:01.721Z"}
info: AuthController {/api/auth}: {"context":"RoutesResolver","timestamp":"2025-05-08T02:06:01.722Z"}
info: Mapped {/api/auth/signin, POST} route {"context":"RouterExplorer","timestamp":"2025-05-08T02:06:01.722Z"}
info: Mapped {/api/auth/signup, POST} route {"context":"RouterExplorer","timestamp":"2025-05-08T02:06:01.723Z"}
info: Nest application successfully started {"context":"NestApplication","timestamp":"2025-05-08T02:06:01.728Z"}
info: LogsController {/api/logs}: {"context":"RoutesResolver","timestamp":"2025-05-08T02:08:13.598Z"}
info: Mapped {/api/logs/logsByGroup/:id, GET} route {"context":"RouterExplorer","timestamp":"2025-05-08T02:08:13.603Z"}
info: UserController {/api/user}: {"context":"RoutesResolver","timestamp":"2025-05-08T02:08:13.603Z"}
info: Mapped {/api/user/list, GET} route {"context":"RouterExplorer","timestamp":"2025-05-08T02:08:13.605Z"}
info: Mapped {/api/user/getUserById/:id, GET} route {"context":"RouterExplorer","timestamp":"2025-05-08T02:08:13.606Z"}
info: Mapped {/api/user/add, POST} route {"context":"RouterExplorer","timestamp":"2025-05-08T02:08:13.606Z"}
info: Mapped {/api/user/edit/:id, PATCH} route {"context":"RouterExplorer","timestamp":"2025-05-08T02:08:13.607Z"}
info: Mapped {/api/user/delete/:id, DELETE} route {"context":"RouterExplorer","timestamp":"2025-05-08T02:08:13.608Z"}
info: Mapped {/api/user/profile/:id, GET} route {"context":"RouterExplorer","timestamp":"2025-05-08T02:08:13.609Z"}
info: RolesController {/api/roles}: {"context":"RoutesResolver","timestamp":"2025-05-08T02:08:13.609Z"}
info: Mapped {/api/roles/list, GET} route {"context":"RouterExplorer","timestamp":"2025-05-08T02:08:13.610Z"}
info: Mapped {/api/roles/add, POST} route {"context":"RouterExplorer","timestamp":"2025-05-08T02:08:13.611Z"}
info: Mapped {/api/roles/delete/:id, DELETE} route {"context":"RouterExplorer","timestamp":"2025-05-08T02:08:13.611Z"}
info: Mapped {/api/roles/edit/:id, PATCH} route {"context":"RouterExplorer","timestamp":"2025-05-08T02:08:13.612Z"}
info: AuthController {/api/auth}: {"context":"RoutesResolver","timestamp":"2025-05-08T02:08:13.612Z"}
info: Mapped {/api/auth/signin, POST} route {"context":"RouterExplorer","timestamp":"2025-05-08T02:08:13.613Z"}
info: Mapped {/api/auth/signup, POST} route {"context":"RouterExplorer","timestamp":"2025-05-08T02:08:13.613Z"}
info: Nest application successfully started {"context":"NestApplication","timestamp":"2025-05-08T02:08:13.616Z"}
info: LogsController {/api/logs}: {"context":"RoutesResolver","timestamp":"2025-05-08T02:09:39.921Z"}
info: Mapped {/api/logs/logsByGroup/:id, GET} route {"context":"RouterExplorer","timestamp":"2025-05-08T02:09:39.925Z"}
info: UserController {/api/user}: {"context":"RoutesResolver","timestamp":"2025-05-08T02:09:39.926Z"}
info: Mapped {/api/user/list, GET} route {"context":"RouterExplorer","timestamp":"2025-05-08T02:09:39.927Z"}
info: Mapped {/api/user/getUserById/:id, GET} route {"context":"RouterExplorer","timestamp":"2025-05-08T02:09:39.928Z"}
info: Mapped {/api/user/add, POST} route {"context":"RouterExplorer","timestamp":"2025-05-08T02:09:39.929Z"}
info: Mapped {/api/user/edit/:id, PATCH} route {"context":"RouterExplorer","timestamp":"2025-05-08T02:09:39.930Z"}
info: Mapped {/api/user/delete/:id, DELETE} route {"context":"RouterExplorer","timestamp":"2025-05-08T02:09:39.930Z"}
info: Mapped {/api/user/profile/:id, GET} route {"context":"RouterExplorer","timestamp":"2025-05-08T02:09:39.931Z"}
info: RolesController {/api/roles}: {"context":"RoutesResolver","timestamp":"2025-05-08T02:09:39.932Z"}
info: Mapped {/api/roles/list, GET} route {"context":"RouterExplorer","timestamp":"2025-05-08T02:09:39.933Z"}
info: Mapped {/api/roles/add, POST} route {"context":"RouterExplorer","timestamp":"2025-05-08T02:09:39.933Z"}
info: Mapped {/api/roles/delete/:id, DELETE} route {"context":"RouterExplorer","timestamp":"2025-05-08T02:09:39.934Z"}
info: Mapped {/api/roles/edit/:id, PATCH} route {"context":"RouterExplorer","timestamp":"2025-05-08T02:09:39.935Z"}
info: AuthController {/api/auth}: {"context":"RoutesResolver","timestamp":"2025-05-08T02:09:39.935Z"}
info: Mapped {/api/auth/signin, POST} route {"context":"RouterExplorer","timestamp":"2025-05-08T02:09:39.936Z"}
info: Mapped {/api/auth/signup, POST} route {"context":"RouterExplorer","timestamp":"2025-05-08T02:09:39.936Z"}
info: Nest application successfully started {"context":"NestApplication","timestamp":"2025-05-08T02:09:39.941Z"}
info: LogsController {/api/logs}: {"context":"RoutesResolver","timestamp":"2025-05-08T02:10:16.827Z"}
info: Mapped {/api/logs/logsByGroup/:id, GET} route {"context":"RouterExplorer","timestamp":"2025-05-08T02:10:16.831Z"}
info: UserController {/api/user}: {"context":"RoutesResolver","timestamp":"2025-05-08T02:10:16.832Z"}
info: Mapped {/api/user/list, GET} route {"context":"RouterExplorer","timestamp":"2025-05-08T02:10:16.833Z"}
info: Mapped {/api/user/getUserById/:id, GET} route {"context":"RouterExplorer","timestamp":"2025-05-08T02:10:16.834Z"}
info: Mapped {/api/user/add, POST} route {"context":"RouterExplorer","timestamp":"2025-05-08T02:10:16.835Z"}
info: Mapped {/api/user/edit/:id, PATCH} route {"context":"RouterExplorer","timestamp":"2025-05-08T02:10:16.836Z"}
info: Mapped {/api/user/delete/:id, DELETE} route {"context":"RouterExplorer","timestamp":"2025-05-08T02:10:16.837Z"}
info: Mapped {/api/user/profile/:id, GET} route {"context":"RouterExplorer","timestamp":"2025-05-08T02:10:16.838Z"}
info: RolesController {/api/roles}: {"context":"RoutesResolver","timestamp":"2025-05-08T02:10:16.839Z"}
info: Mapped {/api/roles/list, GET} route {"context":"RouterExplorer","timestamp":"2025-05-08T02:10:16.839Z"}
info: Mapped {/api/roles/add, POST} route {"context":"RouterExplorer","timestamp":"2025-05-08T02:10:16.840Z"}
info: Mapped {/api/roles/delete/:id, DELETE} route {"context":"RouterExplorer","timestamp":"2025-05-08T02:10:16.841Z"}
info: Mapped {/api/roles/edit/:id, PATCH} route {"context":"RouterExplorer","timestamp":"2025-05-08T02:10:16.842Z"}
info: AuthController {/api/auth}: {"context":"RoutesResolver","timestamp":"2025-05-08T02:10:16.842Z"}
info: Mapped {/api/auth/signin, POST} route {"context":"RouterExplorer","timestamp":"2025-05-08T02:10:16.843Z"}
info: Mapped {/api/auth/signup, POST} route {"context":"RouterExplorer","timestamp":"2025-05-08T02:10:16.843Z"}
info: Nest application successfully started {"context":"NestApplication","timestamp":"2025-05-08T02:10:16.846Z"}
info: LogsController {/api/logs}: {"context":"RoutesResolver","timestamp":"2025-05-08T02:11:46.968Z"}
info: Mapped {/api/logs/logsByGroup/:id, GET} route {"context":"RouterExplorer","timestamp":"2025-05-08T02:11:46.972Z"}
info: UserController {/api/user}: {"context":"RoutesResolver","timestamp":"2025-05-08T02:11:46.973Z"}
info: Mapped {/api/user/list, GET} route {"context":"RouterExplorer","timestamp":"2025-05-08T02:11:46.974Z"}
info: Mapped {/api/user/getUserById/:id, GET} route {"context":"RouterExplorer","timestamp":"2025-05-08T02:11:46.975Z"}
info: Mapped {/api/user/add, POST} route {"context":"RouterExplorer","timestamp":"2025-05-08T02:11:46.976Z"}
info: Mapped {/api/user/edit/:id, PATCH} route {"context":"RouterExplorer","timestamp":"2025-05-08T02:11:46.977Z"}
info: Mapped {/api/user/delete/:id, DELETE} route {"context":"RouterExplorer","timestamp":"2025-05-08T02:11:46.978Z"}
info: Mapped {/api/user/profile/:id, GET} route {"context":"RouterExplorer","timestamp":"2025-05-08T02:11:46.979Z"}
info: RolesController {/api/roles}: {"context":"RoutesResolver","timestamp":"2025-05-08T02:11:46.979Z"}
info: Mapped {/api/roles/list, GET} route {"context":"RouterExplorer","timestamp":"2025-05-08T02:11:46.980Z"}
info: Mapped {/api/roles/add, POST} route {"context":"RouterExplorer","timestamp":"2025-05-08T02:11:46.981Z"}
info: Mapped {/api/roles/delete/:id, DELETE} route {"context":"RouterExplorer","timestamp":"2025-05-08T02:11:46.982Z"}
info: Mapped {/api/roles/edit/:id, PATCH} route {"context":"RouterExplorer","timestamp":"2025-05-08T02:11:46.982Z"}
info: AuthController {/api/auth}: {"context":"RoutesResolver","timestamp":"2025-05-08T02:11:46.983Z"}
info: Mapped {/api/auth/signin, POST} route {"context":"RouterExplorer","timestamp":"2025-05-08T02:11:46.983Z"}
info: Mapped {/api/auth/signup, POST} route {"context":"RouterExplorer","timestamp":"2025-05-08T02:11:46.984Z"}
info: Nest application successfully started {"context":"NestApplication","timestamp":"2025-05-08T02:11:46.986Z"}
info: LogsController {/api/logs}: {"context":"RoutesResolver","timestamp":"2025-05-08T02:13:28.813Z"}
info: Mapped {/api/logs/logsByGroup/:id, GET} route {"context":"RouterExplorer","timestamp":"2025-05-08T02:13:28.818Z"}
info: UserController {/api/user}: {"context":"RoutesResolver","timestamp":"2025-05-08T02:13:28.819Z"}
info: Mapped {/api/user/list, GET} route {"context":"RouterExplorer","timestamp":"2025-05-08T02:13:28.820Z"}
info: Mapped {/api/user/getUserById/:id, GET} route {"context":"RouterExplorer","timestamp":"2025-05-08T02:13:28.821Z"}
info: Mapped {/api/user/add, POST} route {"context":"RouterExplorer","timestamp":"2025-05-08T02:13:28.822Z"}
info: Mapped {/api/user/edit/:id, PATCH} route {"context":"RouterExplorer","timestamp":"2025-05-08T02:13:28.823Z"}
info: Mapped {/api/user/delete/:id, DELETE} route {"context":"RouterExplorer","timestamp":"2025-05-08T02:13:28.823Z"}
info: Mapped {/api/user/profile/:id, GET} route {"context":"RouterExplorer","timestamp":"2025-05-08T02:13:28.824Z"}
info: RolesController {/api/roles}: {"context":"RoutesResolver","timestamp":"2025-05-08T02:13:28.825Z"}
info: Mapped {/api/roles/list, GET} route {"context":"RouterExplorer","timestamp":"2025-05-08T02:13:28.826Z"}
info: Mapped {/api/roles/add, POST} route {"context":"RouterExplorer","timestamp":"2025-05-08T02:13:28.826Z"}
info: Mapped {/api/roles/delete/:id, DELETE} route {"context":"RouterExplorer","timestamp":"2025-05-08T02:13:28.827Z"}
info: Mapped {/api/roles/edit/:id, PATCH} route {"context":"RouterExplorer","timestamp":"2025-05-08T02:13:28.828Z"}
info: AuthController {/api/auth}: {"context":"RoutesResolver","timestamp":"2025-05-08T02:13:28.828Z"}
info: Mapped {/api/auth/signin, POST} route {"context":"RouterExplorer","timestamp":"2025-05-08T02:13:28.829Z"}
info: Mapped {/api/auth/signup, POST} route {"context":"RouterExplorer","timestamp":"2025-05-08T02:13:28.829Z"}
info: Nest application successfully started {"context":"NestApplication","timestamp":"2025-05-08T02:13:28.832Z"}
info: LogsController {/api/logs}: {"context":"RoutesResolver","timestamp":"2025-05-08T02:14:07.960Z"}
info: Mapped {/api/logs/logsByGroup/:id, GET} route {"context":"RouterExplorer","timestamp":"2025-05-08T02:14:07.965Z"}
info: UserController {/api/user}: {"context":"RoutesResolver","timestamp":"2025-05-08T02:14:07.966Z"}
info: Mapped {/api/user/list, GET} route {"context":"RouterExplorer","timestamp":"2025-05-08T02:14:07.967Z"}
info: Mapped {/api/user/getUserById/:id, GET} route {"context":"RouterExplorer","timestamp":"2025-05-08T02:14:07.968Z"}
info: Mapped {/api/user/add, POST} route {"context":"RouterExplorer","timestamp":"2025-05-08T02:14:07.969Z"}
info: Mapped {/api/user/edit/:id, PATCH} route {"context":"RouterExplorer","timestamp":"2025-05-08T02:14:07.971Z"}
info: Mapped {/api/user/delete/:id, DELETE} route {"context":"RouterExplorer","timestamp":"2025-05-08T02:14:07.971Z"}
info: Mapped {/api/user/profile/:id, GET} route {"context":"RouterExplorer","timestamp":"2025-05-08T02:14:07.972Z"}
info: RolesController {/api/roles}: {"context":"RoutesResolver","timestamp":"2025-05-08T02:14:07.973Z"}
info: Mapped {/api/roles/list, GET} route {"context":"RouterExplorer","timestamp":"2025-05-08T02:14:07.974Z"}
info: Mapped {/api/roles/add, POST} route {"context":"RouterExplorer","timestamp":"2025-05-08T02:14:07.974Z"}
info: Mapped {/api/roles/delete/:id, DELETE} route {"context":"RouterExplorer","timestamp":"2025-05-08T02:14:07.975Z"}
info: Mapped {/api/roles/edit/:id, PATCH} route {"context":"RouterExplorer","timestamp":"2025-05-08T02:14:07.976Z"}
info: AuthController {/api/auth}: {"context":"RoutesResolver","timestamp":"2025-05-08T02:14:07.976Z"}
info: Mapped {/api/auth/signin, POST} route {"context":"RouterExplorer","timestamp":"2025-05-08T02:14:07.977Z"}
info: Mapped {/api/auth/signup, POST} route {"context":"RouterExplorer","timestamp":"2025-05-08T02:14:07.977Z"}
info: Nest application successfully started {"context":"NestApplication","timestamp":"2025-05-08T02:14:07.980Z"}
info: LogsController {/api/logs}: {"context":"RoutesResolver","timestamp":"2025-05-08T02:14:20.186Z"}
info: Mapped {/api/logs/logsByGroup/:id, GET} route {"context":"RouterExplorer","timestamp":"2025-05-08T02:14:20.191Z"}
info: UserController {/api/user}: {"context":"RoutesResolver","timestamp":"2025-05-08T02:14:20.192Z"}
info: Mapped {/api/user/list, GET} route {"context":"RouterExplorer","timestamp":"2025-05-08T02:14:20.193Z"}
info: Mapped {/api/user/getUserById/:id, GET} route {"context":"RouterExplorer","timestamp":"2025-05-08T02:14:20.195Z"}
info: Mapped {/api/user/add, POST} route {"context":"RouterExplorer","timestamp":"2025-05-08T02:14:20.196Z"}
info: Mapped {/api/user/edit/:id, PATCH} route {"context":"RouterExplorer","timestamp":"2025-05-08T02:14:20.197Z"}
info: Mapped {/api/user/delete/:id, DELETE} route {"context":"RouterExplorer","timestamp":"2025-05-08T02:14:20.198Z"}
info: Mapped {/api/user/profile/:id, GET} route {"context":"RouterExplorer","timestamp":"2025-05-08T02:14:20.198Z"}
info: RolesController {/api/roles}: {"context":"RoutesResolver","timestamp":"2025-05-08T02:14:20.199Z"}
info: Mapped {/api/roles/list, GET} route {"context":"RouterExplorer","timestamp":"2025-05-08T02:14:20.200Z"}
info: Mapped {/api/roles/add, POST} route {"context":"RouterExplorer","timestamp":"2025-05-08T02:14:20.201Z"}
info: Mapped {/api/roles/delete/:id, DELETE} route {"context":"RouterExplorer","timestamp":"2025-05-08T02:14:20.202Z"}
info: Mapped {/api/roles/edit/:id, PATCH} route {"context":"RouterExplorer","timestamp":"2025-05-08T02:14:20.203Z"}
info: AuthController {/api/auth}: {"context":"RoutesResolver","timestamp":"2025-05-08T02:14:20.203Z"}
info: Mapped {/api/auth/signin, POST} route {"context":"RouterExplorer","timestamp":"2025-05-08T02:14:20.204Z"}
info: Mapped {/api/auth/signup, POST} route {"context":"RouterExplorer","timestamp":"2025-05-08T02:14:20.205Z"}
info: Nest application successfully started {"context":"NestApplication","timestamp":"2025-05-08T02:14:20.208Z"}
info: LogsController {/api/logs}: {"context":"RoutesResolver","timestamp":"2025-05-08T02:15:37.202Z"}
info: Mapped {/api/logs/logsByGroup/:id, GET} route {"context":"RouterExplorer","timestamp":"2025-05-08T02:15:37.206Z"}
info: UserController {/api/user}: {"context":"RoutesResolver","timestamp":"2025-05-08T02:15:37.207Z"}
info: Mapped {/api/user/list, GET} route {"context":"RouterExplorer","timestamp":"2025-05-08T02:15:37.208Z"}
info: Mapped {/api/user/getUserById/:id, GET} route {"context":"RouterExplorer","timestamp":"2025-05-08T02:15:37.209Z"}
info: Mapped {/api/user/add, POST} route {"context":"RouterExplorer","timestamp":"2025-05-08T02:15:37.210Z"}
info: Mapped {/api/user/edit/:id, PATCH} route {"context":"RouterExplorer","timestamp":"2025-05-08T02:15:37.210Z"}
info: Mapped {/api/user/delete/:id, DELETE} route {"context":"RouterExplorer","timestamp":"2025-05-08T02:15:37.211Z"}
info: Mapped {/api/user/profile/:id, GET} route {"context":"RouterExplorer","timestamp":"2025-05-08T02:15:37.212Z"}
info: RolesController {/api/roles}: {"context":"RoutesResolver","timestamp":"2025-05-08T02:15:37.212Z"}
info: Mapped {/api/roles/list, GET} route {"context":"RouterExplorer","timestamp":"2025-05-08T02:15:37.213Z"}
info: Mapped {/api/roles/add, POST} route {"context":"RouterExplorer","timestamp":"2025-05-08T02:15:37.214Z"}
info: Mapped {/api/roles/delete/:id, DELETE} route {"context":"RouterExplorer","timestamp":"2025-05-08T02:15:37.215Z"}
info: Mapped {/api/roles/edit/:id, PATCH} route {"context":"RouterExplorer","timestamp":"2025-05-08T02:15:37.215Z"}
info: AuthController {/api/auth}: {"context":"RoutesResolver","timestamp":"2025-05-08T02:15:37.216Z"}
info: Mapped {/api/auth/signin, POST} route {"context":"RouterExplorer","timestamp":"2025-05-08T02:15:37.216Z"}
info: Mapped {/api/auth/signup, POST} route {"context":"RouterExplorer","timestamp":"2025-05-08T02:15:37.217Z"}
info: Nest application successfully started {"context":"NestApplication","timestamp":"2025-05-08T02:15:37.220Z"}
info: LogsController {/api/logs}: {"context":"RoutesResolver","timestamp":"2025-05-08T02:15:50.311Z"}
info: Mapped {/api/logs/logsByGroup/:id, GET} route {"context":"RouterExplorer","timestamp":"2025-05-08T02:15:50.315Z"}
info: UserController {/api/user}: {"context":"RoutesResolver","timestamp":"2025-05-08T02:15:50.316Z"}
info: Mapped {/api/user/list, GET} route {"context":"RouterExplorer","timestamp":"2025-05-08T02:15:50.317Z"}
info: Mapped {/api/user/getUserById/:id, GET} route {"context":"RouterExplorer","timestamp":"2025-05-08T02:15:50.318Z"}
info: Mapped {/api/user/add, POST} route {"context":"RouterExplorer","timestamp":"2025-05-08T02:15:50.319Z"}
info: Mapped {/api/user/edit/:id, PATCH} route {"context":"RouterExplorer","timestamp":"2025-05-08T02:15:50.320Z"}
info: Mapped {/api/user/delete/:id, DELETE} route {"context":"RouterExplorer","timestamp":"2025-05-08T02:15:50.320Z"}
info: Mapped {/api/user/profile/:id, GET} route {"context":"RouterExplorer","timestamp":"2025-05-08T02:15:50.321Z"}
info: RolesController {/api/roles}: {"context":"RoutesResolver","timestamp":"2025-05-08T02:15:50.322Z"}
info: Mapped {/api/roles/list, GET} route {"context":"RouterExplorer","timestamp":"2025-05-08T02:15:50.323Z"}
info: Mapped {/api/roles/add, POST} route {"context":"RouterExplorer","timestamp":"2025-05-08T02:15:50.323Z"}
info: Mapped {/api/roles/delete/:id, DELETE} route {"context":"RouterExplorer","timestamp":"2025-05-08T02:15:50.324Z"}
info: Mapped {/api/roles/edit/:id, PATCH} route {"context":"RouterExplorer","timestamp":"2025-05-08T02:15:50.325Z"}
info: AuthController {/api/auth}: {"context":"RoutesResolver","timestamp":"2025-05-08T02:15:50.325Z"}
info: Mapped {/api/auth/signin, POST} route {"context":"RouterExplorer","timestamp":"2025-05-08T02:15:50.325Z"}
info: Mapped {/api/auth/signup, POST} route {"context":"RouterExplorer","timestamp":"2025-05-08T02:15:50.326Z"}
info: Nest application successfully started {"context":"NestApplication","timestamp":"2025-05-08T02:15:50.329Z"}
info: LogsController {/api/logs}: {"context":"RoutesResolver","timestamp":"2025-05-08T02:16:44.342Z"}
info: Mapped {/api/logs/logsByGroup/:id, GET} route {"context":"RouterExplorer","timestamp":"2025-05-08T02:16:44.346Z"}
info: UserController {/api/user}: {"context":"RoutesResolver","timestamp":"2025-05-08T02:16:44.347Z"}
info: Mapped {/api/user/list, GET} route {"context":"RouterExplorer","timestamp":"2025-05-08T02:16:44.348Z"}
info: Mapped {/api/user/getUserById/:id, GET} route {"context":"RouterExplorer","timestamp":"2025-05-08T02:16:44.349Z"}
info: Mapped {/api/user/add, POST} route {"context":"RouterExplorer","timestamp":"2025-05-08T02:16:44.350Z"}
info: Mapped {/api/user/edit/:id, PATCH} route {"context":"RouterExplorer","timestamp":"2025-05-08T02:16:44.351Z"}
info: Mapped {/api/user/delete/:id, DELETE} route {"context":"RouterExplorer","timestamp":"2025-05-08T02:16:44.352Z"}
info: Mapped {/api/user/profile/:id, GET} route {"context":"RouterExplorer","timestamp":"2025-05-08T02:16:44.353Z"}
info: RolesController {/api/roles}: {"context":"RoutesResolver","timestamp":"2025-05-08T02:16:44.354Z"}
info: Mapped {/api/roles/list, GET} route {"context":"RouterExplorer","timestamp":"2025-05-08T02:16:44.355Z"}
info: Mapped {/api/roles/add, POST} route {"context":"RouterExplorer","timestamp":"2025-05-08T02:16:44.355Z"}
info: Mapped {/api/roles/delete/:id, DELETE} route {"context":"RouterExplorer","timestamp":"2025-05-08T02:16:44.356Z"}
info: Mapped {/api/roles/edit/:id, PATCH} route {"context":"RouterExplorer","timestamp":"2025-05-08T02:16:44.357Z"}
info: AuthController {/api/auth}: {"context":"RoutesResolver","timestamp":"2025-05-08T02:16:44.357Z"}
info: Mapped {/api/auth/signin, POST} route {"context":"RouterExplorer","timestamp":"2025-05-08T02:16:44.358Z"}
info: Mapped {/api/auth/signup, POST} route {"context":"RouterExplorer","timestamp":"2025-05-08T02:16:44.358Z"}
info: Nest application successfully started {"context":"NestApplication","timestamp":"2025-05-08T02:16:44.361Z"}
info: LogsController {/api/logs}: {"context":"RoutesResolver","timestamp":"2025-05-08T02:16:55.522Z"}
info: Mapped {/api/logs/logsByGroup/:id, GET} route {"context":"RouterExplorer","timestamp":"2025-05-08T02:16:55.527Z"}
info: UserController {/api/user}: {"context":"RoutesResolver","timestamp":"2025-05-08T02:16:55.527Z"}
info: Mapped {/api/user/list, GET} route {"context":"RouterExplorer","timestamp":"2025-05-08T02:16:55.528Z"}
info: Mapped {/api/user/getUserById/:id, GET} route {"context":"RouterExplorer","timestamp":"2025-05-08T02:16:55.529Z"}
info: Mapped {/api/user/add, POST} route {"context":"RouterExplorer","timestamp":"2025-05-08T02:16:55.531Z"}
info: Mapped {/api/user/edit/:id, PATCH} route {"context":"RouterExplorer","timestamp":"2025-05-08T02:16:55.531Z"}
info: Mapped {/api/user/delete/:id, DELETE} route {"context":"RouterExplorer","timestamp":"2025-05-08T02:16:55.532Z"}
info: Mapped {/api/user/profile/:id, GET} route {"context":"RouterExplorer","timestamp":"2025-05-08T02:16:55.533Z"}
info: RolesController {/api/roles}: {"context":"RoutesResolver","timestamp":"2025-05-08T02:16:55.534Z"}
info: Mapped {/api/roles/list, GET} route {"context":"RouterExplorer","timestamp":"2025-05-08T02:16:55.534Z"}
info: Mapped {/api/roles/add, POST} route {"context":"RouterExplorer","timestamp":"2025-05-08T02:16:55.535Z"}
info: Mapped {/api/roles/delete/:id, DELETE} route {"context":"RouterExplorer","timestamp":"2025-05-08T02:16:55.536Z"}
info: Mapped {/api/roles/edit/:id, PATCH} route {"context":"RouterExplorer","timestamp":"2025-05-08T02:16:55.537Z"}
info: AuthController {/api/auth}: {"context":"RoutesResolver","timestamp":"2025-05-08T02:16:55.537Z"}
info: Mapped {/api/auth/signin, POST} route {"context":"RouterExplorer","timestamp":"2025-05-08T02:16:55.538Z"}
info: Mapped {/api/auth/signup, POST} route {"context":"RouterExplorer","timestamp":"2025-05-08T02:16:55.538Z"}
info: Nest application successfully started {"context":"NestApplication","timestamp":"2025-05-08T02:16:55.541Z"}
info: LogsController {/api/logs}: {"context":"RoutesResolver","timestamp":"2025-05-08T02:17:21.898Z"}
info: Mapped {/api/logs/logsByGroup/:id, GET} route {"context":"RouterExplorer","timestamp":"2025-05-08T02:17:21.902Z"}
info: UserController {/api/user}: {"context":"RoutesResolver","timestamp":"2025-05-08T02:17:21.903Z"}
info: Mapped {/api/user/list, GET} route {"context":"RouterExplorer","timestamp":"2025-05-08T02:17:21.904Z"}
info: Mapped {/api/user/getUserById/:id, GET} route {"context":"RouterExplorer","timestamp":"2025-05-08T02:17:21.905Z"}
info: Mapped {/api/user/add, POST} route {"context":"RouterExplorer","timestamp":"2025-05-08T02:17:21.905Z"}
info: Mapped {/api/user/edit/:id, PATCH} route {"context":"RouterExplorer","timestamp":"2025-05-08T02:17:21.906Z"}
info: Mapped {/api/user/delete/:id, DELETE} route {"context":"RouterExplorer","timestamp":"2025-05-08T02:17:21.907Z"}
info: Mapped {/api/user/profile/:id, GET} route {"context":"RouterExplorer","timestamp":"2025-05-08T02:17:21.908Z"}
info: RolesController {/api/roles}: {"context":"RoutesResolver","timestamp":"2025-05-08T02:17:21.908Z"}
info: Mapped {/api/roles/list, GET} route {"context":"RouterExplorer","timestamp":"2025-05-08T02:17:21.909Z"}
info: Mapped {/api/roles/add, POST} route {"context":"RouterExplorer","timestamp":"2025-05-08T02:17:21.910Z"}
info: Mapped {/api/roles/delete/:id, DELETE} route {"context":"RouterExplorer","timestamp":"2025-05-08T02:17:21.911Z"}
info: Mapped {/api/roles/edit/:id, PATCH} route {"context":"RouterExplorer","timestamp":"2025-05-08T02:17:21.911Z"}
info: AuthController {/api/auth}: {"context":"RoutesResolver","timestamp":"2025-05-08T02:17:21.912Z"}
info: Mapped {/api/auth/signin, POST} route {"context":"RouterExplorer","timestamp":"2025-05-08T02:17:21.912Z"}
info: Mapped {/api/auth/signup, POST} route {"context":"RouterExplorer","timestamp":"2025-05-08T02:17:21.913Z"}
info: Nest application successfully started {"context":"NestApplication","timestamp":"2025-05-08T02:17:21.916Z"}
info: LogsController {/api/logs}: {"context":"RoutesResolver","timestamp":"2025-05-08T02:17:24.642Z"}
info: Mapped {/api/logs/logsByGroup/:id, GET} route {"context":"RouterExplorer","timestamp":"2025-05-08T02:17:24.646Z"}
info: UserController {/api/user}: {"context":"RoutesResolver","timestamp":"2025-05-08T02:17:24.647Z"}
info: Mapped {/api/user/list, GET} route {"context":"RouterExplorer","timestamp":"2025-05-08T02:17:24.648Z"}
info: Mapped {/api/user/getUserById/:id, GET} route {"context":"RouterExplorer","timestamp":"2025-05-08T02:17:24.649Z"}
info: Mapped {/api/user/add, POST} route {"context":"RouterExplorer","timestamp":"2025-05-08T02:17:24.649Z"}
info: Mapped {/api/user/edit/:id, PATCH} route {"context":"RouterExplorer","timestamp":"2025-05-08T02:17:24.650Z"}
info: Mapped {/api/user/delete/:id, DELETE} route {"context":"RouterExplorer","timestamp":"2025-05-08T02:17:24.651Z"}
info: Mapped {/api/user/profile/:id, GET} route {"context":"RouterExplorer","timestamp":"2025-05-08T02:17:24.652Z"}
info: RolesController {/api/roles}: {"context":"RoutesResolver","timestamp":"2025-05-08T02:17:24.652Z"}
info: Mapped {/api/roles/list, GET} route {"context":"RouterExplorer","timestamp":"2025-05-08T02:17:24.653Z"}
info: Mapped {/api/roles/add, POST} route {"context":"RouterExplorer","timestamp":"2025-05-08T02:17:24.654Z"}
info: Mapped {/api/roles/delete/:id, DELETE} route {"context":"RouterExplorer","timestamp":"2025-05-08T02:17:24.655Z"}
info: Mapped {/api/roles/edit/:id, PATCH} route {"context":"RouterExplorer","timestamp":"2025-05-08T02:17:24.656Z"}
info: AuthController {/api/auth}: {"context":"RoutesResolver","timestamp":"2025-05-08T02:17:24.656Z"}
info: Mapped {/api/auth/signin, POST} route {"context":"RouterExplorer","timestamp":"2025-05-08T02:17:24.657Z"}
info: Mapped {/api/auth/signup, POST} route {"context":"RouterExplorer","timestamp":"2025-05-08T02:17:24.657Z"}
info: Nest application successfully started {"context":"NestApplication","timestamp":"2025-05-08T02:17:24.660Z"}
info: LogsController {/api/logs}: {"context":"RoutesResolver","timestamp":"2025-05-08T02:17:29.059Z"}
info: Mapped {/api/logs/logsByGroup/:id, GET} route {"context":"RouterExplorer","timestamp":"2025-05-08T02:17:29.064Z"}
info: UserController {/api/user}: {"context":"RoutesResolver","timestamp":"2025-05-08T02:17:29.065Z"}
info: Mapped {/api/user/list, GET} route {"context":"RouterExplorer","timestamp":"2025-05-08T02:17:29.066Z"}
info: Mapped {/api/user/getUserById/:id, GET} route {"context":"RouterExplorer","timestamp":"2025-05-08T02:17:29.067Z"}
info: Mapped {/api/user/add, POST} route {"context":"RouterExplorer","timestamp":"2025-05-08T02:17:29.068Z"}
info: Mapped {/api/user/edit/:id, PATCH} route {"context":"RouterExplorer","timestamp":"2025-05-08T02:17:29.069Z"}
info: Mapped {/api/user/delete/:id, DELETE} route {"context":"RouterExplorer","timestamp":"2025-05-08T02:17:29.070Z"}
info: Mapped {/api/user/profile/:id, GET} route {"context":"RouterExplorer","timestamp":"2025-05-08T02:17:29.071Z"}
info: RolesController {/api/roles}: {"context":"RoutesResolver","timestamp":"2025-05-08T02:17:29.072Z"}
info: Mapped {/api/roles/list, GET} route {"context":"RouterExplorer","timestamp":"2025-05-08T02:17:29.073Z"}
info: Mapped {/api/roles/add, POST} route {"context":"RouterExplorer","timestamp":"2025-05-08T02:17:29.074Z"}
info: Mapped {/api/roles/delete/:id, DELETE} route {"context":"RouterExplorer","timestamp":"2025-05-08T02:17:29.074Z"}
info: Mapped {/api/roles/edit/:id, PATCH} route {"context":"RouterExplorer","timestamp":"2025-05-08T02:17:29.075Z"}
info: AuthController {/api/auth}: {"context":"RoutesResolver","timestamp":"2025-05-08T02:17:29.075Z"}
info: Mapped {/api/auth/signin, POST} route {"context":"RouterExplorer","timestamp":"2025-05-08T02:17:29.076Z"}
info: Mapped {/api/auth/signup, POST} route {"context":"RouterExplorer","timestamp":"2025-05-08T02:17:29.077Z"}
info: Nest application successfully started {"context":"NestApplication","timestamp":"2025-05-08T02:17:29.080Z"}
info: LogsController {/api/logs}: {"context":"RoutesResolver","timestamp":"2025-05-08T02:19:08.528Z"}
info: Mapped {/api/logs/logsByGroup/:id, GET} route {"context":"RouterExplorer","timestamp":"2025-05-08T02:19:08.531Z"}
info: UserController {/api/user}: {"context":"RoutesResolver","timestamp":"2025-05-08T02:19:08.532Z"}
info: Mapped {/api/user/list, GET} route {"context":"RouterExplorer","timestamp":"2025-05-08T02:19:08.533Z"}
info: Mapped {/api/user/getUserById/:id, GET} route {"context":"RouterExplorer","timestamp":"2025-05-08T02:19:08.534Z"}
info: Mapped {/api/user/add, POST} route {"context":"RouterExplorer","timestamp":"2025-05-08T02:19:08.535Z"}
info: Mapped {/api/user/edit/:id, PATCH} route {"context":"RouterExplorer","timestamp":"2025-05-08T02:19:08.535Z"}
info: Mapped {/api/user/delete/:id, DELETE} route {"context":"RouterExplorer","timestamp":"2025-05-08T02:19:08.536Z"}
info: Mapped {/api/user/profile/:id, GET} route {"context":"RouterExplorer","timestamp":"2025-05-08T02:19:08.537Z"}
info: RolesController {/api/roles}: {"context":"RoutesResolver","timestamp":"2025-05-08T02:19:08.537Z"}
info: Mapped {/api/roles/list, GET} route {"context":"RouterExplorer","timestamp":"2025-05-08T02:19:08.538Z"}
info: Mapped {/api/roles/add, POST} route {"context":"RouterExplorer","timestamp":"2025-05-08T02:19:08.539Z"}
info: Mapped {/api/roles/delete/:id, DELETE} route {"context":"RouterExplorer","timestamp":"2025-05-08T02:19:08.540Z"}
info: Mapped {/api/roles/edit/:id, PATCH} route {"context":"RouterExplorer","timestamp":"2025-05-08T02:19:08.540Z"}
info: AuthController {/api/auth}: {"context":"RoutesResolver","timestamp":"2025-05-08T02:19:08.541Z"}
info: Mapped {/api/auth/signin, POST} route {"context":"RouterExplorer","timestamp":"2025-05-08T02:19:08.541Z"}
info: Mapped {/api/auth/signup, POST} route {"context":"RouterExplorer","timestamp":"2025-05-08T02:19:08.542Z"}
info: Nest application successfully started {"context":"NestApplication","timestamp":"2025-05-08T02:19:08.544Z"}
info: LogsController {/api/logs}: {"context":"RoutesResolver","timestamp":"2025-05-08T02:47:01.038Z"}
info: Mapped {/api/logs/logsByGroup/:id, GET} route {"context":"RouterExplorer","timestamp":"2025-05-08T02:47:01.042Z"}
info: UserController {/api/user}: {"context":"RoutesResolver","timestamp":"2025-05-08T02:47:01.042Z"}
info: Mapped {/api/user/list, GET} route {"context":"RouterExplorer","timestamp":"2025-05-08T02:47:01.044Z"}
info: Mapped {/api/user/getUserById/:id, GET} route {"context":"RouterExplorer","timestamp":"2025-05-08T02:47:01.045Z"}
info: Mapped {/api/user/add, POST} route {"context":"RouterExplorer","timestamp":"2025-05-08T02:47:01.045Z"}
info: Mapped {/api/user/edit/:id, PATCH} route {"context":"RouterExplorer","timestamp":"2025-05-08T02:47:01.046Z"}
info: Mapped {/api/user/delete/:id, DELETE} route {"context":"RouterExplorer","timestamp":"2025-05-08T02:47:01.047Z"}
info: Mapped {/api/user/profile/:id, GET} route {"context":"RouterExplorer","timestamp":"2025-05-08T02:47:01.048Z"}
info: RolesController {/api/roles}: {"context":"RoutesResolver","timestamp":"2025-05-08T02:47:01.048Z"}
info: Mapped {/api/roles/list, GET} route {"context":"RouterExplorer","timestamp":"2025-05-08T02:47:01.049Z"}
info: Mapped {/api/roles/add, POST} route {"context":"RouterExplorer","timestamp":"2025-05-08T02:47:01.050Z"}
info: Mapped {/api/roles/delete/:id, DELETE} route {"context":"RouterExplorer","timestamp":"2025-05-08T02:47:01.051Z"}
info: Mapped {/api/roles/edit/:id, PATCH} route {"context":"RouterExplorer","timestamp":"2025-05-08T02:47:01.051Z"}
info: AuthController {/api/auth}: {"context":"RoutesResolver","timestamp":"2025-05-08T02:47:01.052Z"}
info: Mapped {/api/auth/signin, POST} route {"context":"RouterExplorer","timestamp":"2025-05-08T02:47:01.052Z"}
info: Mapped {/api/auth/signup, POST} route {"context":"RouterExplorer","timestamp":"2025-05-08T02:47:01.053Z"}
info: Nest application successfully started {"context":"NestApplication","timestamp":"2025-05-08T02:47:01.056Z"}
info: LogsController {/api/logs}: {"context":"RoutesResolver","timestamp":"2025-05-08T02:47:07.398Z"}
info: Mapped {/api/logs/logsByGroup/:id, GET} route {"context":"RouterExplorer","timestamp":"2025-05-08T02:47:07.402Z"}
info: UserController {/api/user}: {"context":"RoutesResolver","timestamp":"2025-05-08T02:47:07.403Z"}
info: Mapped {/api/user/list, GET} route {"context":"RouterExplorer","timestamp":"2025-05-08T02:47:07.404Z"}
info: Mapped {/api/user/getUserById/:id, GET} route {"context":"RouterExplorer","timestamp":"2025-05-08T02:47:07.405Z"}
info: Mapped {/api/user/add, POST} route {"context":"RouterExplorer","timestamp":"2025-05-08T02:47:07.406Z"}
info: Mapped {/api/user/edit/:id, PATCH} route {"context":"RouterExplorer","timestamp":"2025-05-08T02:47:07.407Z"}
info: Mapped {/api/user/delete/:id, DELETE} route {"context":"RouterExplorer","timestamp":"2025-05-08T02:47:07.408Z"}
info: Mapped {/api/user/profile/:id, GET} route {"context":"RouterExplorer","timestamp":"2025-05-08T02:47:07.409Z"}
info: RolesController {/api/roles}: {"context":"RoutesResolver","timestamp":"2025-05-08T02:47:07.409Z"}
info: Mapped {/api/roles/list, GET} route {"context":"RouterExplorer","timestamp":"2025-05-08T02:47:07.410Z"}
info: Mapped {/api/roles/add, POST} route {"context":"RouterExplorer","timestamp":"2025-05-08T02:47:07.411Z"}
info: Mapped {/api/roles/delete/:id, DELETE} route {"context":"RouterExplorer","timestamp":"2025-05-08T02:47:07.412Z"}
info: Mapped {/api/roles/edit/:id, PATCH} route {"context":"RouterExplorer","timestamp":"2025-05-08T02:47:07.412Z"}
info: AuthController {/api/auth}: {"context":"RoutesResolver","timestamp":"2025-05-08T02:47:07.413Z"}
info: Mapped {/api/auth/signin, POST} route {"context":"RouterExplorer","timestamp":"2025-05-08T02:47:07.413Z"}
info: Mapped {/api/auth/signup, POST} route {"context":"RouterExplorer","timestamp":"2025-05-08T02:47:07.414Z"}
info: Nest application successfully started {"context":"NestApplication","timestamp":"2025-05-08T02:47:07.417Z"}
info: LogsController {/api/logs}: {"context":"RoutesResolver","timestamp":"2025-05-08T02:48:33.874Z"}
info: Mapped {/api/logs/logsByGroup/:id, GET} route {"context":"RouterExplorer","timestamp":"2025-05-08T02:48:33.879Z"}
info: UserController {/api/user}: {"context":"RoutesResolver","timestamp":"2025-05-08T02:48:33.879Z"}
info: Mapped {/api/user/list, GET} route {"context":"RouterExplorer","timestamp":"2025-05-08T02:48:33.880Z"}
info: Mapped {/api/user/getUserById/:id, GET} route {"context":"RouterExplorer","timestamp":"2025-05-08T02:48:33.881Z"}
info: Mapped {/api/user/add, POST} route {"context":"RouterExplorer","timestamp":"2025-05-08T02:48:33.882Z"}
info: Mapped {/api/user/edit/:id, PATCH} route {"context":"RouterExplorer","timestamp":"2025-05-08T02:48:33.883Z"}
info: Mapped {/api/user/delete/:id, DELETE} route {"context":"RouterExplorer","timestamp":"2025-05-08T02:48:33.884Z"}
info: Mapped {/api/user/profile/:id, GET} route {"context":"RouterExplorer","timestamp":"2025-05-08T02:48:33.884Z"}
info: RolesController {/api/roles}: {"context":"RoutesResolver","timestamp":"2025-05-08T02:48:33.885Z"}
info: Mapped {/api/roles/list, GET} route {"context":"RouterExplorer","timestamp":"2025-05-08T02:48:33.886Z"}
info: Mapped {/api/roles/add, POST} route {"context":"RouterExplorer","timestamp":"2025-05-08T02:48:33.887Z"}
info: Mapped {/api/roles/delete/:id, DELETE} route {"context":"RouterExplorer","timestamp":"2025-05-08T02:48:33.887Z"}
info: Mapped {/api/roles/edit/:id, PATCH} route {"context":"RouterExplorer","timestamp":"2025-05-08T02:48:33.888Z"}
info: AuthController {/api/auth}: {"context":"RoutesResolver","timestamp":"2025-05-08T02:48:33.888Z"}
info: Mapped {/api/auth/signin, POST} route {"context":"RouterExplorer","timestamp":"2025-05-08T02:48:33.889Z"}
info: Mapped {/api/auth/signup, POST} route {"context":"RouterExplorer","timestamp":"2025-05-08T02:48:33.889Z"}
info: Nest application successfully started {"context":"NestApplication","timestamp":"2025-05-08T02:48:33.892Z"}
info: LogsController {/api/logs}: {"context":"RoutesResolver","timestamp":"2025-05-08T02:49:14.400Z"}
info: Mapped {/api/logs/logsByGroup/:id, GET} route {"context":"RouterExplorer","timestamp":"2025-05-08T02:49:14.405Z"}
info: UserController {/api/user}: {"context":"RoutesResolver","timestamp":"2025-05-08T02:49:14.406Z"}
info: Mapped {/api/user/list, GET} route {"context":"RouterExplorer","timestamp":"2025-05-08T02:49:14.407Z"}
info: Mapped {/api/user/getUserById/:id, GET} route {"context":"RouterExplorer","timestamp":"2025-05-08T02:49:14.408Z"}
info: Mapped {/api/user/add, POST} route {"context":"RouterExplorer","timestamp":"2025-05-08T02:49:14.409Z"}
info: Mapped {/api/user/edit/:id, PATCH} route {"context":"RouterExplorer","timestamp":"2025-05-08T02:49:14.409Z"}
info: Mapped {/api/user/delete/:id, DELETE} route {"context":"RouterExplorer","timestamp":"2025-05-08T02:49:14.410Z"}
info: Mapped {/api/user/profile/:id, GET} route {"context":"RouterExplorer","timestamp":"2025-05-08T02:49:14.411Z"}
info: RolesController {/api/roles}: {"context":"RoutesResolver","timestamp":"2025-05-08T02:49:14.412Z"}
info: Mapped {/api/roles/list, GET} route {"context":"RouterExplorer","timestamp":"2025-05-08T02:49:14.413Z"}
info: Mapped {/api/roles/add, POST} route {"context":"RouterExplorer","timestamp":"2025-05-08T02:49:14.413Z"}
info: Mapped {/api/roles/delete/:id, DELETE} route {"context":"RouterExplorer","timestamp":"2025-05-08T02:49:14.414Z"}
info: Mapped {/api/roles/edit/:id, PATCH} route {"context":"RouterExplorer","timestamp":"2025-05-08T02:49:14.415Z"}
info: AuthController {/api/auth}: {"context":"RoutesResolver","timestamp":"2025-05-08T02:49:14.415Z"}
info: Mapped {/api/auth/signin, POST} route {"context":"RouterExplorer","timestamp":"2025-05-08T02:49:14.416Z"}
info: Mapped {/api/auth/signup, POST} route {"context":"RouterExplorer","timestamp":"2025-05-08T02:49:14.416Z"}
info: Nest application successfully started {"context":"NestApplication","timestamp":"2025-05-08T02:49:14.420Z"}
info: LogsController {/api/logs}: {"context":"RoutesResolver","timestamp":"2025-05-08T02:49:17.352Z"}
info: Mapped {/api/logs/logsByGroup/:id, GET} route {"context":"RouterExplorer","timestamp":"2025-05-08T02:49:17.357Z"}
info: UserController {/api/user}: {"context":"RoutesResolver","timestamp":"2025-05-08T02:49:17.358Z"}
info: Mapped {/api/user/list, GET} route {"context":"RouterExplorer","timestamp":"2025-05-08T02:49:17.359Z"}
info: Mapped {/api/user/getUserById/:id, GET} route {"context":"RouterExplorer","timestamp":"2025-05-08T02:49:17.360Z"}
info: Mapped {/api/user/add, POST} route {"context":"RouterExplorer","timestamp":"2025-05-08T02:49:17.361Z"}
info: Mapped {/api/user/edit/:id, PATCH} route {"context":"RouterExplorer","timestamp":"2025-05-08T02:49:17.362Z"}
info: Mapped {/api/user/delete/:id, DELETE} route {"context":"RouterExplorer","timestamp":"2025-05-08T02:49:17.363Z"}
info: Mapped {/api/user/profile/:id, GET} route {"context":"RouterExplorer","timestamp":"2025-05-08T02:49:17.363Z"}
info: RolesController {/api/roles}: {"context":"RoutesResolver","timestamp":"2025-05-08T02:49:17.364Z"}
info: Mapped {/api/roles/list, GET} route {"context":"RouterExplorer","timestamp":"2025-05-08T02:49:17.365Z"}
info: Mapped {/api/roles/add, POST} route {"context":"RouterExplorer","timestamp":"2025-05-08T02:49:17.366Z"}
info: Mapped {/api/roles/delete/:id, DELETE} route {"context":"RouterExplorer","timestamp":"2025-05-08T02:49:17.367Z"}
info: Mapped {/api/roles/edit/:id, PATCH} route {"context":"RouterExplorer","timestamp":"2025-05-08T02:49:17.367Z"}
info: AuthController {/api/auth}: {"context":"RoutesResolver","timestamp":"2025-05-08T02:49:17.368Z"}
info: Mapped {/api/auth/signin, POST} route {"context":"RouterExplorer","timestamp":"2025-05-08T02:49:17.368Z"}
info: Mapped {/api/auth/signup, POST} route {"context":"RouterExplorer","timestamp":"2025-05-08T02:49:17.369Z"}
info: Nest application successfully started {"context":"NestApplication","timestamp":"2025-05-08T02:49:17.372Z"}
info: LogsController {/api/logs}: {"context":"RoutesResolver","timestamp":"2025-05-08T02:50:27.525Z"}
info: Mapped {/api/logs/logsByGroup/:id, GET} route {"context":"RouterExplorer","timestamp":"2025-05-08T02:50:27.529Z"}
info: UserController {/api/user}: {"context":"RoutesResolver","timestamp":"2025-05-08T02:50:27.530Z"}
info: Mapped {/api/user/list, GET} route {"context":"RouterExplorer","timestamp":"2025-05-08T02:50:27.531Z"}
info: Mapped {/api/user/getUserById/:id, GET} route {"context":"RouterExplorer","timestamp":"2025-05-08T02:50:27.532Z"}
info: Mapped {/api/user/add, POST} route {"context":"RouterExplorer","timestamp":"2025-05-08T02:50:27.533Z"}
info: Mapped {/api/user/edit/:id, PATCH} route {"context":"RouterExplorer","timestamp":"2025-05-08T02:50:27.534Z"}
info: Mapped {/api/user/delete/:id, DELETE} route {"context":"RouterExplorer","timestamp":"2025-05-08T02:50:27.535Z"}
info: Mapped {/api/user/profile/:id, GET} route {"context":"RouterExplorer","timestamp":"2025-05-08T02:50:27.536Z"}
info: RolesController {/api/roles}: {"context":"RoutesResolver","timestamp":"2025-05-08T02:50:27.536Z"}
info: Mapped {/api/roles/list, GET} route {"context":"RouterExplorer","timestamp":"2025-05-08T02:50:27.537Z"}
info: Mapped {/api/roles/add, POST} route {"context":"RouterExplorer","timestamp":"2025-05-08T02:50:27.538Z"}
info: Mapped {/api/roles/delete/:id, DELETE} route {"context":"RouterExplorer","timestamp":"2025-05-08T02:50:27.538Z"}
info: Mapped {/api/roles/edit/:id, PATCH} route {"context":"RouterExplorer","timestamp":"2025-05-08T02:50:27.539Z"}
info: AuthController {/api/auth}: {"context":"RoutesResolver","timestamp":"2025-05-08T02:50:27.539Z"}
info: Mapped {/api/auth/signin, POST} route {"context":"RouterExplorer","timestamp":"2025-05-08T02:50:27.540Z"}
info: Mapped {/api/auth/signup, POST} route {"context":"RouterExplorer","timestamp":"2025-05-08T02:50:27.540Z"}
info: Nest application successfully started {"context":"NestApplication","timestamp":"2025-05-08T02:50:27.546Z"}
