info: LogsController {/api/logs}: {"context":"RoutesResolver","timestamp":"2025-05-09T07:29:38.097Z"}
info: Mapped {/api/logs/logsByGroup/:id, GET} route {"context":"RouterExplorer","timestamp":"2025-05-09T07:29:38.101Z"}
info: UserController {/api/user}: {"context":"RoutesResolver","timestamp":"2025-05-09T07:29:38.101Z"}
info: Mapped {/api/user/list, GET} route {"context":"RouterExplorer","timestamp":"2025-05-09T07:29:38.102Z"}
info: Mapped {/api/user/getUserById/:id, GET} route {"context":"RouterExplorer","timestamp":"2025-05-09T07:29:38.103Z"}
info: Mapped {/api/user/add, POST} route {"context":"RouterExplorer","timestamp":"2025-05-09T07:29:38.104Z"}
info: Mapped {/api/user/edit/:id, PATCH} route {"context":"RouterExplorer","timestamp":"2025-05-09T07:29:38.105Z"}
info: Mapped {/api/user/delete/:id, DELETE} route {"context":"RouterExplorer","timestamp":"2025-05-09T07:29:38.105Z"}
info: Mapped {/api/user/profile/:id, GET} route {"context":"RouterExplorer","timestamp":"2025-05-09T07:29:38.106Z"}
info: RolesController {/api/roles}: {"context":"RoutesResolver","timestamp":"2025-05-09T07:29:38.106Z"}
info: Mapped {/api/roles/list, GET} route {"context":"RouterExplorer","timestamp":"2025-05-09T07:29:38.107Z"}
info: Mapped {/api/roles/add, POST} route {"context":"RouterExplorer","timestamp":"2025-05-09T07:29:38.108Z"}
info: Mapped {/api/roles/delete/:id, DELETE} route {"context":"RouterExplorer","timestamp":"2025-05-09T07:29:38.108Z"}
info: Mapped {/api/roles/edit/:id, PATCH} route {"context":"RouterExplorer","timestamp":"2025-05-09T07:29:38.109Z"}
info: AuthController {/api/auth}: {"context":"RoutesResolver","timestamp":"2025-05-09T07:29:38.109Z"}
info: Mapped {/api/auth/signup, POST} route {"context":"RouterExplorer","timestamp":"2025-05-09T07:29:38.109Z"}
info: Mapped {/api/auth/signin, POST} route {"context":"RouterExplorer","timestamp":"2025-05-09T07:29:38.110Z"}
info: Nest application successfully started {"context":"NestApplication","timestamp":"2025-05-09T07:29:38.112Z"}
info: LogsController {/api/logs}: {"context":"RoutesResolver","timestamp":"2025-05-09T07:30:33.833Z"}
info: Mapped {/api/logs/logsByGroup/:id, GET} route {"context":"RouterExplorer","timestamp":"2025-05-09T07:30:33.837Z"}
info: UserController {/api/user}: {"context":"RoutesResolver","timestamp":"2025-05-09T07:30:33.837Z"}
info: Mapped {/api/user/list, GET} route {"context":"RouterExplorer","timestamp":"2025-05-09T07:30:33.838Z"}
info: Mapped {/api/user/getUserById/:id, GET} route {"context":"RouterExplorer","timestamp":"2025-05-09T07:30:33.839Z"}
info: Mapped {/api/user/add, POST} route {"context":"RouterExplorer","timestamp":"2025-05-09T07:30:33.839Z"}
info: Mapped {/api/user/edit/:id, PATCH} route {"context":"RouterExplorer","timestamp":"2025-05-09T07:30:33.840Z"}
info: Mapped {/api/user/delete/:id, DELETE} route {"context":"RouterExplorer","timestamp":"2025-05-09T07:30:33.841Z"}
info: Mapped {/api/user/profile/:id, GET} route {"context":"RouterExplorer","timestamp":"2025-05-09T07:30:33.841Z"}
info: RolesController {/api/roles}: {"context":"RoutesResolver","timestamp":"2025-05-09T07:30:33.842Z"}
info: Mapped {/api/roles/list, GET} route {"context":"RouterExplorer","timestamp":"2025-05-09T07:30:33.843Z"}
info: Mapped {/api/roles/add, POST} route {"context":"RouterExplorer","timestamp":"2025-05-09T07:30:33.844Z"}
info: Mapped {/api/roles/delete/:id, DELETE} route {"context":"RouterExplorer","timestamp":"2025-05-09T07:30:33.844Z"}
info: Mapped {/api/roles/edit/:id, PATCH} route {"context":"RouterExplorer","timestamp":"2025-05-09T07:30:33.845Z"}
info: AuthController {/api/auth}: {"context":"RoutesResolver","timestamp":"2025-05-09T07:30:33.845Z"}
info: Mapped {/api/auth/signup, POST} route {"context":"RouterExplorer","timestamp":"2025-05-09T07:30:33.845Z"}
info: Mapped {/api/auth/signin, POST} route {"context":"RouterExplorer","timestamp":"2025-05-09T07:30:33.846Z"}
info: Nest application successfully started {"context":"NestApplication","timestamp":"2025-05-09T07:30:33.848Z"}
info: LogsController {/api/logs}: {"context":"RoutesResolver","timestamp":"2025-05-09T07:30:43.178Z"}
info: Mapped {/api/logs/logsByGroup/:id, GET} route {"context":"RouterExplorer","timestamp":"2025-05-09T07:30:43.181Z"}
info: UserController {/api/user}: {"context":"RoutesResolver","timestamp":"2025-05-09T07:30:43.182Z"}
info: Mapped {/api/user/list, GET} route {"context":"RouterExplorer","timestamp":"2025-05-09T07:30:43.183Z"}
info: Mapped {/api/user/getUserById/:id, GET} route {"context":"RouterExplorer","timestamp":"2025-05-09T07:30:43.184Z"}
info: Mapped {/api/user/add, POST} route {"context":"RouterExplorer","timestamp":"2025-05-09T07:30:43.185Z"}
info: Mapped {/api/user/edit/:id, PATCH} route {"context":"RouterExplorer","timestamp":"2025-05-09T07:30:43.185Z"}
info: Mapped {/api/user/delete/:id, DELETE} route {"context":"RouterExplorer","timestamp":"2025-05-09T07:30:43.186Z"}
info: Mapped {/api/user/profile/:id, GET} route {"context":"RouterExplorer","timestamp":"2025-05-09T07:30:43.187Z"}
info: RolesController {/api/roles}: {"context":"RoutesResolver","timestamp":"2025-05-09T07:30:43.187Z"}
info: Mapped {/api/roles/list, GET} route {"context":"RouterExplorer","timestamp":"2025-05-09T07:30:43.188Z"}
info: Mapped {/api/roles/add, POST} route {"context":"RouterExplorer","timestamp":"2025-05-09T07:30:43.188Z"}
info: Mapped {/api/roles/delete/:id, DELETE} route {"context":"RouterExplorer","timestamp":"2025-05-09T07:30:43.189Z"}
info: Mapped {/api/roles/edit/:id, PATCH} route {"context":"RouterExplorer","timestamp":"2025-05-09T07:30:43.189Z"}
info: AuthController {/api/auth}: {"context":"RoutesResolver","timestamp":"2025-05-09T07:30:43.190Z"}
info: Mapped {/api/auth/signup, POST} route {"context":"RouterExplorer","timestamp":"2025-05-09T07:30:43.190Z"}
info: Mapped {/api/auth/signin, POST} route {"context":"RouterExplorer","timestamp":"2025-05-09T07:30:43.190Z"}
info: Nest application successfully started {"context":"NestApplication","timestamp":"2025-05-09T07:30:43.193Z"}
info: LogsController {/api/logs}: {"context":"RoutesResolver","timestamp":"2025-05-09T07:30:50.908Z"}
info: Mapped {/api/logs/logsByGroup/:id, GET} route {"context":"RouterExplorer","timestamp":"2025-05-09T07:30:50.912Z"}
info: UserController {/api/user}: {"context":"RoutesResolver","timestamp":"2025-05-09T07:30:50.913Z"}
info: Mapped {/api/user/list, GET} route {"context":"RouterExplorer","timestamp":"2025-05-09T07:30:50.913Z"}
info: Mapped {/api/user/getUserById/:id, GET} route {"context":"RouterExplorer","timestamp":"2025-05-09T07:30:50.914Z"}
info: Mapped {/api/user/add, POST} route {"context":"RouterExplorer","timestamp":"2025-05-09T07:30:50.915Z"}
info: Mapped {/api/user/edit/:id, PATCH} route {"context":"RouterExplorer","timestamp":"2025-05-09T07:30:50.916Z"}
info: Mapped {/api/user/delete/:id, DELETE} route {"context":"RouterExplorer","timestamp":"2025-05-09T07:30:50.916Z"}
info: Mapped {/api/user/profile/:id, GET} route {"context":"RouterExplorer","timestamp":"2025-05-09T07:30:50.917Z"}
info: RolesController {/api/roles}: {"context":"RoutesResolver","timestamp":"2025-05-09T07:30:50.917Z"}
info: Mapped {/api/roles/list, GET} route {"context":"RouterExplorer","timestamp":"2025-05-09T07:30:50.918Z"}
info: Mapped {/api/roles/add, POST} route {"context":"RouterExplorer","timestamp":"2025-05-09T07:30:50.918Z"}
info: Mapped {/api/roles/delete/:id, DELETE} route {"context":"RouterExplorer","timestamp":"2025-05-09T07:30:50.919Z"}
info: Mapped {/api/roles/edit/:id, PATCH} route {"context":"RouterExplorer","timestamp":"2025-05-09T07:30:50.919Z"}
info: AuthController {/api/auth}: {"context":"RoutesResolver","timestamp":"2025-05-09T07:30:50.919Z"}
info: Mapped {/api/auth/signup, POST} route {"context":"RouterExplorer","timestamp":"2025-05-09T07:30:50.920Z"}
info: Mapped {/api/auth/signin, POST} route {"context":"RouterExplorer","timestamp":"2025-05-09T07:30:50.920Z"}
info: Nest application successfully started {"context":"NestApplication","timestamp":"2025-05-09T07:30:50.922Z"}
info: LogsController {/api/logs}: {"context":"RoutesResolver","timestamp":"2025-05-09T07:34:06.724Z"}
info: Mapped {/api/logs/logsByGroup/:id, GET} route {"context":"RouterExplorer","timestamp":"2025-05-09T07:34:06.727Z"}
info: UserController {/api/user}: {"context":"RoutesResolver","timestamp":"2025-05-09T07:34:06.728Z"}
info: Mapped {/api/user/list, GET} route {"context":"RouterExplorer","timestamp":"2025-05-09T07:34:06.729Z"}
info: Mapped {/api/user/getUserById/:id, GET} route {"context":"RouterExplorer","timestamp":"2025-05-09T07:34:06.730Z"}
info: Mapped {/api/user/add, POST} route {"context":"RouterExplorer","timestamp":"2025-05-09T07:34:06.731Z"}
info: Mapped {/api/user/edit/:id, PATCH} route {"context":"RouterExplorer","timestamp":"2025-05-09T07:34:06.731Z"}
info: Mapped {/api/user/delete/:id, DELETE} route {"context":"RouterExplorer","timestamp":"2025-05-09T07:34:06.732Z"}
info: Mapped {/api/user/profile/:id, GET} route {"context":"RouterExplorer","timestamp":"2025-05-09T07:34:06.732Z"}
info: RolesController {/api/roles}: {"context":"RoutesResolver","timestamp":"2025-05-09T07:34:06.733Z"}
info: Mapped {/api/roles/list, GET} route {"context":"RouterExplorer","timestamp":"2025-05-09T07:34:06.733Z"}
info: Mapped {/api/roles/add, POST} route {"context":"RouterExplorer","timestamp":"2025-05-09T07:34:06.734Z"}
info: Mapped {/api/roles/delete/:id, DELETE} route {"context":"RouterExplorer","timestamp":"2025-05-09T07:34:06.735Z"}
info: Mapped {/api/roles/edit/:id, PATCH} route {"context":"RouterExplorer","timestamp":"2025-05-09T07:34:06.735Z"}
info: AuthController {/api/auth}: {"context":"RoutesResolver","timestamp":"2025-05-09T07:34:06.736Z"}
info: Mapped {/api/auth/signup, POST} route {"context":"RouterExplorer","timestamp":"2025-05-09T07:34:06.736Z"}
info: Mapped {/api/auth/signin, POST} route {"context":"RouterExplorer","timestamp":"2025-05-09T07:34:06.736Z"}
info: Nest application successfully started {"context":"NestApplication","timestamp":"2025-05-09T07:34:06.739Z"}
info: LogsController {/api/logs}: {"context":"RoutesResolver","timestamp":"2025-05-09T07:35:53.795Z"}
info: Mapped {/api/logs/logsByGroup/:id, GET} route {"context":"RouterExplorer","timestamp":"2025-05-09T07:35:53.799Z"}
info: UserController {/api/user}: {"context":"RoutesResolver","timestamp":"2025-05-09T07:35:53.800Z"}
info: Mapped {/api/user/list, GET} route {"context":"RouterExplorer","timestamp":"2025-05-09T07:35:53.801Z"}
info: Mapped {/api/user/getUserById/:id, GET} route {"context":"RouterExplorer","timestamp":"2025-05-09T07:35:53.802Z"}
info: Mapped {/api/user/add, POST} route {"context":"RouterExplorer","timestamp":"2025-05-09T07:35:53.802Z"}
info: Mapped {/api/user/edit/:id, PATCH} route {"context":"RouterExplorer","timestamp":"2025-05-09T07:35:53.803Z"}
info: Mapped {/api/user/delete/:id, DELETE} route {"context":"RouterExplorer","timestamp":"2025-05-09T07:35:53.804Z"}
info: Mapped {/api/user/profile/:id, GET} route {"context":"RouterExplorer","timestamp":"2025-05-09T07:35:53.805Z"}
info: RolesController {/api/roles}: {"context":"RoutesResolver","timestamp":"2025-05-09T07:35:53.805Z"}
info: Mapped {/api/roles/list, GET} route {"context":"RouterExplorer","timestamp":"2025-05-09T07:35:53.806Z"}
info: Mapped {/api/roles/add, POST} route {"context":"RouterExplorer","timestamp":"2025-05-09T07:35:53.807Z"}
info: Mapped {/api/roles/delete/:id, DELETE} route {"context":"RouterExplorer","timestamp":"2025-05-09T07:35:53.807Z"}
info: Mapped {/api/roles/edit/:id, PATCH} route {"context":"RouterExplorer","timestamp":"2025-05-09T07:35:53.808Z"}
info: AuthController {/api/auth}: {"context":"RoutesResolver","timestamp":"2025-05-09T07:35:53.808Z"}
info: Mapped {/api/auth/signup, POST} route {"context":"RouterExplorer","timestamp":"2025-05-09T07:35:53.809Z"}
info: Mapped {/api/auth/signin, POST} route {"context":"RouterExplorer","timestamp":"2025-05-09T07:35:53.809Z"}
info: Nest application successfully started {"context":"NestApplication","timestamp":"2025-05-09T07:35:53.811Z"}
info: LogsController {/api/logs}: {"context":"RoutesResolver","timestamp":"2025-05-09T07:36:20.568Z"}
info: Mapped {/api/logs/logsByGroup/:id, GET} route {"context":"RouterExplorer","timestamp":"2025-05-09T07:36:20.572Z"}
info: UserController {/api/user}: {"context":"RoutesResolver","timestamp":"2025-05-09T07:36:20.573Z"}
info: Mapped {/api/user/list, GET} route {"context":"RouterExplorer","timestamp":"2025-05-09T07:36:20.574Z"}
info: Mapped {/api/user/getUserById/:id, GET} route {"context":"RouterExplorer","timestamp":"2025-05-09T07:36:20.575Z"}
info: Mapped {/api/user/add, POST} route {"context":"RouterExplorer","timestamp":"2025-05-09T07:36:20.575Z"}
info: Mapped {/api/user/edit/:id, PATCH} route {"context":"RouterExplorer","timestamp":"2025-05-09T07:36:20.576Z"}
info: Mapped {/api/user/delete/:id, DELETE} route {"context":"RouterExplorer","timestamp":"2025-05-09T07:36:20.577Z"}
info: Mapped {/api/user/profile/:id, GET} route {"context":"RouterExplorer","timestamp":"2025-05-09T07:36:20.578Z"}
info: RolesController {/api/roles}: {"context":"RoutesResolver","timestamp":"2025-05-09T07:36:20.578Z"}
info: Mapped {/api/roles/list, GET} route {"context":"RouterExplorer","timestamp":"2025-05-09T07:36:20.579Z"}
info: Mapped {/api/roles/add, POST} route {"context":"RouterExplorer","timestamp":"2025-05-09T07:36:20.580Z"}
info: Mapped {/api/roles/delete/:id, DELETE} route {"context":"RouterExplorer","timestamp":"2025-05-09T07:36:20.580Z"}
info: Mapped {/api/roles/edit/:id, PATCH} route {"context":"RouterExplorer","timestamp":"2025-05-09T07:36:20.581Z"}
info: AuthController {/api/auth}: {"context":"RoutesResolver","timestamp":"2025-05-09T07:36:20.581Z"}
info: Mapped {/api/auth/signup, POST} route {"context":"RouterExplorer","timestamp":"2025-05-09T07:36:20.582Z"}
info: Mapped {/api/auth/signin, POST} route {"context":"RouterExplorer","timestamp":"2025-05-09T07:36:20.582Z"}
info: Nest application successfully started {"context":"NestApplication","timestamp":"2025-05-09T07:36:20.585Z"}
error: 捕获异常:  {"stack":[{"body":{"username":"admin"},"error":{"error":"Bad Request","message":["密码不能为空","密码必须是字符串"],"statusCode":400},"exception":"BadRequestException","headers":{"accept":"application/json, text/plain, */*","accept-encoding":"gzip, deflate, br, zstd","accept-language":"zh-CN,zh;q=0.9","cache-control":"no-cache","connection":"close","content-length":"20","content-type":"application/json;charset=UTF-8","cookie":"adminer_settings=vendor-server-db%3DMySQL%26vendor-db%3DMySQL; Hm_lvt_e8002ef3d9e0d8274b5b74cc4a027d08=1745974749,1746148861,1746583981,1746667620","host":"localhost:3000","origin":"http://localhost:9001","pragma":"no-cache","referer":"http://localhost:9001/login","sec-ch-ua":"\"Google Chrome\";v=\"135\", \"Not-A.Brand\";v=\"8\", \"Chromium\";v=\"135\"","sec-ch-ua-mobile":"?0","sec-ch-ua-platform":"\"Windows\"","sec-fetch-dest":"empty","sec-fetch-mode":"cors","sec-fetch-site":"same-origin","user-agent":"Mozilla/5.0 (Windows NT 10.0; Win64; x64) AppleWebKit/537.36 (KHTML, like Gecko) Chrome/135.0.0.0 Safari/537.36"},"ip":"::1","message":"Bad Request Exception","status":400,"timestamp":"2025-05-09T07:38:43.921Z"}],"timestamp":"2025-05-09T07:38:43.925Z"}
error: 捕获异常:  {"stack":[{"body":{"username":"admin"},"error":{"error":"Bad Request","message":["密码不能为空","密码必须是字符串"],"statusCode":400},"exception":"BadRequestException","headers":{"accept":"application/json, text/plain, */*","accept-encoding":"gzip, deflate, br, zstd","accept-language":"zh-CN,zh;q=0.9","cache-control":"no-cache","connection":"close","content-length":"20","content-type":"application/json;charset=UTF-8","cookie":"adminer_settings=vendor-server-db%3DMySQL%26vendor-db%3DMySQL; Hm_lvt_e8002ef3d9e0d8274b5b74cc4a027d08=1745974749,1746148861,1746583981,1746667620","host":"localhost:3000","origin":"http://localhost:9001","pragma":"no-cache","referer":"http://localhost:9001/login","sec-ch-ua":"\"Google Chrome\";v=\"135\", \"Not-A.Brand\";v=\"8\", \"Chromium\";v=\"135\"","sec-ch-ua-mobile":"?0","sec-ch-ua-platform":"\"Windows\"","sec-fetch-dest":"empty","sec-fetch-mode":"cors","sec-fetch-site":"same-origin","user-agent":"Mozilla/5.0 (Windows NT 10.0; Win64; x64) AppleWebKit/537.36 (KHTML, like Gecko) Chrome/135.0.0.0 Safari/537.36"},"ip":"::1","message":"Bad Request Exception","status":400,"timestamp":"2025-05-09T07:40:15.220Z"}],"timestamp":"2025-05-09T07:40:15.221Z"}
error: 捕获异常:  {"stack":[{"body":{"username":"admin"},"error":{"error":"Bad Request","message":["密码不能为空","密码必须是字符串"],"statusCode":400},"exception":"BadRequestException","headers":{"accept":"application/json, text/plain, */*","accept-encoding":"gzip, deflate, br, zstd","accept-language":"zh-CN,zh;q=0.9","cache-control":"no-cache","connection":"close","content-length":"20","content-type":"application/json;charset=UTF-8","cookie":"adminer_settings=vendor-server-db%3DMySQL%26vendor-db%3DMySQL; Hm_lvt_e8002ef3d9e0d8274b5b74cc4a027d08=1745974749,1746148861,1746583981,1746667620","host":"localhost:3000","origin":"http://localhost:9001","pragma":"no-cache","referer":"http://localhost:9001/login","sec-ch-ua":"\"Google Chrome\";v=\"135\", \"Not-A.Brand\";v=\"8\", \"Chromium\";v=\"135\"","sec-ch-ua-mobile":"?0","sec-ch-ua-platform":"\"Windows\"","sec-fetch-dest":"empty","sec-fetch-mode":"cors","sec-fetch-site":"same-origin","user-agent":"Mozilla/5.0 (Windows NT 10.0; Win64; x64) AppleWebKit/537.36 (KHTML, like Gecko) Chrome/135.0.0.0 Safari/537.36"},"ip":"::1","message":"Bad Request Exception","status":400,"timestamp":"2025-05-09T07:43:07.240Z"}],"timestamp":"2025-05-09T07:43:07.241Z"}
info: LogsController {/api/logs}: {"context":"RoutesResolver","timestamp":"2025-05-09T07:46:36.573Z"}
info: Mapped {/api/logs/logsByGroup/:id, GET} route {"context":"RouterExplorer","timestamp":"2025-05-09T07:46:36.577Z"}
info: UserController {/api/user}: {"context":"RoutesResolver","timestamp":"2025-05-09T07:46:36.577Z"}
info: Mapped {/api/user/list, GET} route {"context":"RouterExplorer","timestamp":"2025-05-09T07:46:36.578Z"}
info: Mapped {/api/user/getUserById/:id, GET} route {"context":"RouterExplorer","timestamp":"2025-05-09T07:46:36.579Z"}
info: Mapped {/api/user/add, POST} route {"context":"RouterExplorer","timestamp":"2025-05-09T07:46:36.580Z"}
info: Mapped {/api/user/edit/:id, PATCH} route {"context":"RouterExplorer","timestamp":"2025-05-09T07:46:36.581Z"}
info: Mapped {/api/user/delete/:id, DELETE} route {"context":"RouterExplorer","timestamp":"2025-05-09T07:46:36.581Z"}
info: Mapped {/api/user/profile/:id, GET} route {"context":"RouterExplorer","timestamp":"2025-05-09T07:46:36.582Z"}
info: RolesController {/api/roles}: {"context":"RoutesResolver","timestamp":"2025-05-09T07:46:36.583Z"}
info: Mapped {/api/roles/list, GET} route {"context":"RouterExplorer","timestamp":"2025-05-09T07:46:36.583Z"}
info: Mapped {/api/roles/add, POST} route {"context":"RouterExplorer","timestamp":"2025-05-09T07:46:36.584Z"}
info: Mapped {/api/roles/delete/:id, DELETE} route {"context":"RouterExplorer","timestamp":"2025-05-09T07:46:36.585Z"}
info: Mapped {/api/roles/edit/:id, PATCH} route {"context":"RouterExplorer","timestamp":"2025-05-09T07:46:36.585Z"}
info: AuthController {/api/auth}: {"context":"RoutesResolver","timestamp":"2025-05-09T07:46:36.586Z"}
info: Mapped {/api/auth/signup, POST} route {"context":"RouterExplorer","timestamp":"2025-05-09T07:46:36.586Z"}
info: Mapped {/api/auth/signin, POST} route {"context":"RouterExplorer","timestamp":"2025-05-09T07:46:36.587Z"}
info: Nest application successfully started {"context":"NestApplication","timestamp":"2025-05-09T07:46:36.589Z"}
info: LogsController {/api/logs}: {"context":"RoutesResolver","timestamp":"2025-05-09T07:48:27.494Z"}
info: Mapped {/api/logs/logsByGroup/:id, GET} route {"context":"RouterExplorer","timestamp":"2025-05-09T07:48:27.497Z"}
info: UserController {/api/user}: {"context":"RoutesResolver","timestamp":"2025-05-09T07:48:27.497Z"}
info: Mapped {/api/user/list, GET} route {"context":"RouterExplorer","timestamp":"2025-05-09T07:48:27.498Z"}
info: Mapped {/api/user/getUserById/:id, GET} route {"context":"RouterExplorer","timestamp":"2025-05-09T07:48:27.499Z"}
info: Mapped {/api/user/add, POST} route {"context":"RouterExplorer","timestamp":"2025-05-09T07:48:27.500Z"}
info: Mapped {/api/user/edit/:id, PATCH} route {"context":"RouterExplorer","timestamp":"2025-05-09T07:48:27.501Z"}
info: Mapped {/api/user/delete/:id, DELETE} route {"context":"RouterExplorer","timestamp":"2025-05-09T07:48:27.501Z"}
info: Mapped {/api/user/profile/:id, GET} route {"context":"RouterExplorer","timestamp":"2025-05-09T07:48:27.502Z"}
info: RolesController {/api/roles}: {"context":"RoutesResolver","timestamp":"2025-05-09T07:48:27.502Z"}
info: Mapped {/api/roles/list, GET} route {"context":"RouterExplorer","timestamp":"2025-05-09T07:48:27.503Z"}
info: Mapped {/api/roles/add, POST} route {"context":"RouterExplorer","timestamp":"2025-05-09T07:48:27.504Z"}
info: Mapped {/api/roles/delete/:id, DELETE} route {"context":"RouterExplorer","timestamp":"2025-05-09T07:48:27.504Z"}
info: Mapped {/api/roles/edit/:id, PATCH} route {"context":"RouterExplorer","timestamp":"2025-05-09T07:48:27.505Z"}
info: AuthController {/api/auth}: {"context":"RoutesResolver","timestamp":"2025-05-09T07:48:27.505Z"}
info: Mapped {/api/auth/signup, POST} route {"context":"RouterExplorer","timestamp":"2025-05-09T07:48:27.506Z"}
info: Mapped {/api/auth/signin, POST} route {"context":"RouterExplorer","timestamp":"2025-05-09T07:48:27.506Z"}
info: Nest application successfully started {"context":"NestApplication","timestamp":"2025-05-09T07:48:27.508Z"}
info: LogsController {/api/logs}: {"context":"RoutesResolver","timestamp":"2025-05-09T07:48:29.767Z"}
info: Mapped {/api/logs/logsByGroup/:id, GET} route {"context":"RouterExplorer","timestamp":"2025-05-09T07:48:29.771Z"}
info: UserController {/api/user}: {"context":"RoutesResolver","timestamp":"2025-05-09T07:48:29.771Z"}
info: Mapped {/api/user/list, GET} route {"context":"RouterExplorer","timestamp":"2025-05-09T07:48:29.772Z"}
info: Mapped {/api/user/getUserById/:id, GET} route {"context":"RouterExplorer","timestamp":"2025-05-09T07:48:29.773Z"}
info: Mapped {/api/user/add, POST} route {"context":"RouterExplorer","timestamp":"2025-05-09T07:48:29.774Z"}
info: Mapped {/api/user/edit/:id, PATCH} route {"context":"RouterExplorer","timestamp":"2025-05-09T07:48:29.775Z"}
info: Mapped {/api/user/delete/:id, DELETE} route {"context":"RouterExplorer","timestamp":"2025-05-09T07:48:29.775Z"}
info: Mapped {/api/user/profile/:id, GET} route {"context":"RouterExplorer","timestamp":"2025-05-09T07:48:29.776Z"}
info: RolesController {/api/roles}: {"context":"RoutesResolver","timestamp":"2025-05-09T07:48:29.776Z"}
info: Mapped {/api/roles/list, GET} route {"context":"RouterExplorer","timestamp":"2025-05-09T07:48:29.777Z"}
info: Mapped {/api/roles/add, POST} route {"context":"RouterExplorer","timestamp":"2025-05-09T07:48:29.778Z"}
info: Mapped {/api/roles/delete/:id, DELETE} route {"context":"RouterExplorer","timestamp":"2025-05-09T07:48:29.778Z"}
info: Mapped {/api/roles/edit/:id, PATCH} route {"context":"RouterExplorer","timestamp":"2025-05-09T07:48:29.779Z"}
info: AuthController {/api/auth}: {"context":"RoutesResolver","timestamp":"2025-05-09T07:48:29.779Z"}
info: Mapped {/api/auth/signup, POST} route {"context":"RouterExplorer","timestamp":"2025-05-09T07:48:29.779Z"}
info: Mapped {/api/auth/signin, POST} route {"context":"RouterExplorer","timestamp":"2025-05-09T07:48:29.780Z"}
info: Nest application successfully started {"context":"NestApplication","timestamp":"2025-05-09T07:48:29.782Z"}
info: LogsController {/api/logs}: {"context":"RoutesResolver","timestamp":"2025-05-09T07:50:12.615Z"}
info: Mapped {/api/logs/logsByGroup/:id, GET} route {"context":"RouterExplorer","timestamp":"2025-05-09T07:50:12.618Z"}
info: UserController {/api/user}: {"context":"RoutesResolver","timestamp":"2025-05-09T07:50:12.619Z"}
info: Mapped {/api/user/list, GET} route {"context":"RouterExplorer","timestamp":"2025-05-09T07:50:12.620Z"}
info: Mapped {/api/user/getUserById/:id, GET} route {"context":"RouterExplorer","timestamp":"2025-05-09T07:50:12.621Z"}
info: Mapped {/api/user/add, POST} route {"context":"RouterExplorer","timestamp":"2025-05-09T07:50:12.622Z"}
info: Mapped {/api/user/edit/:id, PATCH} route {"context":"RouterExplorer","timestamp":"2025-05-09T07:50:12.622Z"}
info: Mapped {/api/user/delete/:id, DELETE} route {"context":"RouterExplorer","timestamp":"2025-05-09T07:50:12.623Z"}
info: Mapped {/api/user/profile/:id, GET} route {"context":"RouterExplorer","timestamp":"2025-05-09T07:50:12.624Z"}
info: RolesController {/api/roles}: {"context":"RoutesResolver","timestamp":"2025-05-09T07:50:12.624Z"}
info: Mapped {/api/roles/list, GET} route {"context":"RouterExplorer","timestamp":"2025-05-09T07:50:12.625Z"}
info: Mapped {/api/roles/add, POST} route {"context":"RouterExplorer","timestamp":"2025-05-09T07:50:12.625Z"}
info: Mapped {/api/roles/delete/:id, DELETE} route {"context":"RouterExplorer","timestamp":"2025-05-09T07:50:12.626Z"}
info: Mapped {/api/roles/edit/:id, PATCH} route {"context":"RouterExplorer","timestamp":"2025-05-09T07:50:12.626Z"}
info: AuthController {/api/auth}: {"context":"RoutesResolver","timestamp":"2025-05-09T07:50:12.627Z"}
info: Mapped {/api/auth/signup, POST} route {"context":"RouterExplorer","timestamp":"2025-05-09T07:50:12.627Z"}
info: Mapped {/api/auth/signin, POST} route {"context":"RouterExplorer","timestamp":"2025-05-09T07:50:12.628Z"}
info: Nest application successfully started {"context":"NestApplication","timestamp":"2025-05-09T07:50:12.630Z"}
info: LogsController {/api/logs}: {"context":"RoutesResolver","timestamp":"2025-05-09T07:50:58.723Z"}
info: Mapped {/api/logs/logsByGroup/:id, GET} route {"context":"RouterExplorer","timestamp":"2025-05-09T07:50:58.727Z"}
info: UserController {/api/user}: {"context":"RoutesResolver","timestamp":"2025-05-09T07:50:58.727Z"}
info: Mapped {/api/user/list, GET} route {"context":"RouterExplorer","timestamp":"2025-05-09T07:50:58.729Z"}
info: Mapped {/api/user/getUserById/:id, GET} route {"context":"RouterExplorer","timestamp":"2025-05-09T07:50:58.730Z"}
info: Mapped {/api/user/add, POST} route {"context":"RouterExplorer","timestamp":"2025-05-09T07:50:58.731Z"}
info: Mapped {/api/user/edit/:id, PATCH} route {"context":"RouterExplorer","timestamp":"2025-05-09T07:50:58.732Z"}
info: Mapped {/api/user/delete/:id, DELETE} route {"context":"RouterExplorer","timestamp":"2025-05-09T07:50:58.733Z"}
info: Mapped {/api/user/profile/:id, GET} route {"context":"RouterExplorer","timestamp":"2025-05-09T07:50:58.734Z"}
info: RolesController {/api/roles}: {"context":"RoutesResolver","timestamp":"2025-05-09T07:50:58.734Z"}
info: Mapped {/api/roles/list, GET} route {"context":"RouterExplorer","timestamp":"2025-05-09T07:50:58.735Z"}
info: Mapped {/api/roles/add, POST} route {"context":"RouterExplorer","timestamp":"2025-05-09T07:50:58.736Z"}
info: Mapped {/api/roles/delete/:id, DELETE} route {"context":"RouterExplorer","timestamp":"2025-05-09T07:50:58.736Z"}
info: Mapped {/api/roles/edit/:id, PATCH} route {"context":"RouterExplorer","timestamp":"2025-05-09T07:50:58.737Z"}
info: AuthController {/api/auth}: {"context":"RoutesResolver","timestamp":"2025-05-09T07:50:58.737Z"}
info: Mapped {/api/auth/signup, POST} route {"context":"RouterExplorer","timestamp":"2025-05-09T07:50:58.738Z"}
info: Mapped {/api/auth/signin, POST} route {"context":"RouterExplorer","timestamp":"2025-05-09T07:50:58.738Z"}
info: Nest application successfully started {"context":"NestApplication","timestamp":"2025-05-09T07:50:58.741Z"}
info: LogsController {/api/logs}: {"context":"RoutesResolver","timestamp":"2025-05-09T07:51:02.316Z"}
info: Mapped {/api/logs/logsByGroup/:id, GET} route {"context":"RouterExplorer","timestamp":"2025-05-09T07:51:02.319Z"}
info: UserController {/api/user}: {"context":"RoutesResolver","timestamp":"2025-05-09T07:51:02.320Z"}
info: Mapped {/api/user/list, GET} route {"context":"RouterExplorer","timestamp":"2025-05-09T07:51:02.321Z"}
info: Mapped {/api/user/getUserById/:id, GET} route {"context":"RouterExplorer","timestamp":"2025-05-09T07:51:02.322Z"}
info: Mapped {/api/user/add, POST} route {"context":"RouterExplorer","timestamp":"2025-05-09T07:51:02.322Z"}
info: Mapped {/api/user/edit/:id, PATCH} route {"context":"RouterExplorer","timestamp":"2025-05-09T07:51:02.323Z"}
info: Mapped {/api/user/delete/:id, DELETE} route {"context":"RouterExplorer","timestamp":"2025-05-09T07:51:02.324Z"}
info: Mapped {/api/user/profile/:id, GET} route {"context":"RouterExplorer","timestamp":"2025-05-09T07:51:02.324Z"}
info: RolesController {/api/roles}: {"context":"RoutesResolver","timestamp":"2025-05-09T07:51:02.325Z"}
info: Mapped {/api/roles/list, GET} route {"context":"RouterExplorer","timestamp":"2025-05-09T07:51:02.326Z"}
info: Mapped {/api/roles/add, POST} route {"context":"RouterExplorer","timestamp":"2025-05-09T07:51:02.326Z"}
info: Mapped {/api/roles/delete/:id, DELETE} route {"context":"RouterExplorer","timestamp":"2025-05-09T07:51:02.327Z"}
info: Mapped {/api/roles/edit/:id, PATCH} route {"context":"RouterExplorer","timestamp":"2025-05-09T07:51:02.327Z"}
info: AuthController {/api/auth}: {"context":"RoutesResolver","timestamp":"2025-05-09T07:51:02.328Z"}
info: Mapped {/api/auth/signup, POST} route {"context":"RouterExplorer","timestamp":"2025-05-09T07:51:02.328Z"}
info: Mapped {/api/auth/signin, POST} route {"context":"RouterExplorer","timestamp":"2025-05-09T07:51:02.329Z"}
info: Nest application successfully started {"context":"NestApplication","timestamp":"2025-05-09T07:51:02.331Z"}
info: LogsController {/api/logs}: {"context":"RoutesResolver","timestamp":"2025-05-09T07:51:17.799Z"}
info: Mapped {/api/logs/logsByGroup/:id, GET} route {"context":"RouterExplorer","timestamp":"2025-05-09T07:51:17.803Z"}
info: UserController {/api/user}: {"context":"RoutesResolver","timestamp":"2025-05-09T07:51:17.804Z"}
info: Mapped {/api/user/list, GET} route {"context":"RouterExplorer","timestamp":"2025-05-09T07:51:17.805Z"}
info: Mapped {/api/user/getUserById/:id, GET} route {"context":"RouterExplorer","timestamp":"2025-05-09T07:51:17.806Z"}
info: Mapped {/api/user/add, POST} route {"context":"RouterExplorer","timestamp":"2025-05-09T07:51:17.807Z"}
info: Mapped {/api/user/edit/:id, PATCH} route {"context":"RouterExplorer","timestamp":"2025-05-09T07:51:17.807Z"}
info: Mapped {/api/user/delete/:id, DELETE} route {"context":"RouterExplorer","timestamp":"2025-05-09T07:51:17.808Z"}
info: Mapped {/api/user/profile/:id, GET} route {"context":"RouterExplorer","timestamp":"2025-05-09T07:51:17.809Z"}
info: RolesController {/api/roles}: {"context":"RoutesResolver","timestamp":"2025-05-09T07:51:17.809Z"}
info: Mapped {/api/roles/list, GET} route {"context":"RouterExplorer","timestamp":"2025-05-09T07:51:17.810Z"}
info: Mapped {/api/roles/add, POST} route {"context":"RouterExplorer","timestamp":"2025-05-09T07:51:17.811Z"}
info: Mapped {/api/roles/delete/:id, DELETE} route {"context":"RouterExplorer","timestamp":"2025-05-09T07:51:17.811Z"}
info: Mapped {/api/roles/edit/:id, PATCH} route {"context":"RouterExplorer","timestamp":"2025-05-09T07:51:17.812Z"}
info: AuthController {/api/auth}: {"context":"RoutesResolver","timestamp":"2025-05-09T07:51:17.812Z"}
info: Mapped {/api/auth/signup, POST} route {"context":"RouterExplorer","timestamp":"2025-05-09T07:51:17.813Z"}
info: Mapped {/api/auth/signin, POST} route {"context":"RouterExplorer","timestamp":"2025-05-09T07:51:17.813Z"}
info: Nest application successfully started {"context":"NestApplication","timestamp":"2025-05-09T07:51:17.816Z"}
info: LogsController {/api/logs}: {"context":"RoutesResolver","timestamp":"2025-05-09T07:51:39.013Z"}
info: Mapped {/api/logs/logsByGroup/:id, GET} route {"context":"RouterExplorer","timestamp":"2025-05-09T07:51:39.017Z"}
info: UserController {/api/user}: {"context":"RoutesResolver","timestamp":"2025-05-09T07:51:39.017Z"}
info: Mapped {/api/user/list, GET} route {"context":"RouterExplorer","timestamp":"2025-05-09T07:51:39.019Z"}
info: Mapped {/api/user/getUserById/:id, GET} route {"context":"RouterExplorer","timestamp":"2025-05-09T07:51:39.020Z"}
info: Mapped {/api/user/add, POST} route {"context":"RouterExplorer","timestamp":"2025-05-09T07:51:39.021Z"}
info: Mapped {/api/user/edit/:id, PATCH} route {"context":"RouterExplorer","timestamp":"2025-05-09T07:51:39.022Z"}
info: Mapped {/api/user/delete/:id, DELETE} route {"context":"RouterExplorer","timestamp":"2025-05-09T07:51:39.022Z"}
info: Mapped {/api/user/profile/:id, GET} route {"context":"RouterExplorer","timestamp":"2025-05-09T07:51:39.023Z"}
info: RolesController {/api/roles}: {"context":"RoutesResolver","timestamp":"2025-05-09T07:51:39.024Z"}
info: Mapped {/api/roles/list, GET} route {"context":"RouterExplorer","timestamp":"2025-05-09T07:51:39.024Z"}
info: Mapped {/api/roles/add, POST} route {"context":"RouterExplorer","timestamp":"2025-05-09T07:51:39.025Z"}
info: Mapped {/api/roles/delete/:id, DELETE} route {"context":"RouterExplorer","timestamp":"2025-05-09T07:51:39.026Z"}
info: Mapped {/api/roles/edit/:id, PATCH} route {"context":"RouterExplorer","timestamp":"2025-05-09T07:51:39.026Z"}
info: AuthController {/api/auth}: {"context":"RoutesResolver","timestamp":"2025-05-09T07:51:39.027Z"}
info: Mapped {/api/auth/signup, POST} route {"context":"RouterExplorer","timestamp":"2025-05-09T07:51:39.027Z"}
info: Mapped {/api/auth/signin, POST} route {"context":"RouterExplorer","timestamp":"2025-05-09T07:51:39.028Z"}
info: Nest application successfully started {"context":"NestApplication","timestamp":"2025-05-09T07:51:39.030Z"}
info: LogsController {/api/logs}: {"context":"RoutesResolver","timestamp":"2025-05-09T07:51:52.349Z"}
info: Mapped {/api/logs/logsByGroup/:id, GET} route {"context":"RouterExplorer","timestamp":"2025-05-09T07:51:52.353Z"}
info: UserController {/api/user}: {"context":"RoutesResolver","timestamp":"2025-05-09T07:51:52.354Z"}
info: Mapped {/api/user/list, GET} route {"context":"RouterExplorer","timestamp":"2025-05-09T07:51:52.355Z"}
info: Mapped {/api/user/getUserById/:id, GET} route {"context":"RouterExplorer","timestamp":"2025-05-09T07:51:52.355Z"}
info: Mapped {/api/user/add, POST} route {"context":"RouterExplorer","timestamp":"2025-05-09T07:51:52.356Z"}
info: Mapped {/api/user/edit/:id, PATCH} route {"context":"RouterExplorer","timestamp":"2025-05-09T07:51:52.357Z"}
info: Mapped {/api/user/delete/:id, DELETE} route {"context":"RouterExplorer","timestamp":"2025-05-09T07:51:52.358Z"}
info: Mapped {/api/user/profile/:id, GET} route {"context":"RouterExplorer","timestamp":"2025-05-09T07:51:52.358Z"}
info: RolesController {/api/roles}: {"context":"RoutesResolver","timestamp":"2025-05-09T07:51:52.359Z"}
info: Mapped {/api/roles/list, GET} route {"context":"RouterExplorer","timestamp":"2025-05-09T07:51:52.359Z"}
info: Mapped {/api/roles/add, POST} route {"context":"RouterExplorer","timestamp":"2025-05-09T07:51:52.360Z"}
info: Mapped {/api/roles/delete/:id, DELETE} route {"context":"RouterExplorer","timestamp":"2025-05-09T07:51:52.361Z"}
info: Mapped {/api/roles/edit/:id, PATCH} route {"context":"RouterExplorer","timestamp":"2025-05-09T07:51:52.361Z"}
info: AuthController {/api/auth}: {"context":"RoutesResolver","timestamp":"2025-05-09T07:51:52.361Z"}
info: Mapped {/api/auth/signup, POST} route {"context":"RouterExplorer","timestamp":"2025-05-09T07:51:52.362Z"}
info: Mapped {/api/auth/signin, POST} route {"context":"RouterExplorer","timestamp":"2025-05-09T07:51:52.362Z"}
info: Nest application successfully started {"context":"NestApplication","timestamp":"2025-05-09T07:51:52.364Z"}
info: LogsController {/api/logs}: {"context":"RoutesResolver","timestamp":"2025-05-09T07:51:58.809Z"}
info: Mapped {/api/logs/logsByGroup/:id, GET} route {"context":"RouterExplorer","timestamp":"2025-05-09T07:51:58.812Z"}
info: UserController {/api/user}: {"context":"RoutesResolver","timestamp":"2025-05-09T07:51:58.813Z"}
info: Mapped {/api/user/list, GET} route {"context":"RouterExplorer","timestamp":"2025-05-09T07:51:58.813Z"}
info: Mapped {/api/user/getUserById/:id, GET} route {"context":"RouterExplorer","timestamp":"2025-05-09T07:51:58.814Z"}
info: Mapped {/api/user/add, POST} route {"context":"RouterExplorer","timestamp":"2025-05-09T07:51:58.815Z"}
info: Mapped {/api/user/edit/:id, PATCH} route {"context":"RouterExplorer","timestamp":"2025-05-09T07:51:58.816Z"}
info: Mapped {/api/user/delete/:id, DELETE} route {"context":"RouterExplorer","timestamp":"2025-05-09T07:51:58.816Z"}
info: Mapped {/api/user/profile/:id, GET} route {"context":"RouterExplorer","timestamp":"2025-05-09T07:51:58.817Z"}
info: RolesController {/api/roles}: {"context":"RoutesResolver","timestamp":"2025-05-09T07:51:58.817Z"}
info: Mapped {/api/roles/list, GET} route {"context":"RouterExplorer","timestamp":"2025-05-09T07:51:58.818Z"}
info: Mapped {/api/roles/add, POST} route {"context":"RouterExplorer","timestamp":"2025-05-09T07:51:58.818Z"}
info: Mapped {/api/roles/delete/:id, DELETE} route {"context":"RouterExplorer","timestamp":"2025-05-09T07:51:58.819Z"}
info: Mapped {/api/roles/edit/:id, PATCH} route {"context":"RouterExplorer","timestamp":"2025-05-09T07:51:58.819Z"}
info: AuthController {/api/auth}: {"context":"RoutesResolver","timestamp":"2025-05-09T07:51:58.820Z"}
info: Mapped {/api/auth/signup, POST} route {"context":"RouterExplorer","timestamp":"2025-05-09T07:51:58.820Z"}
info: Mapped {/api/auth/signin, POST} route {"context":"RouterExplorer","timestamp":"2025-05-09T07:51:58.820Z"}
info: Nest application successfully started {"context":"NestApplication","timestamp":"2025-05-09T07:51:58.822Z"}
info: LogsController {/api/logs}: {"context":"RoutesResolver","timestamp":"2025-05-09T07:54:03.463Z"}
info: Mapped {/api/logs/logsByGroup/:id, GET} route {"context":"RouterExplorer","timestamp":"2025-05-09T07:54:03.467Z"}
info: UserController {/api/user}: {"context":"RoutesResolver","timestamp":"2025-05-09T07:54:03.467Z"}
info: Mapped {/api/user/list, GET} route {"context":"RouterExplorer","timestamp":"2025-05-09T07:54:03.468Z"}
info: Mapped {/api/user/getUserById/:id, GET} route {"context":"RouterExplorer","timestamp":"2025-05-09T07:54:03.469Z"}
info: Mapped {/api/user/add, POST} route {"context":"RouterExplorer","timestamp":"2025-05-09T07:54:03.470Z"}
info: Mapped {/api/user/edit/:id, PATCH} route {"context":"RouterExplorer","timestamp":"2025-05-09T07:54:03.470Z"}
info: Mapped {/api/user/delete/:id, DELETE} route {"context":"RouterExplorer","timestamp":"2025-05-09T07:54:03.471Z"}
info: Mapped {/api/user/profile/:id, GET} route {"context":"RouterExplorer","timestamp":"2025-05-09T07:54:03.472Z"}
info: RolesController {/api/roles}: {"context":"RoutesResolver","timestamp":"2025-05-09T07:54:03.472Z"}
info: Mapped {/api/roles/list, GET} route {"context":"RouterExplorer","timestamp":"2025-05-09T07:54:03.473Z"}
info: Mapped {/api/roles/add, POST} route {"context":"RouterExplorer","timestamp":"2025-05-09T07:54:03.474Z"}
info: Mapped {/api/roles/delete/:id, DELETE} route {"context":"RouterExplorer","timestamp":"2025-05-09T07:54:03.474Z"}
info: Mapped {/api/roles/edit/:id, PATCH} route {"context":"RouterExplorer","timestamp":"2025-05-09T07:54:03.474Z"}
info: AuthController {/api/auth}: {"context":"RoutesResolver","timestamp":"2025-05-09T07:54:03.475Z"}
info: Mapped {/api/auth/signup, POST} route {"context":"RouterExplorer","timestamp":"2025-05-09T07:54:03.475Z"}
info: Mapped {/api/auth/signin, POST} route {"context":"RouterExplorer","timestamp":"2025-05-09T07:54:03.476Z"}
info: Nest application successfully started {"context":"NestApplication","timestamp":"2025-05-09T07:54:03.478Z"}
info: LogsController {/api/logs}: {"context":"RoutesResolver","timestamp":"2025-05-09T07:54:17.564Z"}
info: Mapped {/api/logs/logsByGroup/:id, GET} route {"context":"RouterExplorer","timestamp":"2025-05-09T07:54:17.568Z"}
info: UserController {/api/user}: {"context":"RoutesResolver","timestamp":"2025-05-09T07:54:17.568Z"}
info: Mapped {/api/user/list, GET} route {"context":"RouterExplorer","timestamp":"2025-05-09T07:54:17.569Z"}
info: Mapped {/api/user/getUserById/:id, GET} route {"context":"RouterExplorer","timestamp":"2025-05-09T07:54:17.570Z"}
info: Mapped {/api/user/add, POST} route {"context":"RouterExplorer","timestamp":"2025-05-09T07:54:17.570Z"}
info: Mapped {/api/user/edit/:id, PATCH} route {"context":"RouterExplorer","timestamp":"2025-05-09T07:54:17.571Z"}
info: Mapped {/api/user/delete/:id, DELETE} route {"context":"RouterExplorer","timestamp":"2025-05-09T07:54:17.572Z"}
info: Mapped {/api/user/profile/:id, GET} route {"context":"RouterExplorer","timestamp":"2025-05-09T07:54:17.572Z"}
info: RolesController {/api/roles}: {"context":"RoutesResolver","timestamp":"2025-05-09T07:54:17.573Z"}
info: Mapped {/api/roles/list, GET} route {"context":"RouterExplorer","timestamp":"2025-05-09T07:54:17.573Z"}
info: Mapped {/api/roles/add, POST} route {"context":"RouterExplorer","timestamp":"2025-05-09T07:54:17.574Z"}
info: Mapped {/api/roles/delete/:id, DELETE} route {"context":"RouterExplorer","timestamp":"2025-05-09T07:54:17.575Z"}
info: Mapped {/api/roles/edit/:id, PATCH} route {"context":"RouterExplorer","timestamp":"2025-05-09T07:54:17.575Z"}
info: AuthController {/api/auth}: {"context":"RoutesResolver","timestamp":"2025-05-09T07:54:17.575Z"}
info: Mapped {/api/auth/signup, POST} route {"context":"RouterExplorer","timestamp":"2025-05-09T07:54:17.576Z"}
info: Mapped {/api/auth/signin, POST} route {"context":"RouterExplorer","timestamp":"2025-05-09T07:54:17.576Z"}
info: Nest application successfully started {"context":"NestApplication","timestamp":"2025-05-09T07:54:17.578Z"}
info: LogsController {/api/logs}: {"context":"RoutesResolver","timestamp":"2025-05-09T07:54:47.379Z"}
info: Mapped {/api/logs/logsByGroup/:id, GET} route {"context":"RouterExplorer","timestamp":"2025-05-09T07:54:47.382Z"}
info: UserController {/api/user}: {"context":"RoutesResolver","timestamp":"2025-05-09T07:54:47.383Z"}
info: Mapped {/api/user/list, GET} route {"context":"RouterExplorer","timestamp":"2025-05-09T07:54:47.384Z"}
info: Mapped {/api/user/getUserById/:id, GET} route {"context":"RouterExplorer","timestamp":"2025-05-09T07:54:47.384Z"}
info: Mapped {/api/user/add, POST} route {"context":"RouterExplorer","timestamp":"2025-05-09T07:54:47.385Z"}
info: Mapped {/api/user/edit/:id, PATCH} route {"context":"RouterExplorer","timestamp":"2025-05-09T07:54:47.386Z"}
info: Mapped {/api/user/delete/:id, DELETE} route {"context":"RouterExplorer","timestamp":"2025-05-09T07:54:47.386Z"}
info: Mapped {/api/user/profile/:id, GET} route {"context":"RouterExplorer","timestamp":"2025-05-09T07:54:47.387Z"}
info: RolesController {/api/roles}: {"context":"RoutesResolver","timestamp":"2025-05-09T07:54:47.388Z"}
info: Mapped {/api/roles/list, GET} route {"context":"RouterExplorer","timestamp":"2025-05-09T07:54:47.388Z"}
info: Mapped {/api/roles/add, POST} route {"context":"RouterExplorer","timestamp":"2025-05-09T07:54:47.389Z"}
info: Mapped {/api/roles/delete/:id, DELETE} route {"context":"RouterExplorer","timestamp":"2025-05-09T07:54:47.390Z"}
info: Mapped {/api/roles/edit/:id, PATCH} route {"context":"RouterExplorer","timestamp":"2025-05-09T07:54:47.390Z"}
info: AuthController {/api/auth}: {"context":"RoutesResolver","timestamp":"2025-05-09T07:54:47.391Z"}
info: Mapped {/api/auth/signup, POST} route {"context":"RouterExplorer","timestamp":"2025-05-09T07:54:47.391Z"}
info: Mapped {/api/auth/signin, POST} route {"context":"RouterExplorer","timestamp":"2025-05-09T07:54:47.392Z"}
info: Nest application successfully started {"context":"NestApplication","timestamp":"2025-05-09T07:54:47.394Z"}
info: LogsController {/api/logs}: {"context":"RoutesResolver","timestamp":"2025-05-09T07:55:17.497Z"}
info: Mapped {/api/logs/logsByGroup/:id, GET} route {"context":"RouterExplorer","timestamp":"2025-05-09T07:55:17.500Z"}
info: UserController {/api/user}: {"context":"RoutesResolver","timestamp":"2025-05-09T07:55:17.501Z"}
info: Mapped {/api/user/list, GET} route {"context":"RouterExplorer","timestamp":"2025-05-09T07:55:17.502Z"}
info: Mapped {/api/user/getUserById/:id, GET} route {"context":"RouterExplorer","timestamp":"2025-05-09T07:55:17.503Z"}
info: Mapped {/api/user/add, POST} route {"context":"RouterExplorer","timestamp":"2025-05-09T07:55:17.504Z"}
info: Mapped {/api/user/edit/:id, PATCH} route {"context":"RouterExplorer","timestamp":"2025-05-09T07:55:17.505Z"}
info: Mapped {/api/user/delete/:id, DELETE} route {"context":"RouterExplorer","timestamp":"2025-05-09T07:55:17.505Z"}
info: Mapped {/api/user/profile/:id, GET} route {"context":"RouterExplorer","timestamp":"2025-05-09T07:55:17.506Z"}
info: RolesController {/api/roles}: {"context":"RoutesResolver","timestamp":"2025-05-09T07:55:17.507Z"}
info: Mapped {/api/roles/list, GET} route {"context":"RouterExplorer","timestamp":"2025-05-09T07:55:17.507Z"}
info: Mapped {/api/roles/add, POST} route {"context":"RouterExplorer","timestamp":"2025-05-09T07:55:17.508Z"}
info: Mapped {/api/roles/delete/:id, DELETE} route {"context":"RouterExplorer","timestamp":"2025-05-09T07:55:17.509Z"}
info: Mapped {/api/roles/edit/:id, PATCH} route {"context":"RouterExplorer","timestamp":"2025-05-09T07:55:17.509Z"}
info: AuthController {/api/auth}: {"context":"RoutesResolver","timestamp":"2025-05-09T07:55:17.510Z"}
info: Mapped {/api/auth/signup, POST} route {"context":"RouterExplorer","timestamp":"2025-05-09T07:55:17.510Z"}
info: Mapped {/api/auth/signin, POST} route {"context":"RouterExplorer","timestamp":"2025-05-09T07:55:17.511Z"}
info: Nest application successfully started {"context":"NestApplication","timestamp":"2025-05-09T07:55:17.513Z"}
info: LogsController {/api/logs}: {"context":"RoutesResolver","timestamp":"2025-05-09T07:56:05.326Z"}
info: Mapped {/api/logs/logsByGroup/:id, GET} route {"context":"RouterExplorer","timestamp":"2025-05-09T07:56:05.329Z"}
info: UserController {/api/user}: {"context":"RoutesResolver","timestamp":"2025-05-09T07:56:05.330Z"}
info: Mapped {/api/user/list, GET} route {"context":"RouterExplorer","timestamp":"2025-05-09T07:56:05.331Z"}
info: Mapped {/api/user/getUserById/:id, GET} route {"context":"RouterExplorer","timestamp":"2025-05-09T07:56:05.331Z"}
info: Mapped {/api/user/add, POST} route {"context":"RouterExplorer","timestamp":"2025-05-09T07:56:05.332Z"}
info: Mapped {/api/user/edit/:id, PATCH} route {"context":"RouterExplorer","timestamp":"2025-05-09T07:56:05.334Z"}
info: Mapped {/api/user/delete/:id, DELETE} route {"context":"RouterExplorer","timestamp":"2025-05-09T07:56:05.335Z"}
info: Mapped {/api/user/profile/:id, GET} route {"context":"RouterExplorer","timestamp":"2025-05-09T07:56:05.336Z"}
info: RolesController {/api/roles}: {"context":"RoutesResolver","timestamp":"2025-05-09T07:56:05.337Z"}
info: Mapped {/api/roles/list, GET} route {"context":"RouterExplorer","timestamp":"2025-05-09T07:56:05.338Z"}
info: Mapped {/api/roles/add, POST} route {"context":"RouterExplorer","timestamp":"2025-05-09T07:56:05.339Z"}
info: Mapped {/api/roles/delete/:id, DELETE} route {"context":"RouterExplorer","timestamp":"2025-05-09T07:56:05.339Z"}
info: Mapped {/api/roles/edit/:id, PATCH} route {"context":"RouterExplorer","timestamp":"2025-05-09T07:56:05.340Z"}
info: AuthController {/api/auth}: {"context":"RoutesResolver","timestamp":"2025-05-09T07:56:05.340Z"}
info: Mapped {/api/auth/signup, POST} route {"context":"RouterExplorer","timestamp":"2025-05-09T07:56:05.341Z"}
info: Mapped {/api/auth/signin, POST} route {"context":"RouterExplorer","timestamp":"2025-05-09T07:56:05.342Z"}
info: Nest application successfully started {"context":"NestApplication","timestamp":"2025-05-09T07:56:05.346Z"}
info: LogsController {/api/logs}: {"context":"RoutesResolver","timestamp":"2025-05-09T07:56:11.097Z"}
info: Mapped {/api/logs/logsByGroup/:id, GET} route {"context":"RouterExplorer","timestamp":"2025-05-09T07:56:11.101Z"}
info: UserController {/api/user}: {"context":"RoutesResolver","timestamp":"2025-05-09T07:56:11.102Z"}
info: Mapped {/api/user/list, GET} route {"context":"RouterExplorer","timestamp":"2025-05-09T07:56:11.103Z"}
info: Mapped {/api/user/getUserById/:id, GET} route {"context":"RouterExplorer","timestamp":"2025-05-09T07:56:11.104Z"}
info: Mapped {/api/user/add, POST} route {"context":"RouterExplorer","timestamp":"2025-05-09T07:56:11.104Z"}
info: Mapped {/api/user/edit/:id, PATCH} route {"context":"RouterExplorer","timestamp":"2025-05-09T07:56:11.105Z"}
info: Mapped {/api/user/delete/:id, DELETE} route {"context":"RouterExplorer","timestamp":"2025-05-09T07:56:11.106Z"}
info: Mapped {/api/user/profile/:id, GET} route {"context":"RouterExplorer","timestamp":"2025-05-09T07:56:11.106Z"}
info: RolesController {/api/roles}: {"context":"RoutesResolver","timestamp":"2025-05-09T07:56:11.107Z"}
info: Mapped {/api/roles/list, GET} route {"context":"RouterExplorer","timestamp":"2025-05-09T07:56:11.107Z"}
info: Mapped {/api/roles/add, POST} route {"context":"RouterExplorer","timestamp":"2025-05-09T07:56:11.108Z"}
info: Mapped {/api/roles/delete/:id, DELETE} route {"context":"RouterExplorer","timestamp":"2025-05-09T07:56:11.108Z"}
info: Mapped {/api/roles/edit/:id, PATCH} route {"context":"RouterExplorer","timestamp":"2025-05-09T07:56:11.109Z"}
info: AuthController {/api/auth}: {"context":"RoutesResolver","timestamp":"2025-05-09T07:56:11.109Z"}
info: Mapped {/api/auth/signup, POST} route {"context":"RouterExplorer","timestamp":"2025-05-09T07:56:11.110Z"}
info: Mapped {/api/auth/signin, POST} route {"context":"RouterExplorer","timestamp":"2025-05-09T07:56:11.110Z"}
info: Nest application successfully started {"context":"NestApplication","timestamp":"2025-05-09T07:56:11.112Z"}
info: LogsController {/api/logs}: {"context":"RoutesResolver","timestamp":"2025-05-09T07:56:41.492Z"}
info: Mapped {/api/logs/logsByGroup/:id, GET} route {"context":"RouterExplorer","timestamp":"2025-05-09T07:56:41.496Z"}
info: UserController {/api/user}: {"context":"RoutesResolver","timestamp":"2025-05-09T07:56:41.496Z"}
info: Mapped {/api/user/list, GET} route {"context":"RouterExplorer","timestamp":"2025-05-09T07:56:41.497Z"}
info: Mapped {/api/user/getUserById/:id, GET} route {"context":"RouterExplorer","timestamp":"2025-05-09T07:56:41.498Z"}
info: Mapped {/api/user/add, POST} route {"context":"RouterExplorer","timestamp":"2025-05-09T07:56:41.499Z"}
info: Mapped {/api/user/edit/:id, PATCH} route {"context":"RouterExplorer","timestamp":"2025-05-09T07:56:41.499Z"}
info: Mapped {/api/user/delete/:id, DELETE} route {"context":"RouterExplorer","timestamp":"2025-05-09T07:56:41.500Z"}
info: Mapped {/api/user/profile/:id, GET} route {"context":"RouterExplorer","timestamp":"2025-05-09T07:56:41.501Z"}
info: RolesController {/api/roles}: {"context":"RoutesResolver","timestamp":"2025-05-09T07:56:41.501Z"}
info: Mapped {/api/roles/list, GET} route {"context":"RouterExplorer","timestamp":"2025-05-09T07:56:41.502Z"}
info: Mapped {/api/roles/add, POST} route {"context":"RouterExplorer","timestamp":"2025-05-09T07:56:41.503Z"}
info: Mapped {/api/roles/delete/:id, DELETE} route {"context":"RouterExplorer","timestamp":"2025-05-09T07:56:41.504Z"}
info: Mapped {/api/roles/edit/:id, PATCH} route {"context":"RouterExplorer","timestamp":"2025-05-09T07:56:41.504Z"}
info: AuthController {/api/auth}: {"context":"RoutesResolver","timestamp":"2025-05-09T07:56:41.504Z"}
info: Mapped {/api/auth/signup, POST} route {"context":"RouterExplorer","timestamp":"2025-05-09T07:56:41.505Z"}
info: Mapped {/api/auth/signin, POST} route {"context":"RouterExplorer","timestamp":"2025-05-09T07:56:41.506Z"}
info: Nest application successfully started {"context":"NestApplication","timestamp":"2025-05-09T07:56:41.508Z"}
info: LogsController {/api/logs}: {"context":"RoutesResolver","timestamp":"2025-05-09T07:56:50.908Z"}
info: Mapped {/api/logs/logsByGroup/:id, GET} route {"context":"RouterExplorer","timestamp":"2025-05-09T07:56:50.912Z"}
info: UserController {/api/user}: {"context":"RoutesResolver","timestamp":"2025-05-09T07:56:50.912Z"}
info: Mapped {/api/user/list, GET} route {"context":"RouterExplorer","timestamp":"2025-05-09T07:56:50.913Z"}
info: Mapped {/api/user/getUserById/:id, GET} route {"context":"RouterExplorer","timestamp":"2025-05-09T07:56:50.914Z"}
info: Mapped {/api/user/add, POST} route {"context":"RouterExplorer","timestamp":"2025-05-09T07:56:50.915Z"}
info: Mapped {/api/user/edit/:id, PATCH} route {"context":"RouterExplorer","timestamp":"2025-05-09T07:56:50.915Z"}
info: Mapped {/api/user/delete/:id, DELETE} route {"context":"RouterExplorer","timestamp":"2025-05-09T07:56:50.916Z"}
info: Mapped {/api/user/profile/:id, GET} route {"context":"RouterExplorer","timestamp":"2025-05-09T07:56:50.916Z"}
info: RolesController {/api/roles}: {"context":"RoutesResolver","timestamp":"2025-05-09T07:56:50.917Z"}
info: Mapped {/api/roles/list, GET} route {"context":"RouterExplorer","timestamp":"2025-05-09T07:56:50.917Z"}
info: Mapped {/api/roles/add, POST} route {"context":"RouterExplorer","timestamp":"2025-05-09T07:56:50.918Z"}
info: Mapped {/api/roles/delete/:id, DELETE} route {"context":"RouterExplorer","timestamp":"2025-05-09T07:56:50.919Z"}
info: Mapped {/api/roles/edit/:id, PATCH} route {"context":"RouterExplorer","timestamp":"2025-05-09T07:56:50.919Z"}
info: AuthController {/api/auth}: {"context":"RoutesResolver","timestamp":"2025-05-09T07:56:50.919Z"}
info: Mapped {/api/auth/signup, POST} route {"context":"RouterExplorer","timestamp":"2025-05-09T07:56:50.920Z"}
info: Mapped {/api/auth/signin, POST} route {"context":"RouterExplorer","timestamp":"2025-05-09T07:56:50.920Z"}
info: Nest application successfully started {"context":"NestApplication","timestamp":"2025-05-09T07:56:50.922Z"}
info: LogsController {/api/logs}: {"context":"RoutesResolver","timestamp":"2025-05-09T07:57:18.648Z"}
info: Mapped {/api/logs/logsByGroup/:id, GET} route {"context":"RouterExplorer","timestamp":"2025-05-09T07:57:18.651Z"}
info: UserController {/api/user}: {"context":"RoutesResolver","timestamp":"2025-05-09T07:57:18.652Z"}
info: Mapped {/api/user/list, GET} route {"context":"RouterExplorer","timestamp":"2025-05-09T07:57:18.653Z"}
info: Mapped {/api/user/getUserById/:id, GET} route {"context":"RouterExplorer","timestamp":"2025-05-09T07:57:18.653Z"}
info: Mapped {/api/user/add, POST} route {"context":"RouterExplorer","timestamp":"2025-05-09T07:57:18.654Z"}
info: Mapped {/api/user/edit/:id, PATCH} route {"context":"RouterExplorer","timestamp":"2025-05-09T07:57:18.655Z"}
info: Mapped {/api/user/delete/:id, DELETE} route {"context":"RouterExplorer","timestamp":"2025-05-09T07:57:18.656Z"}
info: Mapped {/api/user/profile/:id, GET} route {"context":"RouterExplorer","timestamp":"2025-05-09T07:57:18.656Z"}
info: RolesController {/api/roles}: {"context":"RoutesResolver","timestamp":"2025-05-09T07:57:18.657Z"}
info: Mapped {/api/roles/list, GET} route {"context":"RouterExplorer","timestamp":"2025-05-09T07:57:18.658Z"}
info: Mapped {/api/roles/add, POST} route {"context":"RouterExplorer","timestamp":"2025-05-09T07:57:18.658Z"}
info: Mapped {/api/roles/delete/:id, DELETE} route {"context":"RouterExplorer","timestamp":"2025-05-09T07:57:18.659Z"}
info: Mapped {/api/roles/edit/:id, PATCH} route {"context":"RouterExplorer","timestamp":"2025-05-09T07:57:18.659Z"}
info: AuthController {/api/auth}: {"context":"RoutesResolver","timestamp":"2025-05-09T07:57:18.660Z"}
info: Mapped {/api/auth/signup, POST} route {"context":"RouterExplorer","timestamp":"2025-05-09T07:57:18.660Z"}
info: Mapped {/api/auth/signin, POST} route {"context":"RouterExplorer","timestamp":"2025-05-09T07:57:18.661Z"}
info: Nest application successfully started {"context":"NestApplication","timestamp":"2025-05-09T07:57:18.663Z"}
info: LogsController {/api/logs}: {"context":"RoutesResolver","timestamp":"2025-05-09T07:59:50.562Z"}
info: Mapped {/api/logs/logsByGroup/:id, GET} route {"context":"RouterExplorer","timestamp":"2025-05-09T07:59:50.566Z"}
info: UserController {/api/user}: {"context":"RoutesResolver","timestamp":"2025-05-09T07:59:50.566Z"}
info: Mapped {/api/user/list, GET} route {"context":"RouterExplorer","timestamp":"2025-05-09T07:59:50.567Z"}
info: Mapped {/api/user/getUserById/:id, GET} route {"context":"RouterExplorer","timestamp":"2025-05-09T07:59:50.568Z"}
info: Mapped {/api/user/add, POST} route {"context":"RouterExplorer","timestamp":"2025-05-09T07:59:50.568Z"}
info: Mapped {/api/user/edit/:id, PATCH} route {"context":"RouterExplorer","timestamp":"2025-05-09T07:59:50.569Z"}
info: Mapped {/api/user/delete/:id, DELETE} route {"context":"RouterExplorer","timestamp":"2025-05-09T07:59:50.570Z"}
info: Mapped {/api/user/profile/:id, GET} route {"context":"RouterExplorer","timestamp":"2025-05-09T07:59:50.570Z"}
info: RolesController {/api/roles}: {"context":"RoutesResolver","timestamp":"2025-05-09T07:59:50.571Z"}
info: Mapped {/api/roles/list, GET} route {"context":"RouterExplorer","timestamp":"2025-05-09T07:59:50.571Z"}
info: Mapped {/api/roles/add, POST} route {"context":"RouterExplorer","timestamp":"2025-05-09T07:59:50.572Z"}
info: Mapped {/api/roles/delete/:id, DELETE} route {"context":"RouterExplorer","timestamp":"2025-05-09T07:59:50.572Z"}
info: Mapped {/api/roles/edit/:id, PATCH} route {"context":"RouterExplorer","timestamp":"2025-05-09T07:59:50.573Z"}
info: AuthController {/api/auth}: {"context":"RoutesResolver","timestamp":"2025-05-09T07:59:50.573Z"}
info: Mapped {/api/auth/signup, POST} route {"context":"RouterExplorer","timestamp":"2025-05-09T07:59:50.574Z"}
info: Mapped {/api/auth/signin, POST} route {"context":"RouterExplorer","timestamp":"2025-05-09T07:59:50.574Z"}
info: Nest application successfully started {"context":"NestApplication","timestamp":"2025-05-09T07:59:50.576Z"}
