info: LogsController {/api/logs}: {"context":"RoutesResolver","timestamp":"2025-05-01T07:38:09.544Z"}
info: Mapped {/api/logs/logsByGroup/:id, GET} route {"context":"RouterExplorer","timestamp":"2025-05-01T07:38:09.549Z"}
info: UserController {/api/user}: {"context":"RoutesResolver","timestamp":"2025-05-01T07:38:09.549Z"}
info: Mapped {/api/user/list, GET} route {"context":"RouterExplorer","timestamp":"2025-05-01T07:38:09.551Z"}
info: Mapped {/api/user/getUserById/:id, GET} route {"context":"RouterExplorer","timestamp":"2025-05-01T07:38:09.552Z"}
info: Mapped {/api/user/add, POST} route {"context":"RouterExplorer","timestamp":"2025-05-01T07:38:09.553Z"}
info: Mapped {/api/user/edit/:id, PATCH} route {"context":"RouterExplorer","timestamp":"2025-05-01T07:38:09.554Z"}
info: Mapped {/api/user/delete/:id, DELETE} route {"context":"RouterExplorer","timestamp":"2025-05-01T07:38:09.555Z"}
info: Mapped {/api/user/profile/:id, GET} route {"context":"RouterExplorer","timestamp":"2025-05-01T07:38:09.555Z"}
info: RolesController {/api/roles}: {"context":"RoutesResolver","timestamp":"2025-05-01T07:38:09.556Z"}
info: Mapped {/api/roles/list, GET} route {"context":"RouterExplorer","timestamp":"2025-05-01T07:38:09.557Z"}
info: Mapped {/api/roles/add, POST} route {"context":"RouterExplorer","timestamp":"2025-05-01T07:38:09.558Z"}
info: Mapped {/api/roles/delete/:id, DELETE} route {"context":"RouterExplorer","timestamp":"2025-05-01T07:38:09.558Z"}
info: Mapped {/api/roles/edit/:id, PATCH} route {"context":"RouterExplorer","timestamp":"2025-05-01T07:38:09.559Z"}
info: AuthController {/api/auth}: {"context":"RoutesResolver","timestamp":"2025-05-01T07:38:09.559Z"}
info: Mapped {/api/auth/signin, POST} route {"context":"RouterExplorer","timestamp":"2025-05-01T07:38:09.560Z"}
info: Mapped {/api/auth/signup, POST} route {"context":"RouterExplorer","timestamp":"2025-05-01T07:38:09.560Z"}
info: Nest application successfully started {"context":"NestApplication","timestamp":"2025-05-01T07:38:09.563Z"}
error: 捕获异常:  {"stack":[{"error":{"error":"Not Found","message":"Cannot GET /api/user/getProfile?id=3","statusCode":404},"exception":"NotFoundException","headers":{"accept":"*/*","accept-encoding":"gzip, deflate, br","cache-control":"no-cache","connection":"keep-alive","host":"localhost:3000","user-agent":"PostmanRuntime-ApipostRuntime/1.1.0"},"ip":"::1","message":"Cannot GET /api/user/getProfile?id=3","status":404,"timestamp":"2025-05-01T07:38:18.479Z"}],"timestamp":"2025-05-01T07:38:18.483Z"}
error: 捕获异常:  {"stack":[{"error":"未知错误","exception":"TypeError","headers":{"accept":"*/*","accept-encoding":"gzip, deflate, br","cache-control":"no-cache","connection":"keep-alive","content-length":"0","host":"localhost:3000","user-agent":"PostmanRuntime-ApipostRuntime/1.1.0"},"ip":"::1","message":"Cannot destructure property 'username' of 'dto' as it is undefined.","status":500,"timestamp":"2025-05-01T07:38:53.230Z"}],"timestamp":"2025-05-01T07:38:53.232Z"}
info: LogsController {/api/logs}: {"context":"RoutesResolver","timestamp":"2025-05-01T07:39:54.294Z"}
info: Mapped {/api/logs/logsByGroup/:id, GET} route {"context":"RouterExplorer","timestamp":"2025-05-01T07:39:54.299Z"}
info: UserController {/api/user}: {"context":"RoutesResolver","timestamp":"2025-05-01T07:39:54.299Z"}
info: Mapped {/api/user/list, GET} route {"context":"RouterExplorer","timestamp":"2025-05-01T07:39:54.300Z"}
info: Mapped {/api/user/getUserById/:id, GET} route {"context":"RouterExplorer","timestamp":"2025-05-01T07:39:54.301Z"}
info: Mapped {/api/user/add, POST} route {"context":"RouterExplorer","timestamp":"2025-05-01T07:39:54.302Z"}
info: Mapped {/api/user/edit/:id, PATCH} route {"context":"RouterExplorer","timestamp":"2025-05-01T07:39:54.303Z"}
info: Mapped {/api/user/delete/:id, DELETE} route {"context":"RouterExplorer","timestamp":"2025-05-01T07:39:54.303Z"}
info: Mapped {/api/user/profile/:id, GET} route {"context":"RouterExplorer","timestamp":"2025-05-01T07:39:54.304Z"}
info: RolesController {/api/roles}: {"context":"RoutesResolver","timestamp":"2025-05-01T07:39:54.305Z"}
info: Mapped {/api/roles/list, GET} route {"context":"RouterExplorer","timestamp":"2025-05-01T07:39:54.305Z"}
info: Mapped {/api/roles/add, POST} route {"context":"RouterExplorer","timestamp":"2025-05-01T07:39:54.306Z"}
info: Mapped {/api/roles/delete/:id, DELETE} route {"context":"RouterExplorer","timestamp":"2025-05-01T07:39:54.307Z"}
info: Mapped {/api/roles/edit/:id, PATCH} route {"context":"RouterExplorer","timestamp":"2025-05-01T07:39:54.307Z"}
info: AuthController {/api/auth}: {"context":"RoutesResolver","timestamp":"2025-05-01T07:39:54.308Z"}
info: Mapped {/api/auth/signin, POST} route {"context":"RouterExplorer","timestamp":"2025-05-01T07:39:54.309Z"}
info: Mapped {/api/auth/signup, POST} route {"context":"RouterExplorer","timestamp":"2025-05-01T07:39:54.309Z"}
info: Nest application successfully started {"context":"NestApplication","timestamp":"2025-05-01T07:39:54.312Z"}
info: LogsController {/api/logs}: {"context":"RoutesResolver","timestamp":"2025-05-01T07:41:02.888Z"}
info: Mapped {/api/logs/logsByGroup/:id, GET} route {"context":"RouterExplorer","timestamp":"2025-05-01T07:41:02.893Z"}
info: UserController {/api/user}: {"context":"RoutesResolver","timestamp":"2025-05-01T07:41:02.894Z"}
info: Mapped {/api/user/list, GET} route {"context":"RouterExplorer","timestamp":"2025-05-01T07:41:02.895Z"}
info: Mapped {/api/user/getUserById/:id, GET} route {"context":"RouterExplorer","timestamp":"2025-05-01T07:41:02.896Z"}
info: Mapped {/api/user/add, POST} route {"context":"RouterExplorer","timestamp":"2025-05-01T07:41:02.897Z"}
info: Mapped {/api/user/edit/:id, PATCH} route {"context":"RouterExplorer","timestamp":"2025-05-01T07:41:02.898Z"}
info: Mapped {/api/user/delete/:id, DELETE} route {"context":"RouterExplorer","timestamp":"2025-05-01T07:41:02.899Z"}
info: Mapped {/api/user/profile/:id, GET} route {"context":"RouterExplorer","timestamp":"2025-05-01T07:41:02.900Z"}
info: RolesController {/api/roles}: {"context":"RoutesResolver","timestamp":"2025-05-01T07:41:02.901Z"}
info: Mapped {/api/roles/list, GET} route {"context":"RouterExplorer","timestamp":"2025-05-01T07:41:02.901Z"}
info: Mapped {/api/roles/add, POST} route {"context":"RouterExplorer","timestamp":"2025-05-01T07:41:02.902Z"}
info: Mapped {/api/roles/delete/:id, DELETE} route {"context":"RouterExplorer","timestamp":"2025-05-01T07:41:02.903Z"}
info: Mapped {/api/roles/edit/:id, PATCH} route {"context":"RouterExplorer","timestamp":"2025-05-01T07:41:02.904Z"}
info: AuthController {/api/auth}: {"context":"RoutesResolver","timestamp":"2025-05-01T07:41:02.904Z"}
info: Mapped {/api/auth/signin, POST} route {"context":"RouterExplorer","timestamp":"2025-05-01T07:41:02.904Z"}
info: Mapped {/api/auth/signup, POST} route {"context":"RouterExplorer","timestamp":"2025-05-01T07:41:02.905Z"}
info: Nest application successfully started {"context":"NestApplication","timestamp":"2025-05-01T07:41:02.907Z"}
info: LogsController {/api/logs}: {"context":"RoutesResolver","timestamp":"2025-05-01T07:41:16.221Z"}
info: Mapped {/api/logs/logsByGroup/:id, GET} route {"context":"RouterExplorer","timestamp":"2025-05-01T07:41:16.225Z"}
info: UserController {/api/user}: {"context":"RoutesResolver","timestamp":"2025-05-01T07:41:16.226Z"}
info: Mapped {/api/user/list, GET} route {"context":"RouterExplorer","timestamp":"2025-05-01T07:41:16.227Z"}
info: Mapped {/api/user/getUserById/:id, GET} route {"context":"RouterExplorer","timestamp":"2025-05-01T07:41:16.227Z"}
info: Mapped {/api/user/add, POST} route {"context":"RouterExplorer","timestamp":"2025-05-01T07:41:16.228Z"}
info: Mapped {/api/user/edit/:id, PATCH} route {"context":"RouterExplorer","timestamp":"2025-05-01T07:41:16.229Z"}
info: Mapped {/api/user/delete/:id, DELETE} route {"context":"RouterExplorer","timestamp":"2025-05-01T07:41:16.229Z"}
info: Mapped {/api/user/profile/:id, GET} route {"context":"RouterExplorer","timestamp":"2025-05-01T07:41:16.230Z"}
info: RolesController {/api/roles}: {"context":"RoutesResolver","timestamp":"2025-05-01T07:41:16.231Z"}
info: Mapped {/api/roles/list, GET} route {"context":"RouterExplorer","timestamp":"2025-05-01T07:41:16.231Z"}
info: Mapped {/api/roles/add, POST} route {"context":"RouterExplorer","timestamp":"2025-05-01T07:41:16.232Z"}
info: Mapped {/api/roles/delete/:id, DELETE} route {"context":"RouterExplorer","timestamp":"2025-05-01T07:41:16.233Z"}
info: Mapped {/api/roles/edit/:id, PATCH} route {"context":"RouterExplorer","timestamp":"2025-05-01T07:41:16.233Z"}
info: AuthController {/api/auth}: {"context":"RoutesResolver","timestamp":"2025-05-01T07:41:16.233Z"}
info: Mapped {/api/auth/signin, POST} route {"context":"RouterExplorer","timestamp":"2025-05-01T07:41:16.234Z"}
info: Mapped {/api/auth/signup, POST} route {"context":"RouterExplorer","timestamp":"2025-05-01T07:41:16.234Z"}
info: Nest application successfully started {"context":"NestApplication","timestamp":"2025-05-01T07:41:16.237Z"}
info: LogsController {/api/logs}: {"context":"RoutesResolver","timestamp":"2025-05-01T07:41:24.397Z"}
info: Mapped {/api/logs/logsByGroup/:id, GET} route {"context":"RouterExplorer","timestamp":"2025-05-01T07:41:24.401Z"}
info: UserController {/api/user}: {"context":"RoutesResolver","timestamp":"2025-05-01T07:41:24.401Z"}
info: Mapped {/api/user/list, GET} route {"context":"RouterExplorer","timestamp":"2025-05-01T07:41:24.402Z"}
info: Mapped {/api/user/getUserById/:id, GET} route {"context":"RouterExplorer","timestamp":"2025-05-01T07:41:24.403Z"}
info: Mapped {/api/user/add, POST} route {"context":"RouterExplorer","timestamp":"2025-05-01T07:41:24.404Z"}
info: Mapped {/api/user/edit/:id, PATCH} route {"context":"RouterExplorer","timestamp":"2025-05-01T07:41:24.405Z"}
info: Mapped {/api/user/delete/:id, DELETE} route {"context":"RouterExplorer","timestamp":"2025-05-01T07:41:24.406Z"}
info: Mapped {/api/user/profile/:id, GET} route {"context":"RouterExplorer","timestamp":"2025-05-01T07:41:24.406Z"}
info: RolesController {/api/roles}: {"context":"RoutesResolver","timestamp":"2025-05-01T07:41:24.407Z"}
info: Mapped {/api/roles/list, GET} route {"context":"RouterExplorer","timestamp":"2025-05-01T07:41:24.408Z"}
info: Mapped {/api/roles/add, POST} route {"context":"RouterExplorer","timestamp":"2025-05-01T07:41:24.408Z"}
info: Mapped {/api/roles/delete/:id, DELETE} route {"context":"RouterExplorer","timestamp":"2025-05-01T07:41:24.409Z"}
info: Mapped {/api/roles/edit/:id, PATCH} route {"context":"RouterExplorer","timestamp":"2025-05-01T07:41:24.409Z"}
info: AuthController {/api/auth}: {"context":"RoutesResolver","timestamp":"2025-05-01T07:41:24.410Z"}
info: Mapped {/api/auth/signin, POST} route {"context":"RouterExplorer","timestamp":"2025-05-01T07:41:24.410Z"}
info: Mapped {/api/auth/signup, POST} route {"context":"RouterExplorer","timestamp":"2025-05-01T07:41:24.411Z"}
info: Nest application successfully started {"context":"NestApplication","timestamp":"2025-05-01T07:41:24.413Z"}
