info: LogsController {/api/logs}: {"context":"RoutesResolver","timestamp":"2025-04-29T07:00:03.982Z"}
info: Mapped {/api/logs/logsByGroup/:id, GET} route {"context":"RouterExplorer","timestamp":"2025-04-29T07:00:03.986Z"}
info: UserController {/api/user}: {"context":"RoutesResolver","timestamp":"2025-04-29T07:00:03.986Z"}
info: Mapped {/api/user/list, GET} route {"context":"RouterExplorer","timestamp":"2025-04-29T07:00:03.987Z"}
info: Mapped {/api/user/getUserById/:id, GET} route {"context":"RouterExplorer","timestamp":"2025-04-29T07:00:03.988Z"}
info: Mapped {/api/user/add, POST} route {"context":"RouterExplorer","timestamp":"2025-04-29T07:00:03.991Z"}
info: Mapped {/api/user/edit/:id, PATCH} route {"context":"RouterExplorer","timestamp":"2025-04-29T07:00:03.993Z"}
info: Mapped {/api/user/delete/:id, DELETE} route {"context":"RouterExplorer","timestamp":"2025-04-29T07:00:03.994Z"}
info: Mapped {/api/user/profile/:id, GET} route {"context":"RouterExplorer","timestamp":"2025-04-29T07:00:03.995Z"}
info: RolesController {/api/roles}: {"context":"RoutesResolver","timestamp":"2025-04-29T07:00:03.995Z"}
info: Mapped {/api/roles/list, GET} route {"context":"RouterExplorer","timestamp":"2025-04-29T07:00:03.996Z"}
info: Mapped {/api/roles/add, POST} route {"context":"RouterExplorer","timestamp":"2025-04-29T07:00:03.998Z"}
info: Mapped {/api/roles/delete/:id, DELETE} route {"context":"RouterExplorer","timestamp":"2025-04-29T07:00:04.000Z"}
info: Mapped {/api/roles/edit/:id, PATCH} route {"context":"RouterExplorer","timestamp":"2025-04-29T07:00:04.000Z"}
info: Nest application successfully started {"context":"NestApplication","timestamp":"2025-04-29T07:00:04.005Z"}
info: LogsController {/api/logs}: {"context":"RoutesResolver","timestamp":"2025-04-29T07:01:01.915Z"}
info: Mapped {/api/logs/logsByGroup/:id, GET} route {"context":"RouterExplorer","timestamp":"2025-04-29T07:01:01.919Z"}
info: UserController {/api/user}: {"context":"RoutesResolver","timestamp":"2025-04-29T07:01:01.919Z"}
info: Mapped {/api/user/list, GET} route {"context":"RouterExplorer","timestamp":"2025-04-29T07:01:01.920Z"}
info: Mapped {/api/user/getUserById/:id, GET} route {"context":"RouterExplorer","timestamp":"2025-04-29T07:01:01.921Z"}
info: Mapped {/api/user/add, POST} route {"context":"RouterExplorer","timestamp":"2025-04-29T07:01:01.922Z"}
info: Mapped {/api/user/edit/:id, PATCH} route {"context":"RouterExplorer","timestamp":"2025-04-29T07:01:01.923Z"}
info: Mapped {/api/user/delete/:id, DELETE} route {"context":"RouterExplorer","timestamp":"2025-04-29T07:01:01.923Z"}
info: Mapped {/api/user/profile/:id, GET} route {"context":"RouterExplorer","timestamp":"2025-04-29T07:01:01.924Z"}
info: RolesController {/api/roles}: {"context":"RoutesResolver","timestamp":"2025-04-29T07:01:01.924Z"}
info: Mapped {/api/roles/list, GET} route {"context":"RouterExplorer","timestamp":"2025-04-29T07:01:01.925Z"}
info: Mapped {/api/roles/add, POST} route {"context":"RouterExplorer","timestamp":"2025-04-29T07:01:01.926Z"}
info: Mapped {/api/roles/delete/:id, DELETE} route {"context":"RouterExplorer","timestamp":"2025-04-29T07:01:01.926Z"}
info: Mapped {/api/roles/edit/:id, PATCH} route {"context":"RouterExplorer","timestamp":"2025-04-29T07:01:01.927Z"}
info: Nest application successfully started {"context":"NestApplication","timestamp":"2025-04-29T07:01:01.929Z"}
info: LogsController {/api/logs}: {"context":"RoutesResolver","timestamp":"2025-04-29T07:07:42.138Z"}
info: Mapped {/api/logs/logsByGroup/:id, GET} route {"context":"RouterExplorer","timestamp":"2025-04-29T07:07:42.142Z"}
info: UserController {/api/user}: {"context":"RoutesResolver","timestamp":"2025-04-29T07:07:42.142Z"}
info: Mapped {/api/user/list, GET} route {"context":"RouterExplorer","timestamp":"2025-04-29T07:07:42.143Z"}
info: Mapped {/api/user/getUserById/:id, GET} route {"context":"RouterExplorer","timestamp":"2025-04-29T07:07:42.144Z"}
info: Mapped {/api/user/add, POST} route {"context":"RouterExplorer","timestamp":"2025-04-29T07:07:42.145Z"}
info: Mapped {/api/user/edit/:id, PATCH} route {"context":"RouterExplorer","timestamp":"2025-04-29T07:07:42.146Z"}
info: Mapped {/api/user/delete/:id, DELETE} route {"context":"RouterExplorer","timestamp":"2025-04-29T07:07:42.147Z"}
info: Mapped {/api/user/profile/:id, GET} route {"context":"RouterExplorer","timestamp":"2025-04-29T07:07:42.148Z"}
info: RolesController {/api/roles}: {"context":"RoutesResolver","timestamp":"2025-04-29T07:07:42.148Z"}
info: Mapped {/api/roles/list, GET} route {"context":"RouterExplorer","timestamp":"2025-04-29T07:07:42.149Z"}
info: Mapped {/api/roles/add, POST} route {"context":"RouterExplorer","timestamp":"2025-04-29T07:07:42.150Z"}
info: Mapped {/api/roles/delete/:id, DELETE} route {"context":"RouterExplorer","timestamp":"2025-04-29T07:07:42.151Z"}
info: Mapped {/api/roles/edit/:id, PATCH} route {"context":"RouterExplorer","timestamp":"2025-04-29T07:07:42.151Z"}
info: Nest application successfully started {"context":"NestApplication","timestamp":"2025-04-29T07:07:42.154Z"}
info: LogsController {/api/logs}: {"context":"RoutesResolver","timestamp":"2025-04-29T07:08:34.621Z"}
info: Mapped {/api/logs/logsByGroup/:id, GET} route {"context":"RouterExplorer","timestamp":"2025-04-29T07:08:34.626Z"}
info: UserController {/api/user}: {"context":"RoutesResolver","timestamp":"2025-04-29T07:08:34.627Z"}
info: Mapped {/api/user/list, GET} route {"context":"RouterExplorer","timestamp":"2025-04-29T07:08:34.628Z"}
info: Mapped {/api/user/getUserById/:id, GET} route {"context":"RouterExplorer","timestamp":"2025-04-29T07:08:34.629Z"}
info: Mapped {/api/user/add, POST} route {"context":"RouterExplorer","timestamp":"2025-04-29T07:08:34.629Z"}
info: Mapped {/api/user/edit/:id, PATCH} route {"context":"RouterExplorer","timestamp":"2025-04-29T07:08:34.630Z"}
info: Mapped {/api/user/delete/:id, DELETE} route {"context":"RouterExplorer","timestamp":"2025-04-29T07:08:34.631Z"}
info: Mapped {/api/user/profile/:id, GET} route {"context":"RouterExplorer","timestamp":"2025-04-29T07:08:34.632Z"}
info: RolesController {/api/roles}: {"context":"RoutesResolver","timestamp":"2025-04-29T07:08:34.632Z"}
info: Mapped {/api/roles/list, GET} route {"context":"RouterExplorer","timestamp":"2025-04-29T07:08:34.633Z"}
info: Mapped {/api/roles/add, POST} route {"context":"RouterExplorer","timestamp":"2025-04-29T07:08:34.634Z"}
info: Mapped {/api/roles/delete/:id, DELETE} route {"context":"RouterExplorer","timestamp":"2025-04-29T07:08:34.634Z"}
info: Mapped {/api/roles/edit/:id, PATCH} route {"context":"RouterExplorer","timestamp":"2025-04-29T07:08:34.635Z"}
info: Nest application successfully started {"context":"NestApplication","timestamp":"2025-04-29T07:08:34.638Z"}
info: LogsController {/api/logs}: {"context":"RoutesResolver","timestamp":"2025-04-29T07:09:08.791Z"}
info: Mapped {/api/logs/logsByGroup/:id, GET} route {"context":"RouterExplorer","timestamp":"2025-04-29T07:09:08.796Z"}
info: UserController {/api/user}: {"context":"RoutesResolver","timestamp":"2025-04-29T07:09:08.797Z"}
info: Mapped {/api/user/list, GET} route {"context":"RouterExplorer","timestamp":"2025-04-29T07:09:08.798Z"}
info: Mapped {/api/user/getUserById/:id, GET} route {"context":"RouterExplorer","timestamp":"2025-04-29T07:09:08.798Z"}
info: Mapped {/api/user/add, POST} route {"context":"RouterExplorer","timestamp":"2025-04-29T07:09:08.799Z"}
info: Mapped {/api/user/edit/:id, PATCH} route {"context":"RouterExplorer","timestamp":"2025-04-29T07:09:08.800Z"}
info: Mapped {/api/user/delete/:id, DELETE} route {"context":"RouterExplorer","timestamp":"2025-04-29T07:09:08.801Z"}
info: Mapped {/api/user/profile/:id, GET} route {"context":"RouterExplorer","timestamp":"2025-04-29T07:09:08.802Z"}
info: RolesController {/api/roles}: {"context":"RoutesResolver","timestamp":"2025-04-29T07:09:08.802Z"}
info: Mapped {/api/roles/list, GET} route {"context":"RouterExplorer","timestamp":"2025-04-29T07:09:08.803Z"}
info: Mapped {/api/roles/add, POST} route {"context":"RouterExplorer","timestamp":"2025-04-29T07:09:08.804Z"}
info: Mapped {/api/roles/delete/:id, DELETE} route {"context":"RouterExplorer","timestamp":"2025-04-29T07:09:08.804Z"}
info: Mapped {/api/roles/edit/:id, PATCH} route {"context":"RouterExplorer","timestamp":"2025-04-29T07:09:08.805Z"}
info: Nest application successfully started {"context":"NestApplication","timestamp":"2025-04-29T07:09:08.807Z"}
info: LogsController {/api/logs}: {"context":"RoutesResolver","timestamp":"2025-04-29T07:11:35.220Z"}
info: Mapped {/api/logs/logsByGroup/:id, GET} route {"context":"RouterExplorer","timestamp":"2025-04-29T07:11:35.224Z"}
info: UserController {/api/user}: {"context":"RoutesResolver","timestamp":"2025-04-29T07:11:35.224Z"}
info: Mapped {/api/user/list, GET} route {"context":"RouterExplorer","timestamp":"2025-04-29T07:11:35.225Z"}
info: Mapped {/api/user/getUserById/:id, GET} route {"context":"RouterExplorer","timestamp":"2025-04-29T07:11:35.226Z"}
info: Mapped {/api/user/add, POST} route {"context":"RouterExplorer","timestamp":"2025-04-29T07:11:35.227Z"}
info: Mapped {/api/user/edit/:id, PATCH} route {"context":"RouterExplorer","timestamp":"2025-04-29T07:11:35.227Z"}
info: Mapped {/api/user/delete/:id, DELETE} route {"context":"RouterExplorer","timestamp":"2025-04-29T07:11:35.228Z"}
info: Mapped {/api/user/profile/:id, GET} route {"context":"RouterExplorer","timestamp":"2025-04-29T07:11:35.229Z"}
info: RolesController {/api/roles}: {"context":"RoutesResolver","timestamp":"2025-04-29T07:11:35.229Z"}
info: Mapped {/api/roles/list, GET} route {"context":"RouterExplorer","timestamp":"2025-04-29T07:11:35.230Z"}
info: Mapped {/api/roles/add, POST} route {"context":"RouterExplorer","timestamp":"2025-04-29T07:11:35.231Z"}
info: Mapped {/api/roles/delete/:id, DELETE} route {"context":"RouterExplorer","timestamp":"2025-04-29T07:11:35.231Z"}
info: Mapped {/api/roles/edit/:id, PATCH} route {"context":"RouterExplorer","timestamp":"2025-04-29T07:11:35.232Z"}
info: Nest application successfully started {"context":"NestApplication","timestamp":"2025-04-29T07:11:35.234Z"}
info: LogsController {/api/logs}: {"context":"RoutesResolver","timestamp":"2025-04-29T07:13:17.045Z"}
info: Mapped {/api/logs/logsByGroup/:id, GET} route {"context":"RouterExplorer","timestamp":"2025-04-29T07:13:17.050Z"}
info: UserController {/api/user}: {"context":"RoutesResolver","timestamp":"2025-04-29T07:13:17.050Z"}
info: Mapped {/api/user/list, GET} route {"context":"RouterExplorer","timestamp":"2025-04-29T07:13:17.051Z"}
info: Mapped {/api/user/getUserById/:id, GET} route {"context":"RouterExplorer","timestamp":"2025-04-29T07:13:17.052Z"}
info: Mapped {/api/user/add, POST} route {"context":"RouterExplorer","timestamp":"2025-04-29T07:13:17.053Z"}
info: Mapped {/api/user/edit/:id, PATCH} route {"context":"RouterExplorer","timestamp":"2025-04-29T07:13:17.054Z"}
info: Mapped {/api/user/delete/:id, DELETE} route {"context":"RouterExplorer","timestamp":"2025-04-29T07:13:17.055Z"}
info: Mapped {/api/user/profile/:id, GET} route {"context":"RouterExplorer","timestamp":"2025-04-29T07:13:17.056Z"}
info: RolesController {/api/roles}: {"context":"RoutesResolver","timestamp":"2025-04-29T07:13:17.056Z"}
info: Mapped {/api/roles/list, GET} route {"context":"RouterExplorer","timestamp":"2025-04-29T07:13:17.057Z"}
info: Mapped {/api/roles/add, POST} route {"context":"RouterExplorer","timestamp":"2025-04-29T07:13:17.058Z"}
info: Mapped {/api/roles/delete/:id, DELETE} route {"context":"RouterExplorer","timestamp":"2025-04-29T07:13:17.059Z"}
info: Mapped {/api/roles/edit/:id, PATCH} route {"context":"RouterExplorer","timestamp":"2025-04-29T07:13:17.059Z"}
info: Nest application successfully started {"context":"NestApplication","timestamp":"2025-04-29T07:13:17.062Z"}
info: LogsController {/api/logs}: {"context":"RoutesResolver","timestamp":"2025-04-29T07:13:36.988Z"}
info: Mapped {/api/logs/logsByGroup/:id, GET} route {"context":"RouterExplorer","timestamp":"2025-04-29T07:13:36.992Z"}
info: UserController {/api/user}: {"context":"RoutesResolver","timestamp":"2025-04-29T07:13:36.993Z"}
info: Mapped {/api/user/list, GET} route {"context":"RouterExplorer","timestamp":"2025-04-29T07:13:36.994Z"}
info: Mapped {/api/user/getUserById/:id, GET} route {"context":"RouterExplorer","timestamp":"2025-04-29T07:13:36.994Z"}
info: Mapped {/api/user/add, POST} route {"context":"RouterExplorer","timestamp":"2025-04-29T07:13:36.995Z"}
info: Mapped {/api/user/edit/:id, PATCH} route {"context":"RouterExplorer","timestamp":"2025-04-29T07:13:36.996Z"}
info: Mapped {/api/user/delete/:id, DELETE} route {"context":"RouterExplorer","timestamp":"2025-04-29T07:13:36.997Z"}
info: Mapped {/api/user/profile/:id, GET} route {"context":"RouterExplorer","timestamp":"2025-04-29T07:13:36.998Z"}
info: RolesController {/api/roles}: {"context":"RoutesResolver","timestamp":"2025-04-29T07:13:36.998Z"}
info: Mapped {/api/roles/list, GET} route {"context":"RouterExplorer","timestamp":"2025-04-29T07:13:36.999Z"}
info: Mapped {/api/roles/add, POST} route {"context":"RouterExplorer","timestamp":"2025-04-29T07:13:36.999Z"}
info: Mapped {/api/roles/delete/:id, DELETE} route {"context":"RouterExplorer","timestamp":"2025-04-29T07:13:37.000Z"}
info: Mapped {/api/roles/edit/:id, PATCH} route {"context":"RouterExplorer","timestamp":"2025-04-29T07:13:37.000Z"}
info: Nest application successfully started {"context":"NestApplication","timestamp":"2025-04-29T07:13:37.002Z"}
info: LogsController {/api/logs}: {"context":"RoutesResolver","timestamp":"2025-04-29T07:16:47.190Z"}
info: Mapped {/api/logs/logsByGroup/:id, GET} route {"context":"RouterExplorer","timestamp":"2025-04-29T07:16:47.194Z"}
info: UserController {/api/user}: {"context":"RoutesResolver","timestamp":"2025-04-29T07:16:47.195Z"}
info: Mapped {/api/user/list, GET} route {"context":"RouterExplorer","timestamp":"2025-04-29T07:16:47.196Z"}
info: Mapped {/api/user/getUserById/:id, GET} route {"context":"RouterExplorer","timestamp":"2025-04-29T07:16:47.196Z"}
info: Mapped {/api/user/add, POST} route {"context":"RouterExplorer","timestamp":"2025-04-29T07:16:47.197Z"}
info: Mapped {/api/user/edit/:id, PATCH} route {"context":"RouterExplorer","timestamp":"2025-04-29T07:16:47.198Z"}
info: Mapped {/api/user/delete/:id, DELETE} route {"context":"RouterExplorer","timestamp":"2025-04-29T07:16:47.199Z"}
info: Mapped {/api/user/profile/:id, GET} route {"context":"RouterExplorer","timestamp":"2025-04-29T07:16:47.199Z"}
info: RolesController {/api/roles}: {"context":"RoutesResolver","timestamp":"2025-04-29T07:16:47.200Z"}
info: Mapped {/api/roles/list, GET} route {"context":"RouterExplorer","timestamp":"2025-04-29T07:16:47.200Z"}
info: Mapped {/api/roles/add, POST} route {"context":"RouterExplorer","timestamp":"2025-04-29T07:16:47.201Z"}
info: Mapped {/api/roles/delete/:id, DELETE} route {"context":"RouterExplorer","timestamp":"2025-04-29T07:16:47.202Z"}
info: Mapped {/api/roles/edit/:id, PATCH} route {"context":"RouterExplorer","timestamp":"2025-04-29T07:16:47.203Z"}
info: Nest application successfully started {"context":"NestApplication","timestamp":"2025-04-29T07:16:47.205Z"}
info: LogsController {/api/logs}: {"context":"RoutesResolver","timestamp":"2025-04-29T07:17:50.510Z"}
info: Mapped {/api/logs/logsByGroup/:id, GET} route {"context":"RouterExplorer","timestamp":"2025-04-29T07:17:50.515Z"}
info: UserController {/api/user}: {"context":"RoutesResolver","timestamp":"2025-04-29T07:17:50.516Z"}
info: Mapped {/api/user/list, GET} route {"context":"RouterExplorer","timestamp":"2025-04-29T07:17:50.517Z"}
info: Mapped {/api/user/getUserById/:id, GET} route {"context":"RouterExplorer","timestamp":"2025-04-29T07:17:50.518Z"}
info: Mapped {/api/user/add, POST} route {"context":"RouterExplorer","timestamp":"2025-04-29T07:17:50.520Z"}
info: Mapped {/api/user/edit/:id, PATCH} route {"context":"RouterExplorer","timestamp":"2025-04-29T07:17:50.521Z"}
info: Mapped {/api/user/delete/:id, DELETE} route {"context":"RouterExplorer","timestamp":"2025-04-29T07:17:50.521Z"}
info: Mapped {/api/user/profile/:id, GET} route {"context":"RouterExplorer","timestamp":"2025-04-29T07:17:50.522Z"}
info: RolesController {/api/roles}: {"context":"RoutesResolver","timestamp":"2025-04-29T07:17:50.523Z"}
info: Mapped {/api/roles/list, GET} route {"context":"RouterExplorer","timestamp":"2025-04-29T07:17:50.524Z"}
info: Mapped {/api/roles/add, POST} route {"context":"RouterExplorer","timestamp":"2025-04-29T07:17:50.525Z"}
info: Mapped {/api/roles/delete/:id, DELETE} route {"context":"RouterExplorer","timestamp":"2025-04-29T07:17:50.525Z"}
info: Mapped {/api/roles/edit/:id, PATCH} route {"context":"RouterExplorer","timestamp":"2025-04-29T07:17:50.526Z"}
info: Nest application successfully started {"context":"NestApplication","timestamp":"2025-04-29T07:17:50.529Z"}
info: LogsController {/api/logs}: {"context":"RoutesResolver","timestamp":"2025-04-29T07:17:52.634Z"}
info: Mapped {/api/logs/logsByGroup/:id, GET} route {"context":"RouterExplorer","timestamp":"2025-04-29T07:17:52.637Z"}
info: UserController {/api/user}: {"context":"RoutesResolver","timestamp":"2025-04-29T07:17:52.638Z"}
info: Mapped {/api/user/list, GET} route {"context":"RouterExplorer","timestamp":"2025-04-29T07:17:52.638Z"}
info: Mapped {/api/user/getUserById/:id, GET} route {"context":"RouterExplorer","timestamp":"2025-04-29T07:17:52.639Z"}
info: Mapped {/api/user/add, POST} route {"context":"RouterExplorer","timestamp":"2025-04-29T07:17:52.640Z"}
info: Mapped {/api/user/edit/:id, PATCH} route {"context":"RouterExplorer","timestamp":"2025-04-29T07:17:52.641Z"}
info: Mapped {/api/user/delete/:id, DELETE} route {"context":"RouterExplorer","timestamp":"2025-04-29T07:17:52.641Z"}
info: Mapped {/api/user/profile/:id, GET} route {"context":"RouterExplorer","timestamp":"2025-04-29T07:17:52.642Z"}
info: RolesController {/api/roles}: {"context":"RoutesResolver","timestamp":"2025-04-29T07:17:52.642Z"}
info: Mapped {/api/roles/list, GET} route {"context":"RouterExplorer","timestamp":"2025-04-29T07:17:52.643Z"}
info: Mapped {/api/roles/add, POST} route {"context":"RouterExplorer","timestamp":"2025-04-29T07:17:52.643Z"}
info: Mapped {/api/roles/delete/:id, DELETE} route {"context":"RouterExplorer","timestamp":"2025-04-29T07:17:52.644Z"}
info: Mapped {/api/roles/edit/:id, PATCH} route {"context":"RouterExplorer","timestamp":"2025-04-29T07:17:52.644Z"}
info: Nest application successfully started {"context":"NestApplication","timestamp":"2025-04-29T07:17:52.646Z"}
info: LogsController {/api/logs}: {"context":"RoutesResolver","timestamp":"2025-04-29T07:19:12.712Z"}
info: Mapped {/api/logs/logsByGroup/:id, GET} route {"context":"RouterExplorer","timestamp":"2025-04-29T07:19:12.717Z"}
info: UserController {/api/user}: {"context":"RoutesResolver","timestamp":"2025-04-29T07:19:12.717Z"}
info: Mapped {/api/user/list, GET} route {"context":"RouterExplorer","timestamp":"2025-04-29T07:19:12.718Z"}
info: Mapped {/api/user/getUserById/:id, GET} route {"context":"RouterExplorer","timestamp":"2025-04-29T07:19:12.719Z"}
info: Mapped {/api/user/add, POST} route {"context":"RouterExplorer","timestamp":"2025-04-29T07:19:12.720Z"}
info: Mapped {/api/user/edit/:id, PATCH} route {"context":"RouterExplorer","timestamp":"2025-04-29T07:19:12.721Z"}
info: Mapped {/api/user/delete/:id, DELETE} route {"context":"RouterExplorer","timestamp":"2025-04-29T07:19:12.721Z"}
info: Mapped {/api/user/profile/:id, GET} route {"context":"RouterExplorer","timestamp":"2025-04-29T07:19:12.722Z"}
info: RolesController {/api/roles}: {"context":"RoutesResolver","timestamp":"2025-04-29T07:19:12.723Z"}
info: Mapped {/api/roles/list, GET} route {"context":"RouterExplorer","timestamp":"2025-04-29T07:19:12.723Z"}
info: Mapped {/api/roles/add, POST} route {"context":"RouterExplorer","timestamp":"2025-04-29T07:19:12.724Z"}
info: Mapped {/api/roles/delete/:id, DELETE} route {"context":"RouterExplorer","timestamp":"2025-04-29T07:19:12.725Z"}
info: Mapped {/api/roles/edit/:id, PATCH} route {"context":"RouterExplorer","timestamp":"2025-04-29T07:19:12.726Z"}
info: Nest application successfully started {"context":"NestApplication","timestamp":"2025-04-29T07:19:12.730Z"}
info: LogsController {/api/logs}: {"context":"RoutesResolver","timestamp":"2025-04-29T07:20:46.606Z"}
info: Mapped {/api/logs/logsByGroup/:id, GET} route {"context":"RouterExplorer","timestamp":"2025-04-29T07:20:46.610Z"}
info: UserController {/api/user}: {"context":"RoutesResolver","timestamp":"2025-04-29T07:20:46.610Z"}
info: Mapped {/api/user/list, GET} route {"context":"RouterExplorer","timestamp":"2025-04-29T07:20:46.611Z"}
info: Mapped {/api/user/getUserById/:id, GET} route {"context":"RouterExplorer","timestamp":"2025-04-29T07:20:46.612Z"}
info: Mapped {/api/user/add, POST} route {"context":"RouterExplorer","timestamp":"2025-04-29T07:20:46.613Z"}
info: Mapped {/api/user/edit/:id, PATCH} route {"context":"RouterExplorer","timestamp":"2025-04-29T07:20:46.613Z"}
info: Mapped {/api/user/delete/:id, DELETE} route {"context":"RouterExplorer","timestamp":"2025-04-29T07:20:46.614Z"}
info: Mapped {/api/user/profile/:id, GET} route {"context":"RouterExplorer","timestamp":"2025-04-29T07:20:46.614Z"}
info: RolesController {/api/roles}: {"context":"RoutesResolver","timestamp":"2025-04-29T07:20:46.615Z"}
info: Mapped {/api/roles/list, GET} route {"context":"RouterExplorer","timestamp":"2025-04-29T07:20:46.615Z"}
info: Mapped {/api/roles/add, POST} route {"context":"RouterExplorer","timestamp":"2025-04-29T07:20:46.616Z"}
info: Mapped {/api/roles/delete/:id, DELETE} route {"context":"RouterExplorer","timestamp":"2025-04-29T07:20:46.617Z"}
info: Mapped {/api/roles/edit/:id, PATCH} route {"context":"RouterExplorer","timestamp":"2025-04-29T07:20:46.617Z"}
info: Nest application successfully started {"context":"NestApplication","timestamp":"2025-04-29T07:20:46.620Z"}
info: LogsController {/api/logs}: {"context":"RoutesResolver","timestamp":"2025-04-29T07:21:18.087Z"}
info: Mapped {/api/logs/logsByGroup/:id, GET} route {"context":"RouterExplorer","timestamp":"2025-04-29T07:21:18.091Z"}
info: UserController {/api/user}: {"context":"RoutesResolver","timestamp":"2025-04-29T07:21:18.091Z"}
info: Mapped {/api/user/list, GET} route {"context":"RouterExplorer","timestamp":"2025-04-29T07:21:18.092Z"}
info: Mapped {/api/user/getUserById/:id, GET} route {"context":"RouterExplorer","timestamp":"2025-04-29T07:21:18.093Z"}
info: Mapped {/api/user/add, POST} route {"context":"RouterExplorer","timestamp":"2025-04-29T07:21:18.094Z"}
info: Mapped {/api/user/edit/:id, PATCH} route {"context":"RouterExplorer","timestamp":"2025-04-29T07:21:18.095Z"}
info: Mapped {/api/user/delete/:id, DELETE} route {"context":"RouterExplorer","timestamp":"2025-04-29T07:21:18.096Z"}
info: Mapped {/api/user/profile/:id, GET} route {"context":"RouterExplorer","timestamp":"2025-04-29T07:21:18.096Z"}
info: RolesController {/api/roles}: {"context":"RoutesResolver","timestamp":"2025-04-29T07:21:18.097Z"}
info: Mapped {/api/roles/list, GET} route {"context":"RouterExplorer","timestamp":"2025-04-29T07:21:18.098Z"}
info: Mapped {/api/roles/add, POST} route {"context":"RouterExplorer","timestamp":"2025-04-29T07:21:18.099Z"}
info: Mapped {/api/roles/delete/:id, DELETE} route {"context":"RouterExplorer","timestamp":"2025-04-29T07:21:18.099Z"}
info: Mapped {/api/roles/edit/:id, PATCH} route {"context":"RouterExplorer","timestamp":"2025-04-29T07:21:18.100Z"}
info: Nest application successfully started {"context":"NestApplication","timestamp":"2025-04-29T07:21:18.103Z"}
info: LogsController {/api/logs}: {"context":"RoutesResolver","timestamp":"2025-04-29T07:22:34.128Z"}
info: Mapped {/api/logs/logsByGroup/:id, GET} route {"context":"RouterExplorer","timestamp":"2025-04-29T07:22:34.134Z"}
info: UserController {/api/user}: {"context":"RoutesResolver","timestamp":"2025-04-29T07:22:34.135Z"}
info: Mapped {/api/user/list, GET} route {"context":"RouterExplorer","timestamp":"2025-04-29T07:22:34.137Z"}
info: Mapped {/api/user/getUserById/:id, GET} route {"context":"RouterExplorer","timestamp":"2025-04-29T07:22:34.139Z"}
info: Mapped {/api/user/add, POST} route {"context":"RouterExplorer","timestamp":"2025-04-29T07:22:34.140Z"}
info: Mapped {/api/user/edit/:id, PATCH} route {"context":"RouterExplorer","timestamp":"2025-04-29T07:22:34.142Z"}
info: Mapped {/api/user/delete/:id, DELETE} route {"context":"RouterExplorer","timestamp":"2025-04-29T07:22:34.143Z"}
info: Mapped {/api/user/profile/:id, GET} route {"context":"RouterExplorer","timestamp":"2025-04-29T07:22:34.144Z"}
info: RolesController {/api/roles}: {"context":"RoutesResolver","timestamp":"2025-04-29T07:22:34.145Z"}
info: Mapped {/api/roles/list, GET} route {"context":"RouterExplorer","timestamp":"2025-04-29T07:22:34.146Z"}
info: Mapped {/api/roles/add, POST} route {"context":"RouterExplorer","timestamp":"2025-04-29T07:22:34.148Z"}
info: Mapped {/api/roles/delete/:id, DELETE} route {"context":"RouterExplorer","timestamp":"2025-04-29T07:22:34.149Z"}
info: Mapped {/api/roles/edit/:id, PATCH} route {"context":"RouterExplorer","timestamp":"2025-04-29T07:22:34.150Z"}
info: Nest application successfully started {"context":"NestApplication","timestamp":"2025-04-29T07:22:34.154Z"}
info: LogsController {/api/logs}: {"context":"RoutesResolver","timestamp":"2025-04-29T07:23:15.236Z"}
info: Mapped {/api/logs/logsByGroup/:id, GET} route {"context":"RouterExplorer","timestamp":"2025-04-29T07:23:15.240Z"}
info: UserController {/api/user}: {"context":"RoutesResolver","timestamp":"2025-04-29T07:23:15.240Z"}
info: Mapped {/api/user/list, GET} route {"context":"RouterExplorer","timestamp":"2025-04-29T07:23:15.241Z"}
info: Mapped {/api/user/getUserById/:id, GET} route {"context":"RouterExplorer","timestamp":"2025-04-29T07:23:15.242Z"}
info: Mapped {/api/user/add, POST} route {"context":"RouterExplorer","timestamp":"2025-04-29T07:23:15.243Z"}
info: Mapped {/api/user/edit/:id, PATCH} route {"context":"RouterExplorer","timestamp":"2025-04-29T07:23:15.244Z"}
info: Mapped {/api/user/delete/:id, DELETE} route {"context":"RouterExplorer","timestamp":"2025-04-29T07:23:15.245Z"}
info: Mapped {/api/user/profile/:id, GET} route {"context":"RouterExplorer","timestamp":"2025-04-29T07:23:15.246Z"}
info: RolesController {/api/roles}: {"context":"RoutesResolver","timestamp":"2025-04-29T07:23:15.246Z"}
info: Mapped {/api/roles/list, GET} route {"context":"RouterExplorer","timestamp":"2025-04-29T07:23:15.247Z"}
info: Mapped {/api/roles/add, POST} route {"context":"RouterExplorer","timestamp":"2025-04-29T07:23:15.248Z"}
info: Mapped {/api/roles/delete/:id, DELETE} route {"context":"RouterExplorer","timestamp":"2025-04-29T07:23:15.249Z"}
info: Mapped {/api/roles/edit/:id, PATCH} route {"context":"RouterExplorer","timestamp":"2025-04-29T07:23:15.249Z"}
info: Nest application successfully started {"context":"NestApplication","timestamp":"2025-04-29T07:23:15.252Z"}
info: LogsController {/api/logs}: {"context":"RoutesResolver","timestamp":"2025-04-29T07:23:38.106Z"}
info: Mapped {/api/logs/logsByGroup/:id, GET} route {"context":"RouterExplorer","timestamp":"2025-04-29T07:23:38.110Z"}
info: UserController {/api/user}: {"context":"RoutesResolver","timestamp":"2025-04-29T07:23:38.111Z"}
info: Mapped {/api/user/list, GET} route {"context":"RouterExplorer","timestamp":"2025-04-29T07:23:38.112Z"}
info: Mapped {/api/user/getUserById/:id, GET} route {"context":"RouterExplorer","timestamp":"2025-04-29T07:23:38.113Z"}
info: Mapped {/api/user/add, POST} route {"context":"RouterExplorer","timestamp":"2025-04-29T07:23:38.113Z"}
info: Mapped {/api/user/edit/:id, PATCH} route {"context":"RouterExplorer","timestamp":"2025-04-29T07:23:38.115Z"}
info: Mapped {/api/user/delete/:id, DELETE} route {"context":"RouterExplorer","timestamp":"2025-04-29T07:23:38.115Z"}
info: Mapped {/api/user/profile/:id, GET} route {"context":"RouterExplorer","timestamp":"2025-04-29T07:23:38.116Z"}
info: RolesController {/api/roles}: {"context":"RoutesResolver","timestamp":"2025-04-29T07:23:38.116Z"}
info: Mapped {/api/roles/list, GET} route {"context":"RouterExplorer","timestamp":"2025-04-29T07:23:38.117Z"}
info: Mapped {/api/roles/add, POST} route {"context":"RouterExplorer","timestamp":"2025-04-29T07:23:38.118Z"}
info: Mapped {/api/roles/delete/:id, DELETE} route {"context":"RouterExplorer","timestamp":"2025-04-29T07:23:38.119Z"}
info: Mapped {/api/roles/edit/:id, PATCH} route {"context":"RouterExplorer","timestamp":"2025-04-29T07:23:38.119Z"}
info: Nest application successfully started {"context":"NestApplication","timestamp":"2025-04-29T07:23:38.122Z"}
info: LogsController {/api/logs}: {"context":"RoutesResolver","timestamp":"2025-04-29T07:25:24.460Z"}
info: Mapped {/api/logs/logsByGroup/:id, GET} route {"context":"RouterExplorer","timestamp":"2025-04-29T07:25:24.464Z"}
info: UserController {/api/user}: {"context":"RoutesResolver","timestamp":"2025-04-29T07:25:24.464Z"}
info: Mapped {/api/user/list, GET} route {"context":"RouterExplorer","timestamp":"2025-04-29T07:25:24.465Z"}
info: Mapped {/api/user/getUserById/:id, GET} route {"context":"RouterExplorer","timestamp":"2025-04-29T07:25:24.466Z"}
info: Mapped {/api/user/add, POST} route {"context":"RouterExplorer","timestamp":"2025-04-29T07:25:24.467Z"}
info: Mapped {/api/user/edit/:id, PATCH} route {"context":"RouterExplorer","timestamp":"2025-04-29T07:25:24.468Z"}
info: Mapped {/api/user/delete/:id, DELETE} route {"context":"RouterExplorer","timestamp":"2025-04-29T07:25:24.469Z"}
info: Mapped {/api/user/profile/:id, GET} route {"context":"RouterExplorer","timestamp":"2025-04-29T07:25:24.469Z"}
info: RolesController {/api/roles}: {"context":"RoutesResolver","timestamp":"2025-04-29T07:25:24.470Z"}
info: Mapped {/api/roles/list, GET} route {"context":"RouterExplorer","timestamp":"2025-04-29T07:25:24.470Z"}
info: Mapped {/api/roles/add, POST} route {"context":"RouterExplorer","timestamp":"2025-04-29T07:25:24.471Z"}
info: Mapped {/api/roles/delete/:id, DELETE} route {"context":"RouterExplorer","timestamp":"2025-04-29T07:25:24.472Z"}
info: Mapped {/api/roles/edit/:id, PATCH} route {"context":"RouterExplorer","timestamp":"2025-04-29T07:25:24.472Z"}
info: Nest application successfully started {"context":"NestApplication","timestamp":"2025-04-29T07:25:24.475Z"}
info: LogsController {/api/logs}: {"context":"RoutesResolver","timestamp":"2025-04-29T07:25:34.459Z"}
info: Mapped {/api/logs/logsByGroup/:id, GET} route {"context":"RouterExplorer","timestamp":"2025-04-29T07:25:34.465Z"}
info: UserController {/api/user}: {"context":"RoutesResolver","timestamp":"2025-04-29T07:25:34.466Z"}
info: Mapped {/api/user/list, GET} route {"context":"RouterExplorer","timestamp":"2025-04-29T07:25:34.468Z"}
info: Mapped {/api/user/getUserById/:id, GET} route {"context":"RouterExplorer","timestamp":"2025-04-29T07:25:34.469Z"}
info: Mapped {/api/user/add, POST} route {"context":"RouterExplorer","timestamp":"2025-04-29T07:25:34.470Z"}
info: Mapped {/api/user/edit/:id, PATCH} route {"context":"RouterExplorer","timestamp":"2025-04-29T07:25:34.472Z"}
info: Mapped {/api/user/delete/:id, DELETE} route {"context":"RouterExplorer","timestamp":"2025-04-29T07:25:34.473Z"}
info: Mapped {/api/user/profile/:id, GET} route {"context":"RouterExplorer","timestamp":"2025-04-29T07:25:34.474Z"}
info: RolesController {/api/roles}: {"context":"RoutesResolver","timestamp":"2025-04-29T07:25:34.475Z"}
info: Mapped {/api/roles/list, GET} route {"context":"RouterExplorer","timestamp":"2025-04-29T07:25:34.476Z"}
info: Mapped {/api/roles/add, POST} route {"context":"RouterExplorer","timestamp":"2025-04-29T07:25:34.477Z"}
info: Mapped {/api/roles/delete/:id, DELETE} route {"context":"RouterExplorer","timestamp":"2025-04-29T07:25:34.478Z"}
info: Mapped {/api/roles/edit/:id, PATCH} route {"context":"RouterExplorer","timestamp":"2025-04-29T07:25:34.479Z"}
info: Nest application successfully started {"context":"NestApplication","timestamp":"2025-04-29T07:25:34.483Z"}
error: 捕获异常:  {"stack":[{"body":{"address":"21","gender":1,"password":"21","phone":"21","roleIds":"1,2","username":"2"},"error":"未知错误","exception":"TypeError","headers":{"accept":"application/json, text/plain, */*","accept-encoding":"gzip, deflate, br, zstd","accept-language":"zh-CN,zh;q=0.9","authorization":"Bearer Token-gpsp","cache-control":"no-cache","connection":"close","content-length":"87","content-type":"application/json;charset=UTF-8","cookie":"Hm_lvt_e8002ef3d9e0d8274b5b74cc4a027d08=1726305348,1726365637,1726824950,1727059511; adminer_permanent=; adminer_settings=vendor-server-db%3DMySQL%26vendor-db%3DMySQL; userId=625","host":"localhost:3000","origin":"http://localhost:9001","pragma":"no-cache","referer":"http://localhost:9001/users","sec-ch-ua":"\"Google Chrome\";v=\"135\", \"Not-A.Brand\";v=\"8\", \"Chromium\";v=\"135\"","sec-ch-ua-mobile":"?0","sec-ch-ua-platform":"\"Windows\"","sec-fetch-dest":"empty","sec-fetch-mode":"cors","sec-fetch-site":"same-origin","user-agent":"Mozilla/5.0 (Windows NT 10.0; Win64; x64) AppleWebKit/537.36 (KHTML, like Gecko) Chrome/135.0.0.0 Safari/537.36"},"ip":"::1","message":"Cannot read properties of undefined (reading 'split')","status":500,"timestamp":"2025-04-29T07:25:45.691Z"}],"timestamp":"2025-04-29T07:25:45.695Z"}
info: LogsController {/api/logs}: {"context":"RoutesResolver","timestamp":"2025-04-29T07:26:18.449Z"}
info: Mapped {/api/logs/logsByGroup/:id, GET} route {"context":"RouterExplorer","timestamp":"2025-04-29T07:26:18.453Z"}
info: UserController {/api/user}: {"context":"RoutesResolver","timestamp":"2025-04-29T07:26:18.454Z"}
info: Mapped {/api/user/list, GET} route {"context":"RouterExplorer","timestamp":"2025-04-29T07:26:18.455Z"}
info: Mapped {/api/user/getUserById/:id, GET} route {"context":"RouterExplorer","timestamp":"2025-04-29T07:26:18.456Z"}
info: Mapped {/api/user/add, POST} route {"context":"RouterExplorer","timestamp":"2025-04-29T07:26:18.456Z"}
info: Mapped {/api/user/edit/:id, PATCH} route {"context":"RouterExplorer","timestamp":"2025-04-29T07:26:18.457Z"}
info: Mapped {/api/user/delete/:id, DELETE} route {"context":"RouterExplorer","timestamp":"2025-04-29T07:26:18.458Z"}
info: Mapped {/api/user/profile/:id, GET} route {"context":"RouterExplorer","timestamp":"2025-04-29T07:26:18.459Z"}
info: RolesController {/api/roles}: {"context":"RoutesResolver","timestamp":"2025-04-29T07:26:18.459Z"}
info: Mapped {/api/roles/list, GET} route {"context":"RouterExplorer","timestamp":"2025-04-29T07:26:18.460Z"}
info: Mapped {/api/roles/add, POST} route {"context":"RouterExplorer","timestamp":"2025-04-29T07:26:18.461Z"}
info: Mapped {/api/roles/delete/:id, DELETE} route {"context":"RouterExplorer","timestamp":"2025-04-29T07:26:18.462Z"}
info: Mapped {/api/roles/edit/:id, PATCH} route {"context":"RouterExplorer","timestamp":"2025-04-29T07:26:18.462Z"}
info: Nest application successfully started {"context":"NestApplication","timestamp":"2025-04-29T07:26:18.465Z"}
info: LogsController {/api/logs}: {"context":"RoutesResolver","timestamp":"2025-04-29T07:27:28.202Z"}
info: Mapped {/api/logs/logsByGroup/:id, GET} route {"context":"RouterExplorer","timestamp":"2025-04-29T07:27:28.206Z"}
info: UserController {/api/user}: {"context":"RoutesResolver","timestamp":"2025-04-29T07:27:28.207Z"}
info: Mapped {/api/user/list, GET} route {"context":"RouterExplorer","timestamp":"2025-04-29T07:27:28.207Z"}
info: Mapped {/api/user/getUserById/:id, GET} route {"context":"RouterExplorer","timestamp":"2025-04-29T07:27:28.208Z"}
info: Mapped {/api/user/add, POST} route {"context":"RouterExplorer","timestamp":"2025-04-29T07:27:28.209Z"}
info: Mapped {/api/user/edit/:id, PATCH} route {"context":"RouterExplorer","timestamp":"2025-04-29T07:27:28.210Z"}
info: Mapped {/api/user/delete/:id, DELETE} route {"context":"RouterExplorer","timestamp":"2025-04-29T07:27:28.211Z"}
info: Mapped {/api/user/profile/:id, GET} route {"context":"RouterExplorer","timestamp":"2025-04-29T07:27:28.212Z"}
info: RolesController {/api/roles}: {"context":"RoutesResolver","timestamp":"2025-04-29T07:27:28.212Z"}
info: Mapped {/api/roles/list, GET} route {"context":"RouterExplorer","timestamp":"2025-04-29T07:27:28.213Z"}
info: Mapped {/api/roles/add, POST} route {"context":"RouterExplorer","timestamp":"2025-04-29T07:27:28.214Z"}
info: Mapped {/api/roles/delete/:id, DELETE} route {"context":"RouterExplorer","timestamp":"2025-04-29T07:27:28.215Z"}
info: Mapped {/api/roles/edit/:id, PATCH} route {"context":"RouterExplorer","timestamp":"2025-04-29T07:27:28.215Z"}
info: Nest application successfully started {"context":"NestApplication","timestamp":"2025-04-29T07:27:28.218Z"}
info: LogsController {/api/logs}: {"context":"RoutesResolver","timestamp":"2025-04-29T07:29:15.569Z"}
info: Mapped {/api/logs/logsByGroup/:id, GET} route {"context":"RouterExplorer","timestamp":"2025-04-29T07:29:15.572Z"}
info: UserController {/api/user}: {"context":"RoutesResolver","timestamp":"2025-04-29T07:29:15.573Z"}
info: Mapped {/api/user/list, GET} route {"context":"RouterExplorer","timestamp":"2025-04-29T07:29:15.574Z"}
info: Mapped {/api/user/getUserById/:id, GET} route {"context":"RouterExplorer","timestamp":"2025-04-29T07:29:15.574Z"}
info: Mapped {/api/user/add, POST} route {"context":"RouterExplorer","timestamp":"2025-04-29T07:29:15.575Z"}
info: Mapped {/api/user/edit/:id, PATCH} route {"context":"RouterExplorer","timestamp":"2025-04-29T07:29:15.576Z"}
info: Mapped {/api/user/delete/:id, DELETE} route {"context":"RouterExplorer","timestamp":"2025-04-29T07:29:15.576Z"}
info: Mapped {/api/user/profile/:id, GET} route {"context":"RouterExplorer","timestamp":"2025-04-29T07:29:15.577Z"}
info: RolesController {/api/roles}: {"context":"RoutesResolver","timestamp":"2025-04-29T07:29:15.577Z"}
info: Mapped {/api/roles/list, GET} route {"context":"RouterExplorer","timestamp":"2025-04-29T07:29:15.578Z"}
info: Mapped {/api/roles/add, POST} route {"context":"RouterExplorer","timestamp":"2025-04-29T07:29:15.579Z"}
info: Mapped {/api/roles/delete/:id, DELETE} route {"context":"RouterExplorer","timestamp":"2025-04-29T07:29:15.579Z"}
info: Mapped {/api/roles/edit/:id, PATCH} route {"context":"RouterExplorer","timestamp":"2025-04-29T07:29:15.580Z"}
info: Nest application successfully started {"context":"NestApplication","timestamp":"2025-04-29T07:29:15.582Z"}
info: LogsController {/api/logs}: {"context":"RoutesResolver","timestamp":"2025-04-29T07:30:02.240Z"}
info: Mapped {/api/logs/logsByGroup/:id, GET} route {"context":"RouterExplorer","timestamp":"2025-04-29T07:30:02.244Z"}
info: UserController {/api/user}: {"context":"RoutesResolver","timestamp":"2025-04-29T07:30:02.245Z"}
info: Mapped {/api/user/list, GET} route {"context":"RouterExplorer","timestamp":"2025-04-29T07:30:02.246Z"}
info: Mapped {/api/user/getUserById/:id, GET} route {"context":"RouterExplorer","timestamp":"2025-04-29T07:30:02.246Z"}
info: Mapped {/api/user/add, POST} route {"context":"RouterExplorer","timestamp":"2025-04-29T07:30:02.247Z"}
info: Mapped {/api/user/edit/:id, PATCH} route {"context":"RouterExplorer","timestamp":"2025-04-29T07:30:02.248Z"}
info: Mapped {/api/user/delete/:id, DELETE} route {"context":"RouterExplorer","timestamp":"2025-04-29T07:30:02.248Z"}
info: Mapped {/api/user/profile/:id, GET} route {"context":"RouterExplorer","timestamp":"2025-04-29T07:30:02.249Z"}
info: RolesController {/api/roles}: {"context":"RoutesResolver","timestamp":"2025-04-29T07:30:02.249Z"}
info: Mapped {/api/roles/list, GET} route {"context":"RouterExplorer","timestamp":"2025-04-29T07:30:02.250Z"}
info: Mapped {/api/roles/add, POST} route {"context":"RouterExplorer","timestamp":"2025-04-29T07:30:02.251Z"}
info: Mapped {/api/roles/delete/:id, DELETE} route {"context":"RouterExplorer","timestamp":"2025-04-29T07:30:02.251Z"}
info: Mapped {/api/roles/edit/:id, PATCH} route {"context":"RouterExplorer","timestamp":"2025-04-29T07:30:02.252Z"}
info: Nest application successfully started {"context":"NestApplication","timestamp":"2025-04-29T07:30:02.254Z"}
info: LogsController {/api/logs}: {"context":"RoutesResolver","timestamp":"2025-04-29T07:30:17.922Z"}
info: Mapped {/api/logs/logsByGroup/:id, GET} route {"context":"RouterExplorer","timestamp":"2025-04-29T07:30:17.925Z"}
info: UserController {/api/user}: {"context":"RoutesResolver","timestamp":"2025-04-29T07:30:17.926Z"}
info: Mapped {/api/user/list, GET} route {"context":"RouterExplorer","timestamp":"2025-04-29T07:30:17.927Z"}
info: Mapped {/api/user/getUserById/:id, GET} route {"context":"RouterExplorer","timestamp":"2025-04-29T07:30:17.927Z"}
info: Mapped {/api/user/add, POST} route {"context":"RouterExplorer","timestamp":"2025-04-29T07:30:17.928Z"}
info: Mapped {/api/user/edit/:id, PATCH} route {"context":"RouterExplorer","timestamp":"2025-04-29T07:30:17.929Z"}
info: Mapped {/api/user/delete/:id, DELETE} route {"context":"RouterExplorer","timestamp":"2025-04-29T07:30:17.930Z"}
info: Mapped {/api/user/profile/:id, GET} route {"context":"RouterExplorer","timestamp":"2025-04-29T07:30:17.930Z"}
info: RolesController {/api/roles}: {"context":"RoutesResolver","timestamp":"2025-04-29T07:30:17.931Z"}
info: Mapped {/api/roles/list, GET} route {"context":"RouterExplorer","timestamp":"2025-04-29T07:30:17.931Z"}
info: Mapped {/api/roles/add, POST} route {"context":"RouterExplorer","timestamp":"2025-04-29T07:30:17.932Z"}
info: Mapped {/api/roles/delete/:id, DELETE} route {"context":"RouterExplorer","timestamp":"2025-04-29T07:30:17.933Z"}
info: Mapped {/api/roles/edit/:id, PATCH} route {"context":"RouterExplorer","timestamp":"2025-04-29T07:30:17.933Z"}
info: Nest application successfully started {"context":"NestApplication","timestamp":"2025-04-29T07:30:17.936Z"}
info: LogsController {/api/logs}: {"context":"RoutesResolver","timestamp":"2025-04-29T07:32:28.798Z"}
info: Mapped {/api/logs/logsByGroup/:id, GET} route {"context":"RouterExplorer","timestamp":"2025-04-29T07:32:28.802Z"}
info: UserController {/api/user}: {"context":"RoutesResolver","timestamp":"2025-04-29T07:32:28.803Z"}
info: Mapped {/api/user/list, GET} route {"context":"RouterExplorer","timestamp":"2025-04-29T07:32:28.804Z"}
info: Mapped {/api/user/getUserById/:id, GET} route {"context":"RouterExplorer","timestamp":"2025-04-29T07:32:28.804Z"}
info: Mapped {/api/user/add, POST} route {"context":"RouterExplorer","timestamp":"2025-04-29T07:32:28.805Z"}
info: Mapped {/api/user/edit/:id, PATCH} route {"context":"RouterExplorer","timestamp":"2025-04-29T07:32:28.806Z"}
info: Mapped {/api/user/delete/:id, DELETE} route {"context":"RouterExplorer","timestamp":"2025-04-29T07:32:28.807Z"}
info: Mapped {/api/user/profile/:id, GET} route {"context":"RouterExplorer","timestamp":"2025-04-29T07:32:28.808Z"}
info: RolesController {/api/roles}: {"context":"RoutesResolver","timestamp":"2025-04-29T07:32:28.808Z"}
info: Mapped {/api/roles/list, GET} route {"context":"RouterExplorer","timestamp":"2025-04-29T07:32:28.809Z"}
info: Mapped {/api/roles/add, POST} route {"context":"RouterExplorer","timestamp":"2025-04-29T07:32:28.811Z"}
info: Mapped {/api/roles/delete/:id, DELETE} route {"context":"RouterExplorer","timestamp":"2025-04-29T07:32:28.812Z"}
info: Mapped {/api/roles/edit/:id, PATCH} route {"context":"RouterExplorer","timestamp":"2025-04-29T07:32:28.812Z"}
info: Nest application successfully started {"context":"NestApplication","timestamp":"2025-04-29T07:32:28.815Z"}
info: LogsController {/api/logs}: {"context":"RoutesResolver","timestamp":"2025-04-29T07:46:32.680Z"}
info: Mapped {/api/logs/logsByGroup/:id, GET} route {"context":"RouterExplorer","timestamp":"2025-04-29T07:46:32.684Z"}
info: UserController {/api/user}: {"context":"RoutesResolver","timestamp":"2025-04-29T07:46:32.684Z"}
info: Mapped {/api/user/list, GET} route {"context":"RouterExplorer","timestamp":"2025-04-29T07:46:32.685Z"}
info: Mapped {/api/user/getUserById/:id, GET} route {"context":"RouterExplorer","timestamp":"2025-04-29T07:46:32.686Z"}
info: Mapped {/api/user/add, POST} route {"context":"RouterExplorer","timestamp":"2025-04-29T07:46:32.687Z"}
info: Mapped {/api/user/edit/:id, PATCH} route {"context":"RouterExplorer","timestamp":"2025-04-29T07:46:32.687Z"}
info: Mapped {/api/user/delete/:id, DELETE} route {"context":"RouterExplorer","timestamp":"2025-04-29T07:46:32.688Z"}
info: Mapped {/api/user/profile/:id, GET} route {"context":"RouterExplorer","timestamp":"2025-04-29T07:46:32.689Z"}
info: RolesController {/api/roles}: {"context":"RoutesResolver","timestamp":"2025-04-29T07:46:32.689Z"}
info: Mapped {/api/roles/list, GET} route {"context":"RouterExplorer","timestamp":"2025-04-29T07:46:32.690Z"}
info: Mapped {/api/roles/add, POST} route {"context":"RouterExplorer","timestamp":"2025-04-29T07:46:32.691Z"}
info: Mapped {/api/roles/delete/:id, DELETE} route {"context":"RouterExplorer","timestamp":"2025-04-29T07:46:32.691Z"}
info: Mapped {/api/roles/edit/:id, PATCH} route {"context":"RouterExplorer","timestamp":"2025-04-29T07:46:32.692Z"}
info: Nest application successfully started {"context":"NestApplication","timestamp":"2025-04-29T07:46:32.694Z"}
info: LogsController {/api/logs}: {"context":"RoutesResolver","timestamp":"2025-04-29T07:46:34.681Z"}
info: Mapped {/api/logs/logsByGroup/:id, GET} route {"context":"RouterExplorer","timestamp":"2025-04-29T07:46:34.685Z"}
info: UserController {/api/user}: {"context":"RoutesResolver","timestamp":"2025-04-29T07:46:34.686Z"}
info: Mapped {/api/user/list, GET} route {"context":"RouterExplorer","timestamp":"2025-04-29T07:46:34.686Z"}
info: Mapped {/api/user/getUserById/:id, GET} route {"context":"RouterExplorer","timestamp":"2025-04-29T07:46:34.687Z"}
info: Mapped {/api/user/add, POST} route {"context":"RouterExplorer","timestamp":"2025-04-29T07:46:34.688Z"}
info: Mapped {/api/user/edit/:id, PATCH} route {"context":"RouterExplorer","timestamp":"2025-04-29T07:46:34.689Z"}
info: Mapped {/api/user/delete/:id, DELETE} route {"context":"RouterExplorer","timestamp":"2025-04-29T07:46:34.689Z"}
info: Mapped {/api/user/profile/:id, GET} route {"context":"RouterExplorer","timestamp":"2025-04-29T07:46:34.690Z"}
info: RolesController {/api/roles}: {"context":"RoutesResolver","timestamp":"2025-04-29T07:46:34.691Z"}
info: Mapped {/api/roles/list, GET} route {"context":"RouterExplorer","timestamp":"2025-04-29T07:46:34.691Z"}
info: Mapped {/api/roles/add, POST} route {"context":"RouterExplorer","timestamp":"2025-04-29T07:46:34.692Z"}
info: Mapped {/api/roles/delete/:id, DELETE} route {"context":"RouterExplorer","timestamp":"2025-04-29T07:46:34.693Z"}
info: Mapped {/api/roles/edit/:id, PATCH} route {"context":"RouterExplorer","timestamp":"2025-04-29T07:46:34.693Z"}
info: Nest application successfully started {"context":"NestApplication","timestamp":"2025-04-29T07:46:34.696Z"}
info: LogsController {/api/logs}: {"context":"RoutesResolver","timestamp":"2025-04-29T07:46:56.940Z"}
info: Mapped {/api/logs/logsByGroup/:id, GET} route {"context":"RouterExplorer","timestamp":"2025-04-29T07:46:56.944Z"}
info: UserController {/api/user}: {"context":"RoutesResolver","timestamp":"2025-04-29T07:46:56.944Z"}
info: Mapped {/api/user/list, GET} route {"context":"RouterExplorer","timestamp":"2025-04-29T07:46:56.945Z"}
info: Mapped {/api/user/getUserById/:id, GET} route {"context":"RouterExplorer","timestamp":"2025-04-29T07:46:56.946Z"}
info: Mapped {/api/user/add, POST} route {"context":"RouterExplorer","timestamp":"2025-04-29T07:46:56.947Z"}
info: Mapped {/api/user/edit/:id, PATCH} route {"context":"RouterExplorer","timestamp":"2025-04-29T07:46:56.947Z"}
info: Mapped {/api/user/delete/:id, DELETE} route {"context":"RouterExplorer","timestamp":"2025-04-29T07:46:56.948Z"}
info: Mapped {/api/user/profile/:id, GET} route {"context":"RouterExplorer","timestamp":"2025-04-29T07:46:56.949Z"}
info: RolesController {/api/roles}: {"context":"RoutesResolver","timestamp":"2025-04-29T07:46:56.949Z"}
info: Mapped {/api/roles/list, GET} route {"context":"RouterExplorer","timestamp":"2025-04-29T07:46:56.950Z"}
info: Mapped {/api/roles/add, POST} route {"context":"RouterExplorer","timestamp":"2025-04-29T07:46:56.951Z"}
info: Mapped {/api/roles/delete/:id, DELETE} route {"context":"RouterExplorer","timestamp":"2025-04-29T07:46:56.951Z"}
info: Mapped {/api/roles/edit/:id, PATCH} route {"context":"RouterExplorer","timestamp":"2025-04-29T07:46:56.952Z"}
info: Nest application successfully started {"context":"NestApplication","timestamp":"2025-04-29T07:46:56.954Z"}
info: LogsController {/api/logs}: {"context":"RoutesResolver","timestamp":"2025-04-29T07:48:10.367Z"}
info: Mapped {/api/logs/logsByGroup/:id, GET} route {"context":"RouterExplorer","timestamp":"2025-04-29T07:48:10.371Z"}
info: UserController {/api/user}: {"context":"RoutesResolver","timestamp":"2025-04-29T07:48:10.371Z"}
info: Mapped {/api/user/list, GET} route {"context":"RouterExplorer","timestamp":"2025-04-29T07:48:10.372Z"}
info: Mapped {/api/user/getUserById/:id, GET} route {"context":"RouterExplorer","timestamp":"2025-04-29T07:48:10.373Z"}
info: Mapped {/api/user/add, POST} route {"context":"RouterExplorer","timestamp":"2025-04-29T07:48:10.374Z"}
info: Mapped {/api/user/edit/:id, PATCH} route {"context":"RouterExplorer","timestamp":"2025-04-29T07:48:10.375Z"}
info: Mapped {/api/user/delete/:id, DELETE} route {"context":"RouterExplorer","timestamp":"2025-04-29T07:48:10.375Z"}
info: Mapped {/api/user/profile/:id, GET} route {"context":"RouterExplorer","timestamp":"2025-04-29T07:48:10.376Z"}
info: RolesController {/api/roles}: {"context":"RoutesResolver","timestamp":"2025-04-29T07:48:10.376Z"}
info: Mapped {/api/roles/list, GET} route {"context":"RouterExplorer","timestamp":"2025-04-29T07:48:10.377Z"}
info: Mapped {/api/roles/add, POST} route {"context":"RouterExplorer","timestamp":"2025-04-29T07:48:10.378Z"}
info: Mapped {/api/roles/delete/:id, DELETE} route {"context":"RouterExplorer","timestamp":"2025-04-29T07:48:10.378Z"}
info: Mapped {/api/roles/edit/:id, PATCH} route {"context":"RouterExplorer","timestamp":"2025-04-29T07:48:10.379Z"}
info: Nest application successfully started {"context":"NestApplication","timestamp":"2025-04-29T07:48:10.381Z"}
