info: LogsController {/api/logs}: {"context":"RoutesResolver","timestamp":"2025-05-09T03:00:05.635Z"}
info: Mapped {/api/logs/logsByGroup/:id, GET} route {"context":"RouterExplorer","timestamp":"2025-05-09T03:00:05.639Z"}
info: UserController {/api/user}: {"context":"RoutesResolver","timestamp":"2025-05-09T03:00:05.639Z"}
info: Mapped {/api/user/list, GET} route {"context":"RouterExplorer","timestamp":"2025-05-09T03:00:05.640Z"}
info: Mapped {/api/user/getUserById/:id, GET} route {"context":"RouterExplorer","timestamp":"2025-05-09T03:00:05.641Z"}
info: Mapped {/api/user/add, POST} route {"context":"RouterExplorer","timestamp":"2025-05-09T03:00:05.642Z"}
info: Mapped {/api/user/edit/:id, PATCH} route {"context":"RouterExplorer","timestamp":"2025-05-09T03:00:05.643Z"}
info: Mapped {/api/user/delete/:id, DELETE} route {"context":"RouterExplorer","timestamp":"2025-05-09T03:00:05.644Z"}
info: Mapped {/api/user/profile/:id, GET} route {"context":"RouterExplorer","timestamp":"2025-05-09T03:00:05.645Z"}
info: RolesController {/api/roles}: {"context":"RoutesResolver","timestamp":"2025-05-09T03:00:05.645Z"}
info: Mapped {/api/roles/list, GET} route {"context":"RouterExplorer","timestamp":"2025-05-09T03:00:05.646Z"}
info: Mapped {/api/roles/add, POST} route {"context":"RouterExplorer","timestamp":"2025-05-09T03:00:05.647Z"}
info: Mapped {/api/roles/delete/:id, DELETE} route {"context":"RouterExplorer","timestamp":"2025-05-09T03:00:05.647Z"}
info: Mapped {/api/roles/edit/:id, PATCH} route {"context":"RouterExplorer","timestamp":"2025-05-09T03:00:05.647Z"}
info: AuthController {/api/auth}: {"context":"RoutesResolver","timestamp":"2025-05-09T03:00:05.648Z"}
info: Mapped {/api/auth/signup, POST} route {"context":"RouterExplorer","timestamp":"2025-05-09T03:00:05.648Z"}
info: Mapped {/api/auth/signin, POST} route {"context":"RouterExplorer","timestamp":"2025-05-09T03:00:05.649Z"}
info: Nest application successfully started {"context":"NestApplication","timestamp":"2025-05-09T03:00:05.651Z"}
info: LogsController {/api/logs}: {"context":"RoutesResolver","timestamp":"2025-05-09T03:00:19.064Z"}
info: Mapped {/api/logs/logsByGroup/:id, GET} route {"context":"RouterExplorer","timestamp":"2025-05-09T03:00:19.067Z"}
info: UserController {/api/user}: {"context":"RoutesResolver","timestamp":"2025-05-09T03:00:19.068Z"}
info: Mapped {/api/user/list, GET} route {"context":"RouterExplorer","timestamp":"2025-05-09T03:00:19.069Z"}
info: Mapped {/api/user/getUserById/:id, GET} route {"context":"RouterExplorer","timestamp":"2025-05-09T03:00:19.070Z"}
info: Mapped {/api/user/add, POST} route {"context":"RouterExplorer","timestamp":"2025-05-09T03:00:19.071Z"}
info: Mapped {/api/user/edit/:id, PATCH} route {"context":"RouterExplorer","timestamp":"2025-05-09T03:00:19.071Z"}
info: Mapped {/api/user/delete/:id, DELETE} route {"context":"RouterExplorer","timestamp":"2025-05-09T03:00:19.072Z"}
info: Mapped {/api/user/profile/:id, GET} route {"context":"RouterExplorer","timestamp":"2025-05-09T03:00:19.073Z"}
info: RolesController {/api/roles}: {"context":"RoutesResolver","timestamp":"2025-05-09T03:00:19.073Z"}
info: Mapped {/api/roles/list, GET} route {"context":"RouterExplorer","timestamp":"2025-05-09T03:00:19.074Z"}
info: Mapped {/api/roles/add, POST} route {"context":"RouterExplorer","timestamp":"2025-05-09T03:00:19.075Z"}
info: Mapped {/api/roles/delete/:id, DELETE} route {"context":"RouterExplorer","timestamp":"2025-05-09T03:00:19.076Z"}
info: Mapped {/api/roles/edit/:id, PATCH} route {"context":"RouterExplorer","timestamp":"2025-05-09T03:00:19.076Z"}
info: AuthController {/api/auth}: {"context":"RoutesResolver","timestamp":"2025-05-09T03:00:19.076Z"}
info: Mapped {/api/auth/signup, POST} route {"context":"RouterExplorer","timestamp":"2025-05-09T03:00:19.077Z"}
info: Mapped {/api/auth/signin, POST} route {"context":"RouterExplorer","timestamp":"2025-05-09T03:00:19.077Z"}
info: Nest application successfully started {"context":"NestApplication","timestamp":"2025-05-09T03:00:19.079Z"}
info: LogsController {/api/logs}: {"context":"RoutesResolver","timestamp":"2025-05-09T03:00:48.519Z"}
info: Mapped {/api/logs/logsByGroup/:id, GET} route {"context":"RouterExplorer","timestamp":"2025-05-09T03:00:48.523Z"}
info: UserController {/api/user}: {"context":"RoutesResolver","timestamp":"2025-05-09T03:00:48.523Z"}
info: Mapped {/api/user/list, GET} route {"context":"RouterExplorer","timestamp":"2025-05-09T03:00:48.524Z"}
info: Mapped {/api/user/getUserById/:id, GET} route {"context":"RouterExplorer","timestamp":"2025-05-09T03:00:48.525Z"}
info: Mapped {/api/user/add, POST} route {"context":"RouterExplorer","timestamp":"2025-05-09T03:00:48.525Z"}
info: Mapped {/api/user/edit/:id, PATCH} route {"context":"RouterExplorer","timestamp":"2025-05-09T03:00:48.526Z"}
info: Mapped {/api/user/delete/:id, DELETE} route {"context":"RouterExplorer","timestamp":"2025-05-09T03:00:48.527Z"}
info: Mapped {/api/user/profile/:id, GET} route {"context":"RouterExplorer","timestamp":"2025-05-09T03:00:48.527Z"}
info: RolesController {/api/roles}: {"context":"RoutesResolver","timestamp":"2025-05-09T03:00:48.528Z"}
info: Mapped {/api/roles/list, GET} route {"context":"RouterExplorer","timestamp":"2025-05-09T03:00:48.528Z"}
info: Mapped {/api/roles/add, POST} route {"context":"RouterExplorer","timestamp":"2025-05-09T03:00:48.529Z"}
info: Mapped {/api/roles/delete/:id, DELETE} route {"context":"RouterExplorer","timestamp":"2025-05-09T03:00:48.530Z"}
info: Mapped {/api/roles/edit/:id, PATCH} route {"context":"RouterExplorer","timestamp":"2025-05-09T03:00:48.530Z"}
info: AuthController {/api/auth}: {"context":"RoutesResolver","timestamp":"2025-05-09T03:00:48.530Z"}
info: Mapped {/api/auth/signup, POST} route {"context":"RouterExplorer","timestamp":"2025-05-09T03:00:48.531Z"}
info: Mapped {/api/auth/signin, POST} route {"context":"RouterExplorer","timestamp":"2025-05-09T03:00:48.531Z"}
info: Nest application successfully started {"context":"NestApplication","timestamp":"2025-05-09T03:00:48.533Z"}
info: LogsController {/api/logs}: {"context":"RoutesResolver","timestamp":"2025-05-09T03:00:55.558Z"}
info: Mapped {/api/logs/logsByGroup/:id, GET} route {"context":"RouterExplorer","timestamp":"2025-05-09T03:00:55.561Z"}
info: UserController {/api/user}: {"context":"RoutesResolver","timestamp":"2025-05-09T03:00:55.561Z"}
info: Mapped {/api/user/list, GET} route {"context":"RouterExplorer","timestamp":"2025-05-09T03:00:55.562Z"}
info: Mapped {/api/user/getUserById/:id, GET} route {"context":"RouterExplorer","timestamp":"2025-05-09T03:00:55.563Z"}
info: Mapped {/api/user/add, POST} route {"context":"RouterExplorer","timestamp":"2025-05-09T03:00:55.564Z"}
info: Mapped {/api/user/edit/:id, PATCH} route {"context":"RouterExplorer","timestamp":"2025-05-09T03:00:55.564Z"}
info: Mapped {/api/user/delete/:id, DELETE} route {"context":"RouterExplorer","timestamp":"2025-05-09T03:00:55.565Z"}
info: Mapped {/api/user/profile/:id, GET} route {"context":"RouterExplorer","timestamp":"2025-05-09T03:00:55.565Z"}
info: RolesController {/api/roles}: {"context":"RoutesResolver","timestamp":"2025-05-09T03:00:55.566Z"}
info: Mapped {/api/roles/list, GET} route {"context":"RouterExplorer","timestamp":"2025-05-09T03:00:55.566Z"}
info: Mapped {/api/roles/add, POST} route {"context":"RouterExplorer","timestamp":"2025-05-09T03:00:55.567Z"}
info: Mapped {/api/roles/delete/:id, DELETE} route {"context":"RouterExplorer","timestamp":"2025-05-09T03:00:55.568Z"}
info: Mapped {/api/roles/edit/:id, PATCH} route {"context":"RouterExplorer","timestamp":"2025-05-09T03:00:55.568Z"}
info: AuthController {/api/auth}: {"context":"RoutesResolver","timestamp":"2025-05-09T03:00:55.568Z"}
info: Mapped {/api/auth/signup, POST} route {"context":"RouterExplorer","timestamp":"2025-05-09T03:00:55.569Z"}
info: Mapped {/api/auth/signin, POST} route {"context":"RouterExplorer","timestamp":"2025-05-09T03:00:55.569Z"}
info: Nest application successfully started {"context":"NestApplication","timestamp":"2025-05-09T03:00:55.571Z"}
info: LogsController {/api/logs}: {"context":"RoutesResolver","timestamp":"2025-05-09T03:02:39.680Z"}
info: Mapped {/api/logs/logsByGroup/:id, GET} route {"context":"RouterExplorer","timestamp":"2025-05-09T03:02:39.684Z"}
info: UserController {/api/user}: {"context":"RoutesResolver","timestamp":"2025-05-09T03:02:39.685Z"}
info: Mapped {/api/user/list, GET} route {"context":"RouterExplorer","timestamp":"2025-05-09T03:02:39.685Z"}
info: Mapped {/api/user/getUserById/:id, GET} route {"context":"RouterExplorer","timestamp":"2025-05-09T03:02:39.686Z"}
info: Mapped {/api/user/add, POST} route {"context":"RouterExplorer","timestamp":"2025-05-09T03:02:39.687Z"}
info: Mapped {/api/user/edit/:id, PATCH} route {"context":"RouterExplorer","timestamp":"2025-05-09T03:02:39.688Z"}
info: Mapped {/api/user/delete/:id, DELETE} route {"context":"RouterExplorer","timestamp":"2025-05-09T03:02:39.688Z"}
info: Mapped {/api/user/profile/:id, GET} route {"context":"RouterExplorer","timestamp":"2025-05-09T03:02:39.689Z"}
info: RolesController {/api/roles}: {"context":"RoutesResolver","timestamp":"2025-05-09T03:02:39.689Z"}
info: Mapped {/api/roles/list, GET} route {"context":"RouterExplorer","timestamp":"2025-05-09T03:02:39.690Z"}
info: Mapped {/api/roles/add, POST} route {"context":"RouterExplorer","timestamp":"2025-05-09T03:02:39.690Z"}
info: Mapped {/api/roles/delete/:id, DELETE} route {"context":"RouterExplorer","timestamp":"2025-05-09T03:02:39.691Z"}
info: Mapped {/api/roles/edit/:id, PATCH} route {"context":"RouterExplorer","timestamp":"2025-05-09T03:02:39.691Z"}
info: AuthController {/api/auth}: {"context":"RoutesResolver","timestamp":"2025-05-09T03:02:39.692Z"}
info: Mapped {/api/auth/signup, POST} route {"context":"RouterExplorer","timestamp":"2025-05-09T03:02:39.692Z"}
info: Mapped {/api/auth/signin, POST} route {"context":"RouterExplorer","timestamp":"2025-05-09T03:02:39.693Z"}
info: Nest application successfully started {"context":"NestApplication","timestamp":"2025-05-09T03:02:39.695Z"}
info: LogsController {/api/logs}: {"context":"RoutesResolver","timestamp":"2025-05-09T03:06:09.372Z"}
info: Mapped {/api/logs/logsByGroup/:id, GET} route {"context":"RouterExplorer","timestamp":"2025-05-09T03:06:09.378Z"}
info: UserController {/api/user}: {"context":"RoutesResolver","timestamp":"2025-05-09T03:06:09.378Z"}
info: Mapped {/api/user/list, GET} route {"context":"RouterExplorer","timestamp":"2025-05-09T03:06:09.380Z"}
info: Mapped {/api/user/getUserById/:id, GET} route {"context":"RouterExplorer","timestamp":"2025-05-09T03:06:09.381Z"}
info: Mapped {/api/user/add, POST} route {"context":"RouterExplorer","timestamp":"2025-05-09T03:06:09.382Z"}
info: Mapped {/api/user/edit/:id, PATCH} route {"context":"RouterExplorer","timestamp":"2025-05-09T03:06:09.383Z"}
info: Mapped {/api/user/delete/:id, DELETE} route {"context":"RouterExplorer","timestamp":"2025-05-09T03:06:09.384Z"}
info: Mapped {/api/user/profile/:id, GET} route {"context":"RouterExplorer","timestamp":"2025-05-09T03:06:09.385Z"}
info: RolesController {/api/roles}: {"context":"RoutesResolver","timestamp":"2025-05-09T03:06:09.385Z"}
info: Mapped {/api/roles/list, GET} route {"context":"RouterExplorer","timestamp":"2025-05-09T03:06:09.386Z"}
info: Mapped {/api/roles/add, POST} route {"context":"RouterExplorer","timestamp":"2025-05-09T03:06:09.387Z"}
info: Mapped {/api/roles/delete/:id, DELETE} route {"context":"RouterExplorer","timestamp":"2025-05-09T03:06:09.388Z"}
info: Mapped {/api/roles/edit/:id, PATCH} route {"context":"RouterExplorer","timestamp":"2025-05-09T03:06:09.389Z"}
info: AuthController {/api/auth}: {"context":"RoutesResolver","timestamp":"2025-05-09T03:06:09.389Z"}
info: Mapped {/api/auth/signup, POST} route {"context":"RouterExplorer","timestamp":"2025-05-09T03:06:09.390Z"}
info: Mapped {/api/auth/signin, POST} route {"context":"RouterExplorer","timestamp":"2025-05-09T03:06:09.390Z"}
info: Nest application successfully started {"context":"NestApplication","timestamp":"2025-05-09T03:06:09.394Z"}
info: LogsController {/api/logs}: {"context":"RoutesResolver","timestamp":"2025-05-09T03:07:07.633Z"}
info: Mapped {/api/logs/logsByGroup/:id, GET} route {"context":"RouterExplorer","timestamp":"2025-05-09T03:07:07.637Z"}
info: UserController {/api/user}: {"context":"RoutesResolver","timestamp":"2025-05-09T03:07:07.637Z"}
info: Mapped {/api/user/list, GET} route {"context":"RouterExplorer","timestamp":"2025-05-09T03:07:07.638Z"}
info: Mapped {/api/user/getUserById/:id, GET} route {"context":"RouterExplorer","timestamp":"2025-05-09T03:07:07.638Z"}
info: Mapped {/api/user/add, POST} route {"context":"RouterExplorer","timestamp":"2025-05-09T03:07:07.639Z"}
info: Mapped {/api/user/edit/:id, PATCH} route {"context":"RouterExplorer","timestamp":"2025-05-09T03:07:07.640Z"}
info: Mapped {/api/user/delete/:id, DELETE} route {"context":"RouterExplorer","timestamp":"2025-05-09T03:07:07.641Z"}
info: Mapped {/api/user/profile/:id, GET} route {"context":"RouterExplorer","timestamp":"2025-05-09T03:07:07.641Z"}
info: RolesController {/api/roles}: {"context":"RoutesResolver","timestamp":"2025-05-09T03:07:07.642Z"}
info: Mapped {/api/roles/list, GET} route {"context":"RouterExplorer","timestamp":"2025-05-09T03:07:07.643Z"}
info: Mapped {/api/roles/add, POST} route {"context":"RouterExplorer","timestamp":"2025-05-09T03:07:07.645Z"}
info: Mapped {/api/roles/delete/:id, DELETE} route {"context":"RouterExplorer","timestamp":"2025-05-09T03:07:07.645Z"}
info: Mapped {/api/roles/edit/:id, PATCH} route {"context":"RouterExplorer","timestamp":"2025-05-09T03:07:07.646Z"}
info: AuthController {/api/auth}: {"context":"RoutesResolver","timestamp":"2025-05-09T03:07:07.646Z"}
info: Mapped {/api/auth/signup, POST} route {"context":"RouterExplorer","timestamp":"2025-05-09T03:07:07.647Z"}
info: Mapped {/api/auth/signin, POST} route {"context":"RouterExplorer","timestamp":"2025-05-09T03:07:07.647Z"}
info: Nest application successfully started {"context":"NestApplication","timestamp":"2025-05-09T03:07:07.649Z"}
info: LogsController {/api/logs}: {"context":"RoutesResolver","timestamp":"2025-05-09T03:07:47.792Z"}
info: Mapped {/api/logs/logsByGroup/:id, GET} route {"context":"RouterExplorer","timestamp":"2025-05-09T03:07:47.796Z"}
info: UserController {/api/user}: {"context":"RoutesResolver","timestamp":"2025-05-09T03:07:47.796Z"}
info: Mapped {/api/user/list, GET} route {"context":"RouterExplorer","timestamp":"2025-05-09T03:07:47.797Z"}
info: Mapped {/api/user/getUserById/:id, GET} route {"context":"RouterExplorer","timestamp":"2025-05-09T03:07:47.798Z"}
info: Mapped {/api/user/add, POST} route {"context":"RouterExplorer","timestamp":"2025-05-09T03:07:47.799Z"}
info: Mapped {/api/user/edit/:id, PATCH} route {"context":"RouterExplorer","timestamp":"2025-05-09T03:07:47.800Z"}
info: Mapped {/api/user/delete/:id, DELETE} route {"context":"RouterExplorer","timestamp":"2025-05-09T03:07:47.800Z"}
info: Mapped {/api/user/profile/:id, GET} route {"context":"RouterExplorer","timestamp":"2025-05-09T03:07:47.801Z"}
info: RolesController {/api/roles}: {"context":"RoutesResolver","timestamp":"2025-05-09T03:07:47.802Z"}
info: Mapped {/api/roles/list, GET} route {"context":"RouterExplorer","timestamp":"2025-05-09T03:07:47.802Z"}
info: Mapped {/api/roles/add, POST} route {"context":"RouterExplorer","timestamp":"2025-05-09T03:07:47.803Z"}
info: Mapped {/api/roles/delete/:id, DELETE} route {"context":"RouterExplorer","timestamp":"2025-05-09T03:07:47.804Z"}
info: Mapped {/api/roles/edit/:id, PATCH} route {"context":"RouterExplorer","timestamp":"2025-05-09T03:07:47.804Z"}
info: AuthController {/api/auth}: {"context":"RoutesResolver","timestamp":"2025-05-09T03:07:47.805Z"}
info: Mapped {/api/auth/signup, POST} route {"context":"RouterExplorer","timestamp":"2025-05-09T03:07:47.805Z"}
info: Mapped {/api/auth/signin, POST} route {"context":"RouterExplorer","timestamp":"2025-05-09T03:07:47.806Z"}
info: Nest application successfully started {"context":"NestApplication","timestamp":"2025-05-09T03:07:47.808Z"}
info: LogsController {/api/logs}: {"context":"RoutesResolver","timestamp":"2025-05-09T03:20:20.121Z"}
info: Mapped {/api/logs/logsByGroup/:id, GET} route {"context":"RouterExplorer","timestamp":"2025-05-09T03:20:20.124Z"}
info: UserController {/api/user}: {"context":"RoutesResolver","timestamp":"2025-05-09T03:20:20.125Z"}
info: Mapped {/api/user/list, GET} route {"context":"RouterExplorer","timestamp":"2025-05-09T03:20:20.126Z"}
info: Mapped {/api/user/getUserById/:id, GET} route {"context":"RouterExplorer","timestamp":"2025-05-09T03:20:20.127Z"}
info: Mapped {/api/user/add, POST} route {"context":"RouterExplorer","timestamp":"2025-05-09T03:20:20.127Z"}
info: Mapped {/api/user/edit/:id, PATCH} route {"context":"RouterExplorer","timestamp":"2025-05-09T03:20:20.128Z"}
info: Mapped {/api/user/delete/:id, DELETE} route {"context":"RouterExplorer","timestamp":"2025-05-09T03:20:20.129Z"}
info: Mapped {/api/user/profile/:id, GET} route {"context":"RouterExplorer","timestamp":"2025-05-09T03:20:20.129Z"}
info: RolesController {/api/roles}: {"context":"RoutesResolver","timestamp":"2025-05-09T03:20:20.130Z"}
info: Mapped {/api/roles/list, GET} route {"context":"RouterExplorer","timestamp":"2025-05-09T03:20:20.130Z"}
info: Mapped {/api/roles/add, POST} route {"context":"RouterExplorer","timestamp":"2025-05-09T03:20:20.131Z"}
info: Mapped {/api/roles/delete/:id, DELETE} route {"context":"RouterExplorer","timestamp":"2025-05-09T03:20:20.132Z"}
info: Mapped {/api/roles/edit/:id, PATCH} route {"context":"RouterExplorer","timestamp":"2025-05-09T03:20:20.132Z"}
info: AuthController {/api/auth}: {"context":"RoutesResolver","timestamp":"2025-05-09T03:20:20.132Z"}
info: Mapped {/api/auth/signup, POST} route {"context":"RouterExplorer","timestamp":"2025-05-09T03:20:20.133Z"}
info: Mapped {/api/auth/signin, POST} route {"context":"RouterExplorer","timestamp":"2025-05-09T03:20:20.133Z"}
info: Nest application successfully started {"context":"NestApplication","timestamp":"2025-05-09T03:20:20.135Z"}
info: LogsController {/api/logs}: {"context":"RoutesResolver","timestamp":"2025-05-09T03:20:47.760Z"}
info: Mapped {/api/logs/logsByGroup/:id, GET} route {"context":"RouterExplorer","timestamp":"2025-05-09T03:20:47.763Z"}
info: UserController {/api/user}: {"context":"RoutesResolver","timestamp":"2025-05-09T03:20:47.764Z"}
info: Mapped {/api/user/list, GET} route {"context":"RouterExplorer","timestamp":"2025-05-09T03:20:47.765Z"}
info: Mapped {/api/user/getUserById/:id, GET} route {"context":"RouterExplorer","timestamp":"2025-05-09T03:20:47.765Z"}
info: Mapped {/api/user/add, POST} route {"context":"RouterExplorer","timestamp":"2025-05-09T03:20:47.766Z"}
info: Mapped {/api/user/edit/:id, PATCH} route {"context":"RouterExplorer","timestamp":"2025-05-09T03:20:47.767Z"}
info: Mapped {/api/user/delete/:id, DELETE} route {"context":"RouterExplorer","timestamp":"2025-05-09T03:20:47.768Z"}
info: Mapped {/api/user/profile/:id, GET} route {"context":"RouterExplorer","timestamp":"2025-05-09T03:20:47.768Z"}
info: RolesController {/api/roles}: {"context":"RoutesResolver","timestamp":"2025-05-09T03:20:47.769Z"}
info: Mapped {/api/roles/list, GET} route {"context":"RouterExplorer","timestamp":"2025-05-09T03:20:47.769Z"}
info: Mapped {/api/roles/add, POST} route {"context":"RouterExplorer","timestamp":"2025-05-09T03:20:47.770Z"}
info: Mapped {/api/roles/delete/:id, DELETE} route {"context":"RouterExplorer","timestamp":"2025-05-09T03:20:47.771Z"}
info: Mapped {/api/roles/edit/:id, PATCH} route {"context":"RouterExplorer","timestamp":"2025-05-09T03:20:47.771Z"}
info: AuthController {/api/auth}: {"context":"RoutesResolver","timestamp":"2025-05-09T03:20:47.771Z"}
info: Mapped {/api/auth/signup, POST} route {"context":"RouterExplorer","timestamp":"2025-05-09T03:20:47.772Z"}
info: Mapped {/api/auth/signin, POST} route {"context":"RouterExplorer","timestamp":"2025-05-09T03:20:47.772Z"}
info: Nest application successfully started {"context":"NestApplication","timestamp":"2025-05-09T03:20:47.774Z"}
info: LogsController {/api/logs}: {"context":"RoutesResolver","timestamp":"2025-05-09T03:20:56.027Z"}
info: Mapped {/api/logs/logsByGroup/:id, GET} route {"context":"RouterExplorer","timestamp":"2025-05-09T03:20:56.031Z"}
info: UserController {/api/user}: {"context":"RoutesResolver","timestamp":"2025-05-09T03:20:56.031Z"}
info: Mapped {/api/user/list, GET} route {"context":"RouterExplorer","timestamp":"2025-05-09T03:20:56.032Z"}
info: Mapped {/api/user/getUserById/:id, GET} route {"context":"RouterExplorer","timestamp":"2025-05-09T03:20:56.033Z"}
info: Mapped {/api/user/add, POST} route {"context":"RouterExplorer","timestamp":"2025-05-09T03:20:56.033Z"}
info: Mapped {/api/user/edit/:id, PATCH} route {"context":"RouterExplorer","timestamp":"2025-05-09T03:20:56.034Z"}
info: Mapped {/api/user/delete/:id, DELETE} route {"context":"RouterExplorer","timestamp":"2025-05-09T03:20:56.035Z"}
info: Mapped {/api/user/profile/:id, GET} route {"context":"RouterExplorer","timestamp":"2025-05-09T03:20:56.035Z"}
info: RolesController {/api/roles}: {"context":"RoutesResolver","timestamp":"2025-05-09T03:20:56.036Z"}
info: Mapped {/api/roles/list, GET} route {"context":"RouterExplorer","timestamp":"2025-05-09T03:20:56.037Z"}
info: Mapped {/api/roles/add, POST} route {"context":"RouterExplorer","timestamp":"2025-05-09T03:20:56.037Z"}
info: Mapped {/api/roles/delete/:id, DELETE} route {"context":"RouterExplorer","timestamp":"2025-05-09T03:20:56.038Z"}
info: Mapped {/api/roles/edit/:id, PATCH} route {"context":"RouterExplorer","timestamp":"2025-05-09T03:20:56.038Z"}
info: AuthController {/api/auth}: {"context":"RoutesResolver","timestamp":"2025-05-09T03:20:56.039Z"}
info: Mapped {/api/auth/signup, POST} route {"context":"RouterExplorer","timestamp":"2025-05-09T03:20:56.039Z"}
info: Mapped {/api/auth/signin, POST} route {"context":"RouterExplorer","timestamp":"2025-05-09T03:20:56.040Z"}
info: Nest application successfully started {"context":"NestApplication","timestamp":"2025-05-09T03:20:56.042Z"}
info: LogsController {/api/logs}: {"context":"RoutesResolver","timestamp":"2025-05-09T03:21:23.731Z"}
info: Mapped {/api/logs/logsByGroup/:id, GET} route {"context":"RouterExplorer","timestamp":"2025-05-09T03:21:23.735Z"}
info: UserController {/api/user}: {"context":"RoutesResolver","timestamp":"2025-05-09T03:21:23.735Z"}
info: Mapped {/api/user/list, GET} route {"context":"RouterExplorer","timestamp":"2025-05-09T03:21:23.736Z"}
info: Mapped {/api/user/getUserById/:id, GET} route {"context":"RouterExplorer","timestamp":"2025-05-09T03:21:23.737Z"}
info: Mapped {/api/user/add, POST} route {"context":"RouterExplorer","timestamp":"2025-05-09T03:21:23.738Z"}
info: Mapped {/api/user/edit/:id, PATCH} route {"context":"RouterExplorer","timestamp":"2025-05-09T03:21:23.739Z"}
info: Mapped {/api/user/delete/:id, DELETE} route {"context":"RouterExplorer","timestamp":"2025-05-09T03:21:23.740Z"}
info: Mapped {/api/user/profile/:id, GET} route {"context":"RouterExplorer","timestamp":"2025-05-09T03:21:23.740Z"}
info: RolesController {/api/roles}: {"context":"RoutesResolver","timestamp":"2025-05-09T03:21:23.741Z"}
info: Mapped {/api/roles/list, GET} route {"context":"RouterExplorer","timestamp":"2025-05-09T03:21:23.741Z"}
info: Mapped {/api/roles/add, POST} route {"context":"RouterExplorer","timestamp":"2025-05-09T03:21:23.742Z"}
info: Mapped {/api/roles/delete/:id, DELETE} route {"context":"RouterExplorer","timestamp":"2025-05-09T03:21:23.743Z"}
info: Mapped {/api/roles/edit/:id, PATCH} route {"context":"RouterExplorer","timestamp":"2025-05-09T03:21:23.743Z"}
info: AuthController {/api/auth}: {"context":"RoutesResolver","timestamp":"2025-05-09T03:21:23.744Z"}
info: Mapped {/api/auth/signup, POST} route {"context":"RouterExplorer","timestamp":"2025-05-09T03:21:23.744Z"}
info: Mapped {/api/auth/signin, POST} route {"context":"RouterExplorer","timestamp":"2025-05-09T03:21:23.744Z"}
info: Nest application successfully started {"context":"NestApplication","timestamp":"2025-05-09T03:21:23.747Z"}
info: LogsController {/api/logs}: {"context":"RoutesResolver","timestamp":"2025-05-09T03:21:26.392Z"}
info: Mapped {/api/logs/logsByGroup/:id, GET} route {"context":"RouterExplorer","timestamp":"2025-05-09T03:21:26.395Z"}
info: UserController {/api/user}: {"context":"RoutesResolver","timestamp":"2025-05-09T03:21:26.396Z"}
info: Mapped {/api/user/list, GET} route {"context":"RouterExplorer","timestamp":"2025-05-09T03:21:26.396Z"}
info: Mapped {/api/user/getUserById/:id, GET} route {"context":"RouterExplorer","timestamp":"2025-05-09T03:21:26.397Z"}
info: Mapped {/api/user/add, POST} route {"context":"RouterExplorer","timestamp":"2025-05-09T03:21:26.398Z"}
info: Mapped {/api/user/edit/:id, PATCH} route {"context":"RouterExplorer","timestamp":"2025-05-09T03:21:26.399Z"}
info: Mapped {/api/user/delete/:id, DELETE} route {"context":"RouterExplorer","timestamp":"2025-05-09T03:21:26.399Z"}
info: Mapped {/api/user/profile/:id, GET} route {"context":"RouterExplorer","timestamp":"2025-05-09T03:21:26.400Z"}
info: RolesController {/api/roles}: {"context":"RoutesResolver","timestamp":"2025-05-09T03:21:26.400Z"}
info: Mapped {/api/roles/list, GET} route {"context":"RouterExplorer","timestamp":"2025-05-09T03:21:26.401Z"}
info: Mapped {/api/roles/add, POST} route {"context":"RouterExplorer","timestamp":"2025-05-09T03:21:26.401Z"}
info: Mapped {/api/roles/delete/:id, DELETE} route {"context":"RouterExplorer","timestamp":"2025-05-09T03:21:26.402Z"}
info: Mapped {/api/roles/edit/:id, PATCH} route {"context":"RouterExplorer","timestamp":"2025-05-09T03:21:26.402Z"}
info: AuthController {/api/auth}: {"context":"RoutesResolver","timestamp":"2025-05-09T03:21:26.402Z"}
info: Mapped {/api/auth/signup, POST} route {"context":"RouterExplorer","timestamp":"2025-05-09T03:21:26.403Z"}
info: Mapped {/api/auth/signin, POST} route {"context":"RouterExplorer","timestamp":"2025-05-09T03:21:26.403Z"}
info: Nest application successfully started {"context":"NestApplication","timestamp":"2025-05-09T03:21:26.405Z"}
info: LogsController {/api/logs}: {"context":"RoutesResolver","timestamp":"2025-05-09T03:24:00.588Z"}
info: Mapped {/api/logs/logsByGroup/:id, GET} route {"context":"RouterExplorer","timestamp":"2025-05-09T03:24:00.592Z"}
info: UserController {/api/user}: {"context":"RoutesResolver","timestamp":"2025-05-09T03:24:00.592Z"}
info: Mapped {/api/user/list, GET} route {"context":"RouterExplorer","timestamp":"2025-05-09T03:24:00.593Z"}
info: Mapped {/api/user/getUserById/:id, GET} route {"context":"RouterExplorer","timestamp":"2025-05-09T03:24:00.594Z"}
info: Mapped {/api/user/add, POST} route {"context":"RouterExplorer","timestamp":"2025-05-09T03:24:00.595Z"}
info: Mapped {/api/user/edit/:id, PATCH} route {"context":"RouterExplorer","timestamp":"2025-05-09T03:24:00.595Z"}
info: Mapped {/api/user/delete/:id, DELETE} route {"context":"RouterExplorer","timestamp":"2025-05-09T03:24:00.596Z"}
info: Mapped {/api/user/profile/:id, GET} route {"context":"RouterExplorer","timestamp":"2025-05-09T03:24:00.597Z"}
info: RolesController {/api/roles}: {"context":"RoutesResolver","timestamp":"2025-05-09T03:24:00.597Z"}
info: Mapped {/api/roles/list, GET} route {"context":"RouterExplorer","timestamp":"2025-05-09T03:24:00.598Z"}
info: Mapped {/api/roles/add, POST} route {"context":"RouterExplorer","timestamp":"2025-05-09T03:24:00.598Z"}
info: Mapped {/api/roles/delete/:id, DELETE} route {"context":"RouterExplorer","timestamp":"2025-05-09T03:24:00.599Z"}
info: Mapped {/api/roles/edit/:id, PATCH} route {"context":"RouterExplorer","timestamp":"2025-05-09T03:24:00.599Z"}
info: AuthController {/api/auth}: {"context":"RoutesResolver","timestamp":"2025-05-09T03:24:00.600Z"}
info: Mapped {/api/auth/signup, POST} route {"context":"RouterExplorer","timestamp":"2025-05-09T03:24:00.600Z"}
info: Mapped {/api/auth/signin, POST} route {"context":"RouterExplorer","timestamp":"2025-05-09T03:24:00.600Z"}
info: Nest application successfully started {"context":"NestApplication","timestamp":"2025-05-09T03:24:00.603Z"}
info: LogsController {/api/logs}: {"context":"RoutesResolver","timestamp":"2025-05-09T03:26:12.853Z"}
info: Mapped {/api/logs/logsByGroup/:id, GET} route {"context":"RouterExplorer","timestamp":"2025-05-09T03:26:12.858Z"}
info: UserController {/api/user}: {"context":"RoutesResolver","timestamp":"2025-05-09T03:26:12.858Z"}
info: Mapped {/api/user/list, GET} route {"context":"RouterExplorer","timestamp":"2025-05-09T03:26:12.860Z"}
info: Mapped {/api/user/getUserById/:id, GET} route {"context":"RouterExplorer","timestamp":"2025-05-09T03:26:12.861Z"}
info: Mapped {/api/user/add, POST} route {"context":"RouterExplorer","timestamp":"2025-05-09T03:26:12.862Z"}
info: Mapped {/api/user/edit/:id, PATCH} route {"context":"RouterExplorer","timestamp":"2025-05-09T03:26:12.863Z"}
info: Mapped {/api/user/delete/:id, DELETE} route {"context":"RouterExplorer","timestamp":"2025-05-09T03:26:12.863Z"}
info: Mapped {/api/user/profile/:id, GET} route {"context":"RouterExplorer","timestamp":"2025-05-09T03:26:12.864Z"}
info: RolesController {/api/roles}: {"context":"RoutesResolver","timestamp":"2025-05-09T03:26:12.865Z"}
info: Mapped {/api/roles/list, GET} route {"context":"RouterExplorer","timestamp":"2025-05-09T03:26:12.866Z"}
info: Mapped {/api/roles/add, POST} route {"context":"RouterExplorer","timestamp":"2025-05-09T03:26:12.866Z"}
info: Mapped {/api/roles/delete/:id, DELETE} route {"context":"RouterExplorer","timestamp":"2025-05-09T03:26:12.867Z"}
info: Mapped {/api/roles/edit/:id, PATCH} route {"context":"RouterExplorer","timestamp":"2025-05-09T03:26:12.868Z"}
info: AuthController {/api/auth}: {"context":"RoutesResolver","timestamp":"2025-05-09T03:26:12.868Z"}
info: Mapped {/api/auth/signup, POST} route {"context":"RouterExplorer","timestamp":"2025-05-09T03:26:12.869Z"}
info: Mapped {/api/auth/signin, POST} route {"context":"RouterExplorer","timestamp":"2025-05-09T03:26:12.869Z"}
info: Nest application successfully started {"context":"NestApplication","timestamp":"2025-05-09T03:26:12.872Z"}
info: LogsController {/api/logs}: {"context":"RoutesResolver","timestamp":"2025-05-09T03:26:37.544Z"}
info: Mapped {/api/logs/logsByGroup/:id, GET} route {"context":"RouterExplorer","timestamp":"2025-05-09T03:26:37.548Z"}
info: UserController {/api/user}: {"context":"RoutesResolver","timestamp":"2025-05-09T03:26:37.548Z"}
info: Mapped {/api/user/list, GET} route {"context":"RouterExplorer","timestamp":"2025-05-09T03:26:37.550Z"}
info: Mapped {/api/user/getUserById/:id, GET} route {"context":"RouterExplorer","timestamp":"2025-05-09T03:26:37.551Z"}
info: Mapped {/api/user/add, POST} route {"context":"RouterExplorer","timestamp":"2025-05-09T03:26:37.551Z"}
info: Mapped {/api/user/edit/:id, PATCH} route {"context":"RouterExplorer","timestamp":"2025-05-09T03:26:37.552Z"}
info: Mapped {/api/user/delete/:id, DELETE} route {"context":"RouterExplorer","timestamp":"2025-05-09T03:26:37.553Z"}
info: Mapped {/api/user/profile/:id, GET} route {"context":"RouterExplorer","timestamp":"2025-05-09T03:26:37.553Z"}
info: RolesController {/api/roles}: {"context":"RoutesResolver","timestamp":"2025-05-09T03:26:37.554Z"}
info: Mapped {/api/roles/list, GET} route {"context":"RouterExplorer","timestamp":"2025-05-09T03:26:37.555Z"}
info: Mapped {/api/roles/add, POST} route {"context":"RouterExplorer","timestamp":"2025-05-09T03:26:37.555Z"}
info: Mapped {/api/roles/delete/:id, DELETE} route {"context":"RouterExplorer","timestamp":"2025-05-09T03:26:37.556Z"}
info: Mapped {/api/roles/edit/:id, PATCH} route {"context":"RouterExplorer","timestamp":"2025-05-09T03:26:37.556Z"}
info: AuthController {/api/auth}: {"context":"RoutesResolver","timestamp":"2025-05-09T03:26:37.557Z"}
info: Mapped {/api/auth/signup, POST} route {"context":"RouterExplorer","timestamp":"2025-05-09T03:26:37.557Z"}
info: Mapped {/api/auth/signin, POST} route {"context":"RouterExplorer","timestamp":"2025-05-09T03:26:37.557Z"}
info: Nest application successfully started {"context":"NestApplication","timestamp":"2025-05-09T03:26:37.560Z"}
info: LogsController {/api/logs}: {"context":"RoutesResolver","timestamp":"2025-05-09T03:26:39.754Z"}
info: Mapped {/api/logs/logsByGroup/:id, GET} route {"context":"RouterExplorer","timestamp":"2025-05-09T03:26:39.757Z"}
info: UserController {/api/user}: {"context":"RoutesResolver","timestamp":"2025-05-09T03:26:39.758Z"}
info: Mapped {/api/user/list, GET} route {"context":"RouterExplorer","timestamp":"2025-05-09T03:26:39.759Z"}
info: Mapped {/api/user/getUserById/:id, GET} route {"context":"RouterExplorer","timestamp":"2025-05-09T03:26:39.760Z"}
info: Mapped {/api/user/add, POST} route {"context":"RouterExplorer","timestamp":"2025-05-09T03:26:39.760Z"}
info: Mapped {/api/user/edit/:id, PATCH} route {"context":"RouterExplorer","timestamp":"2025-05-09T03:26:39.761Z"}
info: Mapped {/api/user/delete/:id, DELETE} route {"context":"RouterExplorer","timestamp":"2025-05-09T03:26:39.762Z"}
info: Mapped {/api/user/profile/:id, GET} route {"context":"RouterExplorer","timestamp":"2025-05-09T03:26:39.762Z"}
info: RolesController {/api/roles}: {"context":"RoutesResolver","timestamp":"2025-05-09T03:26:39.762Z"}
info: Mapped {/api/roles/list, GET} route {"context":"RouterExplorer","timestamp":"2025-05-09T03:26:39.763Z"}
info: Mapped {/api/roles/add, POST} route {"context":"RouterExplorer","timestamp":"2025-05-09T03:26:39.764Z"}
info: Mapped {/api/roles/delete/:id, DELETE} route {"context":"RouterExplorer","timestamp":"2025-05-09T03:26:39.764Z"}
info: Mapped {/api/roles/edit/:id, PATCH} route {"context":"RouterExplorer","timestamp":"2025-05-09T03:26:39.765Z"}
info: AuthController {/api/auth}: {"context":"RoutesResolver","timestamp":"2025-05-09T03:26:39.765Z"}
info: Mapped {/api/auth/signup, POST} route {"context":"RouterExplorer","timestamp":"2025-05-09T03:26:39.766Z"}
info: Mapped {/api/auth/signin, POST} route {"context":"RouterExplorer","timestamp":"2025-05-09T03:26:39.766Z"}
info: Nest application successfully started {"context":"NestApplication","timestamp":"2025-05-09T03:26:39.769Z"}
info: LogsController {/api/logs}: {"context":"RoutesResolver","timestamp":"2025-05-09T03:26:45.866Z"}
info: Mapped {/api/logs/logsByGroup/:id, GET} route {"context":"RouterExplorer","timestamp":"2025-05-09T03:26:45.870Z"}
info: UserController {/api/user}: {"context":"RoutesResolver","timestamp":"2025-05-09T03:26:45.870Z"}
info: Mapped {/api/user/list, GET} route {"context":"RouterExplorer","timestamp":"2025-05-09T03:26:45.871Z"}
info: Mapped {/api/user/getUserById/:id, GET} route {"context":"RouterExplorer","timestamp":"2025-05-09T03:26:45.872Z"}
info: Mapped {/api/user/add, POST} route {"context":"RouterExplorer","timestamp":"2025-05-09T03:26:45.873Z"}
info: Mapped {/api/user/edit/:id, PATCH} route {"context":"RouterExplorer","timestamp":"2025-05-09T03:26:45.874Z"}
info: Mapped {/api/user/delete/:id, DELETE} route {"context":"RouterExplorer","timestamp":"2025-05-09T03:26:45.874Z"}
info: Mapped {/api/user/profile/:id, GET} route {"context":"RouterExplorer","timestamp":"2025-05-09T03:26:45.875Z"}
info: RolesController {/api/roles}: {"context":"RoutesResolver","timestamp":"2025-05-09T03:26:45.876Z"}
info: Mapped {/api/roles/list, GET} route {"context":"RouterExplorer","timestamp":"2025-05-09T03:26:45.876Z"}
info: Mapped {/api/roles/add, POST} route {"context":"RouterExplorer","timestamp":"2025-05-09T03:26:45.877Z"}
info: Mapped {/api/roles/delete/:id, DELETE} route {"context":"RouterExplorer","timestamp":"2025-05-09T03:26:45.878Z"}
info: Mapped {/api/roles/edit/:id, PATCH} route {"context":"RouterExplorer","timestamp":"2025-05-09T03:26:45.878Z"}
info: AuthController {/api/auth}: {"context":"RoutesResolver","timestamp":"2025-05-09T03:26:45.878Z"}
info: Mapped {/api/auth/signup, POST} route {"context":"RouterExplorer","timestamp":"2025-05-09T03:26:45.879Z"}
info: Mapped {/api/auth/signin, POST} route {"context":"RouterExplorer","timestamp":"2025-05-09T03:26:45.879Z"}
info: Nest application successfully started {"context":"NestApplication","timestamp":"2025-05-09T03:26:45.882Z"}
info: LogsController {/api/logs}: {"context":"RoutesResolver","timestamp":"2025-05-09T03:28:14.936Z"}
info: Mapped {/api/logs/logsByGroup/:id, GET} route {"context":"RouterExplorer","timestamp":"2025-05-09T03:28:14.940Z"}
info: UserController {/api/user}: {"context":"RoutesResolver","timestamp":"2025-05-09T03:28:14.940Z"}
info: Mapped {/api/user/list, GET} route {"context":"RouterExplorer","timestamp":"2025-05-09T03:28:14.941Z"}
info: Mapped {/api/user/getUserById/:id, GET} route {"context":"RouterExplorer","timestamp":"2025-05-09T03:28:14.942Z"}
info: Mapped {/api/user/add, POST} route {"context":"RouterExplorer","timestamp":"2025-05-09T03:28:14.943Z"}
info: Mapped {/api/user/edit/:id, PATCH} route {"context":"RouterExplorer","timestamp":"2025-05-09T03:28:14.944Z"}
info: Mapped {/api/user/delete/:id, DELETE} route {"context":"RouterExplorer","timestamp":"2025-05-09T03:28:14.944Z"}
info: Mapped {/api/user/profile/:id, GET} route {"context":"RouterExplorer","timestamp":"2025-05-09T03:28:14.945Z"}
info: RolesController {/api/roles}: {"context":"RoutesResolver","timestamp":"2025-05-09T03:28:14.946Z"}
info: Mapped {/api/roles/list, GET} route {"context":"RouterExplorer","timestamp":"2025-05-09T03:28:14.946Z"}
info: Mapped {/api/roles/add, POST} route {"context":"RouterExplorer","timestamp":"2025-05-09T03:28:14.947Z"}
info: Mapped {/api/roles/delete/:id, DELETE} route {"context":"RouterExplorer","timestamp":"2025-05-09T03:28:14.948Z"}
info: Mapped {/api/roles/edit/:id, PATCH} route {"context":"RouterExplorer","timestamp":"2025-05-09T03:28:14.949Z"}
info: AuthController {/api/auth}: {"context":"RoutesResolver","timestamp":"2025-05-09T03:28:14.949Z"}
info: Mapped {/api/auth/signup, POST} route {"context":"RouterExplorer","timestamp":"2025-05-09T03:28:14.950Z"}
info: Mapped {/api/auth/signin, POST} route {"context":"RouterExplorer","timestamp":"2025-05-09T03:28:14.950Z"}
info: Nest application successfully started {"context":"NestApplication","timestamp":"2025-05-09T03:28:14.953Z"}
info: LogsController {/api/logs}: {"context":"RoutesResolver","timestamp":"2025-05-09T03:28:34.443Z"}
info: Mapped {/api/logs/logsByGroup/:id, GET} route {"context":"RouterExplorer","timestamp":"2025-05-09T03:28:34.447Z"}
info: UserController {/api/user}: {"context":"RoutesResolver","timestamp":"2025-05-09T03:28:34.448Z"}
info: Mapped {/api/user/list, GET} route {"context":"RouterExplorer","timestamp":"2025-05-09T03:28:34.449Z"}
info: Mapped {/api/user/getUserById/:id, GET} route {"context":"RouterExplorer","timestamp":"2025-05-09T03:28:34.450Z"}
info: Mapped {/api/user/add, POST} route {"context":"RouterExplorer","timestamp":"2025-05-09T03:28:34.450Z"}
info: Mapped {/api/user/edit/:id, PATCH} route {"context":"RouterExplorer","timestamp":"2025-05-09T03:28:34.451Z"}
info: Mapped {/api/user/delete/:id, DELETE} route {"context":"RouterExplorer","timestamp":"2025-05-09T03:28:34.452Z"}
info: Mapped {/api/user/profile/:id, GET} route {"context":"RouterExplorer","timestamp":"2025-05-09T03:28:34.452Z"}
info: RolesController {/api/roles}: {"context":"RoutesResolver","timestamp":"2025-05-09T03:28:34.453Z"}
info: Mapped {/api/roles/list, GET} route {"context":"RouterExplorer","timestamp":"2025-05-09T03:28:34.454Z"}
info: Mapped {/api/roles/add, POST} route {"context":"RouterExplorer","timestamp":"2025-05-09T03:28:34.454Z"}
info: Mapped {/api/roles/delete/:id, DELETE} route {"context":"RouterExplorer","timestamp":"2025-05-09T03:28:34.455Z"}
info: Mapped {/api/roles/edit/:id, PATCH} route {"context":"RouterExplorer","timestamp":"2025-05-09T03:28:34.456Z"}
info: AuthController {/api/auth}: {"context":"RoutesResolver","timestamp":"2025-05-09T03:28:34.456Z"}
info: Mapped {/api/auth/signup, POST} route {"context":"RouterExplorer","timestamp":"2025-05-09T03:28:34.456Z"}
info: Mapped {/api/auth/signin, POST} route {"context":"RouterExplorer","timestamp":"2025-05-09T03:28:34.457Z"}
info: Nest application successfully started {"context":"NestApplication","timestamp":"2025-05-09T03:28:34.459Z"}
info: LogsController {/api/logs}: {"context":"RoutesResolver","timestamp":"2025-05-09T03:28:59.627Z"}
info: Mapped {/api/logs/logsByGroup/:id, GET} route {"context":"RouterExplorer","timestamp":"2025-05-09T03:28:59.631Z"}
info: UserController {/api/user}: {"context":"RoutesResolver","timestamp":"2025-05-09T03:28:59.632Z"}
info: Mapped {/api/user/list, GET} route {"context":"RouterExplorer","timestamp":"2025-05-09T03:28:59.633Z"}
info: Mapped {/api/user/getUserById/:id, GET} route {"context":"RouterExplorer","timestamp":"2025-05-09T03:28:59.634Z"}
info: Mapped {/api/user/add, POST} route {"context":"RouterExplorer","timestamp":"2025-05-09T03:28:59.634Z"}
info: Mapped {/api/user/edit/:id, PATCH} route {"context":"RouterExplorer","timestamp":"2025-05-09T03:28:59.635Z"}
info: Mapped {/api/user/delete/:id, DELETE} route {"context":"RouterExplorer","timestamp":"2025-05-09T03:28:59.636Z"}
info: Mapped {/api/user/profile/:id, GET} route {"context":"RouterExplorer","timestamp":"2025-05-09T03:28:59.637Z"}
info: RolesController {/api/roles}: {"context":"RoutesResolver","timestamp":"2025-05-09T03:28:59.637Z"}
info: Mapped {/api/roles/list, GET} route {"context":"RouterExplorer","timestamp":"2025-05-09T03:28:59.638Z"}
info: Mapped {/api/roles/add, POST} route {"context":"RouterExplorer","timestamp":"2025-05-09T03:28:59.639Z"}
info: Mapped {/api/roles/delete/:id, DELETE} route {"context":"RouterExplorer","timestamp":"2025-05-09T03:28:59.639Z"}
info: Mapped {/api/roles/edit/:id, PATCH} route {"context":"RouterExplorer","timestamp":"2025-05-09T03:28:59.640Z"}
info: AuthController {/api/auth}: {"context":"RoutesResolver","timestamp":"2025-05-09T03:28:59.640Z"}
info: Mapped {/api/auth/signup, POST} route {"context":"RouterExplorer","timestamp":"2025-05-09T03:28:59.641Z"}
info: Mapped {/api/auth/signin, POST} route {"context":"RouterExplorer","timestamp":"2025-05-09T03:28:59.641Z"}
info: Nest application successfully started {"context":"NestApplication","timestamp":"2025-05-09T03:28:59.644Z"}
info: LogsController {/api/logs}: {"context":"RoutesResolver","timestamp":"2025-05-09T03:30:42.217Z"}
info: Mapped {/api/logs/logsByGroup/:id, GET} route {"context":"RouterExplorer","timestamp":"2025-05-09T03:30:42.221Z"}
info: UserController {/api/user}: {"context":"RoutesResolver","timestamp":"2025-05-09T03:30:42.221Z"}
info: Mapped {/api/user/list, GET} route {"context":"RouterExplorer","timestamp":"2025-05-09T03:30:42.222Z"}
info: Mapped {/api/user/getUserById/:id, GET} route {"context":"RouterExplorer","timestamp":"2025-05-09T03:30:42.223Z"}
info: Mapped {/api/user/add, POST} route {"context":"RouterExplorer","timestamp":"2025-05-09T03:30:42.224Z"}
info: Mapped {/api/user/edit/:id, PATCH} route {"context":"RouterExplorer","timestamp":"2025-05-09T03:30:42.225Z"}
info: Mapped {/api/user/delete/:id, DELETE} route {"context":"RouterExplorer","timestamp":"2025-05-09T03:30:42.225Z"}
info: Mapped {/api/user/profile/:id, GET} route {"context":"RouterExplorer","timestamp":"2025-05-09T03:30:42.226Z"}
info: RolesController {/api/roles}: {"context":"RoutesResolver","timestamp":"2025-05-09T03:30:42.227Z"}
info: Mapped {/api/roles/list, GET} route {"context":"RouterExplorer","timestamp":"2025-05-09T03:30:42.228Z"}
info: Mapped {/api/roles/add, POST} route {"context":"RouterExplorer","timestamp":"2025-05-09T03:30:42.228Z"}
info: Mapped {/api/roles/delete/:id, DELETE} route {"context":"RouterExplorer","timestamp":"2025-05-09T03:30:42.229Z"}
info: Mapped {/api/roles/edit/:id, PATCH} route {"context":"RouterExplorer","timestamp":"2025-05-09T03:30:42.230Z"}
info: AuthController {/api/auth}: {"context":"RoutesResolver","timestamp":"2025-05-09T03:30:42.230Z"}
info: Mapped {/api/auth/signup, POST} route {"context":"RouterExplorer","timestamp":"2025-05-09T03:30:42.230Z"}
info: Mapped {/api/auth/signin, POST} route {"context":"RouterExplorer","timestamp":"2025-05-09T03:30:42.231Z"}
info: Nest application successfully started {"context":"NestApplication","timestamp":"2025-05-09T03:30:42.233Z"}
info: LogsController {/api/logs}: {"context":"RoutesResolver","timestamp":"2025-05-09T03:34:02.960Z"}
info: Mapped {/api/logs/logsByGroup/:id, GET} route {"context":"RouterExplorer","timestamp":"2025-05-09T03:34:02.965Z"}
info: UserController {/api/user}: {"context":"RoutesResolver","timestamp":"2025-05-09T03:34:02.965Z"}
info: Mapped {/api/user/list, GET} route {"context":"RouterExplorer","timestamp":"2025-05-09T03:34:02.967Z"}
info: Mapped {/api/user/getUserById/:id, GET} route {"context":"RouterExplorer","timestamp":"2025-05-09T03:34:02.968Z"}
info: Mapped {/api/user/add, POST} route {"context":"RouterExplorer","timestamp":"2025-05-09T03:34:02.969Z"}
info: Mapped {/api/user/edit/:id, PATCH} route {"context":"RouterExplorer","timestamp":"2025-05-09T03:34:02.970Z"}
info: Mapped {/api/user/delete/:id, DELETE} route {"context":"RouterExplorer","timestamp":"2025-05-09T03:34:02.971Z"}
info: Mapped {/api/user/profile/:id, GET} route {"context":"RouterExplorer","timestamp":"2025-05-09T03:34:02.971Z"}
info: RolesController {/api/roles}: {"context":"RoutesResolver","timestamp":"2025-05-09T03:34:02.972Z"}
info: Mapped {/api/roles/list, GET} route {"context":"RouterExplorer","timestamp":"2025-05-09T03:34:02.973Z"}
info: Mapped {/api/roles/add, POST} route {"context":"RouterExplorer","timestamp":"2025-05-09T03:34:02.974Z"}
info: Mapped {/api/roles/delete/:id, DELETE} route {"context":"RouterExplorer","timestamp":"2025-05-09T03:34:02.975Z"}
info: Mapped {/api/roles/edit/:id, PATCH} route {"context":"RouterExplorer","timestamp":"2025-05-09T03:34:02.976Z"}
info: AuthController {/api/auth}: {"context":"RoutesResolver","timestamp":"2025-05-09T03:34:02.976Z"}
info: Mapped {/api/auth/signup, POST} route {"context":"RouterExplorer","timestamp":"2025-05-09T03:34:02.977Z"}
info: Mapped {/api/auth/signin, POST} route {"context":"RouterExplorer","timestamp":"2025-05-09T03:34:02.977Z"}
info: Nest application successfully started {"context":"NestApplication","timestamp":"2025-05-09T03:34:02.980Z"}
info: LogsController {/api/logs}: {"context":"RoutesResolver","timestamp":"2025-05-09T03:34:53.437Z"}
info: Mapped {/api/logs/logsByGroup/:id, GET} route {"context":"RouterExplorer","timestamp":"2025-05-09T03:34:53.442Z"}
info: UserController {/api/user}: {"context":"RoutesResolver","timestamp":"2025-05-09T03:34:53.442Z"}
info: Mapped {/api/user/list, GET} route {"context":"RouterExplorer","timestamp":"2025-05-09T03:34:53.444Z"}
info: Mapped {/api/user/getUserById/:id, GET} route {"context":"RouterExplorer","timestamp":"2025-05-09T03:34:53.445Z"}
info: Mapped {/api/user/add, POST} route {"context":"RouterExplorer","timestamp":"2025-05-09T03:34:53.446Z"}
info: Mapped {/api/user/edit/:id, PATCH} route {"context":"RouterExplorer","timestamp":"2025-05-09T03:34:53.446Z"}
info: Mapped {/api/user/delete/:id, DELETE} route {"context":"RouterExplorer","timestamp":"2025-05-09T03:34:53.447Z"}
info: Mapped {/api/user/profile/:id, GET} route {"context":"RouterExplorer","timestamp":"2025-05-09T03:34:53.448Z"}
info: RolesController {/api/roles}: {"context":"RoutesResolver","timestamp":"2025-05-09T03:34:53.448Z"}
info: Mapped {/api/roles/list, GET} route {"context":"RouterExplorer","timestamp":"2025-05-09T03:34:53.450Z"}
info: Mapped {/api/roles/add, POST} route {"context":"RouterExplorer","timestamp":"2025-05-09T03:34:53.450Z"}
info: Mapped {/api/roles/delete/:id, DELETE} route {"context":"RouterExplorer","timestamp":"2025-05-09T03:34:53.451Z"}
info: Mapped {/api/roles/edit/:id, PATCH} route {"context":"RouterExplorer","timestamp":"2025-05-09T03:34:53.452Z"}
info: AuthController {/api/auth}: {"context":"RoutesResolver","timestamp":"2025-05-09T03:34:53.452Z"}
info: Mapped {/api/auth/signup, POST} route {"context":"RouterExplorer","timestamp":"2025-05-09T03:34:53.453Z"}
info: Mapped {/api/auth/signin, POST} route {"context":"RouterExplorer","timestamp":"2025-05-09T03:34:53.454Z"}
info: Nest application successfully started {"context":"NestApplication","timestamp":"2025-05-09T03:34:53.457Z"}
info: LogsController {/api/logs}: {"context":"RoutesResolver","timestamp":"2025-05-09T03:34:55.384Z"}
info: Mapped {/api/logs/logsByGroup/:id, GET} route {"context":"RouterExplorer","timestamp":"2025-05-09T03:34:55.388Z"}
info: UserController {/api/user}: {"context":"RoutesResolver","timestamp":"2025-05-09T03:34:55.389Z"}
info: Mapped {/api/user/list, GET} route {"context":"RouterExplorer","timestamp":"2025-05-09T03:34:55.390Z"}
info: Mapped {/api/user/getUserById/:id, GET} route {"context":"RouterExplorer","timestamp":"2025-05-09T03:34:55.391Z"}
info: Mapped {/api/user/add, POST} route {"context":"RouterExplorer","timestamp":"2025-05-09T03:34:55.392Z"}
info: Mapped {/api/user/edit/:id, PATCH} route {"context":"RouterExplorer","timestamp":"2025-05-09T03:34:55.393Z"}
info: Mapped {/api/user/delete/:id, DELETE} route {"context":"RouterExplorer","timestamp":"2025-05-09T03:34:55.393Z"}
info: Mapped {/api/user/profile/:id, GET} route {"context":"RouterExplorer","timestamp":"2025-05-09T03:34:55.394Z"}
info: RolesController {/api/roles}: {"context":"RoutesResolver","timestamp":"2025-05-09T03:34:55.395Z"}
info: Mapped {/api/roles/list, GET} route {"context":"RouterExplorer","timestamp":"2025-05-09T03:34:55.395Z"}
info: Mapped {/api/roles/add, POST} route {"context":"RouterExplorer","timestamp":"2025-05-09T03:34:55.396Z"}
info: Mapped {/api/roles/delete/:id, DELETE} route {"context":"RouterExplorer","timestamp":"2025-05-09T03:34:55.397Z"}
info: Mapped {/api/roles/edit/:id, PATCH} route {"context":"RouterExplorer","timestamp":"2025-05-09T03:34:55.397Z"}
info: AuthController {/api/auth}: {"context":"RoutesResolver","timestamp":"2025-05-09T03:34:55.398Z"}
info: Mapped {/api/auth/signup, POST} route {"context":"RouterExplorer","timestamp":"2025-05-09T03:34:55.398Z"}
info: Mapped {/api/auth/signin, POST} route {"context":"RouterExplorer","timestamp":"2025-05-09T03:34:55.399Z"}
info: Nest application successfully started {"context":"NestApplication","timestamp":"2025-05-09T03:34:55.401Z"}
info: LogsController {/api/logs}: {"context":"RoutesResolver","timestamp":"2025-05-09T03:37:50.742Z"}
info: Mapped {/api/logs/logsByGroup/:id, GET} route {"context":"RouterExplorer","timestamp":"2025-05-09T03:37:50.746Z"}
info: UserController {/api/user}: {"context":"RoutesResolver","timestamp":"2025-05-09T03:37:50.747Z"}
info: Mapped {/api/user/list, GET} route {"context":"RouterExplorer","timestamp":"2025-05-09T03:37:50.748Z"}
info: Mapped {/api/user/getUserById/:id, GET} route {"context":"RouterExplorer","timestamp":"2025-05-09T03:37:50.749Z"}
info: Mapped {/api/user/add, POST} route {"context":"RouterExplorer","timestamp":"2025-05-09T03:37:50.750Z"}
info: Mapped {/api/user/edit/:id, PATCH} route {"context":"RouterExplorer","timestamp":"2025-05-09T03:37:50.751Z"}
info: Mapped {/api/user/delete/:id, DELETE} route {"context":"RouterExplorer","timestamp":"2025-05-09T03:37:50.751Z"}
info: Mapped {/api/user/profile/:id, GET} route {"context":"RouterExplorer","timestamp":"2025-05-09T03:37:50.752Z"}
info: RolesController {/api/roles}: {"context":"RoutesResolver","timestamp":"2025-05-09T03:37:50.752Z"}
info: Mapped {/api/roles/list, GET} route {"context":"RouterExplorer","timestamp":"2025-05-09T03:37:50.753Z"}
info: Mapped {/api/roles/add, POST} route {"context":"RouterExplorer","timestamp":"2025-05-09T03:37:50.754Z"}
info: Mapped {/api/roles/delete/:id, DELETE} route {"context":"RouterExplorer","timestamp":"2025-05-09T03:37:50.755Z"}
info: Mapped {/api/roles/edit/:id, PATCH} route {"context":"RouterExplorer","timestamp":"2025-05-09T03:37:50.755Z"}
info: AuthController {/api/auth}: {"context":"RoutesResolver","timestamp":"2025-05-09T03:37:50.756Z"}
info: Mapped {/api/auth/signup, POST} route {"context":"RouterExplorer","timestamp":"2025-05-09T03:37:50.756Z"}
info: Mapped {/api/auth/signin, POST} route {"context":"RouterExplorer","timestamp":"2025-05-09T03:37:50.757Z"}
info: Nest application successfully started {"context":"NestApplication","timestamp":"2025-05-09T03:37:50.759Z"}
info: LogsController {/api/logs}: {"context":"RoutesResolver","timestamp":"2025-05-09T03:37:56.970Z"}
info: Mapped {/api/logs/logsByGroup/:id, GET} route {"context":"RouterExplorer","timestamp":"2025-05-09T03:37:56.975Z"}
info: UserController {/api/user}: {"context":"RoutesResolver","timestamp":"2025-05-09T03:37:56.975Z"}
info: Mapped {/api/user/list, GET} route {"context":"RouterExplorer","timestamp":"2025-05-09T03:37:56.977Z"}
info: Mapped {/api/user/getUserById/:id, GET} route {"context":"RouterExplorer","timestamp":"2025-05-09T03:37:56.978Z"}
info: Mapped {/api/user/add, POST} route {"context":"RouterExplorer","timestamp":"2025-05-09T03:37:56.979Z"}
info: Mapped {/api/user/edit/:id, PATCH} route {"context":"RouterExplorer","timestamp":"2025-05-09T03:37:56.979Z"}
info: Mapped {/api/user/delete/:id, DELETE} route {"context":"RouterExplorer","timestamp":"2025-05-09T03:37:56.980Z"}
info: Mapped {/api/user/profile/:id, GET} route {"context":"RouterExplorer","timestamp":"2025-05-09T03:37:56.981Z"}
info: RolesController {/api/roles}: {"context":"RoutesResolver","timestamp":"2025-05-09T03:37:56.981Z"}
info: Mapped {/api/roles/list, GET} route {"context":"RouterExplorer","timestamp":"2025-05-09T03:37:56.982Z"}
info: Mapped {/api/roles/add, POST} route {"context":"RouterExplorer","timestamp":"2025-05-09T03:37:56.983Z"}
info: Mapped {/api/roles/delete/:id, DELETE} route {"context":"RouterExplorer","timestamp":"2025-05-09T03:37:56.984Z"}
info: Mapped {/api/roles/edit/:id, PATCH} route {"context":"RouterExplorer","timestamp":"2025-05-09T03:37:56.984Z"}
info: AuthController {/api/auth}: {"context":"RoutesResolver","timestamp":"2025-05-09T03:37:56.985Z"}
info: Mapped {/api/auth/signup, POST} route {"context":"RouterExplorer","timestamp":"2025-05-09T03:37:56.985Z"}
info: Mapped {/api/auth/signin, POST} route {"context":"RouterExplorer","timestamp":"2025-05-09T03:37:56.986Z"}
info: Nest application successfully started {"context":"NestApplication","timestamp":"2025-05-09T03:37:56.989Z"}
info: LogsController {/api/logs}: {"context":"RoutesResolver","timestamp":"2025-05-09T03:38:33.667Z"}
info: Mapped {/api/logs/logsByGroup/:id, GET} route {"context":"RouterExplorer","timestamp":"2025-05-09T03:38:33.671Z"}
info: UserController {/api/user}: {"context":"RoutesResolver","timestamp":"2025-05-09T03:38:33.671Z"}
info: Mapped {/api/user/list, GET} route {"context":"RouterExplorer","timestamp":"2025-05-09T03:38:33.673Z"}
info: Mapped {/api/user/getUserById/:id, GET} route {"context":"RouterExplorer","timestamp":"2025-05-09T03:38:33.673Z"}
info: Mapped {/api/user/add, POST} route {"context":"RouterExplorer","timestamp":"2025-05-09T03:38:33.674Z"}
info: Mapped {/api/user/edit/:id, PATCH} route {"context":"RouterExplorer","timestamp":"2025-05-09T03:38:33.675Z"}
info: Mapped {/api/user/delete/:id, DELETE} route {"context":"RouterExplorer","timestamp":"2025-05-09T03:38:33.676Z"}
info: Mapped {/api/user/profile/:id, GET} route {"context":"RouterExplorer","timestamp":"2025-05-09T03:38:33.676Z"}
info: RolesController {/api/roles}: {"context":"RoutesResolver","timestamp":"2025-05-09T03:38:33.677Z"}
info: Mapped {/api/roles/list, GET} route {"context":"RouterExplorer","timestamp":"2025-05-09T03:38:33.678Z"}
info: Mapped {/api/roles/add, POST} route {"context":"RouterExplorer","timestamp":"2025-05-09T03:38:33.678Z"}
info: Mapped {/api/roles/delete/:id, DELETE} route {"context":"RouterExplorer","timestamp":"2025-05-09T03:38:33.679Z"}
info: Mapped {/api/roles/edit/:id, PATCH} route {"context":"RouterExplorer","timestamp":"2025-05-09T03:38:33.679Z"}
info: AuthController {/api/auth}: {"context":"RoutesResolver","timestamp":"2025-05-09T03:38:33.680Z"}
info: Mapped {/api/auth/signup, POST} route {"context":"RouterExplorer","timestamp":"2025-05-09T03:38:33.680Z"}
info: Mapped {/api/auth/signin, POST} route {"context":"RouterExplorer","timestamp":"2025-05-09T03:38:33.680Z"}
info: Nest application successfully started {"context":"NestApplication","timestamp":"2025-05-09T03:38:33.683Z"}
info: LogsController {/api/logs}: {"context":"RoutesResolver","timestamp":"2025-05-09T03:39:11.858Z"}
info: Mapped {/api/logs/logsByGroup/:id, GET} route {"context":"RouterExplorer","timestamp":"2025-05-09T03:39:11.862Z"}
info: UserController {/api/user}: {"context":"RoutesResolver","timestamp":"2025-05-09T03:39:11.862Z"}
info: Mapped {/api/user/list, GET} route {"context":"RouterExplorer","timestamp":"2025-05-09T03:39:11.863Z"}
info: Mapped {/api/user/getUserById/:id, GET} route {"context":"RouterExplorer","timestamp":"2025-05-09T03:39:11.864Z"}
info: Mapped {/api/user/add, POST} route {"context":"RouterExplorer","timestamp":"2025-05-09T03:39:11.865Z"}
info: Mapped {/api/user/edit/:id, PATCH} route {"context":"RouterExplorer","timestamp":"2025-05-09T03:39:11.866Z"}
info: Mapped {/api/user/delete/:id, DELETE} route {"context":"RouterExplorer","timestamp":"2025-05-09T03:39:11.867Z"}
info: Mapped {/api/user/profile/:id, GET} route {"context":"RouterExplorer","timestamp":"2025-05-09T03:39:11.867Z"}
info: RolesController {/api/roles}: {"context":"RoutesResolver","timestamp":"2025-05-09T03:39:11.868Z"}
info: Mapped {/api/roles/list, GET} route {"context":"RouterExplorer","timestamp":"2025-05-09T03:39:11.869Z"}
info: Mapped {/api/roles/add, POST} route {"context":"RouterExplorer","timestamp":"2025-05-09T03:39:11.869Z"}
info: Mapped {/api/roles/delete/:id, DELETE} route {"context":"RouterExplorer","timestamp":"2025-05-09T03:39:11.870Z"}
info: Mapped {/api/roles/edit/:id, PATCH} route {"context":"RouterExplorer","timestamp":"2025-05-09T03:39:11.871Z"}
info: AuthController {/api/auth}: {"context":"RoutesResolver","timestamp":"2025-05-09T03:39:11.871Z"}
info: Mapped {/api/auth/signup, POST} route {"context":"RouterExplorer","timestamp":"2025-05-09T03:39:11.872Z"}
info: Mapped {/api/auth/signin, POST} route {"context":"RouterExplorer","timestamp":"2025-05-09T03:39:11.872Z"}
info: Nest application successfully started {"context":"NestApplication","timestamp":"2025-05-09T03:39:11.874Z"}
info: LogsController {/api/logs}: {"context":"RoutesResolver","timestamp":"2025-05-09T03:39:16.720Z"}
info: Mapped {/api/logs/logsByGroup/:id, GET} route {"context":"RouterExplorer","timestamp":"2025-05-09T03:39:16.723Z"}
info: UserController {/api/user}: {"context":"RoutesResolver","timestamp":"2025-05-09T03:39:16.724Z"}
info: Mapped {/api/user/list, GET} route {"context":"RouterExplorer","timestamp":"2025-05-09T03:39:16.724Z"}
info: Mapped {/api/user/getUserById/:id, GET} route {"context":"RouterExplorer","timestamp":"2025-05-09T03:39:16.725Z"}
info: Mapped {/api/user/add, POST} route {"context":"RouterExplorer","timestamp":"2025-05-09T03:39:16.726Z"}
info: Mapped {/api/user/edit/:id, PATCH} route {"context":"RouterExplorer","timestamp":"2025-05-09T03:39:16.727Z"}
info: Mapped {/api/user/delete/:id, DELETE} route {"context":"RouterExplorer","timestamp":"2025-05-09T03:39:16.728Z"}
info: Mapped {/api/user/profile/:id, GET} route {"context":"RouterExplorer","timestamp":"2025-05-09T03:39:16.729Z"}
info: RolesController {/api/roles}: {"context":"RoutesResolver","timestamp":"2025-05-09T03:39:16.729Z"}
info: Mapped {/api/roles/list, GET} route {"context":"RouterExplorer","timestamp":"2025-05-09T03:39:16.730Z"}
info: Mapped {/api/roles/add, POST} route {"context":"RouterExplorer","timestamp":"2025-05-09T03:39:16.730Z"}
info: Mapped {/api/roles/delete/:id, DELETE} route {"context":"RouterExplorer","timestamp":"2025-05-09T03:39:16.731Z"}
info: Mapped {/api/roles/edit/:id, PATCH} route {"context":"RouterExplorer","timestamp":"2025-05-09T03:39:16.731Z"}
info: AuthController {/api/auth}: {"context":"RoutesResolver","timestamp":"2025-05-09T03:39:16.732Z"}
info: Mapped {/api/auth/signup, POST} route {"context":"RouterExplorer","timestamp":"2025-05-09T03:39:16.732Z"}
info: Mapped {/api/auth/signin, POST} route {"context":"RouterExplorer","timestamp":"2025-05-09T03:39:16.733Z"}
info: Nest application successfully started {"context":"NestApplication","timestamp":"2025-05-09T03:39:16.735Z"}
info: LogsController {/api/logs}: {"context":"RoutesResolver","timestamp":"2025-05-09T03:39:21.965Z"}
info: Mapped {/api/logs/logsByGroup/:id, GET} route {"context":"RouterExplorer","timestamp":"2025-05-09T03:39:21.969Z"}
info: UserController {/api/user}: {"context":"RoutesResolver","timestamp":"2025-05-09T03:39:21.970Z"}
info: Mapped {/api/user/list, GET} route {"context":"RouterExplorer","timestamp":"2025-05-09T03:39:21.971Z"}
info: Mapped {/api/user/getUserById/:id, GET} route {"context":"RouterExplorer","timestamp":"2025-05-09T03:39:21.972Z"}
info: Mapped {/api/user/add, POST} route {"context":"RouterExplorer","timestamp":"2025-05-09T03:39:21.973Z"}
info: Mapped {/api/user/edit/:id, PATCH} route {"context":"RouterExplorer","timestamp":"2025-05-09T03:39:21.973Z"}
info: Mapped {/api/user/delete/:id, DELETE} route {"context":"RouterExplorer","timestamp":"2025-05-09T03:39:21.974Z"}
info: Mapped {/api/user/profile/:id, GET} route {"context":"RouterExplorer","timestamp":"2025-05-09T03:39:21.975Z"}
info: RolesController {/api/roles}: {"context":"RoutesResolver","timestamp":"2025-05-09T03:39:21.975Z"}
info: Mapped {/api/roles/list, GET} route {"context":"RouterExplorer","timestamp":"2025-05-09T03:39:21.976Z"}
info: Mapped {/api/roles/add, POST} route {"context":"RouterExplorer","timestamp":"2025-05-09T03:39:21.977Z"}
info: Mapped {/api/roles/delete/:id, DELETE} route {"context":"RouterExplorer","timestamp":"2025-05-09T03:39:21.978Z"}
info: Mapped {/api/roles/edit/:id, PATCH} route {"context":"RouterExplorer","timestamp":"2025-05-09T03:39:21.978Z"}
info: AuthController {/api/auth}: {"context":"RoutesResolver","timestamp":"2025-05-09T03:39:21.979Z"}
info: Mapped {/api/auth/signup, POST} route {"context":"RouterExplorer","timestamp":"2025-05-09T03:39:21.979Z"}
info: Mapped {/api/auth/signin, POST} route {"context":"RouterExplorer","timestamp":"2025-05-09T03:39:21.980Z"}
info: Nest application successfully started {"context":"NestApplication","timestamp":"2025-05-09T03:39:21.983Z"}
info: LogsController {/api/logs}: {"context":"RoutesResolver","timestamp":"2025-05-09T03:39:52.138Z"}
info: Mapped {/api/logs/logsByGroup/:id, GET} route {"context":"RouterExplorer","timestamp":"2025-05-09T03:39:52.142Z"}
info: UserController {/api/user}: {"context":"RoutesResolver","timestamp":"2025-05-09T03:39:52.142Z"}
info: Mapped {/api/user/list, GET} route {"context":"RouterExplorer","timestamp":"2025-05-09T03:39:52.143Z"}
info: Mapped {/api/user/getUserById/:id, GET} route {"context":"RouterExplorer","timestamp":"2025-05-09T03:39:52.144Z"}
info: Mapped {/api/user/add, POST} route {"context":"RouterExplorer","timestamp":"2025-05-09T03:39:52.145Z"}
info: Mapped {/api/user/edit/:id, PATCH} route {"context":"RouterExplorer","timestamp":"2025-05-09T03:39:52.146Z"}
info: Mapped {/api/user/delete/:id, DELETE} route {"context":"RouterExplorer","timestamp":"2025-05-09T03:39:52.147Z"}
info: Mapped {/api/user/profile/:id, GET} route {"context":"RouterExplorer","timestamp":"2025-05-09T03:39:52.147Z"}
info: RolesController {/api/roles}: {"context":"RoutesResolver","timestamp":"2025-05-09T03:39:52.148Z"}
info: Mapped {/api/roles/list, GET} route {"context":"RouterExplorer","timestamp":"2025-05-09T03:39:52.148Z"}
info: Mapped {/api/roles/add, POST} route {"context":"RouterExplorer","timestamp":"2025-05-09T03:39:52.149Z"}
info: Mapped {/api/roles/delete/:id, DELETE} route {"context":"RouterExplorer","timestamp":"2025-05-09T03:39:52.150Z"}
info: Mapped {/api/roles/edit/:id, PATCH} route {"context":"RouterExplorer","timestamp":"2025-05-09T03:39:52.150Z"}
info: AuthController {/api/auth}: {"context":"RoutesResolver","timestamp":"2025-05-09T03:39:52.150Z"}
info: Mapped {/api/auth/signup, POST} route {"context":"RouterExplorer","timestamp":"2025-05-09T03:39:52.151Z"}
info: Mapped {/api/auth/signin, POST} route {"context":"RouterExplorer","timestamp":"2025-05-09T03:39:52.151Z"}
info: Nest application successfully started {"context":"NestApplication","timestamp":"2025-05-09T03:39:52.154Z"}
info: LogsController {/api/logs}: {"context":"RoutesResolver","timestamp":"2025-05-09T03:39:56.905Z"}
info: Mapped {/api/logs/logsByGroup/:id, GET} route {"context":"RouterExplorer","timestamp":"2025-05-09T03:39:56.909Z"}
info: UserController {/api/user}: {"context":"RoutesResolver","timestamp":"2025-05-09T03:39:56.910Z"}
info: Mapped {/api/user/list, GET} route {"context":"RouterExplorer","timestamp":"2025-05-09T03:39:56.911Z"}
info: Mapped {/api/user/getUserById/:id, GET} route {"context":"RouterExplorer","timestamp":"2025-05-09T03:39:56.912Z"}
info: Mapped {/api/user/add, POST} route {"context":"RouterExplorer","timestamp":"2025-05-09T03:39:56.912Z"}
info: Mapped {/api/user/edit/:id, PATCH} route {"context":"RouterExplorer","timestamp":"2025-05-09T03:39:56.913Z"}
info: Mapped {/api/user/delete/:id, DELETE} route {"context":"RouterExplorer","timestamp":"2025-05-09T03:39:56.914Z"}
info: Mapped {/api/user/profile/:id, GET} route {"context":"RouterExplorer","timestamp":"2025-05-09T03:39:56.915Z"}
info: RolesController {/api/roles}: {"context":"RoutesResolver","timestamp":"2025-05-09T03:39:56.915Z"}
info: Mapped {/api/roles/list, GET} route {"context":"RouterExplorer","timestamp":"2025-05-09T03:39:56.916Z"}
info: Mapped {/api/roles/add, POST} route {"context":"RouterExplorer","timestamp":"2025-05-09T03:39:56.917Z"}
info: Mapped {/api/roles/delete/:id, DELETE} route {"context":"RouterExplorer","timestamp":"2025-05-09T03:39:56.917Z"}
info: Mapped {/api/roles/edit/:id, PATCH} route {"context":"RouterExplorer","timestamp":"2025-05-09T03:39:56.918Z"}
info: AuthController {/api/auth}: {"context":"RoutesResolver","timestamp":"2025-05-09T03:39:56.918Z"}
info: Mapped {/api/auth/signup, POST} route {"context":"RouterExplorer","timestamp":"2025-05-09T03:39:56.919Z"}
info: Mapped {/api/auth/signin, POST} route {"context":"RouterExplorer","timestamp":"2025-05-09T03:39:56.919Z"}
info: Nest application successfully started {"context":"NestApplication","timestamp":"2025-05-09T03:39:56.922Z"}
info: LogsController {/api/logs}: {"context":"RoutesResolver","timestamp":"2025-05-09T03:41:41.569Z"}
info: Mapped {/api/logs/logsByGroup/:id, GET} route {"context":"RouterExplorer","timestamp":"2025-05-09T03:41:41.573Z"}
info: UserController {/api/user}: {"context":"RoutesResolver","timestamp":"2025-05-09T03:41:41.573Z"}
info: Mapped {/api/user/list, GET} route {"context":"RouterExplorer","timestamp":"2025-05-09T03:41:41.574Z"}
info: Mapped {/api/user/getUserById/:id, GET} route {"context":"RouterExplorer","timestamp":"2025-05-09T03:41:41.575Z"}
info: Mapped {/api/user/add, POST} route {"context":"RouterExplorer","timestamp":"2025-05-09T03:41:41.576Z"}
info: Mapped {/api/user/edit/:id, PATCH} route {"context":"RouterExplorer","timestamp":"2025-05-09T03:41:41.577Z"}
info: Mapped {/api/user/delete/:id, DELETE} route {"context":"RouterExplorer","timestamp":"2025-05-09T03:41:41.578Z"}
info: Mapped {/api/user/profile/:id, GET} route {"context":"RouterExplorer","timestamp":"2025-05-09T03:41:41.579Z"}
info: RolesController {/api/roles}: {"context":"RoutesResolver","timestamp":"2025-05-09T03:41:41.579Z"}
info: Mapped {/api/roles/list, GET} route {"context":"RouterExplorer","timestamp":"2025-05-09T03:41:41.580Z"}
info: Mapped {/api/roles/add, POST} route {"context":"RouterExplorer","timestamp":"2025-05-09T03:41:41.580Z"}
info: Mapped {/api/roles/delete/:id, DELETE} route {"context":"RouterExplorer","timestamp":"2025-05-09T03:41:41.581Z"}
info: Mapped {/api/roles/edit/:id, PATCH} route {"context":"RouterExplorer","timestamp":"2025-05-09T03:41:41.581Z"}
info: AuthController {/api/auth}: {"context":"RoutesResolver","timestamp":"2025-05-09T03:41:41.582Z"}
info: Mapped {/api/auth/signup, POST} route {"context":"RouterExplorer","timestamp":"2025-05-09T03:41:41.582Z"}
info: Mapped {/api/auth/signin, POST} route {"context":"RouterExplorer","timestamp":"2025-05-09T03:41:41.582Z"}
info: Nest application successfully started {"context":"NestApplication","timestamp":"2025-05-09T03:41:41.585Z"}
info: LogsController {/api/logs}: {"context":"RoutesResolver","timestamp":"2025-05-09T03:43:18.568Z"}
info: Mapped {/api/logs/logsByGroup/:id, GET} route {"context":"RouterExplorer","timestamp":"2025-05-09T03:43:18.572Z"}
info: UserController {/api/user}: {"context":"RoutesResolver","timestamp":"2025-05-09T03:43:18.572Z"}
info: Mapped {/api/user/list, GET} route {"context":"RouterExplorer","timestamp":"2025-05-09T03:43:18.573Z"}
info: Mapped {/api/user/getUserById/:id, GET} route {"context":"RouterExplorer","timestamp":"2025-05-09T03:43:18.574Z"}
info: Mapped {/api/user/add, POST} route {"context":"RouterExplorer","timestamp":"2025-05-09T03:43:18.575Z"}
info: Mapped {/api/user/edit/:id, PATCH} route {"context":"RouterExplorer","timestamp":"2025-05-09T03:43:18.575Z"}
info: Mapped {/api/user/delete/:id, DELETE} route {"context":"RouterExplorer","timestamp":"2025-05-09T03:43:18.576Z"}
info: Mapped {/api/user/profile/:id, GET} route {"context":"RouterExplorer","timestamp":"2025-05-09T03:43:18.577Z"}
info: RolesController {/api/roles}: {"context":"RoutesResolver","timestamp":"2025-05-09T03:43:18.577Z"}
info: Mapped {/api/roles/list, GET} route {"context":"RouterExplorer","timestamp":"2025-05-09T03:43:18.578Z"}
info: Mapped {/api/roles/add, POST} route {"context":"RouterExplorer","timestamp":"2025-05-09T03:43:18.579Z"}
info: Mapped {/api/roles/delete/:id, DELETE} route {"context":"RouterExplorer","timestamp":"2025-05-09T03:43:18.580Z"}
info: Mapped {/api/roles/edit/:id, PATCH} route {"context":"RouterExplorer","timestamp":"2025-05-09T03:43:18.580Z"}
info: AuthController {/api/auth}: {"context":"RoutesResolver","timestamp":"2025-05-09T03:43:18.580Z"}
info: Mapped {/api/auth/signup, POST} route {"context":"RouterExplorer","timestamp":"2025-05-09T03:43:18.581Z"}
info: Mapped {/api/auth/signin, POST} route {"context":"RouterExplorer","timestamp":"2025-05-09T03:43:18.581Z"}
info: Nest application successfully started {"context":"NestApplication","timestamp":"2025-05-09T03:43:18.584Z"}
info: LogsController {/api/logs}: {"context":"RoutesResolver","timestamp":"2025-05-09T03:43:42.472Z"}
info: Mapped {/api/logs/logsByGroup/:id, GET} route {"context":"RouterExplorer","timestamp":"2025-05-09T03:43:42.476Z"}
info: UserController {/api/user}: {"context":"RoutesResolver","timestamp":"2025-05-09T03:43:42.476Z"}
info: Mapped {/api/user/list, GET} route {"context":"RouterExplorer","timestamp":"2025-05-09T03:43:42.477Z"}
info: Mapped {/api/user/getUserById/:id, GET} route {"context":"RouterExplorer","timestamp":"2025-05-09T03:43:42.478Z"}
info: Mapped {/api/user/add, POST} route {"context":"RouterExplorer","timestamp":"2025-05-09T03:43:42.479Z"}
info: Mapped {/api/user/edit/:id, PATCH} route {"context":"RouterExplorer","timestamp":"2025-05-09T03:43:42.480Z"}
info: Mapped {/api/user/delete/:id, DELETE} route {"context":"RouterExplorer","timestamp":"2025-05-09T03:43:42.480Z"}
info: Mapped {/api/user/profile/:id, GET} route {"context":"RouterExplorer","timestamp":"2025-05-09T03:43:42.481Z"}
info: RolesController {/api/roles}: {"context":"RoutesResolver","timestamp":"2025-05-09T03:43:42.481Z"}
info: Mapped {/api/roles/list, GET} route {"context":"RouterExplorer","timestamp":"2025-05-09T03:43:42.482Z"}
info: Mapped {/api/roles/add, POST} route {"context":"RouterExplorer","timestamp":"2025-05-09T03:43:42.482Z"}
info: Mapped {/api/roles/delete/:id, DELETE} route {"context":"RouterExplorer","timestamp":"2025-05-09T03:43:42.483Z"}
info: Mapped {/api/roles/edit/:id, PATCH} route {"context":"RouterExplorer","timestamp":"2025-05-09T03:43:42.483Z"}
info: AuthController {/api/auth}: {"context":"RoutesResolver","timestamp":"2025-05-09T03:43:42.484Z"}
info: Mapped {/api/auth/signup, POST} route {"context":"RouterExplorer","timestamp":"2025-05-09T03:43:42.484Z"}
info: Mapped {/api/auth/signin, POST} route {"context":"RouterExplorer","timestamp":"2025-05-09T03:43:42.485Z"}
info: Nest application successfully started {"context":"NestApplication","timestamp":"2025-05-09T03:43:42.487Z"}
info: LogsController {/api/logs}: {"context":"RoutesResolver","timestamp":"2025-05-09T03:43:58.999Z"}
info: Mapped {/api/logs/logsByGroup/:id, GET} route {"context":"RouterExplorer","timestamp":"2025-05-09T03:43:59.003Z"}
info: UserController {/api/user}: {"context":"RoutesResolver","timestamp":"2025-05-09T03:43:59.003Z"}
info: Mapped {/api/user/list, GET} route {"context":"RouterExplorer","timestamp":"2025-05-09T03:43:59.005Z"}
info: Mapped {/api/user/getUserById/:id, GET} route {"context":"RouterExplorer","timestamp":"2025-05-09T03:43:59.006Z"}
info: Mapped {/api/user/add, POST} route {"context":"RouterExplorer","timestamp":"2025-05-09T03:43:59.008Z"}
info: Mapped {/api/user/edit/:id, PATCH} route {"context":"RouterExplorer","timestamp":"2025-05-09T03:43:59.010Z"}
info: Mapped {/api/user/delete/:id, DELETE} route {"context":"RouterExplorer","timestamp":"2025-05-09T03:43:59.012Z"}
info: Mapped {/api/user/profile/:id, GET} route {"context":"RouterExplorer","timestamp":"2025-05-09T03:43:59.013Z"}
info: RolesController {/api/roles}: {"context":"RoutesResolver","timestamp":"2025-05-09T03:43:59.014Z"}
info: Mapped {/api/roles/list, GET} route {"context":"RouterExplorer","timestamp":"2025-05-09T03:43:59.015Z"}
info: Mapped {/api/roles/add, POST} route {"context":"RouterExplorer","timestamp":"2025-05-09T03:43:59.016Z"}
info: Mapped {/api/roles/delete/:id, DELETE} route {"context":"RouterExplorer","timestamp":"2025-05-09T03:43:59.017Z"}
info: Mapped {/api/roles/edit/:id, PATCH} route {"context":"RouterExplorer","timestamp":"2025-05-09T03:43:59.018Z"}
info: AuthController {/api/auth}: {"context":"RoutesResolver","timestamp":"2025-05-09T03:43:59.018Z"}
info: Mapped {/api/auth/signup, POST} route {"context":"RouterExplorer","timestamp":"2025-05-09T03:43:59.019Z"}
info: Mapped {/api/auth/signin, POST} route {"context":"RouterExplorer","timestamp":"2025-05-09T03:43:59.020Z"}
info: Nest application successfully started {"context":"NestApplication","timestamp":"2025-05-09T03:43:59.023Z"}
info: LogsController {/api/logs}: {"context":"RoutesResolver","timestamp":"2025-05-09T03:44:23.518Z"}
info: Mapped {/api/logs/logsByGroup/:id, GET} route {"context":"RouterExplorer","timestamp":"2025-05-09T03:44:23.522Z"}
info: UserController {/api/user}: {"context":"RoutesResolver","timestamp":"2025-05-09T03:44:23.523Z"}
info: Mapped {/api/user/list, GET} route {"context":"RouterExplorer","timestamp":"2025-05-09T03:44:23.524Z"}
info: Mapped {/api/user/getUserById/:id, GET} route {"context":"RouterExplorer","timestamp":"2025-05-09T03:44:23.524Z"}
info: Mapped {/api/user/add, POST} route {"context":"RouterExplorer","timestamp":"2025-05-09T03:44:23.525Z"}
info: Mapped {/api/user/edit/:id, PATCH} route {"context":"RouterExplorer","timestamp":"2025-05-09T03:44:23.526Z"}
info: Mapped {/api/user/delete/:id, DELETE} route {"context":"RouterExplorer","timestamp":"2025-05-09T03:44:23.527Z"}
info: Mapped {/api/user/profile/:id, GET} route {"context":"RouterExplorer","timestamp":"2025-05-09T03:44:23.527Z"}
info: RolesController {/api/roles}: {"context":"RoutesResolver","timestamp":"2025-05-09T03:44:23.528Z"}
info: Mapped {/api/roles/list, GET} route {"context":"RouterExplorer","timestamp":"2025-05-09T03:44:23.529Z"}
info: Mapped {/api/roles/add, POST} route {"context":"RouterExplorer","timestamp":"2025-05-09T03:44:23.529Z"}
info: Mapped {/api/roles/delete/:id, DELETE} route {"context":"RouterExplorer","timestamp":"2025-05-09T03:44:23.530Z"}
info: Mapped {/api/roles/edit/:id, PATCH} route {"context":"RouterExplorer","timestamp":"2025-05-09T03:44:23.530Z"}
info: AuthController {/api/auth}: {"context":"RoutesResolver","timestamp":"2025-05-09T03:44:23.530Z"}
info: Mapped {/api/auth/signup, POST} route {"context":"RouterExplorer","timestamp":"2025-05-09T03:44:23.531Z"}
info: Mapped {/api/auth/signin, POST} route {"context":"RouterExplorer","timestamp":"2025-05-09T03:44:23.531Z"}
info: Nest application successfully started {"context":"NestApplication","timestamp":"2025-05-09T03:44:23.534Z"}
info: LogsController {/api/logs}: {"context":"RoutesResolver","timestamp":"2025-05-09T03:44:38.090Z"}
info: Mapped {/api/logs/logsByGroup/:id, GET} route {"context":"RouterExplorer","timestamp":"2025-05-09T03:44:38.094Z"}
info: UserController {/api/user}: {"context":"RoutesResolver","timestamp":"2025-05-09T03:44:38.095Z"}
info: Mapped {/api/user/list, GET} route {"context":"RouterExplorer","timestamp":"2025-05-09T03:44:38.096Z"}
info: Mapped {/api/user/getUserById/:id, GET} route {"context":"RouterExplorer","timestamp":"2025-05-09T03:44:38.097Z"}
info: Mapped {/api/user/add, POST} route {"context":"RouterExplorer","timestamp":"2025-05-09T03:44:38.097Z"}
info: Mapped {/api/user/edit/:id, PATCH} route {"context":"RouterExplorer","timestamp":"2025-05-09T03:44:38.098Z"}
info: Mapped {/api/user/delete/:id, DELETE} route {"context":"RouterExplorer","timestamp":"2025-05-09T03:44:38.099Z"}
info: Mapped {/api/user/profile/:id, GET} route {"context":"RouterExplorer","timestamp":"2025-05-09T03:44:38.099Z"}
info: RolesController {/api/roles}: {"context":"RoutesResolver","timestamp":"2025-05-09T03:44:38.100Z"}
info: Mapped {/api/roles/list, GET} route {"context":"RouterExplorer","timestamp":"2025-05-09T03:44:38.100Z"}
info: Mapped {/api/roles/add, POST} route {"context":"RouterExplorer","timestamp":"2025-05-09T03:44:38.101Z"}
info: Mapped {/api/roles/delete/:id, DELETE} route {"context":"RouterExplorer","timestamp":"2025-05-09T03:44:38.102Z"}
info: Mapped {/api/roles/edit/:id, PATCH} route {"context":"RouterExplorer","timestamp":"2025-05-09T03:44:38.102Z"}
info: AuthController {/api/auth}: {"context":"RoutesResolver","timestamp":"2025-05-09T03:44:38.102Z"}
info: Mapped {/api/auth/signup, POST} route {"context":"RouterExplorer","timestamp":"2025-05-09T03:44:38.103Z"}
info: Mapped {/api/auth/signin, POST} route {"context":"RouterExplorer","timestamp":"2025-05-09T03:44:38.103Z"}
info: Nest application successfully started {"context":"NestApplication","timestamp":"2025-05-09T03:44:38.105Z"}
info: LogsController {/api/logs}: {"context":"RoutesResolver","timestamp":"2025-05-09T03:44:56.989Z"}
info: Mapped {/api/logs/logsByGroup/:id, GET} route {"context":"RouterExplorer","timestamp":"2025-05-09T03:44:56.992Z"}
info: UserController {/api/user}: {"context":"RoutesResolver","timestamp":"2025-05-09T03:44:56.993Z"}
info: Mapped {/api/user/list, GET} route {"context":"RouterExplorer","timestamp":"2025-05-09T03:44:56.994Z"}
info: Mapped {/api/user/getUserById/:id, GET} route {"context":"RouterExplorer","timestamp":"2025-05-09T03:44:56.995Z"}
info: Mapped {/api/user/add, POST} route {"context":"RouterExplorer","timestamp":"2025-05-09T03:44:56.996Z"}
info: Mapped {/api/user/edit/:id, PATCH} route {"context":"RouterExplorer","timestamp":"2025-05-09T03:44:56.997Z"}
info: Mapped {/api/user/delete/:id, DELETE} route {"context":"RouterExplorer","timestamp":"2025-05-09T03:44:56.998Z"}
info: Mapped {/api/user/profile/:id, GET} route {"context":"RouterExplorer","timestamp":"2025-05-09T03:44:56.999Z"}
info: RolesController {/api/roles}: {"context":"RoutesResolver","timestamp":"2025-05-09T03:44:56.999Z"}
info: Mapped {/api/roles/list, GET} route {"context":"RouterExplorer","timestamp":"2025-05-09T03:44:57.000Z"}
info: Mapped {/api/roles/add, POST} route {"context":"RouterExplorer","timestamp":"2025-05-09T03:44:57.000Z"}
info: Mapped {/api/roles/delete/:id, DELETE} route {"context":"RouterExplorer","timestamp":"2025-05-09T03:44:57.001Z"}
info: Mapped {/api/roles/edit/:id, PATCH} route {"context":"RouterExplorer","timestamp":"2025-05-09T03:44:57.002Z"}
info: AuthController {/api/auth}: {"context":"RoutesResolver","timestamp":"2025-05-09T03:44:57.002Z"}
info: Mapped {/api/auth/signup, POST} route {"context":"RouterExplorer","timestamp":"2025-05-09T03:44:57.003Z"}
info: Mapped {/api/auth/signin, POST} route {"context":"RouterExplorer","timestamp":"2025-05-09T03:44:57.003Z"}
info: Nest application successfully started {"context":"NestApplication","timestamp":"2025-05-09T03:44:57.005Z"}
info: LogsController {/api/logs}: {"context":"RoutesResolver","timestamp":"2025-05-09T03:44:59.991Z"}
info: Mapped {/api/logs/logsByGroup/:id, GET} route {"context":"RouterExplorer","timestamp":"2025-05-09T03:44:59.995Z"}
info: UserController {/api/user}: {"context":"RoutesResolver","timestamp":"2025-05-09T03:44:59.995Z"}
info: Mapped {/api/user/list, GET} route {"context":"RouterExplorer","timestamp":"2025-05-09T03:44:59.996Z"}
info: Mapped {/api/user/getUserById/:id, GET} route {"context":"RouterExplorer","timestamp":"2025-05-09T03:44:59.997Z"}
info: Mapped {/api/user/add, POST} route {"context":"RouterExplorer","timestamp":"2025-05-09T03:44:59.998Z"}
info: Mapped {/api/user/edit/:id, PATCH} route {"context":"RouterExplorer","timestamp":"2025-05-09T03:44:59.999Z"}
info: Mapped {/api/user/delete/:id, DELETE} route {"context":"RouterExplorer","timestamp":"2025-05-09T03:45:00.000Z"}
info: Mapped {/api/user/profile/:id, GET} route {"context":"RouterExplorer","timestamp":"2025-05-09T03:45:00.000Z"}
info: RolesController {/api/roles}: {"context":"RoutesResolver","timestamp":"2025-05-09T03:45:00.001Z"}
info: Mapped {/api/roles/list, GET} route {"context":"RouterExplorer","timestamp":"2025-05-09T03:45:00.001Z"}
info: Mapped {/api/roles/add, POST} route {"context":"RouterExplorer","timestamp":"2025-05-09T03:45:00.002Z"}
info: Mapped {/api/roles/delete/:id, DELETE} route {"context":"RouterExplorer","timestamp":"2025-05-09T03:45:00.003Z"}
info: Mapped {/api/roles/edit/:id, PATCH} route {"context":"RouterExplorer","timestamp":"2025-05-09T03:45:00.003Z"}
info: AuthController {/api/auth}: {"context":"RoutesResolver","timestamp":"2025-05-09T03:45:00.004Z"}
info: Mapped {/api/auth/signup, POST} route {"context":"RouterExplorer","timestamp":"2025-05-09T03:45:00.004Z"}
info: Mapped {/api/auth/signin, POST} route {"context":"RouterExplorer","timestamp":"2025-05-09T03:45:00.005Z"}
info: Nest application successfully started {"context":"NestApplication","timestamp":"2025-05-09T03:45:00.008Z"}
