error: 捕获异常:  {"stack":[{"body":{"description":"测试","name":"测试"},"error":"未知错误","exception":"QueryFailedError","headers":{"accept":"application/json, text/plain, */*","accept-encoding":"gzip, deflate, br, zstd","accept-language":"zh-CN,zh;q=0.9","authorization":"Bearer Token-gpsp","cache-control":"no-cache","connection":"close","content-length":"40","content-type":"application/json;charset=UTF-8","cookie":"Hm_lvt_e8002ef3d9e0d8274b5b74cc4a027d08=1726305348,1726365637,1726824950,1727059511; adminer_permanent=; adminer_settings=vendor-server-db%3DMySQL%26vendor-db%3DMySQL; userId=625","host":"localhost:3000","origin":"http://localhost:9001","pragma":"no-cache","referer":"http://localhost:9001/roles","sec-ch-ua":"\"Google Chrome\";v=\"135\", \"Not-A.Brand\";v=\"8\", \"Chromium\";v=\"135\"","sec-ch-ua-mobile":"?0","sec-ch-ua-platform":"\"Windows\"","sec-fetch-dest":"empty","sec-fetch-mode":"cors","sec-fetch-site":"same-origin","user-agent":"Mozilla/5.0 (Windows NT 10.0; Win64; x64) AppleWebKit/537.36 (KHTML, like Gecko) Chrome/135.0.0.0 Safari/537.36"},"ip":"::1","message":"Field 'id' doesn't have a default value","status":500,"timestamp":"2025-04-29T06:40:25.148Z"}],"timestamp":"2025-04-29T06:40:25.159Z"}
info: LogsController {/api/logs}: {"context":"RoutesResolver","timestamp":"2025-04-29T06:41:14.657Z"}
info: Mapped {/api/logs/logsByGroup/:id, GET} route {"context":"RouterExplorer","timestamp":"2025-04-29T06:41:14.662Z"}
info: UserController {/api/user}: {"context":"RoutesResolver","timestamp":"2025-04-29T06:41:14.662Z"}
info: Mapped {/api/user/list, GET} route {"context":"RouterExplorer","timestamp":"2025-04-29T06:41:14.663Z"}
info: Mapped {/api/user/getUserById/:id, GET} route {"context":"RouterExplorer","timestamp":"2025-04-29T06:41:14.664Z"}
info: Mapped {/api/user/add, POST} route {"context":"RouterExplorer","timestamp":"2025-04-29T06:41:14.665Z"}
info: Mapped {/api/user/edit/:id, PATCH} route {"context":"RouterExplorer","timestamp":"2025-04-29T06:41:14.666Z"}
info: Mapped {/api/user/delete/:id, DELETE} route {"context":"RouterExplorer","timestamp":"2025-04-29T06:41:14.666Z"}
info: Mapped {/api/user/profile/:id, GET} route {"context":"RouterExplorer","timestamp":"2025-04-29T06:41:14.667Z"}
info: RolesController {/api/roles}: {"context":"RoutesResolver","timestamp":"2025-04-29T06:41:14.668Z"}
info: Mapped {/api/roles/list, GET} route {"context":"RouterExplorer","timestamp":"2025-04-29T06:41:14.669Z"}
info: Mapped {/api/roles/add, POST} route {"context":"RouterExplorer","timestamp":"2025-04-29T06:41:14.669Z"}
info: Mapped {/api/roles/delete/:id, DELETE} route {"context":"RouterExplorer","timestamp":"2025-04-29T06:41:14.670Z"}
info: Mapped {/api/roles/edit/:id, PATCH} route {"context":"RouterExplorer","timestamp":"2025-04-29T06:41:14.671Z"}
info: Nest application successfully started {"context":"NestApplication","timestamp":"2025-04-29T06:41:14.673Z"}
info: LogsController {/api/logs}: {"context":"RoutesResolver","timestamp":"2025-04-29T06:43:11.023Z"}
info: Mapped {/api/logs/logsByGroup/:id, GET} route {"context":"RouterExplorer","timestamp":"2025-04-29T06:43:11.027Z"}
info: UserController {/api/user}: {"context":"RoutesResolver","timestamp":"2025-04-29T06:43:11.028Z"}
info: Mapped {/api/user/list, GET} route {"context":"RouterExplorer","timestamp":"2025-04-29T06:43:11.029Z"}
info: Mapped {/api/user/getUserById/:id, GET} route {"context":"RouterExplorer","timestamp":"2025-04-29T06:43:11.029Z"}
info: Mapped {/api/user/add, POST} route {"context":"RouterExplorer","timestamp":"2025-04-29T06:43:11.030Z"}
info: Mapped {/api/user/edit/:id, PATCH} route {"context":"RouterExplorer","timestamp":"2025-04-29T06:43:11.031Z"}
info: Mapped {/api/user/delete/:id, DELETE} route {"context":"RouterExplorer","timestamp":"2025-04-29T06:43:11.032Z"}
info: Mapped {/api/user/profile/:id, GET} route {"context":"RouterExplorer","timestamp":"2025-04-29T06:43:11.033Z"}
info: RolesController {/api/roles}: {"context":"RoutesResolver","timestamp":"2025-04-29T06:43:11.033Z"}
info: Mapped {/api/roles/list, GET} route {"context":"RouterExplorer","timestamp":"2025-04-29T06:43:11.034Z"}
info: Mapped {/api/roles/add, POST} route {"context":"RouterExplorer","timestamp":"2025-04-29T06:43:11.035Z"}
info: Mapped {/api/roles/delete/:id, DELETE} route {"context":"RouterExplorer","timestamp":"2025-04-29T06:43:11.035Z"}
info: Mapped {/api/roles/edit/:id, PATCH} route {"context":"RouterExplorer","timestamp":"2025-04-29T06:43:11.036Z"}
info: Nest application successfully started {"context":"NestApplication","timestamp":"2025-04-29T06:43:11.038Z"}
error: 捕获异常:  {"stack":[{"body":{"description":"21","name":"12"},"error":"未知错误","exception":"QueryFailedError","headers":{"accept":"application/json, text/plain, */*","accept-encoding":"gzip, deflate, br, zstd","accept-language":"zh-CN,zh;q=0.9","authorization":"Bearer Token-gpsp","cache-control":"no-cache","connection":"close","content-length":"32","content-type":"application/json;charset=UTF-8","cookie":"Hm_lvt_e8002ef3d9e0d8274b5b74cc4a027d08=1726305348,1726365637,1726824950,1727059511; adminer_permanent=; adminer_settings=vendor-server-db%3DMySQL%26vendor-db%3DMySQL; userId=625","host":"localhost:3000","origin":"http://localhost:9001","pragma":"no-cache","referer":"http://localhost:9001/roles","sec-ch-ua":"\"Google Chrome\";v=\"135\", \"Not-A.Brand\";v=\"8\", \"Chromium\";v=\"135\"","sec-ch-ua-mobile":"?0","sec-ch-ua-platform":"\"Windows\"","sec-fetch-dest":"empty","sec-fetch-mode":"cors","sec-fetch-site":"same-origin","user-agent":"Mozilla/5.0 (Windows NT 10.0; Win64; x64) AppleWebKit/537.36 (KHTML, like Gecko) Chrome/135.0.0.0 Safari/537.36"},"ip":"::1","message":"Field 'id' doesn't have a default value","status":500,"timestamp":"2025-04-29T06:43:20.612Z"}],"timestamp":"2025-04-29T06:43:20.615Z"}
info: LogsController {/api/logs}: {"context":"RoutesResolver","timestamp":"2025-04-29T06:48:25.710Z"}
info: Mapped {/api/logs/logsByGroup/:id, GET} route {"context":"RouterExplorer","timestamp":"2025-04-29T06:48:25.715Z"}
info: UserController {/api/user}: {"context":"RoutesResolver","timestamp":"2025-04-29T06:48:25.716Z"}
info: Mapped {/api/user/list, GET} route {"context":"RouterExplorer","timestamp":"2025-04-29T06:48:25.718Z"}
info: Mapped {/api/user/getUserById/:id, GET} route {"context":"RouterExplorer","timestamp":"2025-04-29T06:48:25.719Z"}
info: Mapped {/api/user/add, POST} route {"context":"RouterExplorer","timestamp":"2025-04-29T06:48:25.720Z"}
info: Mapped {/api/user/edit/:id, PATCH} route {"context":"RouterExplorer","timestamp":"2025-04-29T06:48:25.721Z"}
info: Mapped {/api/user/delete/:id, DELETE} route {"context":"RouterExplorer","timestamp":"2025-04-29T06:48:25.722Z"}
info: Mapped {/api/user/profile/:id, GET} route {"context":"RouterExplorer","timestamp":"2025-04-29T06:48:25.723Z"}
info: RolesController {/api/roles}: {"context":"RoutesResolver","timestamp":"2025-04-29T06:48:25.723Z"}
info: Mapped {/api/roles/list, GET} route {"context":"RouterExplorer","timestamp":"2025-04-29T06:48:25.724Z"}
info: Mapped {/api/roles/add, POST} route {"context":"RouterExplorer","timestamp":"2025-04-29T06:48:25.726Z"}
info: Mapped {/api/roles/delete/:id, DELETE} route {"context":"RouterExplorer","timestamp":"2025-04-29T06:48:25.727Z"}
info: Mapped {/api/roles/edit/:id, PATCH} route {"context":"RouterExplorer","timestamp":"2025-04-29T06:48:25.727Z"}
info: Nest application successfully started {"context":"NestApplication","timestamp":"2025-04-29T06:48:25.730Z"}
error: 捕获异常:  {"stack":[{"body":{"description":"21","name":"12"},"error":"未知错误","exception":"QueryFailedError","headers":{"accept":"application/json, text/plain, */*","accept-encoding":"gzip, deflate, br, zstd","accept-language":"zh-CN,zh;q=0.9","authorization":"Bearer Token-gpsp","cache-control":"no-cache","connection":"close","content-length":"32","content-type":"application/json;charset=UTF-8","cookie":"Hm_lvt_e8002ef3d9e0d8274b5b74cc4a027d08=1726305348,1726365637,1726824950,1727059511; adminer_permanent=; adminer_settings=vendor-server-db%3DMySQL%26vendor-db%3DMySQL; userId=625","host":"localhost:3000","origin":"http://localhost:9001","pragma":"no-cache","referer":"http://localhost:9001/roles","sec-ch-ua":"\"Google Chrome\";v=\"135\", \"Not-A.Brand\";v=\"8\", \"Chromium\";v=\"135\"","sec-ch-ua-mobile":"?0","sec-ch-ua-platform":"\"Windows\"","sec-fetch-dest":"empty","sec-fetch-mode":"cors","sec-fetch-site":"same-origin","user-agent":"Mozilla/5.0 (Windows NT 10.0; Win64; x64) AppleWebKit/537.36 (KHTML, like Gecko) Chrome/135.0.0.0 Safari/537.36"},"ip":"::1","message":"Field 'id' doesn't have a default value","status":500,"timestamp":"2025-04-29T06:48:27.582Z"}],"timestamp":"2025-04-29T06:48:27.585Z"}
info: LogsController {/api/logs}: {"context":"RoutesResolver","timestamp":"2025-04-29T06:48:36.906Z"}
info: Mapped {/api/logs/logsByGroup/:id, GET} route {"context":"RouterExplorer","timestamp":"2025-04-29T06:48:36.910Z"}
info: UserController {/api/user}: {"context":"RoutesResolver","timestamp":"2025-04-29T06:48:36.911Z"}
info: Mapped {/api/user/list, GET} route {"context":"RouterExplorer","timestamp":"2025-04-29T06:48:36.912Z"}
info: Mapped {/api/user/getUserById/:id, GET} route {"context":"RouterExplorer","timestamp":"2025-04-29T06:48:36.913Z"}
info: Mapped {/api/user/add, POST} route {"context":"RouterExplorer","timestamp":"2025-04-29T06:48:36.914Z"}
info: Mapped {/api/user/edit/:id, PATCH} route {"context":"RouterExplorer","timestamp":"2025-04-29T06:48:36.914Z"}
info: Mapped {/api/user/delete/:id, DELETE} route {"context":"RouterExplorer","timestamp":"2025-04-29T06:48:36.915Z"}
info: Mapped {/api/user/profile/:id, GET} route {"context":"RouterExplorer","timestamp":"2025-04-29T06:48:36.916Z"}
info: RolesController {/api/roles}: {"context":"RoutesResolver","timestamp":"2025-04-29T06:48:36.916Z"}
info: Mapped {/api/roles/list, GET} route {"context":"RouterExplorer","timestamp":"2025-04-29T06:48:36.917Z"}
info: Mapped {/api/roles/add, POST} route {"context":"RouterExplorer","timestamp":"2025-04-29T06:48:36.918Z"}
info: Mapped {/api/roles/delete/:id, DELETE} route {"context":"RouterExplorer","timestamp":"2025-04-29T06:48:36.918Z"}
info: Mapped {/api/roles/edit/:id, PATCH} route {"context":"RouterExplorer","timestamp":"2025-04-29T06:48:36.919Z"}
info: Nest application successfully started {"context":"NestApplication","timestamp":"2025-04-29T06:48:36.921Z"}
error: 捕获异常:  {"stack":[{"body":{"description":"21","name":"12"},"error":"未知错误","exception":"QueryFailedError","headers":{"accept":"application/json, text/plain, */*","accept-encoding":"gzip, deflate, br, zstd","accept-language":"zh-CN,zh;q=0.9","authorization":"Bearer Token-gpsp","cache-control":"no-cache","connection":"close","content-length":"32","content-type":"application/json;charset=UTF-8","cookie":"Hm_lvt_e8002ef3d9e0d8274b5b74cc4a027d08=1726305348,1726365637,1726824950,1727059511; adminer_permanent=; adminer_settings=vendor-server-db%3DMySQL%26vendor-db%3DMySQL; userId=625","host":"localhost:3000","origin":"http://localhost:9001","pragma":"no-cache","referer":"http://localhost:9001/roles","sec-ch-ua":"\"Google Chrome\";v=\"135\", \"Not-A.Brand\";v=\"8\", \"Chromium\";v=\"135\"","sec-ch-ua-mobile":"?0","sec-ch-ua-platform":"\"Windows\"","sec-fetch-dest":"empty","sec-fetch-mode":"cors","sec-fetch-site":"same-origin","user-agent":"Mozilla/5.0 (Windows NT 10.0; Win64; x64) AppleWebKit/537.36 (KHTML, like Gecko) Chrome/135.0.0.0 Safari/537.36"},"ip":"::1","message":"Field 'id' doesn't have a default value","status":500,"timestamp":"2025-04-29T06:48:41.214Z"}],"timestamp":"2025-04-29T06:48:41.217Z"}
info: LogsController {/api/logs}: {"context":"RoutesResolver","timestamp":"2025-04-29T06:49:16.723Z"}
info: Mapped {/api/logs/logsByGroup/:id, GET} route {"context":"RouterExplorer","timestamp":"2025-04-29T06:49:16.726Z"}
info: UserController {/api/user}: {"context":"RoutesResolver","timestamp":"2025-04-29T06:49:16.726Z"}
info: Mapped {/api/user/list, GET} route {"context":"RouterExplorer","timestamp":"2025-04-29T06:49:16.727Z"}
info: Mapped {/api/user/getUserById/:id, GET} route {"context":"RouterExplorer","timestamp":"2025-04-29T06:49:16.728Z"}
info: Mapped {/api/user/add, POST} route {"context":"RouterExplorer","timestamp":"2025-04-29T06:49:16.729Z"}
info: Mapped {/api/user/edit/:id, PATCH} route {"context":"RouterExplorer","timestamp":"2025-04-29T06:49:16.730Z"}
info: Mapped {/api/user/delete/:id, DELETE} route {"context":"RouterExplorer","timestamp":"2025-04-29T06:49:16.730Z"}
info: Mapped {/api/user/profile/:id, GET} route {"context":"RouterExplorer","timestamp":"2025-04-29T06:49:16.731Z"}
info: RolesController {/api/roles}: {"context":"RoutesResolver","timestamp":"2025-04-29T06:49:16.731Z"}
info: Mapped {/api/roles/list, GET} route {"context":"RouterExplorer","timestamp":"2025-04-29T06:49:16.732Z"}
info: Mapped {/api/roles/add, POST} route {"context":"RouterExplorer","timestamp":"2025-04-29T06:49:16.733Z"}
info: Mapped {/api/roles/delete/:id, DELETE} route {"context":"RouterExplorer","timestamp":"2025-04-29T06:49:16.733Z"}
info: Mapped {/api/roles/edit/:id, PATCH} route {"context":"RouterExplorer","timestamp":"2025-04-29T06:49:16.734Z"}
info: Nest application successfully started {"context":"NestApplication","timestamp":"2025-04-29T06:49:16.736Z"}
error: 捕获异常:  {"stack":[{"body":{"description":"221","name":"21"},"error":"未知错误","exception":"QueryFailedError","headers":{"accept":"application/json, text/plain, */*","accept-encoding":"gzip, deflate, br, zstd","accept-language":"zh-CN,zh;q=0.9","authorization":"Bearer Token-gpsp","cache-control":"no-cache","connection":"close","content-length":"33","content-type":"application/json;charset=UTF-8","cookie":"Hm_lvt_e8002ef3d9e0d8274b5b74cc4a027d08=1726305348,1726365637,1726824950,1727059511; adminer_permanent=; adminer_settings=vendor-server-db%3DMySQL%26vendor-db%3DMySQL; userId=625","host":"localhost:3000","origin":"http://localhost:9001","pragma":"no-cache","referer":"http://localhost:9001/roles","sec-ch-ua":"\"Google Chrome\";v=\"135\", \"Not-A.Brand\";v=\"8\", \"Chromium\";v=\"135\"","sec-ch-ua-mobile":"?0","sec-ch-ua-platform":"\"Windows\"","sec-fetch-dest":"empty","sec-fetch-mode":"cors","sec-fetch-site":"same-origin","user-agent":"Mozilla/5.0 (Windows NT 10.0; Win64; x64) AppleWebKit/537.36 (KHTML, like Gecko) Chrome/135.0.0.0 Safari/537.36"},"ip":"::1","message":"Field 'id' doesn't have a default value","status":500,"timestamp":"2025-04-29T06:50:22.598Z"}],"timestamp":"2025-04-29T06:50:22.601Z"}
info: LogsController {/api/logs}: {"context":"RoutesResolver","timestamp":"2025-04-29T06:51:23.983Z"}
info: Mapped {/api/logs/logsByGroup/:id, GET} route {"context":"RouterExplorer","timestamp":"2025-04-29T06:51:23.987Z"}
info: UserController {/api/user}: {"context":"RoutesResolver","timestamp":"2025-04-29T06:51:23.987Z"}
info: Mapped {/api/user/list, GET} route {"context":"RouterExplorer","timestamp":"2025-04-29T06:51:23.988Z"}
info: Mapped {/api/user/getUserById/:id, GET} route {"context":"RouterExplorer","timestamp":"2025-04-29T06:51:23.989Z"}
info: Mapped {/api/user/add, POST} route {"context":"RouterExplorer","timestamp":"2025-04-29T06:51:23.990Z"}
info: Mapped {/api/user/edit/:id, PATCH} route {"context":"RouterExplorer","timestamp":"2025-04-29T06:51:23.991Z"}
info: Mapped {/api/user/delete/:id, DELETE} route {"context":"RouterExplorer","timestamp":"2025-04-29T06:51:23.992Z"}
info: Mapped {/api/user/profile/:id, GET} route {"context":"RouterExplorer","timestamp":"2025-04-29T06:51:23.992Z"}
info: RolesController {/api/roles}: {"context":"RoutesResolver","timestamp":"2025-04-29T06:51:23.993Z"}
info: Mapped {/api/roles/list, GET} route {"context":"RouterExplorer","timestamp":"2025-04-29T06:51:23.994Z"}
info: Mapped {/api/roles/add, POST} route {"context":"RouterExplorer","timestamp":"2025-04-29T06:51:23.995Z"}
info: Mapped {/api/roles/delete/:id, DELETE} route {"context":"RouterExplorer","timestamp":"2025-04-29T06:51:23.995Z"}
info: Mapped {/api/roles/edit/:id, PATCH} route {"context":"RouterExplorer","timestamp":"2025-04-29T06:51:23.996Z"}
info: Nest application successfully started {"context":"NestApplication","timestamp":"2025-04-29T06:51:23.999Z"}
info: LogsController {/api/logs}: {"context":"RoutesResolver","timestamp":"2025-04-29T06:52:39.880Z"}
info: Mapped {/api/logs/logsByGroup/:id, GET} route {"context":"RouterExplorer","timestamp":"2025-04-29T06:52:39.883Z"}
info: UserController {/api/user}: {"context":"RoutesResolver","timestamp":"2025-04-29T06:52:39.884Z"}
info: Mapped {/api/user/list, GET} route {"context":"RouterExplorer","timestamp":"2025-04-29T06:52:39.884Z"}
info: Mapped {/api/user/getUserById/:id, GET} route {"context":"RouterExplorer","timestamp":"2025-04-29T06:52:39.885Z"}
info: Mapped {/api/user/add, POST} route {"context":"RouterExplorer","timestamp":"2025-04-29T06:52:39.886Z"}
info: Mapped {/api/user/edit/:id, PATCH} route {"context":"RouterExplorer","timestamp":"2025-04-29T06:52:39.886Z"}
info: Mapped {/api/user/delete/:id, DELETE} route {"context":"RouterExplorer","timestamp":"2025-04-29T06:52:39.887Z"}
info: Mapped {/api/user/profile/:id, GET} route {"context":"RouterExplorer","timestamp":"2025-04-29T06:52:39.888Z"}
info: RolesController {/api/roles}: {"context":"RoutesResolver","timestamp":"2025-04-29T06:52:39.888Z"}
info: Mapped {/api/roles/list, GET} route {"context":"RouterExplorer","timestamp":"2025-04-29T06:52:39.889Z"}
info: Mapped {/api/roles/add, POST} route {"context":"RouterExplorer","timestamp":"2025-04-29T06:52:39.889Z"}
info: Mapped {/api/roles/delete/:id, DELETE} route {"context":"RouterExplorer","timestamp":"2025-04-29T06:52:39.890Z"}
info: Mapped {/api/roles/edit/:id, PATCH} route {"context":"RouterExplorer","timestamp":"2025-04-29T06:52:39.891Z"}
info: Nest application successfully started {"context":"NestApplication","timestamp":"2025-04-29T06:52:39.893Z"}
error: 捕获异常:  {"stack":[{"body":{"description":"超级管理员cs","name":"超级管理员"},"error":"未知错误","exception":"Error","headers":{"accept":"application/json, text/plain, */*","accept-encoding":"gzip, deflate, br, zstd","accept-language":"zh-CN,zh;q=0.9","authorization":"Bearer Token-gpsp","cache-control":"no-cache","connection":"close","content-length":"60","content-type":"application/json;charset=UTF-8","cookie":"Hm_lvt_e8002ef3d9e0d8274b5b74cc4a027d08=1726305348,1726365637,1726824950,1727059511; adminer_permanent=; adminer_settings=vendor-server-db%3DMySQL%26vendor-db%3DMySQL; userId=625","host":"localhost:3000","origin":"http://localhost:9001","pragma":"no-cache","referer":"http://localhost:9001/roles","sec-ch-ua":"\"Google Chrome\";v=\"135\", \"Not-A.Brand\";v=\"8\", \"Chromium\";v=\"135\"","sec-ch-ua-mobile":"?0","sec-ch-ua-platform":"\"Windows\"","sec-fetch-dest":"empty","sec-fetch-mode":"cors","sec-fetch-site":"same-origin","user-agent":"Mozilla/5.0 (Windows NT 10.0; Win64; x64) AppleWebKit/537.36 (KHTML, like Gecko) Chrome/135.0.0.0 Safari/537.36"},"ip":"::1","message":"Role not found","status":500,"timestamp":"2025-04-29T06:53:36.896Z"}],"timestamp":"2025-04-29T06:53:36.899Z"}
info: LogsController {/api/logs}: {"context":"RoutesResolver","timestamp":"2025-04-29T06:56:02.140Z"}
info: Mapped {/api/logs/logsByGroup/:id, GET} route {"context":"RouterExplorer","timestamp":"2025-04-29T06:56:02.144Z"}
info: UserController {/api/user}: {"context":"RoutesResolver","timestamp":"2025-04-29T06:56:02.144Z"}
info: Mapped {/api/user/list, GET} route {"context":"RouterExplorer","timestamp":"2025-04-29T06:56:02.145Z"}
info: Mapped {/api/user/getUserById/:id, GET} route {"context":"RouterExplorer","timestamp":"2025-04-29T06:56:02.146Z"}
info: Mapped {/api/user/add, POST} route {"context":"RouterExplorer","timestamp":"2025-04-29T06:56:02.147Z"}
info: Mapped {/api/user/edit/:id, PATCH} route {"context":"RouterExplorer","timestamp":"2025-04-29T06:56:02.147Z"}
info: Mapped {/api/user/delete/:id, DELETE} route {"context":"RouterExplorer","timestamp":"2025-04-29T06:56:02.148Z"}
info: Mapped {/api/user/profile/:id, GET} route {"context":"RouterExplorer","timestamp":"2025-04-29T06:56:02.148Z"}
info: RolesController {/api/roles}: {"context":"RoutesResolver","timestamp":"2025-04-29T06:56:02.149Z"}
info: Mapped {/api/roles/list, GET} route {"context":"RouterExplorer","timestamp":"2025-04-29T06:56:02.149Z"}
info: Mapped {/api/roles/add, POST} route {"context":"RouterExplorer","timestamp":"2025-04-29T06:56:02.150Z"}
info: Mapped {/api/roles/delete/:id, DELETE} route {"context":"RouterExplorer","timestamp":"2025-04-29T06:56:02.151Z"}
info: Mapped {/api/roles/edit/:id, PATCH} route {"context":"RouterExplorer","timestamp":"2025-04-29T06:56:02.151Z"}
info: Nest application successfully started {"context":"NestApplication","timestamp":"2025-04-29T06:56:02.153Z"}
info: LogsController {/api/logs}: {"context":"RoutesResolver","timestamp":"2025-04-29T06:56:28.675Z"}
info: Mapped {/api/logs/logsByGroup/:id, GET} route {"context":"RouterExplorer","timestamp":"2025-04-29T06:56:28.679Z"}
info: UserController {/api/user}: {"context":"RoutesResolver","timestamp":"2025-04-29T06:56:28.679Z"}
info: Mapped {/api/user/list, GET} route {"context":"RouterExplorer","timestamp":"2025-04-29T06:56:28.680Z"}
info: Mapped {/api/user/getUserById/:id, GET} route {"context":"RouterExplorer","timestamp":"2025-04-29T06:56:28.680Z"}
info: Mapped {/api/user/add, POST} route {"context":"RouterExplorer","timestamp":"2025-04-29T06:56:28.681Z"}
info: Mapped {/api/user/edit/:id, PATCH} route {"context":"RouterExplorer","timestamp":"2025-04-29T06:56:28.682Z"}
info: Mapped {/api/user/delete/:id, DELETE} route {"context":"RouterExplorer","timestamp":"2025-04-29T06:56:28.682Z"}
info: Mapped {/api/user/profile/:id, GET} route {"context":"RouterExplorer","timestamp":"2025-04-29T06:56:28.683Z"}
info: RolesController {/api/roles}: {"context":"RoutesResolver","timestamp":"2025-04-29T06:56:28.683Z"}
info: Mapped {/api/roles/list, GET} route {"context":"RouterExplorer","timestamp":"2025-04-29T06:56:28.684Z"}
info: Mapped {/api/roles/add, POST} route {"context":"RouterExplorer","timestamp":"2025-04-29T06:56:28.684Z"}
info: Mapped {/api/roles/delete/:id, DELETE} route {"context":"RouterExplorer","timestamp":"2025-04-29T06:56:28.685Z"}
info: Mapped {/api/roles/edit/:id, PATCH} route {"context":"RouterExplorer","timestamp":"2025-04-29T06:56:28.685Z"}
info: Nest application successfully started {"context":"NestApplication","timestamp":"2025-04-29T06:56:28.687Z"}
info: LogsController {/api/logs}: {"context":"RoutesResolver","timestamp":"2025-04-29T06:56:42.905Z"}
info: Mapped {/api/logs/logsByGroup/:id, GET} route {"context":"RouterExplorer","timestamp":"2025-04-29T06:56:42.910Z"}
info: UserController {/api/user}: {"context":"RoutesResolver","timestamp":"2025-04-29T06:56:42.910Z"}
info: Mapped {/api/user/list, GET} route {"context":"RouterExplorer","timestamp":"2025-04-29T06:56:42.911Z"}
info: Mapped {/api/user/getUserById/:id, GET} route {"context":"RouterExplorer","timestamp":"2025-04-29T06:56:42.912Z"}
info: Mapped {/api/user/add, POST} route {"context":"RouterExplorer","timestamp":"2025-04-29T06:56:42.913Z"}
info: Mapped {/api/user/edit/:id, PATCH} route {"context":"RouterExplorer","timestamp":"2025-04-29T06:56:42.914Z"}
info: Mapped {/api/user/delete/:id, DELETE} route {"context":"RouterExplorer","timestamp":"2025-04-29T06:56:42.915Z"}
info: Mapped {/api/user/profile/:id, GET} route {"context":"RouterExplorer","timestamp":"2025-04-29T06:56:42.915Z"}
info: RolesController {/api/roles}: {"context":"RoutesResolver","timestamp":"2025-04-29T06:56:42.916Z"}
info: Mapped {/api/roles/list, GET} route {"context":"RouterExplorer","timestamp":"2025-04-29T06:56:42.917Z"}
info: Mapped {/api/roles/add, POST} route {"context":"RouterExplorer","timestamp":"2025-04-29T06:56:42.918Z"}
info: Mapped {/api/roles/delete/:id, DELETE} route {"context":"RouterExplorer","timestamp":"2025-04-29T06:56:42.918Z"}
info: Mapped {/api/roles/edit/:id, PATCH} route {"context":"RouterExplorer","timestamp":"2025-04-29T06:56:42.919Z"}
info: Nest application successfully started {"context":"NestApplication","timestamp":"2025-04-29T06:56:42.921Z"}
info: LogsController {/api/logs}: {"context":"RoutesResolver","timestamp":"2025-04-29T06:59:19.236Z"}
info: Mapped {/api/logs/logsByGroup/:id, GET} route {"context":"RouterExplorer","timestamp":"2025-04-29T06:59:19.240Z"}
info: UserController {/api/user}: {"context":"RoutesResolver","timestamp":"2025-04-29T06:59:19.240Z"}
info: Mapped {/api/user/list, GET} route {"context":"RouterExplorer","timestamp":"2025-04-29T06:59:19.241Z"}
info: Mapped {/api/user/getUserById/:id, GET} route {"context":"RouterExplorer","timestamp":"2025-04-29T06:59:19.242Z"}
info: Mapped {/api/user/add, POST} route {"context":"RouterExplorer","timestamp":"2025-04-29T06:59:19.243Z"}
info: Mapped {/api/user/edit/:id, PATCH} route {"context":"RouterExplorer","timestamp":"2025-04-29T06:59:19.244Z"}
info: Mapped {/api/user/delete/:id, DELETE} route {"context":"RouterExplorer","timestamp":"2025-04-29T06:59:19.245Z"}
info: Mapped {/api/user/profile/:id, GET} route {"context":"RouterExplorer","timestamp":"2025-04-29T06:59:19.245Z"}
info: RolesController {/api/roles}: {"context":"RoutesResolver","timestamp":"2025-04-29T06:59:19.246Z"}
info: Mapped {/api/roles/list, GET} route {"context":"RouterExplorer","timestamp":"2025-04-29T06:59:19.246Z"}
info: Mapped {/api/roles/add, POST} route {"context":"RouterExplorer","timestamp":"2025-04-29T06:59:19.247Z"}
info: Mapped {/api/roles/delete/:id, DELETE} route {"context":"RouterExplorer","timestamp":"2025-04-29T06:59:19.248Z"}
info: Mapped {/api/roles/edit/:id, PATCH} route {"context":"RouterExplorer","timestamp":"2025-04-29T06:59:19.249Z"}
info: Nest application successfully started {"context":"NestApplication","timestamp":"2025-04-29T06:59:19.251Z"}
info: LogsController {/api/logs}: {"context":"RoutesResolver","timestamp":"2025-04-29T06:59:22.701Z"}
info: Mapped {/api/logs/logsByGroup/:id, GET} route {"context":"RouterExplorer","timestamp":"2025-04-29T06:59:22.706Z"}
info: UserController {/api/user}: {"context":"RoutesResolver","timestamp":"2025-04-29T06:59:22.707Z"}
info: Mapped {/api/user/list, GET} route {"context":"RouterExplorer","timestamp":"2025-04-29T06:59:22.708Z"}
info: Mapped {/api/user/getUserById/:id, GET} route {"context":"RouterExplorer","timestamp":"2025-04-29T06:59:22.709Z"}
info: Mapped {/api/user/add, POST} route {"context":"RouterExplorer","timestamp":"2025-04-29T06:59:22.709Z"}
info: Mapped {/api/user/edit/:id, PATCH} route {"context":"RouterExplorer","timestamp":"2025-04-29T06:59:22.710Z"}
info: Mapped {/api/user/delete/:id, DELETE} route {"context":"RouterExplorer","timestamp":"2025-04-29T06:59:22.711Z"}
info: Mapped {/api/user/profile/:id, GET} route {"context":"RouterExplorer","timestamp":"2025-04-29T06:59:22.712Z"}
info: RolesController {/api/roles}: {"context":"RoutesResolver","timestamp":"2025-04-29T06:59:22.712Z"}
info: Mapped {/api/roles/list, GET} route {"context":"RouterExplorer","timestamp":"2025-04-29T06:59:22.713Z"}
info: Mapped {/api/roles/add, POST} route {"context":"RouterExplorer","timestamp":"2025-04-29T06:59:22.714Z"}
info: Mapped {/api/roles/delete/:id, DELETE} route {"context":"RouterExplorer","timestamp":"2025-04-29T06:59:22.714Z"}
info: Mapped {/api/roles/edit/:id, PATCH} route {"context":"RouterExplorer","timestamp":"2025-04-29T06:59:22.715Z"}
info: Nest application successfully started {"context":"NestApplication","timestamp":"2025-04-29T06:59:22.718Z"}
info: LogsController {/api/logs}: {"context":"RoutesResolver","timestamp":"2025-04-29T06:59:43.626Z"}
info: Mapped {/api/logs/logsByGroup/:id, GET} route {"context":"RouterExplorer","timestamp":"2025-04-29T06:59:43.630Z"}
info: UserController {/api/user}: {"context":"RoutesResolver","timestamp":"2025-04-29T06:59:43.630Z"}
info: Mapped {/api/user/list, GET} route {"context":"RouterExplorer","timestamp":"2025-04-29T06:59:43.631Z"}
info: Mapped {/api/user/getUserById/:id, GET} route {"context":"RouterExplorer","timestamp":"2025-04-29T06:59:43.632Z"}
info: Mapped {/api/user/add, POST} route {"context":"RouterExplorer","timestamp":"2025-04-29T06:59:43.632Z"}
info: Mapped {/api/user/edit/:id, PATCH} route {"context":"RouterExplorer","timestamp":"2025-04-29T06:59:43.633Z"}
info: Mapped {/api/user/delete/:id, DELETE} route {"context":"RouterExplorer","timestamp":"2025-04-29T06:59:43.634Z"}
info: Mapped {/api/user/profile/:id, GET} route {"context":"RouterExplorer","timestamp":"2025-04-29T06:59:43.634Z"}
info: RolesController {/api/roles}: {"context":"RoutesResolver","timestamp":"2025-04-29T06:59:43.635Z"}
info: Mapped {/api/roles/list, GET} route {"context":"RouterExplorer","timestamp":"2025-04-29T06:59:43.635Z"}
info: Mapped {/api/roles/add, POST} route {"context":"RouterExplorer","timestamp":"2025-04-29T06:59:43.636Z"}
info: Mapped {/api/roles/delete/:id, DELETE} route {"context":"RouterExplorer","timestamp":"2025-04-29T06:59:43.636Z"}
info: Mapped {/api/roles/edit/:id, PATCH} route {"context":"RouterExplorer","timestamp":"2025-04-29T06:59:43.637Z"}
info: Nest application successfully started {"context":"NestApplication","timestamp":"2025-04-29T06:59:43.639Z"}
