info: LogsController {/api/logs}: {"context":"RoutesResolver","timestamp":"2025-05-12T09:10:16.103Z"}
info: Mapped {/api/logs/logsByGroup/:id, GET} route {"context":"RouterExplorer","timestamp":"2025-05-12T09:10:16.109Z"}
info: UserController {/api/user}: {"context":"RoutesResolver","timestamp":"2025-05-12T09:10:16.109Z"}
info: Mapped {/api/user/list, GET} route {"context":"RouterExplorer","timestamp":"2025-05-12T09:10:16.111Z"}
info: Mapped {/api/user/getUserById/:id, GET} route {"context":"RouterExplorer","timestamp":"2025-05-12T09:10:16.112Z"}
info: Mapped {/api/user/add, POST} route {"context":"RouterExplorer","timestamp":"2025-05-12T09:10:16.113Z"}
info: Mapped {/api/user/edit/:id, PATCH} route {"context":"RouterExplorer","timestamp":"2025-05-12T09:10:16.114Z"}
info: Mapped {/api/user/delete/:id, DELETE} route {"context":"RouterExplorer","timestamp":"2025-05-12T09:10:16.115Z"}
info: Mapped {/api/user/profile/:id, GET} route {"context":"RouterExplorer","timestamp":"2025-05-12T09:10:16.116Z"}
info: RolesController {/api/roles}: {"context":"RoutesResolver","timestamp":"2025-05-12T09:10:16.117Z"}
info: Mapped {/api/roles/list, GET} route {"context":"RouterExplorer","timestamp":"2025-05-12T09:10:16.117Z"}
info: Mapped {/api/roles/add, POST} route {"context":"RouterExplorer","timestamp":"2025-05-12T09:10:16.119Z"}
info: Mapped {/api/roles/getRoleById/:id, GET} route {"context":"RouterExplorer","timestamp":"2025-05-12T09:10:16.119Z"}
info: Mapped {/api/roles/edit/:id, PATCH} route {"context":"RouterExplorer","timestamp":"2025-05-12T09:10:16.120Z"}
info: Mapped {/api/roles/delete/:id, DELETE} route {"context":"RouterExplorer","timestamp":"2025-05-12T09:10:16.121Z"}
info: AuthController {/api/auth}: {"context":"RoutesResolver","timestamp":"2025-05-12T09:10:16.121Z"}
info: Mapped {/api/auth/signup, POST} route {"context":"RouterExplorer","timestamp":"2025-05-12T09:10:16.122Z"}
info: Mapped {/api/auth/signin, POST} route {"context":"RouterExplorer","timestamp":"2025-05-12T09:10:16.122Z"}
info: MenusController {/api/menus}: {"context":"RoutesResolver","timestamp":"2025-05-12T09:10:16.123Z"}
info: Mapped {/api/menus, POST} route {"context":"RouterExplorer","timestamp":"2025-05-12T09:10:16.123Z"}
info: Mapped {/api/menus, GET} route {"context":"RouterExplorer","timestamp":"2025-05-12T09:10:16.124Z"}
info: Mapped {/api/menus/:id, GET} route {"context":"RouterExplorer","timestamp":"2025-05-12T09:10:16.125Z"}
info: Mapped {/api/menus/:id, PATCH} route {"context":"RouterExplorer","timestamp":"2025-05-12T09:10:16.125Z"}
info: Mapped {/api/menus/:id, DELETE} route {"context":"RouterExplorer","timestamp":"2025-05-12T09:10:16.125Z"}
info: Nest application successfully started {"context":"NestApplication","timestamp":"2025-05-12T09:10:16.129Z"}
info: LogsController {/api/logs}: {"context":"RoutesResolver","timestamp":"2025-05-12T09:12:42.445Z"}
info: Mapped {/api/logs/logsByGroup/:id, GET} route {"context":"RouterExplorer","timestamp":"2025-05-12T09:12:42.449Z"}
info: UserController {/api/user}: {"context":"RoutesResolver","timestamp":"2025-05-12T09:12:42.449Z"}
info: Mapped {/api/user/list, GET} route {"context":"RouterExplorer","timestamp":"2025-05-12T09:12:42.450Z"}
info: Mapped {/api/user/getUserById/:id, GET} route {"context":"RouterExplorer","timestamp":"2025-05-12T09:12:42.451Z"}
info: Mapped {/api/user/add, POST} route {"context":"RouterExplorer","timestamp":"2025-05-12T09:12:42.451Z"}
info: Mapped {/api/user/edit/:id, PATCH} route {"context":"RouterExplorer","timestamp":"2025-05-12T09:12:42.452Z"}
info: Mapped {/api/user/delete/:id, DELETE} route {"context":"RouterExplorer","timestamp":"2025-05-12T09:12:42.453Z"}
info: Mapped {/api/user/profile/:id, GET} route {"context":"RouterExplorer","timestamp":"2025-05-12T09:12:42.453Z"}
info: RolesController {/api/roles}: {"context":"RoutesResolver","timestamp":"2025-05-12T09:12:42.454Z"}
info: Mapped {/api/roles/list, GET} route {"context":"RouterExplorer","timestamp":"2025-05-12T09:12:42.454Z"}
info: Mapped {/api/roles/add, POST} route {"context":"RouterExplorer","timestamp":"2025-05-12T09:12:42.455Z"}
info: Mapped {/api/roles/getRoleById/:id, GET} route {"context":"RouterExplorer","timestamp":"2025-05-12T09:12:42.455Z"}
info: Mapped {/api/roles/edit/:id, PATCH} route {"context":"RouterExplorer","timestamp":"2025-05-12T09:12:42.456Z"}
info: Mapped {/api/roles/delete/:id, DELETE} route {"context":"RouterExplorer","timestamp":"2025-05-12T09:12:42.456Z"}
info: AuthController {/api/auth}: {"context":"RoutesResolver","timestamp":"2025-05-12T09:12:42.457Z"}
info: Mapped {/api/auth/signup, POST} route {"context":"RouterExplorer","timestamp":"2025-05-12T09:12:42.457Z"}
info: Mapped {/api/auth/signin, POST} route {"context":"RouterExplorer","timestamp":"2025-05-12T09:12:42.457Z"}
info: MenusController {/api/menus}: {"context":"RoutesResolver","timestamp":"2025-05-12T09:12:42.457Z"}
info: Mapped {/api/menus, POST} route {"context":"RouterExplorer","timestamp":"2025-05-12T09:12:42.458Z"}
info: Mapped {/api/menus, GET} route {"context":"RouterExplorer","timestamp":"2025-05-12T09:12:42.458Z"}
info: Mapped {/api/menus/:id, GET} route {"context":"RouterExplorer","timestamp":"2025-05-12T09:12:42.459Z"}
info: Mapped {/api/menus/:id, PATCH} route {"context":"RouterExplorer","timestamp":"2025-05-12T09:12:42.459Z"}
info: Mapped {/api/menus/:id, DELETE} route {"context":"RouterExplorer","timestamp":"2025-05-12T09:12:42.459Z"}
info: Nest application successfully started {"context":"NestApplication","timestamp":"2025-05-12T09:12:42.461Z"}
info: LogsController {/api/logs}: {"context":"RoutesResolver","timestamp":"2025-05-12T09:14:02.691Z"}
info: Mapped {/api/logs/logsByGroup/:id, GET} route {"context":"RouterExplorer","timestamp":"2025-05-12T09:14:02.694Z"}
info: UserController {/api/user}: {"context":"RoutesResolver","timestamp":"2025-05-12T09:14:02.695Z"}
info: Mapped {/api/user/list, GET} route {"context":"RouterExplorer","timestamp":"2025-05-12T09:14:02.696Z"}
info: Mapped {/api/user/getUserById/:id, GET} route {"context":"RouterExplorer","timestamp":"2025-05-12T09:14:02.696Z"}
info: Mapped {/api/user/add, POST} route {"context":"RouterExplorer","timestamp":"2025-05-12T09:14:02.697Z"}
info: Mapped {/api/user/edit/:id, PATCH} route {"context":"RouterExplorer","timestamp":"2025-05-12T09:14:02.698Z"}
info: Mapped {/api/user/delete/:id, DELETE} route {"context":"RouterExplorer","timestamp":"2025-05-12T09:14:02.698Z"}
info: Mapped {/api/user/profile/:id, GET} route {"context":"RouterExplorer","timestamp":"2025-05-12T09:14:02.699Z"}
info: RolesController {/api/roles}: {"context":"RoutesResolver","timestamp":"2025-05-12T09:14:02.699Z"}
info: Mapped {/api/roles/list, GET} route {"context":"RouterExplorer","timestamp":"2025-05-12T09:14:02.700Z"}
info: Mapped {/api/roles/add, POST} route {"context":"RouterExplorer","timestamp":"2025-05-12T09:14:02.701Z"}
info: Mapped {/api/roles/getRoleById/:id, GET} route {"context":"RouterExplorer","timestamp":"2025-05-12T09:14:02.701Z"}
info: Mapped {/api/roles/edit/:id, PATCH} route {"context":"RouterExplorer","timestamp":"2025-05-12T09:14:02.702Z"}
info: Mapped {/api/roles/delete/:id, DELETE} route {"context":"RouterExplorer","timestamp":"2025-05-12T09:14:02.702Z"}
info: AuthController {/api/auth}: {"context":"RoutesResolver","timestamp":"2025-05-12T09:14:02.702Z"}
info: Mapped {/api/auth/signup, POST} route {"context":"RouterExplorer","timestamp":"2025-05-12T09:14:02.703Z"}
info: Mapped {/api/auth/signin, POST} route {"context":"RouterExplorer","timestamp":"2025-05-12T09:14:02.703Z"}
info: MenusController {/api/menus}: {"context":"RoutesResolver","timestamp":"2025-05-12T09:14:02.703Z"}
info: Mapped {/api/menus, POST} route {"context":"RouterExplorer","timestamp":"2025-05-12T09:14:02.704Z"}
info: Mapped {/api/menus, GET} route {"context":"RouterExplorer","timestamp":"2025-05-12T09:14:02.704Z"}
info: Mapped {/api/menus/:id, GET} route {"context":"RouterExplorer","timestamp":"2025-05-12T09:14:02.705Z"}
info: Mapped {/api/menus/:id, PATCH} route {"context":"RouterExplorer","timestamp":"2025-05-12T09:14:02.705Z"}
info: Mapped {/api/menus/:id, DELETE} route {"context":"RouterExplorer","timestamp":"2025-05-12T09:14:02.705Z"}
info: Nest application successfully started {"context":"NestApplication","timestamp":"2025-05-12T09:14:02.707Z"}
info: LogsController {/api/logs}: {"context":"RoutesResolver","timestamp":"2025-05-12T09:21:34.758Z"}
info: Mapped {/api/logs/logsByGroup/:id, GET} route {"context":"RouterExplorer","timestamp":"2025-05-12T09:21:34.761Z"}
info: UserController {/api/user}: {"context":"RoutesResolver","timestamp":"2025-05-12T09:21:34.762Z"}
info: Mapped {/api/user/list, GET} route {"context":"RouterExplorer","timestamp":"2025-05-12T09:21:34.763Z"}
info: Mapped {/api/user/getUserById/:id, GET} route {"context":"RouterExplorer","timestamp":"2025-05-12T09:21:34.763Z"}
info: Mapped {/api/user/add, POST} route {"context":"RouterExplorer","timestamp":"2025-05-12T09:21:34.764Z"}
info: Mapped {/api/user/edit/:id, PATCH} route {"context":"RouterExplorer","timestamp":"2025-05-12T09:21:34.765Z"}
info: Mapped {/api/user/delete/:id, DELETE} route {"context":"RouterExplorer","timestamp":"2025-05-12T09:21:34.766Z"}
info: Mapped {/api/user/profile/:id, GET} route {"context":"RouterExplorer","timestamp":"2025-05-12T09:21:34.766Z"}
info: RolesController {/api/roles}: {"context":"RoutesResolver","timestamp":"2025-05-12T09:21:34.767Z"}
info: Mapped {/api/roles/list, GET} route {"context":"RouterExplorer","timestamp":"2025-05-12T09:21:34.767Z"}
info: Mapped {/api/roles/add, POST} route {"context":"RouterExplorer","timestamp":"2025-05-12T09:21:34.768Z"}
info: Mapped {/api/roles/getRoleById/:id, GET} route {"context":"RouterExplorer","timestamp":"2025-05-12T09:21:34.769Z"}
info: Mapped {/api/roles/edit/:id, PATCH} route {"context":"RouterExplorer","timestamp":"2025-05-12T09:21:34.769Z"}
info: Mapped {/api/roles/delete/:id, DELETE} route {"context":"RouterExplorer","timestamp":"2025-05-12T09:21:34.769Z"}
info: AuthController {/api/auth}: {"context":"RoutesResolver","timestamp":"2025-05-12T09:21:34.770Z"}
info: Mapped {/api/auth/signup, POST} route {"context":"RouterExplorer","timestamp":"2025-05-12T09:21:34.770Z"}
info: Mapped {/api/auth/signin, POST} route {"context":"RouterExplorer","timestamp":"2025-05-12T09:21:34.771Z"}
info: MenusController {/api/menus}: {"context":"RoutesResolver","timestamp":"2025-05-12T09:21:34.771Z"}
info: Mapped {/api/menus, POST} route {"context":"RouterExplorer","timestamp":"2025-05-12T09:21:34.772Z"}
info: Mapped {/api/menus, GET} route {"context":"RouterExplorer","timestamp":"2025-05-12T09:21:34.772Z"}
info: Mapped {/api/menus/:id, GET} route {"context":"RouterExplorer","timestamp":"2025-05-12T09:21:34.773Z"}
info: Mapped {/api/menus/:id, PATCH} route {"context":"RouterExplorer","timestamp":"2025-05-12T09:21:34.773Z"}
info: Mapped {/api/menus/:id, DELETE} route {"context":"RouterExplorer","timestamp":"2025-05-12T09:21:34.773Z"}
info: Nest application successfully started {"context":"NestApplication","timestamp":"2025-05-12T09:21:34.776Z"}
info: LogsController {/api/logs}: {"context":"RoutesResolver","timestamp":"2025-05-12T09:26:21.382Z"}
info: Mapped {/api/logs/logsByGroup/:id, GET} route {"context":"RouterExplorer","timestamp":"2025-05-12T09:26:21.386Z"}
info: UserController {/api/user}: {"context":"RoutesResolver","timestamp":"2025-05-12T09:26:21.387Z"}
info: Mapped {/api/user/list, GET} route {"context":"RouterExplorer","timestamp":"2025-05-12T09:26:21.388Z"}
info: Mapped {/api/user/getUserById/:id, GET} route {"context":"RouterExplorer","timestamp":"2025-05-12T09:26:21.389Z"}
info: Mapped {/api/user/add, POST} route {"context":"RouterExplorer","timestamp":"2025-05-12T09:26:21.389Z"}
info: Mapped {/api/user/edit/:id, PATCH} route {"context":"RouterExplorer","timestamp":"2025-05-12T09:26:21.390Z"}
info: Mapped {/api/user/delete/:id, DELETE} route {"context":"RouterExplorer","timestamp":"2025-05-12T09:26:21.391Z"}
info: Mapped {/api/user/profile/:id, GET} route {"context":"RouterExplorer","timestamp":"2025-05-12T09:26:21.391Z"}
info: RolesController {/api/roles}: {"context":"RoutesResolver","timestamp":"2025-05-12T09:26:21.392Z"}
info: Mapped {/api/roles/list, GET} route {"context":"RouterExplorer","timestamp":"2025-05-12T09:26:21.393Z"}
info: Mapped {/api/roles/add, POST} route {"context":"RouterExplorer","timestamp":"2025-05-12T09:26:21.393Z"}
info: Mapped {/api/roles/getRoleById/:id, GET} route {"context":"RouterExplorer","timestamp":"2025-05-12T09:26:21.394Z"}
info: Mapped {/api/roles/edit/:id, PATCH} route {"context":"RouterExplorer","timestamp":"2025-05-12T09:26:21.395Z"}
info: Mapped {/api/roles/delete/:id, DELETE} route {"context":"RouterExplorer","timestamp":"2025-05-12T09:26:21.395Z"}
info: AuthController {/api/auth}: {"context":"RoutesResolver","timestamp":"2025-05-12T09:26:21.395Z"}
info: Mapped {/api/auth/signup, POST} route {"context":"RouterExplorer","timestamp":"2025-05-12T09:26:21.396Z"}
info: Mapped {/api/auth/signin, POST} route {"context":"RouterExplorer","timestamp":"2025-05-12T09:26:21.396Z"}
info: MenusController {/api/menus}: {"context":"RoutesResolver","timestamp":"2025-05-12T09:26:21.396Z"}
info: Mapped {/api/menus, POST} route {"context":"RouterExplorer","timestamp":"2025-05-12T09:26:21.397Z"}
info: Mapped {/api/menus, GET} route {"context":"RouterExplorer","timestamp":"2025-05-12T09:26:21.397Z"}
info: Mapped {/api/menus/:id, GET} route {"context":"RouterExplorer","timestamp":"2025-05-12T09:26:21.398Z"}
info: Mapped {/api/menus/:id, PATCH} route {"context":"RouterExplorer","timestamp":"2025-05-12T09:26:21.398Z"}
info: Mapped {/api/menus/:id, DELETE} route {"context":"RouterExplorer","timestamp":"2025-05-12T09:26:21.399Z"}
info: Nest application successfully started {"context":"NestApplication","timestamp":"2025-05-12T09:26:21.401Z"}
info: LogsController {/api/logs}: {"context":"RoutesResolver","timestamp":"2025-05-12T09:28:06.786Z"}
info: Mapped {/api/logs/logsByGroup/:id, GET} route {"context":"RouterExplorer","timestamp":"2025-05-12T09:28:06.791Z"}
info: UserController {/api/user}: {"context":"RoutesResolver","timestamp":"2025-05-12T09:28:06.791Z"}
info: Mapped {/api/user/list, GET} route {"context":"RouterExplorer","timestamp":"2025-05-12T09:28:06.792Z"}
info: Mapped {/api/user/getUserById/:id, GET} route {"context":"RouterExplorer","timestamp":"2025-05-12T09:28:06.793Z"}
info: Mapped {/api/user/add, POST} route {"context":"RouterExplorer","timestamp":"2025-05-12T09:28:06.794Z"}
info: Mapped {/api/user/edit/:id, PATCH} route {"context":"RouterExplorer","timestamp":"2025-05-12T09:28:06.795Z"}
info: Mapped {/api/user/delete/:id, DELETE} route {"context":"RouterExplorer","timestamp":"2025-05-12T09:28:06.795Z"}
info: Mapped {/api/user/profile/:id, GET} route {"context":"RouterExplorer","timestamp":"2025-05-12T09:28:06.796Z"}
info: RolesController {/api/roles}: {"context":"RoutesResolver","timestamp":"2025-05-12T09:28:06.797Z"}
info: Mapped {/api/roles/list, GET} route {"context":"RouterExplorer","timestamp":"2025-05-12T09:28:06.797Z"}
info: Mapped {/api/roles/add, POST} route {"context":"RouterExplorer","timestamp":"2025-05-12T09:28:06.798Z"}
info: Mapped {/api/roles/getRoleById/:id, GET} route {"context":"RouterExplorer","timestamp":"2025-05-12T09:28:06.799Z"}
info: Mapped {/api/roles/edit/:id, PATCH} route {"context":"RouterExplorer","timestamp":"2025-05-12T09:28:06.799Z"}
info: Mapped {/api/roles/delete/:id, DELETE} route {"context":"RouterExplorer","timestamp":"2025-05-12T09:28:06.800Z"}
info: AuthController {/api/auth}: {"context":"RoutesResolver","timestamp":"2025-05-12T09:28:06.800Z"}
info: Mapped {/api/auth/signup, POST} route {"context":"RouterExplorer","timestamp":"2025-05-12T09:28:06.800Z"}
info: Mapped {/api/auth/signin, POST} route {"context":"RouterExplorer","timestamp":"2025-05-12T09:28:06.801Z"}
info: MenusController {/api/menus}: {"context":"RoutesResolver","timestamp":"2025-05-12T09:28:06.801Z"}
info: Mapped {/api/menus, POST} route {"context":"RouterExplorer","timestamp":"2025-05-12T09:28:06.801Z"}
info: Mapped {/api/menus, GET} route {"context":"RouterExplorer","timestamp":"2025-05-12T09:28:06.802Z"}
info: Mapped {/api/menus/:id, GET} route {"context":"RouterExplorer","timestamp":"2025-05-12T09:28:06.802Z"}
info: Mapped {/api/menus/:id, PATCH} route {"context":"RouterExplorer","timestamp":"2025-05-12T09:28:06.802Z"}
info: Mapped {/api/menus/:id, DELETE} route {"context":"RouterExplorer","timestamp":"2025-05-12T09:28:06.803Z"}
info: Nest application successfully started {"context":"NestApplication","timestamp":"2025-05-12T09:28:06.805Z"}
info: LogsController {/api/logs}: {"context":"RoutesResolver","timestamp":"2025-05-12T09:28:30.018Z"}
info: Mapped {/api/logs/logsByGroup/:id, GET} route {"context":"RouterExplorer","timestamp":"2025-05-12T09:28:30.022Z"}
info: UserController {/api/user}: {"context":"RoutesResolver","timestamp":"2025-05-12T09:28:30.023Z"}
info: Mapped {/api/user/list, GET} route {"context":"RouterExplorer","timestamp":"2025-05-12T09:28:30.024Z"}
info: Mapped {/api/user/getUserById/:id, GET} route {"context":"RouterExplorer","timestamp":"2025-05-12T09:28:30.025Z"}
info: Mapped {/api/user/add, POST} route {"context":"RouterExplorer","timestamp":"2025-05-12T09:28:30.026Z"}
info: Mapped {/api/user/edit/:id, PATCH} route {"context":"RouterExplorer","timestamp":"2025-05-12T09:28:30.027Z"}
info: Mapped {/api/user/delete/:id, DELETE} route {"context":"RouterExplorer","timestamp":"2025-05-12T09:28:30.027Z"}
info: Mapped {/api/user/profile/:id, GET} route {"context":"RouterExplorer","timestamp":"2025-05-12T09:28:30.028Z"}
info: RolesController {/api/roles}: {"context":"RoutesResolver","timestamp":"2025-05-12T09:28:30.029Z"}
info: Mapped {/api/roles/list, GET} route {"context":"RouterExplorer","timestamp":"2025-05-12T09:28:30.030Z"}
info: Mapped {/api/roles/add, POST} route {"context":"RouterExplorer","timestamp":"2025-05-12T09:28:30.031Z"}
info: Mapped {/api/roles/getRoleById/:id, GET} route {"context":"RouterExplorer","timestamp":"2025-05-12T09:28:30.031Z"}
info: Mapped {/api/roles/edit/:id, PATCH} route {"context":"RouterExplorer","timestamp":"2025-05-12T09:28:30.032Z"}
info: Mapped {/api/roles/delete/:id, DELETE} route {"context":"RouterExplorer","timestamp":"2025-05-12T09:28:30.033Z"}
info: AuthController {/api/auth}: {"context":"RoutesResolver","timestamp":"2025-05-12T09:28:30.033Z"}
info: Mapped {/api/auth/signup, POST} route {"context":"RouterExplorer","timestamp":"2025-05-12T09:28:30.034Z"}
info: Mapped {/api/auth/signin, POST} route {"context":"RouterExplorer","timestamp":"2025-05-12T09:28:30.035Z"}
info: MenusController {/api/menus}: {"context":"RoutesResolver","timestamp":"2025-05-12T09:28:30.035Z"}
info: Mapped {/api/menus, POST} route {"context":"RouterExplorer","timestamp":"2025-05-12T09:28:30.036Z"}
info: Mapped {/api/menus, GET} route {"context":"RouterExplorer","timestamp":"2025-05-12T09:28:30.036Z"}
info: Mapped {/api/menus/:id, GET} route {"context":"RouterExplorer","timestamp":"2025-05-12T09:28:30.037Z"}
info: Mapped {/api/menus/:id, PATCH} route {"context":"RouterExplorer","timestamp":"2025-05-12T09:28:30.037Z"}
info: Mapped {/api/menus/:id, DELETE} route {"context":"RouterExplorer","timestamp":"2025-05-12T09:28:30.038Z"}
info: Nest application successfully started {"context":"NestApplication","timestamp":"2025-05-12T09:28:30.040Z"}
info: LogsController {/api/logs}: {"context":"RoutesResolver","timestamp":"2025-05-12T09:28:40.371Z"}
info: Mapped {/api/logs/logsByGroup/:id, GET} route {"context":"RouterExplorer","timestamp":"2025-05-12T09:28:40.375Z"}
info: UserController {/api/user}: {"context":"RoutesResolver","timestamp":"2025-05-12T09:28:40.376Z"}
info: Mapped {/api/user/list, GET} route {"context":"RouterExplorer","timestamp":"2025-05-12T09:28:40.377Z"}
info: Mapped {/api/user/getUserById/:id, GET} route {"context":"RouterExplorer","timestamp":"2025-05-12T09:28:40.378Z"}
info: Mapped {/api/user/add, POST} route {"context":"RouterExplorer","timestamp":"2025-05-12T09:28:40.379Z"}
info: Mapped {/api/user/edit/:id, PATCH} route {"context":"RouterExplorer","timestamp":"2025-05-12T09:28:40.380Z"}
info: Mapped {/api/user/delete/:id, DELETE} route {"context":"RouterExplorer","timestamp":"2025-05-12T09:28:40.381Z"}
info: Mapped {/api/user/profile/:id, GET} route {"context":"RouterExplorer","timestamp":"2025-05-12T09:28:40.382Z"}
info: RolesController {/api/roles}: {"context":"RoutesResolver","timestamp":"2025-05-12T09:28:40.382Z"}
info: Mapped {/api/roles/list, GET} route {"context":"RouterExplorer","timestamp":"2025-05-12T09:28:40.383Z"}
info: Mapped {/api/roles/add, POST} route {"context":"RouterExplorer","timestamp":"2025-05-12T09:28:40.384Z"}
info: Mapped {/api/roles/getRoleById/:id, GET} route {"context":"RouterExplorer","timestamp":"2025-05-12T09:28:40.385Z"}
info: Mapped {/api/roles/edit/:id, PATCH} route {"context":"RouterExplorer","timestamp":"2025-05-12T09:28:40.385Z"}
info: Mapped {/api/roles/delete/:id, DELETE} route {"context":"RouterExplorer","timestamp":"2025-05-12T09:28:40.386Z"}
info: AuthController {/api/auth}: {"context":"RoutesResolver","timestamp":"2025-05-12T09:28:40.386Z"}
info: Mapped {/api/auth/signup, POST} route {"context":"RouterExplorer","timestamp":"2025-05-12T09:28:40.387Z"}
info: Mapped {/api/auth/signin, POST} route {"context":"RouterExplorer","timestamp":"2025-05-12T09:28:40.387Z"}
info: MenusController {/api/menus}: {"context":"RoutesResolver","timestamp":"2025-05-12T09:28:40.388Z"}
info: Mapped {/api/menus, POST} route {"context":"RouterExplorer","timestamp":"2025-05-12T09:28:40.388Z"}
info: Mapped {/api/menus, GET} route {"context":"RouterExplorer","timestamp":"2025-05-12T09:28:40.389Z"}
info: Mapped {/api/menus/:id, GET} route {"context":"RouterExplorer","timestamp":"2025-05-12T09:28:40.389Z"}
info: Mapped {/api/menus/:id, PATCH} route {"context":"RouterExplorer","timestamp":"2025-05-12T09:28:40.389Z"}
info: Mapped {/api/menus/:id, DELETE} route {"context":"RouterExplorer","timestamp":"2025-05-12T09:28:40.390Z"}
info: Nest application successfully started {"context":"NestApplication","timestamp":"2025-05-12T09:28:40.392Z"}
info: LogsController {/api/logs}: {"context":"RoutesResolver","timestamp":"2025-05-12T09:29:02.444Z"}
info: Mapped {/api/logs/logsByGroup/:id, GET} route {"context":"RouterExplorer","timestamp":"2025-05-12T09:29:02.448Z"}
info: UserController {/api/user}: {"context":"RoutesResolver","timestamp":"2025-05-12T09:29:02.448Z"}
info: Mapped {/api/user/list, GET} route {"context":"RouterExplorer","timestamp":"2025-05-12T09:29:02.449Z"}
info: Mapped {/api/user/getUserById/:id, GET} route {"context":"RouterExplorer","timestamp":"2025-05-12T09:29:02.450Z"}
info: Mapped {/api/user/add, POST} route {"context":"RouterExplorer","timestamp":"2025-05-12T09:29:02.452Z"}
info: Mapped {/api/user/edit/:id, PATCH} route {"context":"RouterExplorer","timestamp":"2025-05-12T09:29:02.452Z"}
info: Mapped {/api/user/delete/:id, DELETE} route {"context":"RouterExplorer","timestamp":"2025-05-12T09:29:02.453Z"}
info: Mapped {/api/user/profile/:id, GET} route {"context":"RouterExplorer","timestamp":"2025-05-12T09:29:02.454Z"}
info: RolesController {/api/roles}: {"context":"RoutesResolver","timestamp":"2025-05-12T09:29:02.454Z"}
info: Mapped {/api/roles/list, GET} route {"context":"RouterExplorer","timestamp":"2025-05-12T09:29:02.455Z"}
info: Mapped {/api/roles/add, POST} route {"context":"RouterExplorer","timestamp":"2025-05-12T09:29:02.456Z"}
info: Mapped {/api/roles/getRoleById/:id, GET} route {"context":"RouterExplorer","timestamp":"2025-05-12T09:29:02.457Z"}
info: Mapped {/api/roles/edit/:id, PATCH} route {"context":"RouterExplorer","timestamp":"2025-05-12T09:29:02.457Z"}
info: Mapped {/api/roles/delete/:id, DELETE} route {"context":"RouterExplorer","timestamp":"2025-05-12T09:29:02.458Z"}
info: AuthController {/api/auth}: {"context":"RoutesResolver","timestamp":"2025-05-12T09:29:02.458Z"}
info: Mapped {/api/auth/signup, POST} route {"context":"RouterExplorer","timestamp":"2025-05-12T09:29:02.459Z"}
info: Mapped {/api/auth/signin, POST} route {"context":"RouterExplorer","timestamp":"2025-05-12T09:29:02.459Z"}
info: MenusController {/api/menus}: {"context":"RoutesResolver","timestamp":"2025-05-12T09:29:02.459Z"}
info: Mapped {/api/menus, POST} route {"context":"RouterExplorer","timestamp":"2025-05-12T09:29:02.460Z"}
info: Mapped {/api/menus, GET} route {"context":"RouterExplorer","timestamp":"2025-05-12T09:29:02.461Z"}
info: Mapped {/api/menus/:id, GET} route {"context":"RouterExplorer","timestamp":"2025-05-12T09:29:02.461Z"}
info: Mapped {/api/menus/:id, PATCH} route {"context":"RouterExplorer","timestamp":"2025-05-12T09:29:02.461Z"}
info: Mapped {/api/menus/:id, DELETE} route {"context":"RouterExplorer","timestamp":"2025-05-12T09:29:02.462Z"}
info: Nest application successfully started {"context":"NestApplication","timestamp":"2025-05-12T09:29:02.464Z"}
info: LogsController {/api/logs}: {"context":"RoutesResolver","timestamp":"2025-05-12T09:29:08.121Z"}
info: Mapped {/api/logs/logsByGroup/:id, GET} route {"context":"RouterExplorer","timestamp":"2025-05-12T09:29:08.125Z"}
info: UserController {/api/user}: {"context":"RoutesResolver","timestamp":"2025-05-12T09:29:08.125Z"}
info: Mapped {/api/user/list, GET} route {"context":"RouterExplorer","timestamp":"2025-05-12T09:29:08.126Z"}
info: Mapped {/api/user/getUserById/:id, GET} route {"context":"RouterExplorer","timestamp":"2025-05-12T09:29:08.127Z"}
info: Mapped {/api/user/add, POST} route {"context":"RouterExplorer","timestamp":"2025-05-12T09:29:08.128Z"}
info: Mapped {/api/user/edit/:id, PATCH} route {"context":"RouterExplorer","timestamp":"2025-05-12T09:29:08.129Z"}
info: Mapped {/api/user/delete/:id, DELETE} route {"context":"RouterExplorer","timestamp":"2025-05-12T09:29:08.129Z"}
info: Mapped {/api/user/profile/:id, GET} route {"context":"RouterExplorer","timestamp":"2025-05-12T09:29:08.130Z"}
info: RolesController {/api/roles}: {"context":"RoutesResolver","timestamp":"2025-05-12T09:29:08.130Z"}
info: Mapped {/api/roles/list, GET} route {"context":"RouterExplorer","timestamp":"2025-05-12T09:29:08.131Z"}
info: Mapped {/api/roles/add, POST} route {"context":"RouterExplorer","timestamp":"2025-05-12T09:29:08.132Z"}
info: Mapped {/api/roles/getRoleById/:id, GET} route {"context":"RouterExplorer","timestamp":"2025-05-12T09:29:08.132Z"}
info: Mapped {/api/roles/edit/:id, PATCH} route {"context":"RouterExplorer","timestamp":"2025-05-12T09:29:08.133Z"}
info: Mapped {/api/roles/delete/:id, DELETE} route {"context":"RouterExplorer","timestamp":"2025-05-12T09:29:08.133Z"}
info: AuthController {/api/auth}: {"context":"RoutesResolver","timestamp":"2025-05-12T09:29:08.133Z"}
info: Mapped {/api/auth/signup, POST} route {"context":"RouterExplorer","timestamp":"2025-05-12T09:29:08.134Z"}
info: Mapped {/api/auth/signin, POST} route {"context":"RouterExplorer","timestamp":"2025-05-12T09:29:08.134Z"}
info: MenusController {/api/menus}: {"context":"RoutesResolver","timestamp":"2025-05-12T09:29:08.134Z"}
info: Mapped {/api/menus, POST} route {"context":"RouterExplorer","timestamp":"2025-05-12T09:29:08.135Z"}
info: Mapped {/api/menus, GET} route {"context":"RouterExplorer","timestamp":"2025-05-12T09:29:08.135Z"}
info: Mapped {/api/menus/:id, GET} route {"context":"RouterExplorer","timestamp":"2025-05-12T09:29:08.136Z"}
info: Mapped {/api/menus/:id, PATCH} route {"context":"RouterExplorer","timestamp":"2025-05-12T09:29:08.136Z"}
info: Mapped {/api/menus/:id, DELETE} route {"context":"RouterExplorer","timestamp":"2025-05-12T09:29:08.137Z"}
info: Nest application successfully started {"context":"NestApplication","timestamp":"2025-05-12T09:29:08.139Z"}
info: LogsController {/api/logs}: {"context":"RoutesResolver","timestamp":"2025-05-12T09:29:33.069Z"}
info: Mapped {/api/logs/logsByGroup/:id, GET} route {"context":"RouterExplorer","timestamp":"2025-05-12T09:29:33.073Z"}
info: UserController {/api/user}: {"context":"RoutesResolver","timestamp":"2025-05-12T09:29:33.073Z"}
info: Mapped {/api/user/list, GET} route {"context":"RouterExplorer","timestamp":"2025-05-12T09:29:33.074Z"}
info: Mapped {/api/user/getUserById/:id, GET} route {"context":"RouterExplorer","timestamp":"2025-05-12T09:29:33.075Z"}
info: Mapped {/api/user/add, POST} route {"context":"RouterExplorer","timestamp":"2025-05-12T09:29:33.076Z"}
info: Mapped {/api/user/edit/:id, PATCH} route {"context":"RouterExplorer","timestamp":"2025-05-12T09:29:33.077Z"}
info: Mapped {/api/user/delete/:id, DELETE} route {"context":"RouterExplorer","timestamp":"2025-05-12T09:29:33.078Z"}
info: Mapped {/api/user/profile/:id, GET} route {"context":"RouterExplorer","timestamp":"2025-05-12T09:29:33.079Z"}
info: RolesController {/api/roles}: {"context":"RoutesResolver","timestamp":"2025-05-12T09:29:33.079Z"}
info: Mapped {/api/roles/list, GET} route {"context":"RouterExplorer","timestamp":"2025-05-12T09:29:33.080Z"}
info: Mapped {/api/roles/add, POST} route {"context":"RouterExplorer","timestamp":"2025-05-12T09:29:33.080Z"}
info: Mapped {/api/roles/getRoleById/:id, GET} route {"context":"RouterExplorer","timestamp":"2025-05-12T09:29:33.081Z"}
info: Mapped {/api/roles/edit/:id, PATCH} route {"context":"RouterExplorer","timestamp":"2025-05-12T09:29:33.081Z"}
info: Mapped {/api/roles/delete/:id, DELETE} route {"context":"RouterExplorer","timestamp":"2025-05-12T09:29:33.082Z"}
info: AuthController {/api/auth}: {"context":"RoutesResolver","timestamp":"2025-05-12T09:29:33.082Z"}
info: Mapped {/api/auth/signup, POST} route {"context":"RouterExplorer","timestamp":"2025-05-12T09:29:33.083Z"}
info: Mapped {/api/auth/signin, POST} route {"context":"RouterExplorer","timestamp":"2025-05-12T09:29:33.083Z"}
info: MenusController {/api/menus}: {"context":"RoutesResolver","timestamp":"2025-05-12T09:29:33.083Z"}
info: Mapped {/api/menus, POST} route {"context":"RouterExplorer","timestamp":"2025-05-12T09:29:33.084Z"}
info: Mapped {/api/menus, GET} route {"context":"RouterExplorer","timestamp":"2025-05-12T09:29:33.084Z"}
info: Mapped {/api/menus/:id, GET} route {"context":"RouterExplorer","timestamp":"2025-05-12T09:29:33.084Z"}
info: Mapped {/api/menus/:id, PATCH} route {"context":"RouterExplorer","timestamp":"2025-05-12T09:29:33.085Z"}
info: Mapped {/api/menus/:id, DELETE} route {"context":"RouterExplorer","timestamp":"2025-05-12T09:29:33.085Z"}
info: Nest application successfully started {"context":"NestApplication","timestamp":"2025-05-12T09:29:33.087Z"}
info: LogsController {/api/logs}: {"context":"RoutesResolver","timestamp":"2025-05-12T09:31:30.961Z"}
info: Mapped {/api/logs/logsByGroup/:id, GET} route {"context":"RouterExplorer","timestamp":"2025-05-12T09:31:30.964Z"}
info: UserController {/api/user}: {"context":"RoutesResolver","timestamp":"2025-05-12T09:31:30.965Z"}
info: Mapped {/api/user/list, GET} route {"context":"RouterExplorer","timestamp":"2025-05-12T09:31:30.966Z"}
info: Mapped {/api/user/getUserById/:id, GET} route {"context":"RouterExplorer","timestamp":"2025-05-12T09:31:30.967Z"}
info: Mapped {/api/user/add, POST} route {"context":"RouterExplorer","timestamp":"2025-05-12T09:31:30.968Z"}
info: Mapped {/api/user/edit/:id, PATCH} route {"context":"RouterExplorer","timestamp":"2025-05-12T09:31:30.968Z"}
info: Mapped {/api/user/delete/:id, DELETE} route {"context":"RouterExplorer","timestamp":"2025-05-12T09:31:30.969Z"}
info: Mapped {/api/user/profile/:id, GET} route {"context":"RouterExplorer","timestamp":"2025-05-12T09:31:30.970Z"}
info: RolesController {/api/roles}: {"context":"RoutesResolver","timestamp":"2025-05-12T09:31:30.970Z"}
info: Mapped {/api/roles/list, GET} route {"context":"RouterExplorer","timestamp":"2025-05-12T09:31:30.971Z"}
info: Mapped {/api/roles/add, POST} route {"context":"RouterExplorer","timestamp":"2025-05-12T09:31:30.971Z"}
info: Mapped {/api/roles/getRoleById/:id, GET} route {"context":"RouterExplorer","timestamp":"2025-05-12T09:31:30.972Z"}
info: Mapped {/api/roles/edit/:id, PATCH} route {"context":"RouterExplorer","timestamp":"2025-05-12T09:31:30.973Z"}
info: Mapped {/api/roles/delete/:id, DELETE} route {"context":"RouterExplorer","timestamp":"2025-05-12T09:31:30.973Z"}
info: AuthController {/api/auth}: {"context":"RoutesResolver","timestamp":"2025-05-12T09:31:30.973Z"}
info: Mapped {/api/auth/signup, POST} route {"context":"RouterExplorer","timestamp":"2025-05-12T09:31:30.974Z"}
info: Mapped {/api/auth/signin, POST} route {"context":"RouterExplorer","timestamp":"2025-05-12T09:31:30.974Z"}
info: MenusController {/api/menus}: {"context":"RoutesResolver","timestamp":"2025-05-12T09:31:30.974Z"}
info: Mapped {/api/menus, POST} route {"context":"RouterExplorer","timestamp":"2025-05-12T09:31:30.975Z"}
info: Mapped {/api/menus, GET} route {"context":"RouterExplorer","timestamp":"2025-05-12T09:31:30.975Z"}
info: Mapped {/api/menus/:id, GET} route {"context":"RouterExplorer","timestamp":"2025-05-12T09:31:30.976Z"}
info: Mapped {/api/menus/:id, PATCH} route {"context":"RouterExplorer","timestamp":"2025-05-12T09:31:30.976Z"}
info: Mapped {/api/menus/:id, DELETE} route {"context":"RouterExplorer","timestamp":"2025-05-12T09:31:30.976Z"}
info: Nest application successfully started {"context":"NestApplication","timestamp":"2025-05-12T09:31:30.978Z"}
info: LogsController {/api/logs}: {"context":"RoutesResolver","timestamp":"2025-05-12T09:31:58.774Z"}
info: Mapped {/api/logs/logsByGroup/:id, GET} route {"context":"RouterExplorer","timestamp":"2025-05-12T09:31:58.778Z"}
info: UserController {/api/user}: {"context":"RoutesResolver","timestamp":"2025-05-12T09:31:58.778Z"}
info: Mapped {/api/user/list, GET} route {"context":"RouterExplorer","timestamp":"2025-05-12T09:31:58.779Z"}
info: Mapped {/api/user/getUserById/:id, GET} route {"context":"RouterExplorer","timestamp":"2025-05-12T09:31:58.780Z"}
info: Mapped {/api/user/add, POST} route {"context":"RouterExplorer","timestamp":"2025-05-12T09:31:58.781Z"}
info: Mapped {/api/user/edit/:id, PATCH} route {"context":"RouterExplorer","timestamp":"2025-05-12T09:31:58.781Z"}
info: Mapped {/api/user/delete/:id, DELETE} route {"context":"RouterExplorer","timestamp":"2025-05-12T09:31:58.782Z"}
info: Mapped {/api/user/profile/:id, GET} route {"context":"RouterExplorer","timestamp":"2025-05-12T09:31:58.783Z"}
info: RolesController {/api/roles}: {"context":"RoutesResolver","timestamp":"2025-05-12T09:31:58.783Z"}
info: Mapped {/api/roles/list, GET} route {"context":"RouterExplorer","timestamp":"2025-05-12T09:31:58.784Z"}
info: Mapped {/api/roles/add, POST} route {"context":"RouterExplorer","timestamp":"2025-05-12T09:31:58.785Z"}
info: Mapped {/api/roles/getRoleById/:id, GET} route {"context":"RouterExplorer","timestamp":"2025-05-12T09:31:58.785Z"}
info: Mapped {/api/roles/edit/:id, PATCH} route {"context":"RouterExplorer","timestamp":"2025-05-12T09:31:58.786Z"}
info: Mapped {/api/roles/delete/:id, DELETE} route {"context":"RouterExplorer","timestamp":"2025-05-12T09:31:58.787Z"}
info: AuthController {/api/auth}: {"context":"RoutesResolver","timestamp":"2025-05-12T09:31:58.787Z"}
info: Mapped {/api/auth/signup, POST} route {"context":"RouterExplorer","timestamp":"2025-05-12T09:31:58.787Z"}
info: Mapped {/api/auth/signin, POST} route {"context":"RouterExplorer","timestamp":"2025-05-12T09:31:58.788Z"}
info: MenusController {/api/menus}: {"context":"RoutesResolver","timestamp":"2025-05-12T09:31:58.788Z"}
info: Mapped {/api/menus, POST} route {"context":"RouterExplorer","timestamp":"2025-05-12T09:31:58.788Z"}
info: Mapped {/api/menus, GET} route {"context":"RouterExplorer","timestamp":"2025-05-12T09:31:58.789Z"}
info: Mapped {/api/menus/:id, GET} route {"context":"RouterExplorer","timestamp":"2025-05-12T09:31:58.789Z"}
info: Mapped {/api/menus/:id, PATCH} route {"context":"RouterExplorer","timestamp":"2025-05-12T09:31:58.789Z"}
info: Mapped {/api/menus/:id, DELETE} route {"context":"RouterExplorer","timestamp":"2025-05-12T09:31:58.790Z"}
info: Nest application successfully started {"context":"NestApplication","timestamp":"2025-05-12T09:31:58.792Z"}
info: LogsController {/api/logs}: {"context":"RoutesResolver","timestamp":"2025-05-12T09:34:44.718Z"}
info: Mapped {/api/logs/logsByGroup/:id, GET} route {"context":"RouterExplorer","timestamp":"2025-05-12T09:34:44.721Z"}
info: UserController {/api/user}: {"context":"RoutesResolver","timestamp":"2025-05-12T09:34:44.722Z"}
info: Mapped {/api/user/list, GET} route {"context":"RouterExplorer","timestamp":"2025-05-12T09:34:44.722Z"}
info: Mapped {/api/user/getUserById/:id, GET} route {"context":"RouterExplorer","timestamp":"2025-05-12T09:34:44.723Z"}
info: Mapped {/api/user/add, POST} route {"context":"RouterExplorer","timestamp":"2025-05-12T09:34:44.724Z"}
info: Mapped {/api/user/edit/:id, PATCH} route {"context":"RouterExplorer","timestamp":"2025-05-12T09:34:44.725Z"}
info: Mapped {/api/user/delete/:id, DELETE} route {"context":"RouterExplorer","timestamp":"2025-05-12T09:34:44.726Z"}
info: Mapped {/api/user/profile/:id, GET} route {"context":"RouterExplorer","timestamp":"2025-05-12T09:34:44.726Z"}
info: RolesController {/api/roles}: {"context":"RoutesResolver","timestamp":"2025-05-12T09:34:44.727Z"}
info: Mapped {/api/roles/list, GET} route {"context":"RouterExplorer","timestamp":"2025-05-12T09:34:44.728Z"}
info: Mapped {/api/roles/add, POST} route {"context":"RouterExplorer","timestamp":"2025-05-12T09:34:44.728Z"}
info: Mapped {/api/roles/getRoleById/:id, GET} route {"context":"RouterExplorer","timestamp":"2025-05-12T09:34:44.729Z"}
info: Mapped {/api/roles/edit/:id, PATCH} route {"context":"RouterExplorer","timestamp":"2025-05-12T09:34:44.730Z"}
info: Mapped {/api/roles/delete/:id, DELETE} route {"context":"RouterExplorer","timestamp":"2025-05-12T09:34:44.730Z"}
info: AuthController {/api/auth}: {"context":"RoutesResolver","timestamp":"2025-05-12T09:34:44.731Z"}
info: Mapped {/api/auth/signup, POST} route {"context":"RouterExplorer","timestamp":"2025-05-12T09:34:44.731Z"}
info: Mapped {/api/auth/signin, POST} route {"context":"RouterExplorer","timestamp":"2025-05-12T09:34:44.732Z"}
info: MenusController {/api/menus}: {"context":"RoutesResolver","timestamp":"2025-05-12T09:34:44.732Z"}
info: Mapped {/api/menus, POST} route {"context":"RouterExplorer","timestamp":"2025-05-12T09:34:44.732Z"}
info: Mapped {/api/menus, GET} route {"context":"RouterExplorer","timestamp":"2025-05-12T09:34:44.733Z"}
info: Mapped {/api/menus/:id, GET} route {"context":"RouterExplorer","timestamp":"2025-05-12T09:34:44.733Z"}
info: Mapped {/api/menus/:id, PATCH} route {"context":"RouterExplorer","timestamp":"2025-05-12T09:34:44.733Z"}
info: Mapped {/api/menus/:id, DELETE} route {"context":"RouterExplorer","timestamp":"2025-05-12T09:34:44.733Z"}
info: Nest application successfully started {"context":"NestApplication","timestamp":"2025-05-12T09:34:44.736Z"}
info: LogsController {/api/logs}: {"context":"RoutesResolver","timestamp":"2025-05-12T09:35:11.860Z"}
info: Mapped {/api/logs/logsByGroup/:id, GET} route {"context":"RouterExplorer","timestamp":"2025-05-12T09:35:11.863Z"}
info: UserController {/api/user}: {"context":"RoutesResolver","timestamp":"2025-05-12T09:35:11.864Z"}
info: Mapped {/api/user/list, GET} route {"context":"RouterExplorer","timestamp":"2025-05-12T09:35:11.865Z"}
info: Mapped {/api/user/getUserById/:id, GET} route {"context":"RouterExplorer","timestamp":"2025-05-12T09:35:11.866Z"}
info: Mapped {/api/user/add, POST} route {"context":"RouterExplorer","timestamp":"2025-05-12T09:35:11.867Z"}
info: Mapped {/api/user/edit/:id, PATCH} route {"context":"RouterExplorer","timestamp":"2025-05-12T09:35:11.868Z"}
info: Mapped {/api/user/delete/:id, DELETE} route {"context":"RouterExplorer","timestamp":"2025-05-12T09:35:11.868Z"}
info: Mapped {/api/user/profile/:id, GET} route {"context":"RouterExplorer","timestamp":"2025-05-12T09:35:11.869Z"}
info: RolesController {/api/roles}: {"context":"RoutesResolver","timestamp":"2025-05-12T09:35:11.869Z"}
info: Mapped {/api/roles/list, GET} route {"context":"RouterExplorer","timestamp":"2025-05-12T09:35:11.870Z"}
info: Mapped {/api/roles/add, POST} route {"context":"RouterExplorer","timestamp":"2025-05-12T09:35:11.871Z"}
info: Mapped {/api/roles/getRoleById/:id, GET} route {"context":"RouterExplorer","timestamp":"2025-05-12T09:35:11.871Z"}
info: Mapped {/api/roles/edit/:id, PATCH} route {"context":"RouterExplorer","timestamp":"2025-05-12T09:35:11.872Z"}
info: Mapped {/api/roles/delete/:id, DELETE} route {"context":"RouterExplorer","timestamp":"2025-05-12T09:35:11.872Z"}
info: AuthController {/api/auth}: {"context":"RoutesResolver","timestamp":"2025-05-12T09:35:11.873Z"}
info: Mapped {/api/auth/signup, POST} route {"context":"RouterExplorer","timestamp":"2025-05-12T09:35:11.873Z"}
info: Mapped {/api/auth/signin, POST} route {"context":"RouterExplorer","timestamp":"2025-05-12T09:35:11.874Z"}
info: MenusController {/api/menus}: {"context":"RoutesResolver","timestamp":"2025-05-12T09:35:11.874Z"}
info: Mapped {/api/menus, POST} route {"context":"RouterExplorer","timestamp":"2025-05-12T09:35:11.874Z"}
info: Mapped {/api/menus, GET} route {"context":"RouterExplorer","timestamp":"2025-05-12T09:35:11.875Z"}
info: Mapped {/api/menus/:id, GET} route {"context":"RouterExplorer","timestamp":"2025-05-12T09:35:11.875Z"}
info: Mapped {/api/menus/:id, PATCH} route {"context":"RouterExplorer","timestamp":"2025-05-12T09:35:11.875Z"}
info: Mapped {/api/menus/:id, DELETE} route {"context":"RouterExplorer","timestamp":"2025-05-12T09:35:11.876Z"}
info: Nest application successfully started {"context":"NestApplication","timestamp":"2025-05-12T09:35:11.878Z"}
info: LogsController {/api/logs}: {"context":"RoutesResolver","timestamp":"2025-05-12T09:35:27.470Z"}
info: Mapped {/api/logs/logsByGroup/:id, GET} route {"context":"RouterExplorer","timestamp":"2025-05-12T09:35:27.474Z"}
info: UserController {/api/user}: {"context":"RoutesResolver","timestamp":"2025-05-12T09:35:27.474Z"}
info: Mapped {/api/user/list, GET} route {"context":"RouterExplorer","timestamp":"2025-05-12T09:35:27.475Z"}
info: Mapped {/api/user/getUserById/:id, GET} route {"context":"RouterExplorer","timestamp":"2025-05-12T09:35:27.476Z"}
info: Mapped {/api/user/add, POST} route {"context":"RouterExplorer","timestamp":"2025-05-12T09:35:27.477Z"}
info: Mapped {/api/user/edit/:id, PATCH} route {"context":"RouterExplorer","timestamp":"2025-05-12T09:35:27.478Z"}
info: Mapped {/api/user/delete/:id, DELETE} route {"context":"RouterExplorer","timestamp":"2025-05-12T09:35:27.479Z"}
info: Mapped {/api/user/profile/:id, GET} route {"context":"RouterExplorer","timestamp":"2025-05-12T09:35:27.480Z"}
info: RolesController {/api/roles}: {"context":"RoutesResolver","timestamp":"2025-05-12T09:35:27.480Z"}
info: Mapped {/api/roles/list, GET} route {"context":"RouterExplorer","timestamp":"2025-05-12T09:35:27.481Z"}
info: Mapped {/api/roles/add, POST} route {"context":"RouterExplorer","timestamp":"2025-05-12T09:35:27.482Z"}
info: Mapped {/api/roles/getRoleById/:id, GET} route {"context":"RouterExplorer","timestamp":"2025-05-12T09:35:27.483Z"}
info: Mapped {/api/roles/edit/:id, PATCH} route {"context":"RouterExplorer","timestamp":"2025-05-12T09:35:27.483Z"}
info: Mapped {/api/roles/delete/:id, DELETE} route {"context":"RouterExplorer","timestamp":"2025-05-12T09:35:27.484Z"}
info: AuthController {/api/auth}: {"context":"RoutesResolver","timestamp":"2025-05-12T09:35:27.485Z"}
info: Mapped {/api/auth/signup, POST} route {"context":"RouterExplorer","timestamp":"2025-05-12T09:35:27.485Z"}
info: Mapped {/api/auth/signin, POST} route {"context":"RouterExplorer","timestamp":"2025-05-12T09:35:27.486Z"}
info: MenusController {/api/menus}: {"context":"RoutesResolver","timestamp":"2025-05-12T09:35:27.486Z"}
info: Mapped {/api/menus, POST} route {"context":"RouterExplorer","timestamp":"2025-05-12T09:35:27.487Z"}
info: Mapped {/api/menus, GET} route {"context":"RouterExplorer","timestamp":"2025-05-12T09:35:27.487Z"}
info: Mapped {/api/menus/:id, GET} route {"context":"RouterExplorer","timestamp":"2025-05-12T09:35:27.488Z"}
info: Mapped {/api/menus/:id, PATCH} route {"context":"RouterExplorer","timestamp":"2025-05-12T09:35:27.488Z"}
info: Mapped {/api/menus/:id, DELETE} route {"context":"RouterExplorer","timestamp":"2025-05-12T09:35:27.488Z"}
info: Nest application successfully started {"context":"NestApplication","timestamp":"2025-05-12T09:35:27.491Z"}
info: LogsController {/api/logs}: {"context":"RoutesResolver","timestamp":"2025-05-12T09:35:56.448Z"}
info: Mapped {/api/logs/logsByGroup/:id, GET} route {"context":"RouterExplorer","timestamp":"2025-05-12T09:35:56.452Z"}
info: UserController {/api/user}: {"context":"RoutesResolver","timestamp":"2025-05-12T09:35:56.452Z"}
info: Mapped {/api/user/list, GET} route {"context":"RouterExplorer","timestamp":"2025-05-12T09:35:56.453Z"}
info: Mapped {/api/user/getUserById/:id, GET} route {"context":"RouterExplorer","timestamp":"2025-05-12T09:35:56.454Z"}
info: Mapped {/api/user/add, POST} route {"context":"RouterExplorer","timestamp":"2025-05-12T09:35:56.455Z"}
info: Mapped {/api/user/edit/:id, PATCH} route {"context":"RouterExplorer","timestamp":"2025-05-12T09:35:56.455Z"}
info: Mapped {/api/user/delete/:id, DELETE} route {"context":"RouterExplorer","timestamp":"2025-05-12T09:35:56.456Z"}
info: Mapped {/api/user/profile/:id, GET} route {"context":"RouterExplorer","timestamp":"2025-05-12T09:35:56.457Z"}
info: RolesController {/api/roles}: {"context":"RoutesResolver","timestamp":"2025-05-12T09:35:56.457Z"}
info: Mapped {/api/roles/list, GET} route {"context":"RouterExplorer","timestamp":"2025-05-12T09:35:56.457Z"}
info: Mapped {/api/roles/add, POST} route {"context":"RouterExplorer","timestamp":"2025-05-12T09:35:56.458Z"}
info: Mapped {/api/roles/getRoleById/:id, GET} route {"context":"RouterExplorer","timestamp":"2025-05-12T09:35:56.459Z"}
info: Mapped {/api/roles/edit/:id, PATCH} route {"context":"RouterExplorer","timestamp":"2025-05-12T09:35:56.459Z"}
info: Mapped {/api/roles/delete/:id, DELETE} route {"context":"RouterExplorer","timestamp":"2025-05-12T09:35:56.460Z"}
info: AuthController {/api/auth}: {"context":"RoutesResolver","timestamp":"2025-05-12T09:35:56.460Z"}
info: Mapped {/api/auth/signup, POST} route {"context":"RouterExplorer","timestamp":"2025-05-12T09:35:56.460Z"}
info: Mapped {/api/auth/signin, POST} route {"context":"RouterExplorer","timestamp":"2025-05-12T09:35:56.461Z"}
info: MenusController {/api/menus}: {"context":"RoutesResolver","timestamp":"2025-05-12T09:35:56.461Z"}
info: Mapped {/api/menus, POST} route {"context":"RouterExplorer","timestamp":"2025-05-12T09:35:56.461Z"}
info: Mapped {/api/menus, GET} route {"context":"RouterExplorer","timestamp":"2025-05-12T09:35:56.462Z"}
info: Mapped {/api/menus/:id, GET} route {"context":"RouterExplorer","timestamp":"2025-05-12T09:35:56.462Z"}
info: Mapped {/api/menus/:id, PATCH} route {"context":"RouterExplorer","timestamp":"2025-05-12T09:35:56.462Z"}
info: Mapped {/api/menus/:id, DELETE} route {"context":"RouterExplorer","timestamp":"2025-05-12T09:35:56.463Z"}
info: Nest application successfully started {"context":"NestApplication","timestamp":"2025-05-12T09:35:56.465Z"}
info: LogsController {/api/logs}: {"context":"RoutesResolver","timestamp":"2025-05-12T09:36:01.182Z"}
info: Mapped {/api/logs/logsByGroup/:id, GET} route {"context":"RouterExplorer","timestamp":"2025-05-12T09:36:01.187Z"}
info: UserController {/api/user}: {"context":"RoutesResolver","timestamp":"2025-05-12T09:36:01.187Z"}
info: Mapped {/api/user/list, GET} route {"context":"RouterExplorer","timestamp":"2025-05-12T09:36:01.188Z"}
info: Mapped {/api/user/getUserById/:id, GET} route {"context":"RouterExplorer","timestamp":"2025-05-12T09:36:01.189Z"}
info: Mapped {/api/user/add, POST} route {"context":"RouterExplorer","timestamp":"2025-05-12T09:36:01.190Z"}
info: Mapped {/api/user/edit/:id, PATCH} route {"context":"RouterExplorer","timestamp":"2025-05-12T09:36:01.191Z"}
info: Mapped {/api/user/delete/:id, DELETE} route {"context":"RouterExplorer","timestamp":"2025-05-12T09:36:01.192Z"}
info: Mapped {/api/user/profile/:id, GET} route {"context":"RouterExplorer","timestamp":"2025-05-12T09:36:01.193Z"}
info: RolesController {/api/roles}: {"context":"RoutesResolver","timestamp":"2025-05-12T09:36:01.193Z"}
info: Mapped {/api/roles/list, GET} route {"context":"RouterExplorer","timestamp":"2025-05-12T09:36:01.194Z"}
info: Mapped {/api/roles/add, POST} route {"context":"RouterExplorer","timestamp":"2025-05-12T09:36:01.195Z"}
info: Mapped {/api/roles/getRoleById/:id, GET} route {"context":"RouterExplorer","timestamp":"2025-05-12T09:36:01.196Z"}
info: Mapped {/api/roles/edit/:id, PATCH} route {"context":"RouterExplorer","timestamp":"2025-05-12T09:36:01.196Z"}
info: Mapped {/api/roles/delete/:id, DELETE} route {"context":"RouterExplorer","timestamp":"2025-05-12T09:36:01.197Z"}
info: AuthController {/api/auth}: {"context":"RoutesResolver","timestamp":"2025-05-12T09:36:01.197Z"}
info: Mapped {/api/auth/signup, POST} route {"context":"RouterExplorer","timestamp":"2025-05-12T09:36:01.198Z"}
info: Mapped {/api/auth/signin, POST} route {"context":"RouterExplorer","timestamp":"2025-05-12T09:36:01.198Z"}
info: MenusController {/api/menus}: {"context":"RoutesResolver","timestamp":"2025-05-12T09:36:01.199Z"}
info: Mapped {/api/menus, POST} route {"context":"RouterExplorer","timestamp":"2025-05-12T09:36:01.199Z"}
info: Mapped {/api/menus, GET} route {"context":"RouterExplorer","timestamp":"2025-05-12T09:36:01.200Z"}
info: Mapped {/api/menus/:id, GET} route {"context":"RouterExplorer","timestamp":"2025-05-12T09:36:01.200Z"}
info: Mapped {/api/menus/:id, PATCH} route {"context":"RouterExplorer","timestamp":"2025-05-12T09:36:01.201Z"}
info: Mapped {/api/menus/:id, DELETE} route {"context":"RouterExplorer","timestamp":"2025-05-12T09:36:01.201Z"}
info: Nest application successfully started {"context":"NestApplication","timestamp":"2025-05-12T09:36:01.204Z"}
info: LogsController {/api/logs}: {"context":"RoutesResolver","timestamp":"2025-05-12T09:36:04.866Z"}
info: Mapped {/api/logs/logsByGroup/:id, GET} route {"context":"RouterExplorer","timestamp":"2025-05-12T09:36:04.869Z"}
info: UserController {/api/user}: {"context":"RoutesResolver","timestamp":"2025-05-12T09:36:04.869Z"}
info: Mapped {/api/user/list, GET} route {"context":"RouterExplorer","timestamp":"2025-05-12T09:36:04.870Z"}
info: Mapped {/api/user/getUserById/:id, GET} route {"context":"RouterExplorer","timestamp":"2025-05-12T09:36:04.871Z"}
info: Mapped {/api/user/add, POST} route {"context":"RouterExplorer","timestamp":"2025-05-12T09:36:04.872Z"}
info: Mapped {/api/user/edit/:id, PATCH} route {"context":"RouterExplorer","timestamp":"2025-05-12T09:36:04.873Z"}
info: Mapped {/api/user/delete/:id, DELETE} route {"context":"RouterExplorer","timestamp":"2025-05-12T09:36:04.874Z"}
info: Mapped {/api/user/profile/:id, GET} route {"context":"RouterExplorer","timestamp":"2025-05-12T09:36:04.875Z"}
info: RolesController {/api/roles}: {"context":"RoutesResolver","timestamp":"2025-05-12T09:36:04.876Z"}
info: Mapped {/api/roles/list, GET} route {"context":"RouterExplorer","timestamp":"2025-05-12T09:36:04.877Z"}
info: Mapped {/api/roles/add, POST} route {"context":"RouterExplorer","timestamp":"2025-05-12T09:36:04.878Z"}
info: Mapped {/api/roles/getRoleById/:id, GET} route {"context":"RouterExplorer","timestamp":"2025-05-12T09:36:04.878Z"}
info: Mapped {/api/roles/edit/:id, PATCH} route {"context":"RouterExplorer","timestamp":"2025-05-12T09:36:04.879Z"}
info: Mapped {/api/roles/delete/:id, DELETE} route {"context":"RouterExplorer","timestamp":"2025-05-12T09:36:04.880Z"}
info: AuthController {/api/auth}: {"context":"RoutesResolver","timestamp":"2025-05-12T09:36:04.880Z"}
info: Mapped {/api/auth/signup, POST} route {"context":"RouterExplorer","timestamp":"2025-05-12T09:36:04.880Z"}
info: Mapped {/api/auth/signin, POST} route {"context":"RouterExplorer","timestamp":"2025-05-12T09:36:04.881Z"}
info: MenusController {/api/menus}: {"context":"RoutesResolver","timestamp":"2025-05-12T09:36:04.881Z"}
info: Mapped {/api/menus, POST} route {"context":"RouterExplorer","timestamp":"2025-05-12T09:36:04.882Z"}
info: Mapped {/api/menus, GET} route {"context":"RouterExplorer","timestamp":"2025-05-12T09:36:04.882Z"}
info: Mapped {/api/menus/:id, GET} route {"context":"RouterExplorer","timestamp":"2025-05-12T09:36:04.882Z"}
info: Mapped {/api/menus/:id, PATCH} route {"context":"RouterExplorer","timestamp":"2025-05-12T09:36:04.883Z"}
info: Mapped {/api/menus/:id, DELETE} route {"context":"RouterExplorer","timestamp":"2025-05-12T09:36:04.883Z"}
info: Nest application successfully started {"context":"NestApplication","timestamp":"2025-05-12T09:36:04.888Z"}
info: LogsController {/api/logs}: {"context":"RoutesResolver","timestamp":"2025-05-12T09:36:40.219Z"}
info: Mapped {/api/logs/logsByGroup/:id, GET} route {"context":"RouterExplorer","timestamp":"2025-05-12T09:36:40.223Z"}
info: UserController {/api/user}: {"context":"RoutesResolver","timestamp":"2025-05-12T09:36:40.224Z"}
info: Mapped {/api/user/list, GET} route {"context":"RouterExplorer","timestamp":"2025-05-12T09:36:40.225Z"}
info: Mapped {/api/user/getUserById/:id, GET} route {"context":"RouterExplorer","timestamp":"2025-05-12T09:36:40.226Z"}
info: Mapped {/api/user/add, POST} route {"context":"RouterExplorer","timestamp":"2025-05-12T09:36:40.227Z"}
info: Mapped {/api/user/edit/:id, PATCH} route {"context":"RouterExplorer","timestamp":"2025-05-12T09:36:40.228Z"}
info: Mapped {/api/user/delete/:id, DELETE} route {"context":"RouterExplorer","timestamp":"2025-05-12T09:36:40.228Z"}
info: Mapped {/api/user/profile/:id, GET} route {"context":"RouterExplorer","timestamp":"2025-05-12T09:36:40.229Z"}
info: RolesController {/api/roles}: {"context":"RoutesResolver","timestamp":"2025-05-12T09:36:40.229Z"}
info: Mapped {/api/roles/list, GET} route {"context":"RouterExplorer","timestamp":"2025-05-12T09:36:40.230Z"}
info: Mapped {/api/roles/add, POST} route {"context":"RouterExplorer","timestamp":"2025-05-12T09:36:40.231Z"}
info: Mapped {/api/roles/getRoleById/:id, GET} route {"context":"RouterExplorer","timestamp":"2025-05-12T09:36:40.232Z"}
info: Mapped {/api/roles/edit/:id, PATCH} route {"context":"RouterExplorer","timestamp":"2025-05-12T09:36:40.232Z"}
info: Mapped {/api/roles/delete/:id, DELETE} route {"context":"RouterExplorer","timestamp":"2025-05-12T09:36:40.233Z"}
info: AuthController {/api/auth}: {"context":"RoutesResolver","timestamp":"2025-05-12T09:36:40.233Z"}
info: Mapped {/api/auth/signup, POST} route {"context":"RouterExplorer","timestamp":"2025-05-12T09:36:40.233Z"}
info: Mapped {/api/auth/signin, POST} route {"context":"RouterExplorer","timestamp":"2025-05-12T09:36:40.233Z"}
info: MenusController {/api/menus}: {"context":"RoutesResolver","timestamp":"2025-05-12T09:36:40.234Z"}
info: Mapped {/api/menus, POST} route {"context":"RouterExplorer","timestamp":"2025-05-12T09:36:40.234Z"}
info: Mapped {/api/menus, GET} route {"context":"RouterExplorer","timestamp":"2025-05-12T09:36:40.235Z"}
info: Mapped {/api/menus/:id, GET} route {"context":"RouterExplorer","timestamp":"2025-05-12T09:36:40.235Z"}
info: Mapped {/api/menus/:id, PATCH} route {"context":"RouterExplorer","timestamp":"2025-05-12T09:36:40.235Z"}
info: Mapped {/api/menus/:id, DELETE} route {"context":"RouterExplorer","timestamp":"2025-05-12T09:36:40.236Z"}
info: Nest application successfully started {"context":"NestApplication","timestamp":"2025-05-12T09:36:40.238Z"}
info: LogsController {/api/logs}: {"context":"RoutesResolver","timestamp":"2025-05-12T09:37:20.113Z"}
info: Mapped {/api/logs/logsByGroup/:id, GET} route {"context":"RouterExplorer","timestamp":"2025-05-12T09:37:20.116Z"}
info: UserController {/api/user}: {"context":"RoutesResolver","timestamp":"2025-05-12T09:37:20.117Z"}
info: Mapped {/api/user/list, GET} route {"context":"RouterExplorer","timestamp":"2025-05-12T09:37:20.118Z"}
info: Mapped {/api/user/getUserById/:id, GET} route {"context":"RouterExplorer","timestamp":"2025-05-12T09:37:20.119Z"}
info: Mapped {/api/user/add, POST} route {"context":"RouterExplorer","timestamp":"2025-05-12T09:37:20.119Z"}
info: Mapped {/api/user/edit/:id, PATCH} route {"context":"RouterExplorer","timestamp":"2025-05-12T09:37:20.120Z"}
info: Mapped {/api/user/delete/:id, DELETE} route {"context":"RouterExplorer","timestamp":"2025-05-12T09:37:20.121Z"}
info: Mapped {/api/user/profile/:id, GET} route {"context":"RouterExplorer","timestamp":"2025-05-12T09:37:20.122Z"}
info: RolesController {/api/roles}: {"context":"RoutesResolver","timestamp":"2025-05-12T09:37:20.122Z"}
info: Mapped {/api/roles/list, GET} route {"context":"RouterExplorer","timestamp":"2025-05-12T09:37:20.123Z"}
info: Mapped {/api/roles/add, POST} route {"context":"RouterExplorer","timestamp":"2025-05-12T09:37:20.124Z"}
info: Mapped {/api/roles/getRoleById/:id, GET} route {"context":"RouterExplorer","timestamp":"2025-05-12T09:37:20.124Z"}
info: Mapped {/api/roles/edit/:id, PATCH} route {"context":"RouterExplorer","timestamp":"2025-05-12T09:37:20.125Z"}
info: Mapped {/api/roles/delete/:id, DELETE} route {"context":"RouterExplorer","timestamp":"2025-05-12T09:37:20.125Z"}
info: AuthController {/api/auth}: {"context":"RoutesResolver","timestamp":"2025-05-12T09:37:20.126Z"}
info: Mapped {/api/auth/signup, POST} route {"context":"RouterExplorer","timestamp":"2025-05-12T09:37:20.126Z"}
info: Mapped {/api/auth/signin, POST} route {"context":"RouterExplorer","timestamp":"2025-05-12T09:37:20.126Z"}
info: MenusController {/api/menus}: {"context":"RoutesResolver","timestamp":"2025-05-12T09:37:20.127Z"}
info: Mapped {/api/menus, POST} route {"context":"RouterExplorer","timestamp":"2025-05-12T09:37:20.127Z"}
info: Mapped {/api/menus, GET} route {"context":"RouterExplorer","timestamp":"2025-05-12T09:37:20.128Z"}
info: Mapped {/api/menus/:id, GET} route {"context":"RouterExplorer","timestamp":"2025-05-12T09:37:20.128Z"}
info: Mapped {/api/menus/:id, PATCH} route {"context":"RouterExplorer","timestamp":"2025-05-12T09:37:20.128Z"}
info: Mapped {/api/menus/:id, DELETE} route {"context":"RouterExplorer","timestamp":"2025-05-12T09:37:20.129Z"}
info: Nest application successfully started {"context":"NestApplication","timestamp":"2025-05-12T09:37:20.131Z"}
info: LogsController {/api/logs}: {"context":"RoutesResolver","timestamp":"2025-05-12T09:37:49.934Z"}
info: Mapped {/api/logs/logsByGroup/:id, GET} route {"context":"RouterExplorer","timestamp":"2025-05-12T09:37:49.937Z"}
info: UserController {/api/user}: {"context":"RoutesResolver","timestamp":"2025-05-12T09:37:49.938Z"}
info: Mapped {/api/user/list, GET} route {"context":"RouterExplorer","timestamp":"2025-05-12T09:37:49.939Z"}
info: Mapped {/api/user/getUserById/:id, GET} route {"context":"RouterExplorer","timestamp":"2025-05-12T09:37:49.940Z"}
info: Mapped {/api/user/add, POST} route {"context":"RouterExplorer","timestamp":"2025-05-12T09:37:49.940Z"}
info: Mapped {/api/user/edit/:id, PATCH} route {"context":"RouterExplorer","timestamp":"2025-05-12T09:37:49.941Z"}
info: Mapped {/api/user/delete/:id, DELETE} route {"context":"RouterExplorer","timestamp":"2025-05-12T09:37:49.942Z"}
info: Mapped {/api/user/profile/:id, GET} route {"context":"RouterExplorer","timestamp":"2025-05-12T09:37:49.942Z"}
info: RolesController {/api/roles}: {"context":"RoutesResolver","timestamp":"2025-05-12T09:37:49.943Z"}
info: Mapped {/api/roles/list, GET} route {"context":"RouterExplorer","timestamp":"2025-05-12T09:37:49.943Z"}
info: Mapped {/api/roles/add, POST} route {"context":"RouterExplorer","timestamp":"2025-05-12T09:37:49.944Z"}
info: Mapped {/api/roles/getRoleById/:id, GET} route {"context":"RouterExplorer","timestamp":"2025-05-12T09:37:49.944Z"}
info: Mapped {/api/roles/edit/:id, PATCH} route {"context":"RouterExplorer","timestamp":"2025-05-12T09:37:49.945Z"}
info: Mapped {/api/roles/delete/:id, DELETE} route {"context":"RouterExplorer","timestamp":"2025-05-12T09:37:49.945Z"}
info: AuthController {/api/auth}: {"context":"RoutesResolver","timestamp":"2025-05-12T09:37:49.946Z"}
info: Mapped {/api/auth/signup, POST} route {"context":"RouterExplorer","timestamp":"2025-05-12T09:37:49.946Z"}
info: Mapped {/api/auth/signin, POST} route {"context":"RouterExplorer","timestamp":"2025-05-12T09:37:49.947Z"}
info: MenusController {/api/menus}: {"context":"RoutesResolver","timestamp":"2025-05-12T09:37:49.947Z"}
info: Mapped {/api/menus, POST} route {"context":"RouterExplorer","timestamp":"2025-05-12T09:37:49.947Z"}
info: Mapped {/api/menus, GET} route {"context":"RouterExplorer","timestamp":"2025-05-12T09:37:49.948Z"}
info: Mapped {/api/menus/:id, GET} route {"context":"RouterExplorer","timestamp":"2025-05-12T09:37:49.948Z"}
info: Mapped {/api/menus/:id, PATCH} route {"context":"RouterExplorer","timestamp":"2025-05-12T09:37:49.948Z"}
info: Mapped {/api/menus/:id, DELETE} route {"context":"RouterExplorer","timestamp":"2025-05-12T09:37:49.948Z"}
info: Nest application successfully started {"context":"NestApplication","timestamp":"2025-05-12T09:37:49.951Z"}
info: LogsController {/api/logs}: {"context":"RoutesResolver","timestamp":"2025-05-12T09:38:01.603Z"}
info: Mapped {/api/logs/logsByGroup/:id, GET} route {"context":"RouterExplorer","timestamp":"2025-05-12T09:38:01.606Z"}
info: UserController {/api/user}: {"context":"RoutesResolver","timestamp":"2025-05-12T09:38:01.607Z"}
info: Mapped {/api/user/list, GET} route {"context":"RouterExplorer","timestamp":"2025-05-12T09:38:01.608Z"}
info: Mapped {/api/user/getUserById/:id, GET} route {"context":"RouterExplorer","timestamp":"2025-05-12T09:38:01.609Z"}
info: Mapped {/api/user/add, POST} route {"context":"RouterExplorer","timestamp":"2025-05-12T09:38:01.610Z"}
info: Mapped {/api/user/edit/:id, PATCH} route {"context":"RouterExplorer","timestamp":"2025-05-12T09:38:01.611Z"}
info: Mapped {/api/user/delete/:id, DELETE} route {"context":"RouterExplorer","timestamp":"2025-05-12T09:38:01.612Z"}
info: Mapped {/api/user/profile/:id, GET} route {"context":"RouterExplorer","timestamp":"2025-05-12T09:38:01.612Z"}
info: RolesController {/api/roles}: {"context":"RoutesResolver","timestamp":"2025-05-12T09:38:01.613Z"}
info: Mapped {/api/roles/list, GET} route {"context":"RouterExplorer","timestamp":"2025-05-12T09:38:01.613Z"}
info: Mapped {/api/roles/add, POST} route {"context":"RouterExplorer","timestamp":"2025-05-12T09:38:01.614Z"}
info: Mapped {/api/roles/getRoleById/:id, GET} route {"context":"RouterExplorer","timestamp":"2025-05-12T09:38:01.615Z"}
info: Mapped {/api/roles/edit/:id, PATCH} route {"context":"RouterExplorer","timestamp":"2025-05-12T09:38:01.615Z"}
info: Mapped {/api/roles/delete/:id, DELETE} route {"context":"RouterExplorer","timestamp":"2025-05-12T09:38:01.616Z"}
info: AuthController {/api/auth}: {"context":"RoutesResolver","timestamp":"2025-05-12T09:38:01.616Z"}
info: Mapped {/api/auth/signup, POST} route {"context":"RouterExplorer","timestamp":"2025-05-12T09:38:01.617Z"}
info: Mapped {/api/auth/signin, POST} route {"context":"RouterExplorer","timestamp":"2025-05-12T09:38:01.617Z"}
info: MenusController {/api/menus}: {"context":"RoutesResolver","timestamp":"2025-05-12T09:38:01.617Z"}
info: Mapped {/api/menus, POST} route {"context":"RouterExplorer","timestamp":"2025-05-12T09:38:01.618Z"}
info: Mapped {/api/menus, GET} route {"context":"RouterExplorer","timestamp":"2025-05-12T09:38:01.618Z"}
info: Mapped {/api/menus/:id, GET} route {"context":"RouterExplorer","timestamp":"2025-05-12T09:38:01.619Z"}
info: Mapped {/api/menus/:id, PATCH} route {"context":"RouterExplorer","timestamp":"2025-05-12T09:38:01.619Z"}
info: Mapped {/api/menus/:id, DELETE} route {"context":"RouterExplorer","timestamp":"2025-05-12T09:38:01.619Z"}
info: Nest application successfully started {"context":"NestApplication","timestamp":"2025-05-12T09:38:01.622Z"}
info: LogsController {/api/logs}: {"context":"RoutesResolver","timestamp":"2025-05-12T09:38:51.193Z"}
info: Mapped {/api/logs/logsByGroup/:id, GET} route {"context":"RouterExplorer","timestamp":"2025-05-12T09:38:51.197Z"}
info: UserController {/api/user}: {"context":"RoutesResolver","timestamp":"2025-05-12T09:38:51.197Z"}
info: Mapped {/api/user/list, GET} route {"context":"RouterExplorer","timestamp":"2025-05-12T09:38:51.198Z"}
info: Mapped {/api/user/getUserById/:id, GET} route {"context":"RouterExplorer","timestamp":"2025-05-12T09:38:51.199Z"}
info: Mapped {/api/user/add, POST} route {"context":"RouterExplorer","timestamp":"2025-05-12T09:38:51.200Z"}
info: Mapped {/api/user/edit/:id, PATCH} route {"context":"RouterExplorer","timestamp":"2025-05-12T09:38:51.201Z"}
info: Mapped {/api/user/delete/:id, DELETE} route {"context":"RouterExplorer","timestamp":"2025-05-12T09:38:51.202Z"}
info: Mapped {/api/user/profile/:id, GET} route {"context":"RouterExplorer","timestamp":"2025-05-12T09:38:51.203Z"}
info: RolesController {/api/roles}: {"context":"RoutesResolver","timestamp":"2025-05-12T09:38:51.203Z"}
info: Mapped {/api/roles/list, GET} route {"context":"RouterExplorer","timestamp":"2025-05-12T09:38:51.204Z"}
info: Mapped {/api/roles/add, POST} route {"context":"RouterExplorer","timestamp":"2025-05-12T09:38:51.205Z"}
info: Mapped {/api/roles/getRoleById/:id, GET} route {"context":"RouterExplorer","timestamp":"2025-05-12T09:38:51.206Z"}
info: Mapped {/api/roles/edit/:id, PATCH} route {"context":"RouterExplorer","timestamp":"2025-05-12T09:38:51.206Z"}
info: Mapped {/api/roles/delete/:id, DELETE} route {"context":"RouterExplorer","timestamp":"2025-05-12T09:38:51.207Z"}
info: AuthController {/api/auth}: {"context":"RoutesResolver","timestamp":"2025-05-12T09:38:51.207Z"}
info: Mapped {/api/auth/signup, POST} route {"context":"RouterExplorer","timestamp":"2025-05-12T09:38:51.208Z"}
info: Mapped {/api/auth/signin, POST} route {"context":"RouterExplorer","timestamp":"2025-05-12T09:38:51.208Z"}
info: MenusController {/api/menus}: {"context":"RoutesResolver","timestamp":"2025-05-12T09:38:51.208Z"}
info: Mapped {/api/menus, POST} route {"context":"RouterExplorer","timestamp":"2025-05-12T09:38:51.209Z"}
info: Mapped {/api/menus, GET} route {"context":"RouterExplorer","timestamp":"2025-05-12T09:38:51.209Z"}
info: Mapped {/api/menus/:id, GET} route {"context":"RouterExplorer","timestamp":"2025-05-12T09:38:51.210Z"}
info: Mapped {/api/menus/:id, PATCH} route {"context":"RouterExplorer","timestamp":"2025-05-12T09:38:51.210Z"}
info: Mapped {/api/menus/:id, DELETE} route {"context":"RouterExplorer","timestamp":"2025-05-12T09:38:51.211Z"}
info: Nest application successfully started {"context":"NestApplication","timestamp":"2025-05-12T09:38:51.214Z"}
info: LogsController {/api/logs}: {"context":"RoutesResolver","timestamp":"2025-05-12T09:38:53.867Z"}
info: Mapped {/api/logs/logsByGroup/:id, GET} route {"context":"RouterExplorer","timestamp":"2025-05-12T09:38:53.871Z"}
info: UserController {/api/user}: {"context":"RoutesResolver","timestamp":"2025-05-12T09:38:53.872Z"}
info: Mapped {/api/user/list, GET} route {"context":"RouterExplorer","timestamp":"2025-05-12T09:38:53.873Z"}
info: Mapped {/api/user/getUserById/:id, GET} route {"context":"RouterExplorer","timestamp":"2025-05-12T09:38:53.873Z"}
info: Mapped {/api/user/add, POST} route {"context":"RouterExplorer","timestamp":"2025-05-12T09:38:53.874Z"}
info: Mapped {/api/user/edit/:id, PATCH} route {"context":"RouterExplorer","timestamp":"2025-05-12T09:38:53.875Z"}
info: Mapped {/api/user/delete/:id, DELETE} route {"context":"RouterExplorer","timestamp":"2025-05-12T09:38:53.876Z"}
info: Mapped {/api/user/profile/:id, GET} route {"context":"RouterExplorer","timestamp":"2025-05-12T09:38:53.877Z"}
info: RolesController {/api/roles}: {"context":"RoutesResolver","timestamp":"2025-05-12T09:38:53.877Z"}
info: Mapped {/api/roles/list, GET} route {"context":"RouterExplorer","timestamp":"2025-05-12T09:38:53.878Z"}
info: Mapped {/api/roles/add, POST} route {"context":"RouterExplorer","timestamp":"2025-05-12T09:38:53.879Z"}
info: Mapped {/api/roles/getRoleById/:id, GET} route {"context":"RouterExplorer","timestamp":"2025-05-12T09:38:53.879Z"}
info: Mapped {/api/roles/edit/:id, PATCH} route {"context":"RouterExplorer","timestamp":"2025-05-12T09:38:53.880Z"}
info: Mapped {/api/roles/delete/:id, DELETE} route {"context":"RouterExplorer","timestamp":"2025-05-12T09:38:53.880Z"}
info: AuthController {/api/auth}: {"context":"RoutesResolver","timestamp":"2025-05-12T09:38:53.881Z"}
info: Mapped {/api/auth/signup, POST} route {"context":"RouterExplorer","timestamp":"2025-05-12T09:38:53.881Z"}
info: Mapped {/api/auth/signin, POST} route {"context":"RouterExplorer","timestamp":"2025-05-12T09:38:53.882Z"}
info: MenusController {/api/menus}: {"context":"RoutesResolver","timestamp":"2025-05-12T09:38:53.882Z"}
info: Mapped {/api/menus, POST} route {"context":"RouterExplorer","timestamp":"2025-05-12T09:38:53.882Z"}
info: Mapped {/api/menus, GET} route {"context":"RouterExplorer","timestamp":"2025-05-12T09:38:53.883Z"}
info: Mapped {/api/menus/:id, GET} route {"context":"RouterExplorer","timestamp":"2025-05-12T09:38:53.883Z"}
info: Mapped {/api/menus/:id, PATCH} route {"context":"RouterExplorer","timestamp":"2025-05-12T09:38:53.884Z"}
info: Mapped {/api/menus/:id, DELETE} route {"context":"RouterExplorer","timestamp":"2025-05-12T09:38:53.884Z"}
info: Nest application successfully started {"context":"NestApplication","timestamp":"2025-05-12T09:38:53.886Z"}
info: LogsController {/api/logs}: {"context":"RoutesResolver","timestamp":"2025-05-12T09:39:04.091Z"}
info: Mapped {/api/logs/logsByGroup/:id, GET} route {"context":"RouterExplorer","timestamp":"2025-05-12T09:39:04.094Z"}
info: UserController {/api/user}: {"context":"RoutesResolver","timestamp":"2025-05-12T09:39:04.095Z"}
info: Mapped {/api/user/list, GET} route {"context":"RouterExplorer","timestamp":"2025-05-12T09:39:04.096Z"}
info: Mapped {/api/user/getUserById/:id, GET} route {"context":"RouterExplorer","timestamp":"2025-05-12T09:39:04.096Z"}
info: Mapped {/api/user/add, POST} route {"context":"RouterExplorer","timestamp":"2025-05-12T09:39:04.097Z"}
info: Mapped {/api/user/edit/:id, PATCH} route {"context":"RouterExplorer","timestamp":"2025-05-12T09:39:04.098Z"}
info: Mapped {/api/user/delete/:id, DELETE} route {"context":"RouterExplorer","timestamp":"2025-05-12T09:39:04.099Z"}
info: Mapped {/api/user/profile/:id, GET} route {"context":"RouterExplorer","timestamp":"2025-05-12T09:39:04.099Z"}
info: RolesController {/api/roles}: {"context":"RoutesResolver","timestamp":"2025-05-12T09:39:04.100Z"}
info: Mapped {/api/roles/list, GET} route {"context":"RouterExplorer","timestamp":"2025-05-12T09:39:04.100Z"}
info: Mapped {/api/roles/add, POST} route {"context":"RouterExplorer","timestamp":"2025-05-12T09:39:04.101Z"}
info: Mapped {/api/roles/getRoleById/:id, GET} route {"context":"RouterExplorer","timestamp":"2025-05-12T09:39:04.102Z"}
info: Mapped {/api/roles/edit/:id, PATCH} route {"context":"RouterExplorer","timestamp":"2025-05-12T09:39:04.102Z"}
info: Mapped {/api/roles/delete/:id, DELETE} route {"context":"RouterExplorer","timestamp":"2025-05-12T09:39:04.103Z"}
info: AuthController {/api/auth}: {"context":"RoutesResolver","timestamp":"2025-05-12T09:39:04.103Z"}
info: Mapped {/api/auth/signup, POST} route {"context":"RouterExplorer","timestamp":"2025-05-12T09:39:04.103Z"}
info: Mapped {/api/auth/signin, POST} route {"context":"RouterExplorer","timestamp":"2025-05-12T09:39:04.104Z"}
info: MenusController {/api/menus}: {"context":"RoutesResolver","timestamp":"2025-05-12T09:39:04.104Z"}
info: Mapped {/api/menus, POST} route {"context":"RouterExplorer","timestamp":"2025-05-12T09:39:04.104Z"}
info: Mapped {/api/menus, GET} route {"context":"RouterExplorer","timestamp":"2025-05-12T09:39:04.105Z"}
info: Mapped {/api/menus/:id, GET} route {"context":"RouterExplorer","timestamp":"2025-05-12T09:39:04.105Z"}
info: Mapped {/api/menus/:id, PATCH} route {"context":"RouterExplorer","timestamp":"2025-05-12T09:39:04.105Z"}
info: Mapped {/api/menus/:id, DELETE} route {"context":"RouterExplorer","timestamp":"2025-05-12T09:39:04.106Z"}
info: Nest application successfully started {"context":"NestApplication","timestamp":"2025-05-12T09:39:04.108Z"}
info: LogsController {/api/logs}: {"context":"RoutesResolver","timestamp":"2025-05-12T09:39:12.503Z"}
info: Mapped {/api/logs/logsByGroup/:id, GET} route {"context":"RouterExplorer","timestamp":"2025-05-12T09:39:12.508Z"}
info: UserController {/api/user}: {"context":"RoutesResolver","timestamp":"2025-05-12T09:39:12.508Z"}
info: Mapped {/api/user/list, GET} route {"context":"RouterExplorer","timestamp":"2025-05-12T09:39:12.509Z"}
info: Mapped {/api/user/getUserById/:id, GET} route {"context":"RouterExplorer","timestamp":"2025-05-12T09:39:12.510Z"}
info: Mapped {/api/user/add, POST} route {"context":"RouterExplorer","timestamp":"2025-05-12T09:39:12.511Z"}
info: Mapped {/api/user/edit/:id, PATCH} route {"context":"RouterExplorer","timestamp":"2025-05-12T09:39:12.512Z"}
info: Mapped {/api/user/delete/:id, DELETE} route {"context":"RouterExplorer","timestamp":"2025-05-12T09:39:12.513Z"}
info: Mapped {/api/user/profile/:id, GET} route {"context":"RouterExplorer","timestamp":"2025-05-12T09:39:12.514Z"}
info: RolesController {/api/roles}: {"context":"RoutesResolver","timestamp":"2025-05-12T09:39:12.514Z"}
info: Mapped {/api/roles/list, GET} route {"context":"RouterExplorer","timestamp":"2025-05-12T09:39:12.515Z"}
info: Mapped {/api/roles/add, POST} route {"context":"RouterExplorer","timestamp":"2025-05-12T09:39:12.516Z"}
info: Mapped {/api/roles/getRoleById/:id, GET} route {"context":"RouterExplorer","timestamp":"2025-05-12T09:39:12.517Z"}
info: Mapped {/api/roles/edit/:id, PATCH} route {"context":"RouterExplorer","timestamp":"2025-05-12T09:39:12.517Z"}
info: Mapped {/api/roles/delete/:id, DELETE} route {"context":"RouterExplorer","timestamp":"2025-05-12T09:39:12.518Z"}
info: AuthController {/api/auth}: {"context":"RoutesResolver","timestamp":"2025-05-12T09:39:12.518Z"}
info: Mapped {/api/auth/signup, POST} route {"context":"RouterExplorer","timestamp":"2025-05-12T09:39:12.519Z"}
info: Mapped {/api/auth/signin, POST} route {"context":"RouterExplorer","timestamp":"2025-05-12T09:39:12.519Z"}
info: MenusController {/api/menus}: {"context":"RoutesResolver","timestamp":"2025-05-12T09:39:12.520Z"}
info: Mapped {/api/menus, POST} route {"context":"RouterExplorer","timestamp":"2025-05-12T09:39:12.520Z"}
info: Mapped {/api/menus, GET} route {"context":"RouterExplorer","timestamp":"2025-05-12T09:39:12.521Z"}
info: Mapped {/api/menus/:id, GET} route {"context":"RouterExplorer","timestamp":"2025-05-12T09:39:12.521Z"}
info: Mapped {/api/menus/:id, PATCH} route {"context":"RouterExplorer","timestamp":"2025-05-12T09:39:12.522Z"}
info: Mapped {/api/menus/:id, DELETE} route {"context":"RouterExplorer","timestamp":"2025-05-12T09:39:12.522Z"}
info: Nest application successfully started {"context":"NestApplication","timestamp":"2025-05-12T09:39:12.525Z"}
info: LogsController {/api/logs}: {"context":"RoutesResolver","timestamp":"2025-05-12T09:40:24.769Z"}
info: Mapped {/api/logs/logsByGroup/:id, GET} route {"context":"RouterExplorer","timestamp":"2025-05-12T09:40:24.772Z"}
info: UserController {/api/user}: {"context":"RoutesResolver","timestamp":"2025-05-12T09:40:24.773Z"}
info: Mapped {/api/user/list, GET} route {"context":"RouterExplorer","timestamp":"2025-05-12T09:40:24.774Z"}
info: Mapped {/api/user/getUserById/:id, GET} route {"context":"RouterExplorer","timestamp":"2025-05-12T09:40:24.775Z"}
info: Mapped {/api/user/add, POST} route {"context":"RouterExplorer","timestamp":"2025-05-12T09:40:24.776Z"}
info: Mapped {/api/user/edit/:id, PATCH} route {"context":"RouterExplorer","timestamp":"2025-05-12T09:40:24.777Z"}
info: Mapped {/api/user/delete/:id, DELETE} route {"context":"RouterExplorer","timestamp":"2025-05-12T09:40:24.777Z"}
info: Mapped {/api/user/profile/:id, GET} route {"context":"RouterExplorer","timestamp":"2025-05-12T09:40:24.778Z"}
info: RolesController {/api/roles}: {"context":"RoutesResolver","timestamp":"2025-05-12T09:40:24.778Z"}
info: Mapped {/api/roles/list, GET} route {"context":"RouterExplorer","timestamp":"2025-05-12T09:40:24.779Z"}
info: Mapped {/api/roles/add, POST} route {"context":"RouterExplorer","timestamp":"2025-05-12T09:40:24.780Z"}
info: Mapped {/api/roles/getRoleById/:id, GET} route {"context":"RouterExplorer","timestamp":"2025-05-12T09:40:24.781Z"}
info: Mapped {/api/roles/edit/:id, PATCH} route {"context":"RouterExplorer","timestamp":"2025-05-12T09:40:24.781Z"}
info: Mapped {/api/roles/delete/:id, DELETE} route {"context":"RouterExplorer","timestamp":"2025-05-12T09:40:24.782Z"}
info: AuthController {/api/auth}: {"context":"RoutesResolver","timestamp":"2025-05-12T09:40:24.782Z"}
info: Mapped {/api/auth/signup, POST} route {"context":"RouterExplorer","timestamp":"2025-05-12T09:40:24.783Z"}
info: Mapped {/api/auth/signin, POST} route {"context":"RouterExplorer","timestamp":"2025-05-12T09:40:24.783Z"}
info: MenusController {/api/menus}: {"context":"RoutesResolver","timestamp":"2025-05-12T09:40:24.783Z"}
info: Mapped {/api/menus, POST} route {"context":"RouterExplorer","timestamp":"2025-05-12T09:40:24.784Z"}
info: Mapped {/api/menus, GET} route {"context":"RouterExplorer","timestamp":"2025-05-12T09:40:24.784Z"}
info: Mapped {/api/menus/:id, GET} route {"context":"RouterExplorer","timestamp":"2025-05-12T09:40:24.785Z"}
info: Mapped {/api/menus/:id, PATCH} route {"context":"RouterExplorer","timestamp":"2025-05-12T09:40:24.785Z"}
info: Mapped {/api/menus/:id, DELETE} route {"context":"RouterExplorer","timestamp":"2025-05-12T09:40:24.785Z"}
info: Nest application successfully started {"context":"NestApplication","timestamp":"2025-05-12T09:40:24.788Z"}
info: LogsController {/api/logs}: {"context":"RoutesResolver","timestamp":"2025-05-12T09:42:43.598Z"}
info: Mapped {/api/logs/logsByGroup/:id, GET} route {"context":"RouterExplorer","timestamp":"2025-05-12T09:42:43.602Z"}
info: UserController {/api/user}: {"context":"RoutesResolver","timestamp":"2025-05-12T09:42:43.603Z"}
info: Mapped {/api/user/list, GET} route {"context":"RouterExplorer","timestamp":"2025-05-12T09:42:43.603Z"}
info: Mapped {/api/user/getUserById/:id, GET} route {"context":"RouterExplorer","timestamp":"2025-05-12T09:42:43.604Z"}
info: Mapped {/api/user/add, POST} route {"context":"RouterExplorer","timestamp":"2025-05-12T09:42:43.605Z"}
info: Mapped {/api/user/edit/:id, PATCH} route {"context":"RouterExplorer","timestamp":"2025-05-12T09:42:43.606Z"}
info: Mapped {/api/user/delete/:id, DELETE} route {"context":"RouterExplorer","timestamp":"2025-05-12T09:42:43.607Z"}
info: Mapped {/api/user/profile/:id, GET} route {"context":"RouterExplorer","timestamp":"2025-05-12T09:42:43.608Z"}
info: RolesController {/api/roles}: {"context":"RoutesResolver","timestamp":"2025-05-12T09:42:43.608Z"}
info: Mapped {/api/roles/list, GET} route {"context":"RouterExplorer","timestamp":"2025-05-12T09:42:43.609Z"}
info: Mapped {/api/roles/add, POST} route {"context":"RouterExplorer","timestamp":"2025-05-12T09:42:43.610Z"}
info: Mapped {/api/roles/getRoleById/:id, GET} route {"context":"RouterExplorer","timestamp":"2025-05-12T09:42:43.610Z"}
info: Mapped {/api/roles/edit/:id, PATCH} route {"context":"RouterExplorer","timestamp":"2025-05-12T09:42:43.611Z"}
info: Mapped {/api/roles/delete/:id, DELETE} route {"context":"RouterExplorer","timestamp":"2025-05-12T09:42:43.612Z"}
info: AuthController {/api/auth}: {"context":"RoutesResolver","timestamp":"2025-05-12T09:42:43.612Z"}
info: Mapped {/api/auth/signup, POST} route {"context":"RouterExplorer","timestamp":"2025-05-12T09:42:43.613Z"}
info: Mapped {/api/auth/signin, POST} route {"context":"RouterExplorer","timestamp":"2025-05-12T09:42:43.613Z"}
info: MenusController {/api/menus}: {"context":"RoutesResolver","timestamp":"2025-05-12T09:42:43.613Z"}
info: Mapped {/api/menus, POST} route {"context":"RouterExplorer","timestamp":"2025-05-12T09:42:43.614Z"}
info: Mapped {/api/menus, GET} route {"context":"RouterExplorer","timestamp":"2025-05-12T09:42:43.614Z"}
info: Mapped {/api/menus/:id, GET} route {"context":"RouterExplorer","timestamp":"2025-05-12T09:42:43.615Z"}
info: Mapped {/api/menus/:id, PATCH} route {"context":"RouterExplorer","timestamp":"2025-05-12T09:42:43.615Z"}
info: Mapped {/api/menus/:id, DELETE} route {"context":"RouterExplorer","timestamp":"2025-05-12T09:42:43.615Z"}
info: Nest application successfully started {"context":"NestApplication","timestamp":"2025-05-12T09:42:43.618Z"}
info: LogsController {/api/logs}: {"context":"RoutesResolver","timestamp":"2025-05-12T09:43:08.717Z"}
info: Mapped {/api/logs/logsByGroup/:id, GET} route {"context":"RouterExplorer","timestamp":"2025-05-12T09:43:08.720Z"}
info: UserController {/api/user}: {"context":"RoutesResolver","timestamp":"2025-05-12T09:43:08.721Z"}
info: Mapped {/api/user/list, GET} route {"context":"RouterExplorer","timestamp":"2025-05-12T09:43:08.721Z"}
info: Mapped {/api/user/getUserById/:id, GET} route {"context":"RouterExplorer","timestamp":"2025-05-12T09:43:08.722Z"}
info: Mapped {/api/user/add, POST} route {"context":"RouterExplorer","timestamp":"2025-05-12T09:43:08.723Z"}
info: Mapped {/api/user/edit/:id, PATCH} route {"context":"RouterExplorer","timestamp":"2025-05-12T09:43:08.724Z"}
info: Mapped {/api/user/delete/:id, DELETE} route {"context":"RouterExplorer","timestamp":"2025-05-12T09:43:08.725Z"}
info: Mapped {/api/user/profile/:id, GET} route {"context":"RouterExplorer","timestamp":"2025-05-12T09:43:08.726Z"}
info: RolesController {/api/roles}: {"context":"RoutesResolver","timestamp":"2025-05-12T09:43:08.727Z"}
info: Mapped {/api/roles/list, GET} route {"context":"RouterExplorer","timestamp":"2025-05-12T09:43:08.728Z"}
info: Mapped {/api/roles/add, POST} route {"context":"RouterExplorer","timestamp":"2025-05-12T09:43:08.729Z"}
info: Mapped {/api/roles/getRoleById/:id, GET} route {"context":"RouterExplorer","timestamp":"2025-05-12T09:43:08.730Z"}
info: Mapped {/api/roles/edit/:id, PATCH} route {"context":"RouterExplorer","timestamp":"2025-05-12T09:43:08.730Z"}
info: Mapped {/api/roles/delete/:id, DELETE} route {"context":"RouterExplorer","timestamp":"2025-05-12T09:43:08.731Z"}
info: AuthController {/api/auth}: {"context":"RoutesResolver","timestamp":"2025-05-12T09:43:08.731Z"}
info: Mapped {/api/auth/signup, POST} route {"context":"RouterExplorer","timestamp":"2025-05-12T09:43:08.732Z"}
info: Mapped {/api/auth/signin, POST} route {"context":"RouterExplorer","timestamp":"2025-05-12T09:43:08.732Z"}
info: MenusController {/api/menus}: {"context":"RoutesResolver","timestamp":"2025-05-12T09:43:08.733Z"}
info: Mapped {/api/menus, POST} route {"context":"RouterExplorer","timestamp":"2025-05-12T09:43:08.733Z"}
info: Mapped {/api/menus, GET} route {"context":"RouterExplorer","timestamp":"2025-05-12T09:43:08.734Z"}
info: Mapped {/api/menus/:id, GET} route {"context":"RouterExplorer","timestamp":"2025-05-12T09:43:08.734Z"}
info: Mapped {/api/menus/:id, PATCH} route {"context":"RouterExplorer","timestamp":"2025-05-12T09:43:08.734Z"}
info: Mapped {/api/menus/:id, DELETE} route {"context":"RouterExplorer","timestamp":"2025-05-12T09:43:08.735Z"}
info: Nest application successfully started {"context":"NestApplication","timestamp":"2025-05-12T09:43:08.737Z"}
info: LogsController {/api/logs}: {"context":"RoutesResolver","timestamp":"2025-05-12T09:45:34.989Z"}
info: Mapped {/api/logs/logsByGroup/:id, GET} route {"context":"RouterExplorer","timestamp":"2025-05-12T09:45:34.993Z"}
info: UserController {/api/user}: {"context":"RoutesResolver","timestamp":"2025-05-12T09:45:34.993Z"}
info: Mapped {/api/user/list, GET} route {"context":"RouterExplorer","timestamp":"2025-05-12T09:45:34.994Z"}
info: Mapped {/api/user/getUserById/:id, GET} route {"context":"RouterExplorer","timestamp":"2025-05-12T09:45:34.995Z"}
info: Mapped {/api/user/add, POST} route {"context":"RouterExplorer","timestamp":"2025-05-12T09:45:34.997Z"}
info: Mapped {/api/user/edit/:id, PATCH} route {"context":"RouterExplorer","timestamp":"2025-05-12T09:45:34.998Z"}
info: Mapped {/api/user/delete/:id, DELETE} route {"context":"RouterExplorer","timestamp":"2025-05-12T09:45:34.998Z"}
info: Mapped {/api/user/profile/:id, GET} route {"context":"RouterExplorer","timestamp":"2025-05-12T09:45:34.999Z"}
info: RolesController {/api/roles}: {"context":"RoutesResolver","timestamp":"2025-05-12T09:45:35.000Z"}
info: Mapped {/api/roles/list, GET} route {"context":"RouterExplorer","timestamp":"2025-05-12T09:45:35.000Z"}
info: Mapped {/api/roles/add, POST} route {"context":"RouterExplorer","timestamp":"2025-05-12T09:45:35.001Z"}
info: Mapped {/api/roles/getRoleById/:id, GET} route {"context":"RouterExplorer","timestamp":"2025-05-12T09:45:35.002Z"}
info: Mapped {/api/roles/edit/:id, PATCH} route {"context":"RouterExplorer","timestamp":"2025-05-12T09:45:35.003Z"}
info: Mapped {/api/roles/delete/:id, DELETE} route {"context":"RouterExplorer","timestamp":"2025-05-12T09:45:35.003Z"}
info: AuthController {/api/auth}: {"context":"RoutesResolver","timestamp":"2025-05-12T09:45:35.003Z"}
info: Mapped {/api/auth/signup, POST} route {"context":"RouterExplorer","timestamp":"2025-05-12T09:45:35.004Z"}
info: Mapped {/api/auth/signin, POST} route {"context":"RouterExplorer","timestamp":"2025-05-12T09:45:35.004Z"}
info: MenusController {/api/menus}: {"context":"RoutesResolver","timestamp":"2025-05-12T09:45:35.005Z"}
info: Mapped {/api/menus, POST} route {"context":"RouterExplorer","timestamp":"2025-05-12T09:45:35.005Z"}
info: Mapped {/api/menus, GET} route {"context":"RouterExplorer","timestamp":"2025-05-12T09:45:35.005Z"}
info: Mapped {/api/menus/:id, GET} route {"context":"RouterExplorer","timestamp":"2025-05-12T09:45:35.006Z"}
info: Mapped {/api/menus/:id, PATCH} route {"context":"RouterExplorer","timestamp":"2025-05-12T09:45:35.006Z"}
info: Mapped {/api/menus/:id, DELETE} route {"context":"RouterExplorer","timestamp":"2025-05-12T09:45:35.006Z"}
info: Nest application successfully started {"context":"NestApplication","timestamp":"2025-05-12T09:45:35.008Z"}
info: LogsController {/api/logs}: {"context":"RoutesResolver","timestamp":"2025-05-12T09:45:51.178Z"}
info: Mapped {/api/logs/logsByGroup/:id, GET} route {"context":"RouterExplorer","timestamp":"2025-05-12T09:45:51.183Z"}
info: UserController {/api/user}: {"context":"RoutesResolver","timestamp":"2025-05-12T09:45:51.184Z"}
info: Mapped {/api/user/list, GET} route {"context":"RouterExplorer","timestamp":"2025-05-12T09:45:51.185Z"}
info: Mapped {/api/user/getUserById/:id, GET} route {"context":"RouterExplorer","timestamp":"2025-05-12T09:45:51.186Z"}
info: Mapped {/api/user/add, POST} route {"context":"RouterExplorer","timestamp":"2025-05-12T09:45:51.187Z"}
info: Mapped {/api/user/edit/:id, PATCH} route {"context":"RouterExplorer","timestamp":"2025-05-12T09:45:51.188Z"}
info: Mapped {/api/user/delete/:id, DELETE} route {"context":"RouterExplorer","timestamp":"2025-05-12T09:45:51.189Z"}
info: Mapped {/api/user/profile/:id, GET} route {"context":"RouterExplorer","timestamp":"2025-05-12T09:45:51.190Z"}
info: RolesController {/api/roles}: {"context":"RoutesResolver","timestamp":"2025-05-12T09:45:51.190Z"}
info: Mapped {/api/roles/list, GET} route {"context":"RouterExplorer","timestamp":"2025-05-12T09:45:51.191Z"}
info: Mapped {/api/roles/add, POST} route {"context":"RouterExplorer","timestamp":"2025-05-12T09:45:51.192Z"}
info: Mapped {/api/roles/getRoleById/:id, GET} route {"context":"RouterExplorer","timestamp":"2025-05-12T09:45:51.193Z"}
info: Mapped {/api/roles/edit/:id, PATCH} route {"context":"RouterExplorer","timestamp":"2025-05-12T09:45:51.194Z"}
info: Mapped {/api/roles/delete/:id, DELETE} route {"context":"RouterExplorer","timestamp":"2025-05-12T09:45:51.195Z"}
info: AuthController {/api/auth}: {"context":"RoutesResolver","timestamp":"2025-05-12T09:45:51.195Z"}
info: Mapped {/api/auth/signup, POST} route {"context":"RouterExplorer","timestamp":"2025-05-12T09:45:51.195Z"}
info: Mapped {/api/auth/signin, POST} route {"context":"RouterExplorer","timestamp":"2025-05-12T09:45:51.196Z"}
info: MenusController {/api/menus}: {"context":"RoutesResolver","timestamp":"2025-05-12T09:45:51.196Z"}
info: Mapped {/api/menus, POST} route {"context":"RouterExplorer","timestamp":"2025-05-12T09:45:51.197Z"}
info: Mapped {/api/menus, GET} route {"context":"RouterExplorer","timestamp":"2025-05-12T09:45:51.198Z"}
info: Mapped {/api/menus/:id, GET} route {"context":"RouterExplorer","timestamp":"2025-05-12T09:45:51.198Z"}
info: Mapped {/api/menus/:id, PATCH} route {"context":"RouterExplorer","timestamp":"2025-05-12T09:45:51.198Z"}
info: Mapped {/api/menus/:id, DELETE} route {"context":"RouterExplorer","timestamp":"2025-05-12T09:45:51.199Z"}
info: Nest application successfully started {"context":"NestApplication","timestamp":"2025-05-12T09:45:51.202Z"}
info: LogsController {/api/logs}: {"context":"RoutesResolver","timestamp":"2025-05-12T09:45:53.521Z"}
info: Mapped {/api/logs/logsByGroup/:id, GET} route {"context":"RouterExplorer","timestamp":"2025-05-12T09:45:53.525Z"}
info: UserController {/api/user}: {"context":"RoutesResolver","timestamp":"2025-05-12T09:45:53.525Z"}
info: Mapped {/api/user/list, GET} route {"context":"RouterExplorer","timestamp":"2025-05-12T09:45:53.526Z"}
info: Mapped {/api/user/getUserById/:id, GET} route {"context":"RouterExplorer","timestamp":"2025-05-12T09:45:53.527Z"}
info: Mapped {/api/user/add, POST} route {"context":"RouterExplorer","timestamp":"2025-05-12T09:45:53.528Z"}
info: Mapped {/api/user/edit/:id, PATCH} route {"context":"RouterExplorer","timestamp":"2025-05-12T09:45:53.529Z"}
info: Mapped {/api/user/delete/:id, DELETE} route {"context":"RouterExplorer","timestamp":"2025-05-12T09:45:53.530Z"}
info: Mapped {/api/user/profile/:id, GET} route {"context":"RouterExplorer","timestamp":"2025-05-12T09:45:53.531Z"}
info: RolesController {/api/roles}: {"context":"RoutesResolver","timestamp":"2025-05-12T09:45:53.531Z"}
info: Mapped {/api/roles/list, GET} route {"context":"RouterExplorer","timestamp":"2025-05-12T09:45:53.532Z"}
info: Mapped {/api/roles/add, POST} route {"context":"RouterExplorer","timestamp":"2025-05-12T09:45:53.533Z"}
info: Mapped {/api/roles/getRoleById/:id, GET} route {"context":"RouterExplorer","timestamp":"2025-05-12T09:45:53.534Z"}
info: Mapped {/api/roles/edit/:id, PATCH} route {"context":"RouterExplorer","timestamp":"2025-05-12T09:45:53.534Z"}
info: Mapped {/api/roles/delete/:id, DELETE} route {"context":"RouterExplorer","timestamp":"2025-05-12T09:45:53.535Z"}
info: AuthController {/api/auth}: {"context":"RoutesResolver","timestamp":"2025-05-12T09:45:53.536Z"}
info: Mapped {/api/auth/signup, POST} route {"context":"RouterExplorer","timestamp":"2025-05-12T09:45:53.536Z"}
info: Mapped {/api/auth/signin, POST} route {"context":"RouterExplorer","timestamp":"2025-05-12T09:45:53.537Z"}
info: MenusController {/api/menus}: {"context":"RoutesResolver","timestamp":"2025-05-12T09:45:53.537Z"}
info: Mapped {/api/menus, POST} route {"context":"RouterExplorer","timestamp":"2025-05-12T09:45:53.538Z"}
info: Mapped {/api/menus, GET} route {"context":"RouterExplorer","timestamp":"2025-05-12T09:45:53.538Z"}
info: Mapped {/api/menus/:id, GET} route {"context":"RouterExplorer","timestamp":"2025-05-12T09:45:53.538Z"}
info: Mapped {/api/menus/:id, PATCH} route {"context":"RouterExplorer","timestamp":"2025-05-12T09:45:53.539Z"}
info: Mapped {/api/menus/:id, DELETE} route {"context":"RouterExplorer","timestamp":"2025-05-12T09:45:53.539Z"}
info: Nest application successfully started {"context":"NestApplication","timestamp":"2025-05-12T09:45:53.542Z"}
